[2018-06-20 11:37:56] local.ERROR: exception 'Swift_TransportException' with message 'Expected response code 250 but got code "530", with message "530 5.7.1 Authentication required
"' in C:\Users\Laptop\Desktop\project\RobotaMolodi\vendor\swiftmailer\swiftmailer\lib\classes\Swift\Transport\AbstractSmtpTransport.php:383
Stack trace:
#0 C:\Users\Laptop\Desktop\project\RobotaMolodi\vendor\swiftmailer\swiftmailer\lib\classes\Swift\Transport\AbstractSmtpTransport.php(281): Swift_Transport_AbstractSmtpTransport->_assertResponseCode('530 5.7.1 Authe...', Array)
#1 C:\Users\Laptop\Desktop\project\RobotaMolodi\vendor\swiftmailer\swiftmailer\lib\classes\Swift\Transport\EsmtpTransport.php(270): Swift_Transport_AbstractSmtpTransport->executeCommand('MAIL FROM:<repl...', Array, Array)
#2 C:\Users\Laptop\Desktop\project\RobotaMolodi\vendor\swiftmailer\swiftmailer\lib\classes\Swift\Transport\EsmtpTransport.php(347): Swift_Transport_EsmtpTransport->executeCommand('MAIL FROM:<repl...', Array)
#3 C:\Users\Laptop\Desktop\project\RobotaMolodi\vendor\swiftmailer\swiftmailer\lib\classes\Swift\Transport\AbstractSmtpTransport.php(416): Swift_Transport_EsmtpTransport->_doMailFromCommand('reply@robotamol...')
#4 C:\Users\Laptop\Desktop\project\RobotaMolodi\vendor\swiftmailer\swiftmailer\lib\classes\Swift\Transport\AbstractSmtpTransport.php(444): Swift_Transport_AbstractSmtpTransport->_doMailTransaction(Object(Swift_Message), 'reply@robotamol...', Array, Array)
#5 C:\Users\Laptop\Desktop\project\RobotaMolodi\vendor\swiftmailer\swiftmailer\lib\classes\Swift\Transport\AbstractSmtpTransport.php(176): Swift_Transport_AbstractSmtpTransport->_sendTo(Object(Swift_Message), 'reply@robotamol...', Array, Array)
#6 C:\Users\Laptop\Desktop\project\RobotaMolodi\vendor\swiftmailer\swiftmailer\lib\classes\Swift\Mailer.php(85): Swift_Transport_AbstractSmtpTransport->send(Object(Swift_Message), Array)
#7 C:\Users\Laptop\Desktop\project\RobotaMolodi\vendor\laravel\framework\src\Illuminate\Mail\Mailer.php(380): Swift_Mailer->send(Object(Swift_Message), Array)
#8 C:\Users\Laptop\Desktop\project\RobotaMolodi\vendor\laravel\framework\src\Illuminate\Mail\Mailer.php(186): Illuminate\Mail\Mailer->sendSwiftMessage(Object(Swift_Message))
#9 C:\Users\Laptop\Desktop\project\RobotaMolodi\vendor\laravel\framework\src\Illuminate\Auth\Passwords\PasswordBroker.php(118): Illuminate\Mail\Mailer->send('emails.password', Array, Object(Closure))
#10 C:\Users\Laptop\Desktop\project\RobotaMolodi\vendor\laravel\framework\src\Illuminate\Auth\Passwords\PasswordBroker.php(92): Illuminate\Auth\Passwords\PasswordBroker->emailResetLink(Object(App\Models\User), '53b115630870b07...', Object(Closure))
#11 C:\Users\Laptop\Desktop\project\RobotaMolodi\vendor\laravel\framework\src\Illuminate\Support\Facades\Facade.php(213): Illuminate\Auth\Passwords\PasswordBroker->sendResetLink(Array, Object(Closure))
#12 C:\Users\Laptop\Desktop\project\RobotaMolodi\vendor\laravel\framework\src\Illuminate\Foundation\Auth\ResetsPasswords.php(35): Illuminate\Support\Facades\Facade::__callStatic('sendResetLink', Array)
#13 C:\Users\Laptop\Desktop\project\RobotaMolodi\vendor\laravel\framework\src\Illuminate\Foundation\Auth\ResetsPasswords.php(35): Illuminate\Support\Facades\Password::sendResetLink(Array, Object(Closure))
#14 [internal function]: App\Http\Controllers\Auth\PasswordController->postEmail(Object(Illuminate\Http\Request))
#15 C:\Users\Laptop\Desktop\project\RobotaMolodi\vendor\laravel\framework\src\Illuminate\Routing\Controller.php(255): call_user_func_array(Array, Array)
#16 C:\Users\Laptop\Desktop\project\RobotaMolodi\vendor\laravel\framework\src\Illuminate\Routing\ControllerDispatcher.php(163): Illuminate\Routing\Controller->callAction('postEmail', Array)
#17 C:\Users\Laptop\Desktop\project\RobotaMolodi\vendor\laravel\framework\src\Illuminate\Routing\ControllerDispatcher.php(111): Illuminate\Routing\ControllerDispatcher->call(Object(App\Http\Controllers\Auth\PasswordController), Object(Illuminate\Routing\Route), 'postEmail')
#18 [internal function]: Illuminate\Routing\ControllerDispatcher->Illuminate\Routing\{closure}(Object(Illuminate\Http\Request))
#19 C:\Users\Laptop\Desktop\project\RobotaMolodi\vendor\laravel\framework\src\Illuminate\Pipeline\Pipeline.php(139): call_user_func(Object(Closure), Object(Illuminate\Http\Request))
#20 C:\Users\Laptop\Desktop\project\RobotaMolodi\app\Http\Middleware\RedirectIfAuthenticated.php(41): Illuminate\Pipeline\Pipeline->Illuminate\Pipeline\{closure}(Object(Illuminate\Http\Request))
#21 [internal function]: App\Http\Middleware\RedirectIfAuthenticated->handle(Object(Illuminate\Http\Request), Object(Closure))
#22 C:\Users\Laptop\Desktop\project\RobotaMolodi\vendor\laravel\framework\src\Illuminate\Pipeline\Pipeline.php(124): call_user_func_array(Array, Array)
#23 [internal function]: Illuminate\Pipeline\Pipeline->Illuminate\Pipeline\{closure}(Object(Illuminate\Http\Request))
#24 C:\Users\Laptop\Desktop\project\RobotaMolodi\vendor\laravel\framework\src\Illuminate\Pipeline\Pipeline.php(103): call_user_func(Object(Closure), Object(Illuminate\Http\Request))
#25 C:\Users\Laptop\Desktop\project\RobotaMolodi\vendor\laravel\framework\src\Illuminate\Routing\ControllerDispatcher.php(113): Illuminate\Pipeline\Pipeline->then(Object(Closure))
#26 C:\Users\Laptop\Desktop\project\RobotaMolodi\vendor\laravel\framework\src\Illuminate\Routing\ControllerDispatcher.php(68): Illuminate\Routing\ControllerDispatcher->callWithinStack(Object(App\Http\Controllers\Auth\PasswordController), Object(Illuminate\Routing\Route), Object(Illuminate\Http\Request), 'postEmail')
#27 C:\Users\Laptop\Desktop\project\RobotaMolodi\vendor\laravel\framework\src\Illuminate\Routing\Route.php(198): Illuminate\Routing\ControllerDispatcher->dispatch(Object(Illuminate\Routing\Route), Object(Illuminate\Http\Request), 'App\\Http\\Contro...', 'postEmail')
#28 C:\Users\Laptop\Desktop\project\RobotaMolodi\vendor\laravel\framework\src\Illuminate\Routing\Route.php(131): Illuminate\Routing\Route->runWithCustomDispatcher(Object(Illuminate\Http\Request))
#29 C:\Users\Laptop\Desktop\project\RobotaMolodi\vendor\laravel\framework\src\Illuminate\Routing\Router.php(702): Illuminate\Routing\Route->run(Object(Illuminate\Http\Request))
#30 [internal function]: Illuminate\Routing\Router->Illuminate\Routing\{closure}(Object(Illuminate\Http\Request))
#31 C:\Users\Laptop\Desktop\project\RobotaMolodi\vendor\laravel\framework\src\Illuminate\Pipeline\Pipeline.php(139): call_user_func(Object(Closure), Object(Illuminate\Http\Request))
#32 [internal function]: Illuminate\Pipeline\Pipeline->Illuminate\Pipeline\{closure}(Object(Illuminate\Http\Request))
#33 C:\Users\Laptop\Desktop\project\RobotaMolodi\vendor\laravel\framework\src\Illuminate\Pipeline\Pipeline.php(103): call_user_func(Object(Closure), Object(Illuminate\Http\Request))
#34 C:\Users\Laptop\Desktop\project\RobotaMolodi\vendor\laravel\framework\src\Illuminate\Routing\Router.php(704): Illuminate\Pipeline\Pipeline->then(Object(Closure))
#35 C:\Users\Laptop\Desktop\project\RobotaMolodi\vendor\laravel\framework\src\Illuminate\Routing\Router.php(669): Illuminate\Routing\Router->runRouteWithinStack(Object(Illuminate\Routing\Route), Object(Illuminate\Http\Request))
#36 C:\Users\Laptop\Desktop\project\RobotaMolodi\vendor\laravel\framework\src\Illuminate\Routing\Router.php(629): Illuminate\Routing\Router->dispatchToRoute(Object(Illuminate\Http\Request))
#37 C:\Users\Laptop\Desktop\project\RobotaMolodi\vendor\laravel\framework\src\Illuminate\Foundation\Http\Kernel.php(229): Illuminate\Routing\Router->dispatch(Object(Illuminate\Http\Request))
#38 [internal function]: Illuminate\Foundation\Http\Kernel->Illuminate\Foundation\Http\{closure}(Object(Illuminate\Http\Request))
#39 C:\Users\Laptop\Desktop\project\RobotaMolodi\vendor\laravel\framework\src\Illuminate\Pipeline\Pipeline.php(139): call_user_func(Object(Closure), Object(Illuminate\Http\Request))
#40 C:\Users\Laptop\Desktop\project\RobotaMolodi\vendor\proengsoft\laravel-jsvalidation\src\RemoteValidationMiddleware.php(54): Illuminate\Pipeline\Pipeline->Illuminate\Pipeline\{closure}(Object(Illuminate\Http\Request))
#41 [internal function]: Proengsoft\JsValidation\RemoteValidationMiddleware->handle(Object(Illuminate\Http\Request), Object(Closure))
#42 C:\Users\Laptop\Desktop\project\RobotaMolodi\vendor\laravel\framework\src\Illuminate\Pipeline\Pipeline.php(124): call_user_func_array(Array, Array)
#43 C:\Users\Laptop\Desktop\project\RobotaMolodi\app\Http\Middleware\LangHandler.php(30): Illuminate\Pipeline\Pipeline->Illuminate\Pipeline\{closure}(Object(Illuminate\Http\Request))
#44 [internal function]: App\Http\Middleware\LangHandler->handle(Object(Illuminate\Http\Request), Object(Closure))
#45 C:\Users\Laptop\Desktop\project\RobotaMolodi\vendor\laravel\framework\src\Illuminate\Pipeline\Pipeline.php(124): call_user_func_array(Array, Array)
#46 C:\Users\Laptop\Desktop\project\RobotaMolodi\vendor\laravel\framework\src\Illuminate\Foundation\Http\Middleware\VerifyCsrfToken.php(50): Illuminate\Pipeline\Pipeline->Illuminate\Pipeline\{closure}(Object(Illuminate\Http\Request))
#47 C:\Users\Laptop\Desktop\project\RobotaMolodi\app\Http\Middleware\VerifyCsrfToken.php(23): Illuminate\Foundation\Http\Middleware\VerifyCsrfToken->handle(Object(Illuminate\Http\Request), Object(Closure))
#48 [internal function]: App\Http\Middleware\VerifyCsrfToken->handle(Object(Illuminate\Http\Request), Object(Closure))
#49 C:\Users\Laptop\Desktop\project\RobotaMolodi\vendor\laravel\framework\src\Illuminate\Pipeline\Pipeline.php(124): call_user_func_array(Array, Array)
#50 C:\Users\Laptop\Desktop\project\RobotaMolodi\vendor\laravel\framework\src\Illuminate\View\Middleware\ShareErrorsFromSession.php(54): Illuminate\Pipeline\Pipeline->Illuminate\Pipeline\{closure}(Object(Illuminate\Http\Request))
#51 [internal function]: Illuminate\View\Middleware\ShareErrorsFromSession->handle(Object(Illuminate\Http\Request), Object(Closure))
#52 C:\Users\Laptop\Desktop\project\RobotaMolodi\vendor\laravel\framework\src\Illuminate\Pipeline\Pipeline.php(124): call_user_func_array(Array, Array)
#53 C:\Users\Laptop\Desktop\project\RobotaMolodi\vendor\laravel\framework\src\Illuminate\Session\Middleware\StartSession.php(61): Illuminate\Pipeline\Pipeline->Illuminate\Pipeline\{closure}(Object(Illuminate\Http\Request))
#54 [internal function]: Illuminate\Session\Middleware\StartSession->handle(Object(Illuminate\Http\Request), Object(Closure))
#55 C:\Users\Laptop\Desktop\project\RobotaMolodi\vendor\laravel\framework\src\Illuminate\Pipeline\Pipeline.php(124): call_user_func_array(Array, Array)
#56 C:\Users\Laptop\Desktop\project\RobotaMolodi\vendor\laravel\framework\src\Illuminate\Cookie\Middleware\AddQueuedCookiesToResponse.php(37): Illuminate\Pipeline\Pipeline->Illuminate\Pipeline\{closure}(Object(Illuminate\Http\Request))
#57 [internal function]: Illuminate\Cookie\Middleware\AddQueuedCookiesToResponse->handle(Object(Illuminate\Http\Request), Object(Closure))
#58 C:\Users\Laptop\Desktop\project\RobotaMolodi\vendor\laravel\framework\src\Illuminate\Pipeline\Pipeline.php(124): call_user_func_array(Array, Array)
#59 C:\Users\Laptop\Desktop\project\RobotaMolodi\vendor\laravel\framework\src\Illuminate\Cookie\Middleware\EncryptCookies.php(59): Illuminate\Pipeline\Pipeline->Illuminate\Pipeline\{closure}(Object(Illuminate\Http\Request))
#60 [internal function]: Illuminate\Cookie\Middleware\EncryptCookies->handle(Object(Illuminate\Http\Request), Object(Closure))
#61 C:\Users\Laptop\Desktop\project\RobotaMolodi\vendor\laravel\framework\src\Illuminate\Pipeline\Pipeline.php(124): call_user_func_array(Array, Array)
#62 C:\Users\Laptop\Desktop\project\RobotaMolodi\vendor\laravel\framework\src\Illuminate\Foundation\Http\Middleware\CheckForMaintenanceMode.php(42): Illuminate\Pipeline\Pipeline->Illuminate\Pipeline\{closure}(Object(Illuminate\Http\Request))
#63 [internal function]: Illuminate\Foundation\Http\Middleware\CheckForMaintenanceMode->handle(Object(Illuminate\Http\Request), Object(Closure))
#64 C:\Users\Laptop\Desktop\project\RobotaMolodi\vendor\laravel\framework\src\Illuminate\Pipeline\Pipeline.php(124): call_user_func_array(Array, Array)
#65 [internal function]: Illuminate\Pipeline\Pipeline->Illuminate\Pipeline\{closure}(Object(Illuminate\Http\Request))
#66 C:\Users\Laptop\Desktop\project\RobotaMolodi\vendor\laravel\framework\src\Illuminate\Pipeline\Pipeline.php(103): call_user_func(Object(Closure), Object(Illuminate\Http\Request))
#67 C:\Users\Laptop\Desktop\project\RobotaMolodi\vendor\laravel\framework\src\Illuminate\Foundation\Http\Kernel.php(118): Illuminate\Pipeline\Pipeline->then(Object(Closure))
#68 C:\Users\Laptop\Desktop\project\RobotaMolodi\vendor\laravel\framework\src\Illuminate\Foundation\Http\Kernel.php(86): Illuminate\Foundation\Http\Kernel->sendRequestThroughRouter(Object(Illuminate\Http\Request))
#69 C:\Users\Laptop\Desktop\project\RobotaMolodi\public\index.php(53): Illuminate\Foundation\Http\Kernel->handle(Object(Illuminate\Http\Request))
#70 C:\Users\Laptop\Desktop\project\RobotaMolodi\server.php(21): require_once('C:\\Users\\Laptop...')
#71 {main}  
[2018-06-20 11:53:37] local.ERROR: exception 'Swift_TransportException' with message 'Expected response code 250 but got code "530", with message "530 5.7.1 Authentication required
"' in C:\Users\Laptop\Desktop\project\RobotaMolodi\vendor\swiftmailer\swiftmailer\lib\classes\Swift\Transport\AbstractSmtpTransport.php:383
Stack trace:
#0 C:\Users\Laptop\Desktop\project\RobotaMolodi\vendor\swiftmailer\swiftmailer\lib\classes\Swift\Transport\AbstractSmtpTransport.php(281): Swift_Transport_AbstractSmtpTransport->_assertResponseCode('530 5.7.1 Authe...', Array)
#1 C:\Users\Laptop\Desktop\project\RobotaMolodi\vendor\swiftmailer\swiftmailer\lib\classes\Swift\Transport\EsmtpTransport.php(270): Swift_Transport_AbstractSmtpTransport->executeCommand('MAIL FROM:<repl...', Array, Array)
#2 C:\Users\Laptop\Desktop\project\RobotaMolodi\vendor\swiftmailer\swiftmailer\lib\classes\Swift\Transport\EsmtpTransport.php(347): Swift_Transport_EsmtpTransport->executeCommand('MAIL FROM:<repl...', Array)
#3 C:\Users\Laptop\Desktop\project\RobotaMolodi\vendor\swiftmailer\swiftmailer\lib\classes\Swift\Transport\AbstractSmtpTransport.php(416): Swift_Transport_EsmtpTransport->_doMailFromCommand('reply@robotamol...')
#4 C:\Users\Laptop\Desktop\project\RobotaMolodi\vendor\swiftmailer\swiftmailer\lib\classes\Swift\Transport\AbstractSmtpTransport.php(444): Swift_Transport_AbstractSmtpTransport->_doMailTransaction(Object(Swift_Message), 'reply@robotamol...', Array, Array)
#5 C:\Users\Laptop\Desktop\project\RobotaMolodi\vendor\swiftmailer\swiftmailer\lib\classes\Swift\Transport\AbstractSmtpTransport.php(176): Swift_Transport_AbstractSmtpTransport->_sendTo(Object(Swift_Message), 'reply@robotamol...', Array, Array)
#6 C:\Users\Laptop\Desktop\project\RobotaMolodi\vendor\swiftmailer\swiftmailer\lib\classes\Swift\Mailer.php(85): Swift_Transport_AbstractSmtpTransport->send(Object(Swift_Message), Array)
#7 C:\Users\Laptop\Desktop\project\RobotaMolodi\vendor\laravel\framework\src\Illuminate\Mail\Mailer.php(380): Swift_Mailer->send(Object(Swift_Message), Array)
#8 C:\Users\Laptop\Desktop\project\RobotaMolodi\vendor\laravel\framework\src\Illuminate\Mail\Mailer.php(186): Illuminate\Mail\Mailer->sendSwiftMessage(Object(Swift_Message))
#9 C:\Users\Laptop\Desktop\project\RobotaMolodi\vendor\laravel\framework\src\Illuminate\Auth\Passwords\PasswordBroker.php(118): Illuminate\Mail\Mailer->send('emails.password', Array, Object(Closure))
#10 C:\Users\Laptop\Desktop\project\RobotaMolodi\vendor\laravel\framework\src\Illuminate\Auth\Passwords\PasswordBroker.php(92): Illuminate\Auth\Passwords\PasswordBroker->emailResetLink(Object(App\Models\User), 'b0fff8ca0dac2c3...', Object(Closure))
#11 C:\Users\Laptop\Desktop\project\RobotaMolodi\vendor\laravel\framework\src\Illuminate\Support\Facades\Facade.php(213): Illuminate\Auth\Passwords\PasswordBroker->sendResetLink(Array, Object(Closure))
#12 C:\Users\Laptop\Desktop\project\RobotaMolodi\vendor\laravel\framework\src\Illuminate\Foundation\Auth\ResetsPasswords.php(35): Illuminate\Support\Facades\Facade::__callStatic('sendResetLink', Array)
#13 C:\Users\Laptop\Desktop\project\RobotaMolodi\vendor\laravel\framework\src\Illuminate\Foundation\Auth\ResetsPasswords.php(35): Illuminate\Support\Facades\Password::sendResetLink(Array, Object(Closure))
#14 [internal function]: App\Http\Controllers\Auth\PasswordController->postEmail(Object(Illuminate\Http\Request))
#15 C:\Users\Laptop\Desktop\project\RobotaMolodi\vendor\laravel\framework\src\Illuminate\Routing\Controller.php(255): call_user_func_array(Array, Array)
#16 C:\Users\Laptop\Desktop\project\RobotaMolodi\vendor\laravel\framework\src\Illuminate\Routing\ControllerDispatcher.php(163): Illuminate\Routing\Controller->callAction('postEmail', Array)
#17 C:\Users\Laptop\Desktop\project\RobotaMolodi\vendor\laravel\framework\src\Illuminate\Routing\ControllerDispatcher.php(111): Illuminate\Routing\ControllerDispatcher->call(Object(App\Http\Controllers\Auth\PasswordController), Object(Illuminate\Routing\Route), 'postEmail')
#18 [internal function]: Illuminate\Routing\ControllerDispatcher->Illuminate\Routing\{closure}(Object(Illuminate\Http\Request))
#19 C:\Users\Laptop\Desktop\project\RobotaMolodi\vendor\laravel\framework\src\Illuminate\Pipeline\Pipeline.php(139): call_user_func(Object(Closure), Object(Illuminate\Http\Request))
#20 C:\Users\Laptop\Desktop\project\RobotaMolodi\app\Http\Middleware\RedirectIfAuthenticated.php(41): Illuminate\Pipeline\Pipeline->Illuminate\Pipeline\{closure}(Object(Illuminate\Http\Request))
#21 [internal function]: App\Http\Middleware\RedirectIfAuthenticated->handle(Object(Illuminate\Http\Request), Object(Closure))
#22 C:\Users\Laptop\Desktop\project\RobotaMolodi\vendor\laravel\framework\src\Illuminate\Pipeline\Pipeline.php(124): call_user_func_array(Array, Array)
#23 [internal function]: Illuminate\Pipeline\Pipeline->Illuminate\Pipeline\{closure}(Object(Illuminate\Http\Request))
#24 C:\Users\Laptop\Desktop\project\RobotaMolodi\vendor\laravel\framework\src\Illuminate\Pipeline\Pipeline.php(103): call_user_func(Object(Closure), Object(Illuminate\Http\Request))
#25 C:\Users\Laptop\Desktop\project\RobotaMolodi\vendor\laravel\framework\src\Illuminate\Routing\ControllerDispatcher.php(113): Illuminate\Pipeline\Pipeline->then(Object(Closure))
#26 C:\Users\Laptop\Desktop\project\RobotaMolodi\vendor\laravel\framework\src\Illuminate\Routing\ControllerDispatcher.php(68): Illuminate\Routing\ControllerDispatcher->callWithinStack(Object(App\Http\Controllers\Auth\PasswordController), Object(Illuminate\Routing\Route), Object(Illuminate\Http\Request), 'postEmail')
#27 C:\Users\Laptop\Desktop\project\RobotaMolodi\vendor\laravel\framework\src\Illuminate\Routing\Route.php(198): Illuminate\Routing\ControllerDispatcher->dispatch(Object(Illuminate\Routing\Route), Object(Illuminate\Http\Request), 'App\\Http\\Contro...', 'postEmail')
#28 C:\Users\Laptop\Desktop\project\RobotaMolodi\vendor\laravel\framework\src\Illuminate\Routing\Route.php(131): Illuminate\Routing\Route->runWithCustomDispatcher(Object(Illuminate\Http\Request))
#29 C:\Users\Laptop\Desktop\project\RobotaMolodi\vendor\laravel\framework\src\Illuminate\Routing\Router.php(702): Illuminate\Routing\Route->run(Object(Illuminate\Http\Request))
#30 [internal function]: Illuminate\Routing\Router->Illuminate\Routing\{closure}(Object(Illuminate\Http\Request))
#31 C:\Users\Laptop\Desktop\project\RobotaMolodi\vendor\laravel\framework\src\Illuminate\Pipeline\Pipeline.php(139): call_user_func(Object(Closure), Object(Illuminate\Http\Request))
#32 [internal function]: Illuminate\Pipeline\Pipeline->Illuminate\Pipeline\{closure}(Object(Illuminate\Http\Request))
#33 C:\Users\Laptop\Desktop\project\RobotaMolodi\vendor\laravel\framework\src\Illuminate\Pipeline\Pipeline.php(103): call_user_func(Object(Closure), Object(Illuminate\Http\Request))
#34 C:\Users\Laptop\Desktop\project\RobotaMolodi\vendor\laravel\framework\src\Illuminate\Routing\Router.php(704): Illuminate\Pipeline\Pipeline->then(Object(Closure))
#35 C:\Users\Laptop\Desktop\project\RobotaMolodi\vendor\laravel\framework\src\Illuminate\Routing\Router.php(669): Illuminate\Routing\Router->runRouteWithinStack(Object(Illuminate\Routing\Route), Object(Illuminate\Http\Request))
#36 C:\Users\Laptop\Desktop\project\RobotaMolodi\vendor\laravel\framework\src\Illuminate\Routing\Router.php(629): Illuminate\Routing\Router->dispatchToRoute(Object(Illuminate\Http\Request))
#37 C:\Users\Laptop\Desktop\project\RobotaMolodi\vendor\laravel\framework\src\Illuminate\Foundation\Http\Kernel.php(229): Illuminate\Routing\Router->dispatch(Object(Illuminate\Http\Request))
#38 [internal function]: Illuminate\Foundation\Http\Kernel->Illuminate\Foundation\Http\{closure}(Object(Illuminate\Http\Request))
#39 C:\Users\Laptop\Desktop\project\RobotaMolodi\vendor\laravel\framework\src\Illuminate\Pipeline\Pipeline.php(139): call_user_func(Object(Closure), Object(Illuminate\Http\Request))
#40 C:\Users\Laptop\Desktop\project\RobotaMolodi\vendor\proengsoft\laravel-jsvalidation\src\RemoteValidationMiddleware.php(54): Illuminate\Pipeline\Pipeline->Illuminate\Pipeline\{closure}(Object(Illuminate\Http\Request))
#41 [internal function]: Proengsoft\JsValidation\RemoteValidationMiddleware->handle(Object(Illuminate\Http\Request), Object(Closure))
#42 C:\Users\Laptop\Desktop\project\RobotaMolodi\vendor\laravel\framework\src\Illuminate\Pipeline\Pipeline.php(124): call_user_func_array(Array, Array)
#43 C:\Users\Laptop\Desktop\project\RobotaMolodi\app\Http\Middleware\LangHandler.php(30): Illuminate\Pipeline\Pipeline->Illuminate\Pipeline\{closure}(Object(Illuminate\Http\Request))
#44 [internal function]: App\Http\Middleware\LangHandler->handle(Object(Illuminate\Http\Request), Object(Closure))
#45 C:\Users\Laptop\Desktop\project\RobotaMolodi\vendor\laravel\framework\src\Illuminate\Pipeline\Pipeline.php(124): call_user_func_array(Array, Array)
#46 C:\Users\Laptop\Desktop\project\RobotaMolodi\vendor\laravel\framework\src\Illuminate\Foundation\Http\Middleware\VerifyCsrfToken.php(50): Illuminate\Pipeline\Pipeline->Illuminate\Pipeline\{closure}(Object(Illuminate\Http\Request))
#47 C:\Users\Laptop\Desktop\project\RobotaMolodi\app\Http\Middleware\VerifyCsrfToken.php(23): Illuminate\Foundation\Http\Middleware\VerifyCsrfToken->handle(Object(Illuminate\Http\Request), Object(Closure))
#48 [internal function]: App\Http\Middleware\VerifyCsrfToken->handle(Object(Illuminate\Http\Request), Object(Closure))
#49 C:\Users\Laptop\Desktop\project\RobotaMolodi\vendor\laravel\framework\src\Illuminate\Pipeline\Pipeline.php(124): call_user_func_array(Array, Array)
#50 C:\Users\Laptop\Desktop\project\RobotaMolodi\vendor\laravel\framework\src\Illuminate\View\Middleware\ShareErrorsFromSession.php(54): Illuminate\Pipeline\Pipeline->Illuminate\Pipeline\{closure}(Object(Illuminate\Http\Request))
#51 [internal function]: Illuminate\View\Middleware\ShareErrorsFromSession->handle(Object(Illuminate\Http\Request), Object(Closure))
#52 C:\Users\Laptop\Desktop\project\RobotaMolodi\vendor\laravel\framework\src\Illuminate\Pipeline\Pipeline.php(124): call_user_func_array(Array, Array)
#53 C:\Users\Laptop\Desktop\project\RobotaMolodi\vendor\laravel\framework\src\Illuminate\Session\Middleware\StartSession.php(61): Illuminate\Pipeline\Pipeline->Illuminate\Pipeline\{closure}(Object(Illuminate\Http\Request))
#54 [internal function]: Illuminate\Session\Middleware\StartSession->handle(Object(Illuminate\Http\Request), Object(Closure))
#55 C:\Users\Laptop\Desktop\project\RobotaMolodi\vendor\laravel\framework\src\Illuminate\Pipeline\Pipeline.php(124): call_user_func_array(Array, Array)
#56 C:\Users\Laptop\Desktop\project\RobotaMolodi\vendor\laravel\framework\src\Illuminate\Cookie\Middleware\AddQueuedCookiesToResponse.php(37): Illuminate\Pipeline\Pipeline->Illuminate\Pipeline\{closure}(Object(Illuminate\Http\Request))
#57 [internal function]: Illuminate\Cookie\Middleware\AddQueuedCookiesToResponse->handle(Object(Illuminate\Http\Request), Object(Closure))
#58 C:\Users\Laptop\Desktop\project\RobotaMolodi\vendor\laravel\framework\src\Illuminate\Pipeline\Pipeline.php(124): call_user_func_array(Array, Array)
#59 C:\Users\Laptop\Desktop\project\RobotaMolodi\vendor\laravel\framework\src\Illuminate\Cookie\Middleware\EncryptCookies.php(59): Illuminate\Pipeline\Pipeline->Illuminate\Pipeline\{closure}(Object(Illuminate\Http\Request))
#60 [internal function]: Illuminate\Cookie\Middleware\EncryptCookies->handle(Object(Illuminate\Http\Request), Object(Closure))
#61 C:\Users\Laptop\Desktop\project\RobotaMolodi\vendor\laravel\framework\src\Illuminate\Pipeline\Pipeline.php(124): call_user_func_array(Array, Array)
#62 C:\Users\Laptop\Desktop\project\RobotaMolodi\vendor\laravel\framework\src\Illuminate\Foundation\Http\Middleware\CheckForMaintenanceMode.php(42): Illuminate\Pipeline\Pipeline->Illuminate\Pipeline\{closure}(Object(Illuminate\Http\Request))
#63 [internal function]: Illuminate\Foundation\Http\Middleware\CheckForMaintenanceMode->handle(Object(Illuminate\Http\Request), Object(Closure))
#64 C:\Users\Laptop\Desktop\project\RobotaMolodi\vendor\laravel\framework\src\Illuminate\Pipeline\Pipeline.php(124): call_user_func_array(Array, Array)
#65 [internal function]: Illuminate\Pipeline\Pipeline->Illuminate\Pipeline\{closure}(Object(Illuminate\Http\Request))
#66 C:\Users\Laptop\Desktop\project\RobotaMolodi\vendor\laravel\framework\src\Illuminate\Pipeline\Pipeline.php(103): call_user_func(Object(Closure), Object(Illuminate\Http\Request))
#67 C:\Users\Laptop\Desktop\project\RobotaMolodi\vendor\laravel\framework\src\Illuminate\Foundation\Http\Kernel.php(118): Illuminate\Pipeline\Pipeline->then(Object(Closure))
#68 C:\Users\Laptop\Desktop\project\RobotaMolodi\vendor\laravel\framework\src\Illuminate\Foundation\Http\Kernel.php(86): Illuminate\Foundation\Http\Kernel->sendRequestThroughRouter(Object(Illuminate\Http\Request))
#69 C:\Users\Laptop\Desktop\project\RobotaMolodi\public\index.php(53): Illuminate\Foundation\Http\Kernel->handle(Object(Illuminate\Http\Request))
#70 C:\Users\Laptop\Desktop\project\RobotaMolodi\server.php(21): require_once('C:\\Users\\Laptop...')
#71 {main}  
[2018-06-20 11:53:43] local.ERROR: exception 'Swift_TransportException' with message 'Expected response code 250 but got code "530", with message "530 5.7.1 Authentication required
"' in C:\Users\Laptop\Desktop\project\RobotaMolodi\vendor\swiftmailer\swiftmailer\lib\classes\Swift\Transport\AbstractSmtpTransport.php:383
Stack trace:
#0 C:\Users\Laptop\Desktop\project\RobotaMolodi\vendor\swiftmailer\swiftmailer\lib\classes\Swift\Transport\AbstractSmtpTransport.php(281): Swift_Transport_AbstractSmtpTransport->_assertResponseCode('530 5.7.1 Authe...', Array)
#1 C:\Users\Laptop\Desktop\project\RobotaMolodi\vendor\swiftmailer\swiftmailer\lib\classes\Swift\Transport\EsmtpTransport.php(270): Swift_Transport_AbstractSmtpTransport->executeCommand('MAIL FROM:<repl...', Array, Array)
#2 C:\Users\Laptop\Desktop\project\RobotaMolodi\vendor\swiftmailer\swiftmailer\lib\classes\Swift\Transport\EsmtpTransport.php(347): Swift_Transport_EsmtpTransport->executeCommand('MAIL FROM:<repl...', Array)
#3 C:\Users\Laptop\Desktop\project\RobotaMolodi\vendor\swiftmailer\swiftmailer\lib\classes\Swift\Transport\AbstractSmtpTransport.php(416): Swift_Transport_EsmtpTransport->_doMailFromCommand('reply@robotamol...')
#4 C:\Users\Laptop\Desktop\project\RobotaMolodi\vendor\swiftmailer\swiftmailer\lib\classes\Swift\Transport\AbstractSmtpTransport.php(444): Swift_Transport_AbstractSmtpTransport->_doMailTransaction(Object(Swift_Message), 'reply@robotamol...', Array, Array)
#5 C:\Users\Laptop\Desktop\project\RobotaMolodi\vendor\swiftmailer\swiftmailer\lib\classes\Swift\Transport\AbstractSmtpTransport.php(176): Swift_Transport_AbstractSmtpTransport->_sendTo(Object(Swift_Message), 'reply@robotamol...', Array, Array)
#6 C:\Users\Laptop\Desktop\project\RobotaMolodi\vendor\swiftmailer\swiftmailer\lib\classes\Swift\Mailer.php(85): Swift_Transport_AbstractSmtpTransport->send(Object(Swift_Message), Array)
#7 C:\Users\Laptop\Desktop\project\RobotaMolodi\vendor\laravel\framework\src\Illuminate\Mail\Mailer.php(380): Swift_Mailer->send(Object(Swift_Message), Array)
#8 C:\Users\Laptop\Desktop\project\RobotaMolodi\vendor\laravel\framework\src\Illuminate\Mail\Mailer.php(186): Illuminate\Mail\Mailer->sendSwiftMessage(Object(Swift_Message))
#9 C:\Users\Laptop\Desktop\project\RobotaMolodi\vendor\laravel\framework\src\Illuminate\Auth\Passwords\PasswordBroker.php(118): Illuminate\Mail\Mailer->send('emails.password', Array, Object(Closure))
#10 C:\Users\Laptop\Desktop\project\RobotaMolodi\vendor\laravel\framework\src\Illuminate\Auth\Passwords\PasswordBroker.php(92): Illuminate\Auth\Passwords\PasswordBroker->emailResetLink(Object(App\Models\User), 'fe7179e8a674f9f...', Object(Closure))
#11 C:\Users\Laptop\Desktop\project\RobotaMolodi\vendor\laravel\framework\src\Illuminate\Support\Facades\Facade.php(213): Illuminate\Auth\Passwords\PasswordBroker->sendResetLink(Array, Object(Closure))
#12 C:\Users\Laptop\Desktop\project\RobotaMolodi\vendor\laravel\framework\src\Illuminate\Foundation\Auth\ResetsPasswords.php(35): Illuminate\Support\Facades\Facade::__callStatic('sendResetLink', Array)
#13 C:\Users\Laptop\Desktop\project\RobotaMolodi\vendor\laravel\framework\src\Illuminate\Foundation\Auth\ResetsPasswords.php(35): Illuminate\Support\Facades\Password::sendResetLink(Array, Object(Closure))
#14 [internal function]: App\Http\Controllers\Auth\PasswordController->postEmail(Object(Illuminate\Http\Request))
#15 C:\Users\Laptop\Desktop\project\RobotaMolodi\vendor\laravel\framework\src\Illuminate\Routing\Controller.php(255): call_user_func_array(Array, Array)
#16 C:\Users\Laptop\Desktop\project\RobotaMolodi\vendor\laravel\framework\src\Illuminate\Routing\ControllerDispatcher.php(163): Illuminate\Routing\Controller->callAction('postEmail', Array)
#17 C:\Users\Laptop\Desktop\project\RobotaMolodi\vendor\laravel\framework\src\Illuminate\Routing\ControllerDispatcher.php(111): Illuminate\Routing\ControllerDispatcher->call(Object(App\Http\Controllers\Auth\PasswordController), Object(Illuminate\Routing\Route), 'postEmail')
#18 [internal function]: Illuminate\Routing\ControllerDispatcher->Illuminate\Routing\{closure}(Object(Illuminate\Http\Request))
#19 C:\Users\Laptop\Desktop\project\RobotaMolodi\vendor\laravel\framework\src\Illuminate\Pipeline\Pipeline.php(139): call_user_func(Object(Closure), Object(Illuminate\Http\Request))
#20 C:\Users\Laptop\Desktop\project\RobotaMolodi\app\Http\Middleware\RedirectIfAuthenticated.php(41): Illuminate\Pipeline\Pipeline->Illuminate\Pipeline\{closure}(Object(Illuminate\Http\Request))
#21 [internal function]: App\Http\Middleware\RedirectIfAuthenticated->handle(Object(Illuminate\Http\Request), Object(Closure))
#22 C:\Users\Laptop\Desktop\project\RobotaMolodi\vendor\laravel\framework\src\Illuminate\Pipeline\Pipeline.php(124): call_user_func_array(Array, Array)
#23 [internal function]: Illuminate\Pipeline\Pipeline->Illuminate\Pipeline\{closure}(Object(Illuminate\Http\Request))
#24 C:\Users\Laptop\Desktop\project\RobotaMolodi\vendor\laravel\framework\src\Illuminate\Pipeline\Pipeline.php(103): call_user_func(Object(Closure), Object(Illuminate\Http\Request))
#25 C:\Users\Laptop\Desktop\project\RobotaMolodi\vendor\laravel\framework\src\Illuminate\Routing\ControllerDispatcher.php(113): Illuminate\Pipeline\Pipeline->then(Object(Closure))
#26 C:\Users\Laptop\Desktop\project\RobotaMolodi\vendor\laravel\framework\src\Illuminate\Routing\ControllerDispatcher.php(68): Illuminate\Routing\ControllerDispatcher->callWithinStack(Object(App\Http\Controllers\Auth\PasswordController), Object(Illuminate\Routing\Route), Object(Illuminate\Http\Request), 'postEmail')
#27 C:\Users\Laptop\Desktop\project\RobotaMolodi\vendor\laravel\framework\src\Illuminate\Routing\Route.php(198): Illuminate\Routing\ControllerDispatcher->dispatch(Object(Illuminate\Routing\Route), Object(Illuminate\Http\Request), 'App\\Http\\Contro...', 'postEmail')
#28 C:\Users\Laptop\Desktop\project\RobotaMolodi\vendor\laravel\framework\src\Illuminate\Routing\Route.php(131): Illuminate\Routing\Route->runWithCustomDispatcher(Object(Illuminate\Http\Request))
#29 C:\Users\Laptop\Desktop\project\RobotaMolodi\vendor\laravel\framework\src\Illuminate\Routing\Router.php(702): Illuminate\Routing\Route->run(Object(Illuminate\Http\Request))
#30 [internal function]: Illuminate\Routing\Router->Illuminate\Routing\{closure}(Object(Illuminate\Http\Request))
#31 C:\Users\Laptop\Desktop\project\RobotaMolodi\vendor\laravel\framework\src\Illuminate\Pipeline\Pipeline.php(139): call_user_func(Object(Closure), Object(Illuminate\Http\Request))
#32 [internal function]: Illuminate\Pipeline\Pipeline->Illuminate\Pipeline\{closure}(Object(Illuminate\Http\Request))
#33 C:\Users\Laptop\Desktop\project\RobotaMolodi\vendor\laravel\framework\src\Illuminate\Pipeline\Pipeline.php(103): call_user_func(Object(Closure), Object(Illuminate\Http\Request))
#34 C:\Users\Laptop\Desktop\project\RobotaMolodi\vendor\laravel\framework\src\Illuminate\Routing\Router.php(704): Illuminate\Pipeline\Pipeline->then(Object(Closure))
#35 C:\Users\Laptop\Desktop\project\RobotaMolodi\vendor\laravel\framework\src\Illuminate\Routing\Router.php(669): Illuminate\Routing\Router->runRouteWithinStack(Object(Illuminate\Routing\Route), Object(Illuminate\Http\Request))
#36 C:\Users\Laptop\Desktop\project\RobotaMolodi\vendor\laravel\framework\src\Illuminate\Routing\Router.php(629): Illuminate\Routing\Router->dispatchToRoute(Object(Illuminate\Http\Request))
#37 C:\Users\Laptop\Desktop\project\RobotaMolodi\vendor\laravel\framework\src\Illuminate\Foundation\Http\Kernel.php(229): Illuminate\Routing\Router->dispatch(Object(Illuminate\Http\Request))
#38 [internal function]: Illuminate\Foundation\Http\Kernel->Illuminate\Foundation\Http\{closure}(Object(Illuminate\Http\Request))
#39 C:\Users\Laptop\Desktop\project\RobotaMolodi\vendor\laravel\framework\src\Illuminate\Pipeline\Pipeline.php(139): call_user_func(Object(Closure), Object(Illuminate\Http\Request))
#40 C:\Users\Laptop\Desktop\project\RobotaMolodi\vendor\proengsoft\laravel-jsvalidation\src\RemoteValidationMiddleware.php(54): Illuminate\Pipeline\Pipeline->Illuminate\Pipeline\{closure}(Object(Illuminate\Http\Request))
#41 [internal function]: Proengsoft\JsValidation\RemoteValidationMiddleware->handle(Object(Illuminate\Http\Request), Object(Closure))
#42 C:\Users\Laptop\Desktop\project\RobotaMolodi\vendor\laravel\framework\src\Illuminate\Pipeline\Pipeline.php(124): call_user_func_array(Array, Array)
#43 C:\Users\Laptop\Desktop\project\RobotaMolodi\app\Http\Middleware\LangHandler.php(30): Illuminate\Pipeline\Pipeline->Illuminate\Pipeline\{closure}(Object(Illuminate\Http\Request))
#44 [internal function]: App\Http\Middleware\LangHandler->handle(Object(Illuminate\Http\Request), Object(Closure))
#45 C:\Users\Laptop\Desktop\project\RobotaMolodi\vendor\laravel\framework\src\Illuminate\Pipeline\Pipeline.php(124): call_user_func_array(Array, Array)
#46 C:\Users\Laptop\Desktop\project\RobotaMolodi\vendor\laravel\framework\src\Illuminate\Foundation\Http\Middleware\VerifyCsrfToken.php(50): Illuminate\Pipeline\Pipeline->Illuminate\Pipeline\{closure}(Object(Illuminate\Http\Request))
#47 C:\Users\Laptop\Desktop\project\RobotaMolodi\app\Http\Middleware\VerifyCsrfToken.php(23): Illuminate\Foundation\Http\Middleware\VerifyCsrfToken->handle(Object(Illuminate\Http\Request), Object(Closure))
#48 [internal function]: App\Http\Middleware\VerifyCsrfToken->handle(Object(Illuminate\Http\Request), Object(Closure))
#49 C:\Users\Laptop\Desktop\project\RobotaMolodi\vendor\laravel\framework\src\Illuminate\Pipeline\Pipeline.php(124): call_user_func_array(Array, Array)
#50 C:\Users\Laptop\Desktop\project\RobotaMolodi\vendor\laravel\framework\src\Illuminate\View\Middleware\ShareErrorsFromSession.php(54): Illuminate\Pipeline\Pipeline->Illuminate\Pipeline\{closure}(Object(Illuminate\Http\Request))
#51 [internal function]: Illuminate\View\Middleware\ShareErrorsFromSession->handle(Object(Illuminate\Http\Request), Object(Closure))
#52 C:\Users\Laptop\Desktop\project\RobotaMolodi\vendor\laravel\framework\src\Illuminate\Pipeline\Pipeline.php(124): call_user_func_array(Array, Array)
#53 C:\Users\Laptop\Desktop\project\RobotaMolodi\vendor\laravel\framework\src\Illuminate\Session\Middleware\StartSession.php(61): Illuminate\Pipeline\Pipeline->Illuminate\Pipeline\{closure}(Object(Illuminate\Http\Request))
#54 [internal function]: Illuminate\Session\Middleware\StartSession->handle(Object(Illuminate\Http\Request), Object(Closure))
#55 C:\Users\Laptop\Desktop\project\RobotaMolodi\vendor\laravel\framework\src\Illuminate\Pipeline\Pipeline.php(124): call_user_func_array(Array, Array)
#56 C:\Users\Laptop\Desktop\project\RobotaMolodi\vendor\laravel\framework\src\Illuminate\Cookie\Middleware\AddQueuedCookiesToResponse.php(37): Illuminate\Pipeline\Pipeline->Illuminate\Pipeline\{closure}(Object(Illuminate\Http\Request))
#57 [internal function]: Illuminate\Cookie\Middleware\AddQueuedCookiesToResponse->handle(Object(Illuminate\Http\Request), Object(Closure))
#58 C:\Users\Laptop\Desktop\project\RobotaMolodi\vendor\laravel\framework\src\Illuminate\Pipeline\Pipeline.php(124): call_user_func_array(Array, Array)
#59 C:\Users\Laptop\Desktop\project\RobotaMolodi\vendor\laravel\framework\src\Illuminate\Cookie\Middleware\EncryptCookies.php(59): Illuminate\Pipeline\Pipeline->Illuminate\Pipeline\{closure}(Object(Illuminate\Http\Request))
#60 [internal function]: Illuminate\Cookie\Middleware\EncryptCookies->handle(Object(Illuminate\Http\Request), Object(Closure))
#61 C:\Users\Laptop\Desktop\project\RobotaMolodi\vendor\laravel\framework\src\Illuminate\Pipeline\Pipeline.php(124): call_user_func_array(Array, Array)
#62 C:\Users\Laptop\Desktop\project\RobotaMolodi\vendor\laravel\framework\src\Illuminate\Foundation\Http\Middleware\CheckForMaintenanceMode.php(42): Illuminate\Pipeline\Pipeline->Illuminate\Pipeline\{closure}(Object(Illuminate\Http\Request))
#63 [internal function]: Illuminate\Foundation\Http\Middleware\CheckForMaintenanceMode->handle(Object(Illuminate\Http\Request), Object(Closure))
#64 C:\Users\Laptop\Desktop\project\RobotaMolodi\vendor\laravel\framework\src\Illuminate\Pipeline\Pipeline.php(124): call_user_func_array(Array, Array)
#65 [internal function]: Illuminate\Pipeline\Pipeline->Illuminate\Pipeline\{closure}(Object(Illuminate\Http\Request))
#66 C:\Users\Laptop\Desktop\project\RobotaMolodi\vendor\laravel\framework\src\Illuminate\Pipeline\Pipeline.php(103): call_user_func(Object(Closure), Object(Illuminate\Http\Request))
#67 C:\Users\Laptop\Desktop\project\RobotaMolodi\vendor\laravel\framework\src\Illuminate\Foundation\Http\Kernel.php(118): Illuminate\Pipeline\Pipeline->then(Object(Closure))
#68 C:\Users\Laptop\Desktop\project\RobotaMolodi\vendor\laravel\framework\src\Illuminate\Foundation\Http\Kernel.php(86): Illuminate\Foundation\Http\Kernel->sendRequestThroughRouter(Object(Illuminate\Http\Request))
#69 C:\Users\Laptop\Desktop\project\RobotaMolodi\public\index.php(53): Illuminate\Foundation\Http\Kernel->handle(Object(Illuminate\Http\Request))
#70 C:\Users\Laptop\Desktop\project\RobotaMolodi\server.php(21): require_once('C:\\Users\\Laptop...')
#71 {main}  
[2018-06-20 11:57:31] local.ERROR: exception 'Swift_TransportException' with message 'Connection to tcp://smtp.mailtrap.io:465 Timed Out' in C:\Users\Laptop\Desktop\project\RobotaMolodi\vendor\swiftmailer\swiftmailer\lib\classes\Swift\Transport\AbstractSmtpTransport.php:404
Stack trace:
#0 C:\Users\Laptop\Desktop\project\RobotaMolodi\vendor\swiftmailer\swiftmailer\lib\classes\Swift\Transport\AbstractSmtpTransport.php(289): Swift_Transport_AbstractSmtpTransport->_getFullResponse(0)
#1 C:\Users\Laptop\Desktop\project\RobotaMolodi\vendor\swiftmailer\swiftmailer\lib\classes\Swift\Transport\AbstractSmtpTransport.php(117): Swift_Transport_AbstractSmtpTransport->_readGreeting()
#2 C:\Users\Laptop\Desktop\project\RobotaMolodi\vendor\swiftmailer\swiftmailer\lib\classes\Swift\Mailer.php(79): Swift_Transport_AbstractSmtpTransport->start()
#3 C:\Users\Laptop\Desktop\project\RobotaMolodi\vendor\laravel\framework\src\Illuminate\Mail\Mailer.php(380): Swift_Mailer->send(Object(Swift_Message), Array)
#4 C:\Users\Laptop\Desktop\project\RobotaMolodi\vendor\laravel\framework\src\Illuminate\Mail\Mailer.php(186): Illuminate\Mail\Mailer->sendSwiftMessage(Object(Swift_Message))
#5 C:\Users\Laptop\Desktop\project\RobotaMolodi\vendor\laravel\framework\src\Illuminate\Auth\Passwords\PasswordBroker.php(118): Illuminate\Mail\Mailer->send('emails.password', Array, Object(Closure))
#6 C:\Users\Laptop\Desktop\project\RobotaMolodi\vendor\laravel\framework\src\Illuminate\Auth\Passwords\PasswordBroker.php(92): Illuminate\Auth\Passwords\PasswordBroker->emailResetLink(Object(App\Models\User), '8c2d7873be9cf95...', Object(Closure))
#7 C:\Users\Laptop\Desktop\project\RobotaMolodi\vendor\laravel\framework\src\Illuminate\Support\Facades\Facade.php(213): Illuminate\Auth\Passwords\PasswordBroker->sendResetLink(Array, Object(Closure))
#8 C:\Users\Laptop\Desktop\project\RobotaMolodi\vendor\laravel\framework\src\Illuminate\Foundation\Auth\ResetsPasswords.php(35): Illuminate\Support\Facades\Facade::__callStatic('sendResetLink', Array)
#9 C:\Users\Laptop\Desktop\project\RobotaMolodi\vendor\laravel\framework\src\Illuminate\Foundation\Auth\ResetsPasswords.php(35): Illuminate\Support\Facades\Password::sendResetLink(Array, Object(Closure))
#10 [internal function]: App\Http\Controllers\Auth\PasswordController->postEmail(Object(Illuminate\Http\Request))
#11 C:\Users\Laptop\Desktop\project\RobotaMolodi\vendor\laravel\framework\src\Illuminate\Routing\Controller.php(255): call_user_func_array(Array, Array)
#12 C:\Users\Laptop\Desktop\project\RobotaMolodi\vendor\laravel\framework\src\Illuminate\Routing\ControllerDispatcher.php(163): Illuminate\Routing\Controller->callAction('postEmail', Array)
#13 C:\Users\Laptop\Desktop\project\RobotaMolodi\vendor\laravel\framework\src\Illuminate\Routing\ControllerDispatcher.php(111): Illuminate\Routing\ControllerDispatcher->call(Object(App\Http\Controllers\Auth\PasswordController), Object(Illuminate\Routing\Route), 'postEmail')
#14 [internal function]: Illuminate\Routing\ControllerDispatcher->Illuminate\Routing\{closure}(Object(Illuminate\Http\Request))
#15 C:\Users\Laptop\Desktop\project\RobotaMolodi\vendor\laravel\framework\src\Illuminate\Pipeline\Pipeline.php(139): call_user_func(Object(Closure), Object(Illuminate\Http\Request))
#16 C:\Users\Laptop\Desktop\project\RobotaMolodi\app\Http\Middleware\RedirectIfAuthenticated.php(41): Illuminate\Pipeline\Pipeline->Illuminate\Pipeline\{closure}(Object(Illuminate\Http\Request))
#17 [internal function]: App\Http\Middleware\RedirectIfAuthenticated->handle(Object(Illuminate\Http\Request), Object(Closure))
#18 C:\Users\Laptop\Desktop\project\RobotaMolodi\vendor\laravel\framework\src\Illuminate\Pipeline\Pipeline.php(124): call_user_func_array(Array, Array)
#19 [internal function]: Illuminate\Pipeline\Pipeline->Illuminate\Pipeline\{closure}(Object(Illuminate\Http\Request))
#20 C:\Users\Laptop\Desktop\project\RobotaMolodi\vendor\laravel\framework\src\Illuminate\Pipeline\Pipeline.php(103): call_user_func(Object(Closure), Object(Illuminate\Http\Request))
#21 C:\Users\Laptop\Desktop\project\RobotaMolodi\vendor\laravel\framework\src\Illuminate\Routing\ControllerDispatcher.php(113): Illuminate\Pipeline\Pipeline->then(Object(Closure))
#22 C:\Users\Laptop\Desktop\project\RobotaMolodi\vendor\laravel\framework\src\Illuminate\Routing\ControllerDispatcher.php(68): Illuminate\Routing\ControllerDispatcher->callWithinStack(Object(App\Http\Controllers\Auth\PasswordController), Object(Illuminate\Routing\Route), Object(Illuminate\Http\Request), 'postEmail')
#23 C:\Users\Laptop\Desktop\project\RobotaMolodi\vendor\laravel\framework\src\Illuminate\Routing\Route.php(198): Illuminate\Routing\ControllerDispatcher->dispatch(Object(Illuminate\Routing\Route), Object(Illuminate\Http\Request), 'App\\Http\\Contro...', 'postEmail')
#24 C:\Users\Laptop\Desktop\project\RobotaMolodi\vendor\laravel\framework\src\Illuminate\Routing\Route.php(131): Illuminate\Routing\Route->runWithCustomDispatcher(Object(Illuminate\Http\Request))
#25 C:\Users\Laptop\Desktop\project\RobotaMolodi\vendor\laravel\framework\src\Illuminate\Routing\Router.php(702): Illuminate\Routing\Route->run(Object(Illuminate\Http\Request))
#26 [internal function]: Illuminate\Routing\Router->Illuminate\Routing\{closure}(Object(Illuminate\Http\Request))
#27 C:\Users\Laptop\Desktop\project\RobotaMolodi\vendor\laravel\framework\src\Illuminate\Pipeline\Pipeline.php(139): call_user_func(Object(Closure), Object(Illuminate\Http\Request))
#28 [internal function]: Illuminate\Pipeline\Pipeline->Illuminate\Pipeline\{closure}(Object(Illuminate\Http\Request))
#29 C:\Users\Laptop\Desktop\project\RobotaMolodi\vendor\laravel\framework\src\Illuminate\Pipeline\Pipeline.php(103): call_user_func(Object(Closure), Object(Illuminate\Http\Request))
#30 C:\Users\Laptop\Desktop\project\RobotaMolodi\vendor\laravel\framework\src\Illuminate\Routing\Router.php(704): Illuminate\Pipeline\Pipeline->then(Object(Closure))
#31 C:\Users\Laptop\Desktop\project\RobotaMolodi\vendor\laravel\framework\src\Illuminate\Routing\Router.php(669): Illuminate\Routing\Router->runRouteWithinStack(Object(Illuminate\Routing\Route), Object(Illuminate\Http\Request))
#32 C:\Users\Laptop\Desktop\project\RobotaMolodi\vendor\laravel\framework\src\Illuminate\Routing\Router.php(629): Illuminate\Routing\Router->dispatchToRoute(Object(Illuminate\Http\Request))
#33 C:\Users\Laptop\Desktop\project\RobotaMolodi\vendor\laravel\framework\src\Illuminate\Foundation\Http\Kernel.php(229): Illuminate\Routing\Router->dispatch(Object(Illuminate\Http\Request))
#34 [internal function]: Illuminate\Foundation\Http\Kernel->Illuminate\Foundation\Http\{closure}(Object(Illuminate\Http\Request))
#35 C:\Users\Laptop\Desktop\project\RobotaMolodi\vendor\laravel\framework\src\Illuminate\Pipeline\Pipeline.php(139): call_user_func(Object(Closure), Object(Illuminate\Http\Request))
#36 C:\Users\Laptop\Desktop\project\RobotaMolodi\vendor\proengsoft\laravel-jsvalidation\src\RemoteValidationMiddleware.php(54): Illuminate\Pipeline\Pipeline->Illuminate\Pipeline\{closure}(Object(Illuminate\Http\Request))
#37 [internal function]: Proengsoft\JsValidation\RemoteValidationMiddleware->handle(Object(Illuminate\Http\Request), Object(Closure))
#38 C:\Users\Laptop\Desktop\project\RobotaMolodi\vendor\laravel\framework\src\Illuminate\Pipeline\Pipeline.php(124): call_user_func_array(Array, Array)
#39 C:\Users\Laptop\Desktop\project\RobotaMolodi\app\Http\Middleware\LangHandler.php(30): Illuminate\Pipeline\Pipeline->Illuminate\Pipeline\{closure}(Object(Illuminate\Http\Request))
#40 [internal function]: App\Http\Middleware\LangHandler->handle(Object(Illuminate\Http\Request), Object(Closure))
#41 C:\Users\Laptop\Desktop\project\RobotaMolodi\vendor\laravel\framework\src\Illuminate\Pipeline\Pipeline.php(124): call_user_func_array(Array, Array)
#42 C:\Users\Laptop\Desktop\project\RobotaMolodi\vendor\laravel\framework\src\Illuminate\Foundation\Http\Middleware\VerifyCsrfToken.php(50): Illuminate\Pipeline\Pipeline->Illuminate\Pipeline\{closure}(Object(Illuminate\Http\Request))
#43 C:\Users\Laptop\Desktop\project\RobotaMolodi\app\Http\Middleware\VerifyCsrfToken.php(23): Illuminate\Foundation\Http\Middleware\VerifyCsrfToken->handle(Object(Illuminate\Http\Request), Object(Closure))
#44 [internal function]: App\Http\Middleware\VerifyCsrfToken->handle(Object(Illuminate\Http\Request), Object(Closure))
#45 C:\Users\Laptop\Desktop\project\RobotaMolodi\vendor\laravel\framework\src\Illuminate\Pipeline\Pipeline.php(124): call_user_func_array(Array, Array)
#46 C:\Users\Laptop\Desktop\project\RobotaMolodi\vendor\laravel\framework\src\Illuminate\View\Middleware\ShareErrorsFromSession.php(54): Illuminate\Pipeline\Pipeline->Illuminate\Pipeline\{closure}(Object(Illuminate\Http\Request))
#47 [internal function]: Illuminate\View\Middleware\ShareErrorsFromSession->handle(Object(Illuminate\Http\Request), Object(Closure))
#48 C:\Users\Laptop\Desktop\project\RobotaMolodi\vendor\laravel\framework\src\Illuminate\Pipeline\Pipeline.php(124): call_user_func_array(Array, Array)
#49 C:\Users\Laptop\Desktop\project\RobotaMolodi\vendor\laravel\framework\src\Illuminate\Session\Middleware\StartSession.php(61): Illuminate\Pipeline\Pipeline->Illuminate\Pipeline\{closure}(Object(Illuminate\Http\Request))
#50 [internal function]: Illuminate\Session\Middleware\StartSession->handle(Object(Illuminate\Http\Request), Object(Closure))
#51 C:\Users\Laptop\Desktop\project\RobotaMolodi\vendor\laravel\framework\src\Illuminate\Pipeline\Pipeline.php(124): call_user_func_array(Array, Array)
#52 C:\Users\Laptop\Desktop\project\RobotaMolodi\vendor\laravel\framework\src\Illuminate\Cookie\Middleware\AddQueuedCookiesToResponse.php(37): Illuminate\Pipeline\Pipeline->Illuminate\Pipeline\{closure}(Object(Illuminate\Http\Request))
#53 [internal function]: Illuminate\Cookie\Middleware\AddQueuedCookiesToResponse->handle(Object(Illuminate\Http\Request), Object(Closure))
#54 C:\Users\Laptop\Desktop\project\RobotaMolodi\vendor\laravel\framework\src\Illuminate\Pipeline\Pipeline.php(124): call_user_func_array(Array, Array)
#55 C:\Users\Laptop\Desktop\project\RobotaMolodi\vendor\laravel\framework\src\Illuminate\Cookie\Middleware\EncryptCookies.php(59): Illuminate\Pipeline\Pipeline->Illuminate\Pipeline\{closure}(Object(Illuminate\Http\Request))
#56 [internal function]: Illuminate\Cookie\Middleware\EncryptCookies->handle(Object(Illuminate\Http\Request), Object(Closure))
#57 C:\Users\Laptop\Desktop\project\RobotaMolodi\vendor\laravel\framework\src\Illuminate\Pipeline\Pipeline.php(124): call_user_func_array(Array, Array)
#58 C:\Users\Laptop\Desktop\project\RobotaMolodi\vendor\laravel\framework\src\Illuminate\Foundation\Http\Middleware\CheckForMaintenanceMode.php(42): Illuminate\Pipeline\Pipeline->Illuminate\Pipeline\{closure}(Object(Illuminate\Http\Request))
#59 [internal function]: Illuminate\Foundation\Http\Middleware\CheckForMaintenanceMode->handle(Object(Illuminate\Http\Request), Object(Closure))
#60 C:\Users\Laptop\Desktop\project\RobotaMolodi\vendor\laravel\framework\src\Illuminate\Pipeline\Pipeline.php(124): call_user_func_array(Array, Array)
#61 [internal function]: Illuminate\Pipeline\Pipeline->Illuminate\Pipeline\{closure}(Object(Illuminate\Http\Request))
#62 C:\Users\Laptop\Desktop\project\RobotaMolodi\vendor\laravel\framework\src\Illuminate\Pipeline\Pipeline.php(103): call_user_func(Object(Closure), Object(Illuminate\Http\Request))
#63 C:\Users\Laptop\Desktop\project\RobotaMolodi\vendor\laravel\framework\src\Illuminate\Foundation\Http\Kernel.php(118): Illuminate\Pipeline\Pipeline->then(Object(Closure))
#64 C:\Users\Laptop\Desktop\project\RobotaMolodi\vendor\laravel\framework\src\Illuminate\Foundation\Http\Kernel.php(86): Illuminate\Foundation\Http\Kernel->sendRequestThroughRouter(Object(Illuminate\Http\Request))
#65 C:\Users\Laptop\Desktop\project\RobotaMolodi\public\index.php(53): Illuminate\Foundation\Http\Kernel->handle(Object(Illuminate\Http\Request))
#66 C:\Users\Laptop\Desktop\project\RobotaMolodi\server.php(21): require_once('C:\\Users\\Laptop...')
#67 {main}  
[2018-06-20 11:58:46] local.ERROR: exception 'Swift_TransportException' with message 'Failed to authenticate on SMTP server with username "MAIL_USERNAME" using 3 possible authenticators' in C:\Users\Laptop\Desktop\project\RobotaMolodi\vendor\swiftmailer\swiftmailer\lib\classes\Swift\Transport\Esmtp\AuthHandler.php:181
Stack trace:
#0 C:\Users\Laptop\Desktop\project\RobotaMolodi\vendor\swiftmailer\swiftmailer\lib\classes\Swift\Transport\EsmtpTransport.php(332): Swift_Transport_Esmtp_AuthHandler->afterEhlo(Object(Swift_SmtpTransport))
#1 C:\Users\Laptop\Desktop\project\RobotaMolodi\vendor\swiftmailer\swiftmailer\lib\classes\Swift\Transport\AbstractSmtpTransport.php(118): Swift_Transport_EsmtpTransport->_doHeloCommand()
#2 C:\Users\Laptop\Desktop\project\RobotaMolodi\vendor\swiftmailer\swiftmailer\lib\classes\Swift\Mailer.php(79): Swift_Transport_AbstractSmtpTransport->start()
#3 C:\Users\Laptop\Desktop\project\RobotaMolodi\vendor\laravel\framework\src\Illuminate\Mail\Mailer.php(380): Swift_Mailer->send(Object(Swift_Message), Array)
#4 C:\Users\Laptop\Desktop\project\RobotaMolodi\vendor\laravel\framework\src\Illuminate\Mail\Mailer.php(186): Illuminate\Mail\Mailer->sendSwiftMessage(Object(Swift_Message))
#5 C:\Users\Laptop\Desktop\project\RobotaMolodi\vendor\laravel\framework\src\Illuminate\Auth\Passwords\PasswordBroker.php(118): Illuminate\Mail\Mailer->send('emails.password', Array, Object(Closure))
#6 C:\Users\Laptop\Desktop\project\RobotaMolodi\vendor\laravel\framework\src\Illuminate\Auth\Passwords\PasswordBroker.php(92): Illuminate\Auth\Passwords\PasswordBroker->emailResetLink(Object(App\Models\User), '3b2868e0ed544ef...', Object(Closure))
#7 C:\Users\Laptop\Desktop\project\RobotaMolodi\vendor\laravel\framework\src\Illuminate\Support\Facades\Facade.php(213): Illuminate\Auth\Passwords\PasswordBroker->sendResetLink(Array, Object(Closure))
#8 C:\Users\Laptop\Desktop\project\RobotaMolodi\vendor\laravel\framework\src\Illuminate\Foundation\Auth\ResetsPasswords.php(35): Illuminate\Support\Facades\Facade::__callStatic('sendResetLink', Array)
#9 C:\Users\Laptop\Desktop\project\RobotaMolodi\vendor\laravel\framework\src\Illuminate\Foundation\Auth\ResetsPasswords.php(35): Illuminate\Support\Facades\Password::sendResetLink(Array, Object(Closure))
#10 [internal function]: App\Http\Controllers\Auth\PasswordController->postEmail(Object(Illuminate\Http\Request))
#11 C:\Users\Laptop\Desktop\project\RobotaMolodi\vendor\laravel\framework\src\Illuminate\Routing\Controller.php(255): call_user_func_array(Array, Array)
#12 C:\Users\Laptop\Desktop\project\RobotaMolodi\vendor\laravel\framework\src\Illuminate\Routing\ControllerDispatcher.php(163): Illuminate\Routing\Controller->callAction('postEmail', Array)
#13 C:\Users\Laptop\Desktop\project\RobotaMolodi\vendor\laravel\framework\src\Illuminate\Routing\ControllerDispatcher.php(111): Illuminate\Routing\ControllerDispatcher->call(Object(App\Http\Controllers\Auth\PasswordController), Object(Illuminate\Routing\Route), 'postEmail')
#14 [internal function]: Illuminate\Routing\ControllerDispatcher->Illuminate\Routing\{closure}(Object(Illuminate\Http\Request))
#15 C:\Users\Laptop\Desktop\project\RobotaMolodi\vendor\laravel\framework\src\Illuminate\Pipeline\Pipeline.php(139): call_user_func(Object(Closure), Object(Illuminate\Http\Request))
#16 C:\Users\Laptop\Desktop\project\RobotaMolodi\app\Http\Middleware\RedirectIfAuthenticated.php(41): Illuminate\Pipeline\Pipeline->Illuminate\Pipeline\{closure}(Object(Illuminate\Http\Request))
#17 [internal function]: App\Http\Middleware\RedirectIfAuthenticated->handle(Object(Illuminate\Http\Request), Object(Closure))
#18 C:\Users\Laptop\Desktop\project\RobotaMolodi\vendor\laravel\framework\src\Illuminate\Pipeline\Pipeline.php(124): call_user_func_array(Array, Array)
#19 [internal function]: Illuminate\Pipeline\Pipeline->Illuminate\Pipeline\{closure}(Object(Illuminate\Http\Request))
#20 C:\Users\Laptop\Desktop\project\RobotaMolodi\vendor\laravel\framework\src\Illuminate\Pipeline\Pipeline.php(103): call_user_func(Object(Closure), Object(Illuminate\Http\Request))
#21 C:\Users\Laptop\Desktop\project\RobotaMolodi\vendor\laravel\framework\src\Illuminate\Routing\ControllerDispatcher.php(113): Illuminate\Pipeline\Pipeline->then(Object(Closure))
#22 C:\Users\Laptop\Desktop\project\RobotaMolodi\vendor\laravel\framework\src\Illuminate\Routing\ControllerDispatcher.php(68): Illuminate\Routing\ControllerDispatcher->callWithinStack(Object(App\Http\Controllers\Auth\PasswordController), Object(Illuminate\Routing\Route), Object(Illuminate\Http\Request), 'postEmail')
#23 C:\Users\Laptop\Desktop\project\RobotaMolodi\vendor\laravel\framework\src\Illuminate\Routing\Route.php(198): Illuminate\Routing\ControllerDispatcher->dispatch(Object(Illuminate\Routing\Route), Object(Illuminate\Http\Request), 'App\\Http\\Contro...', 'postEmail')
#24 C:\Users\Laptop\Desktop\project\RobotaMolodi\vendor\laravel\framework\src\Illuminate\Routing\Route.php(131): Illuminate\Routing\Route->runWithCustomDispatcher(Object(Illuminate\Http\Request))
#25 C:\Users\Laptop\Desktop\project\RobotaMolodi\vendor\laravel\framework\src\Illuminate\Routing\Router.php(702): Illuminate\Routing\Route->run(Object(Illuminate\Http\Request))
#26 [internal function]: Illuminate\Routing\Router->Illuminate\Routing\{closure}(Object(Illuminate\Http\Request))
#27 C:\Users\Laptop\Desktop\project\RobotaMolodi\vendor\laravel\framework\src\Illuminate\Pipeline\Pipeline.php(139): call_user_func(Object(Closure), Object(Illuminate\Http\Request))
#28 [internal function]: Illuminate\Pipeline\Pipeline->Illuminate\Pipeline\{closure}(Object(Illuminate\Http\Request))
#29 C:\Users\Laptop\Desktop\project\RobotaMolodi\vendor\laravel\framework\src\Illuminate\Pipeline\Pipeline.php(103): call_user_func(Object(Closure), Object(Illuminate\Http\Request))
#30 C:\Users\Laptop\Desktop\project\RobotaMolodi\vendor\laravel\framework\src\Illuminate\Routing\Router.php(704): Illuminate\Pipeline\Pipeline->then(Object(Closure))
#31 C:\Users\Laptop\Desktop\project\RobotaMolodi\vendor\laravel\framework\src\Illuminate\Routing\Router.php(669): Illuminate\Routing\Router->runRouteWithinStack(Object(Illuminate\Routing\Route), Object(Illuminate\Http\Request))
#32 C:\Users\Laptop\Desktop\project\RobotaMolodi\vendor\laravel\framework\src\Illuminate\Routing\Router.php(629): Illuminate\Routing\Router->dispatchToRoute(Object(Illuminate\Http\Request))
#33 C:\Users\Laptop\Desktop\project\RobotaMolodi\vendor\laravel\framework\src\Illuminate\Foundation\Http\Kernel.php(229): Illuminate\Routing\Router->dispatch(Object(Illuminate\Http\Request))
#34 [internal function]: Illuminate\Foundation\Http\Kernel->Illuminate\Foundation\Http\{closure}(Object(Illuminate\Http\Request))
#35 C:\Users\Laptop\Desktop\project\RobotaMolodi\vendor\laravel\framework\src\Illuminate\Pipeline\Pipeline.php(139): call_user_func(Object(Closure), Object(Illuminate\Http\Request))
#36 C:\Users\Laptop\Desktop\project\RobotaMolodi\vendor\proengsoft\laravel-jsvalidation\src\RemoteValidationMiddleware.php(54): Illuminate\Pipeline\Pipeline->Illuminate\Pipeline\{closure}(Object(Illuminate\Http\Request))
#37 [internal function]: Proengsoft\JsValidation\RemoteValidationMiddleware->handle(Object(Illuminate\Http\Request), Object(Closure))
#38 C:\Users\Laptop\Desktop\project\RobotaMolodi\vendor\laravel\framework\src\Illuminate\Pipeline\Pipeline.php(124): call_user_func_array(Array, Array)
#39 C:\Users\Laptop\Desktop\project\RobotaMolodi\app\Http\Middleware\LangHandler.php(30): Illuminate\Pipeline\Pipeline->Illuminate\Pipeline\{closure}(Object(Illuminate\Http\Request))
#40 [internal function]: App\Http\Middleware\LangHandler->handle(Object(Illuminate\Http\Request), Object(Closure))
#41 C:\Users\Laptop\Desktop\project\RobotaMolodi\vendor\laravel\framework\src\Illuminate\Pipeline\Pipeline.php(124): call_user_func_array(Array, Array)
#42 C:\Users\Laptop\Desktop\project\RobotaMolodi\vendor\laravel\framework\src\Illuminate\Foundation\Http\Middleware\VerifyCsrfToken.php(50): Illuminate\Pipeline\Pipeline->Illuminate\Pipeline\{closure}(Object(Illuminate\Http\Request))
#43 C:\Users\Laptop\Desktop\project\RobotaMolodi\app\Http\Middleware\VerifyCsrfToken.php(23): Illuminate\Foundation\Http\Middleware\VerifyCsrfToken->handle(Object(Illuminate\Http\Request), Object(Closure))
#44 [internal function]: App\Http\Middleware\VerifyCsrfToken->handle(Object(Illuminate\Http\Request), Object(Closure))
#45 C:\Users\Laptop\Desktop\project\RobotaMolodi\vendor\laravel\framework\src\Illuminate\Pipeline\Pipeline.php(124): call_user_func_array(Array, Array)
#46 C:\Users\Laptop\Desktop\project\RobotaMolodi\vendor\laravel\framework\src\Illuminate\View\Middleware\ShareErrorsFromSession.php(54): Illuminate\Pipeline\Pipeline->Illuminate\Pipeline\{closure}(Object(Illuminate\Http\Request))
#47 [internal function]: Illuminate\View\Middleware\ShareErrorsFromSession->handle(Object(Illuminate\Http\Request), Object(Closure))
#48 C:\Users\Laptop\Desktop\project\RobotaMolodi\vendor\laravel\framework\src\Illuminate\Pipeline\Pipeline.php(124): call_user_func_array(Array, Array)
#49 C:\Users\Laptop\Desktop\project\RobotaMolodi\vendor\laravel\framework\src\Illuminate\Session\Middleware\StartSession.php(61): Illuminate\Pipeline\Pipeline->Illuminate\Pipeline\{closure}(Object(Illuminate\Http\Request))
#50 [internal function]: Illuminate\Session\Middleware\StartSession->handle(Object(Illuminate\Http\Request), Object(Closure))
#51 C:\Users\Laptop\Desktop\project\RobotaMolodi\vendor\laravel\framework\src\Illuminate\Pipeline\Pipeline.php(124): call_user_func_array(Array, Array)
#52 C:\Users\Laptop\Desktop\project\RobotaMolodi\vendor\laravel\framework\src\Illuminate\Cookie\Middleware\AddQueuedCookiesToResponse.php(37): Illuminate\Pipeline\Pipeline->Illuminate\Pipeline\{closure}(Object(Illuminate\Http\Request))
#53 [internal function]: Illuminate\Cookie\Middleware\AddQueuedCookiesToResponse->handle(Object(Illuminate\Http\Request), Object(Closure))
#54 C:\Users\Laptop\Desktop\project\RobotaMolodi\vendor\laravel\framework\src\Illuminate\Pipeline\Pipeline.php(124): call_user_func_array(Array, Array)
#55 C:\Users\Laptop\Desktop\project\RobotaMolodi\vendor\laravel\framework\src\Illuminate\Cookie\Middleware\EncryptCookies.php(59): Illuminate\Pipeline\Pipeline->Illuminate\Pipeline\{closure}(Object(Illuminate\Http\Request))
#56 [internal function]: Illuminate\Cookie\Middleware\EncryptCookies->handle(Object(Illuminate\Http\Request), Object(Closure))
#57 C:\Users\Laptop\Desktop\project\RobotaMolodi\vendor\laravel\framework\src\Illuminate\Pipeline\Pipeline.php(124): call_user_func_array(Array, Array)
#58 C:\Users\Laptop\Desktop\project\RobotaMolodi\vendor\laravel\framework\src\Illuminate\Foundation\Http\Middleware\CheckForMaintenanceMode.php(42): Illuminate\Pipeline\Pipeline->Illuminate\Pipeline\{closure}(Object(Illuminate\Http\Request))
#59 [internal function]: Illuminate\Foundation\Http\Middleware\CheckForMaintenanceMode->handle(Object(Illuminate\Http\Request), Object(Closure))
#60 C:\Users\Laptop\Desktop\project\RobotaMolodi\vendor\laravel\framework\src\Illuminate\Pipeline\Pipeline.php(124): call_user_func_array(Array, Array)
#61 [internal function]: Illuminate\Pipeline\Pipeline->Illuminate\Pipeline\{closure}(Object(Illuminate\Http\Request))
#62 C:\Users\Laptop\Desktop\project\RobotaMolodi\vendor\laravel\framework\src\Illuminate\Pipeline\Pipeline.php(103): call_user_func(Object(Closure), Object(Illuminate\Http\Request))
#63 C:\Users\Laptop\Desktop\project\RobotaMolodi\vendor\laravel\framework\src\Illuminate\Foundation\Http\Kernel.php(118): Illuminate\Pipeline\Pipeline->then(Object(Closure))
#64 C:\Users\Laptop\Desktop\project\RobotaMolodi\vendor\laravel\framework\src\Illuminate\Foundation\Http\Kernel.php(86): Illuminate\Foundation\Http\Kernel->sendRequestThroughRouter(Object(Illuminate\Http\Request))
#65 C:\Users\Laptop\Desktop\project\RobotaMolodi\public\index.php(53): Illuminate\Foundation\Http\Kernel->handle(Object(Illuminate\Http\Request))
#66 C:\Users\Laptop\Desktop\project\RobotaMolodi\server.php(21): require_once('C:\\Users\\Laptop...')
#67 {main}  
[2018-06-20 11:59:51] local.ERROR: exception 'Swift_TransportException' with message 'Failed to authenticate on SMTP server with username "MAIL_USERNAME" using 3 possible authenticators' in C:\Users\Laptop\Desktop\project\RobotaMolodi\vendor\swiftmailer\swiftmailer\lib\classes\Swift\Transport\Esmtp\AuthHandler.php:181
Stack trace:
#0 C:\Users\Laptop\Desktop\project\RobotaMolodi\vendor\swiftmailer\swiftmailer\lib\classes\Swift\Transport\EsmtpTransport.php(332): Swift_Transport_Esmtp_AuthHandler->afterEhlo(Object(Swift_SmtpTransport))
#1 C:\Users\Laptop\Desktop\project\RobotaMolodi\vendor\swiftmailer\swiftmailer\lib\classes\Swift\Transport\AbstractSmtpTransport.php(118): Swift_Transport_EsmtpTransport->_doHeloCommand()
#2 C:\Users\Laptop\Desktop\project\RobotaMolodi\vendor\swiftmailer\swiftmailer\lib\classes\Swift\Mailer.php(79): Swift_Transport_AbstractSmtpTransport->start()
#3 C:\Users\Laptop\Desktop\project\RobotaMolodi\vendor\laravel\framework\src\Illuminate\Mail\Mailer.php(380): Swift_Mailer->send(Object(Swift_Message), Array)
#4 C:\Users\Laptop\Desktop\project\RobotaMolodi\vendor\laravel\framework\src\Illuminate\Mail\Mailer.php(186): Illuminate\Mail\Mailer->sendSwiftMessage(Object(Swift_Message))
#5 C:\Users\Laptop\Desktop\project\RobotaMolodi\vendor\laravel\framework\src\Illuminate\Auth\Passwords\PasswordBroker.php(118): Illuminate\Mail\Mailer->send('emails.password', Array, Object(Closure))
#6 C:\Users\Laptop\Desktop\project\RobotaMolodi\vendor\laravel\framework\src\Illuminate\Auth\Passwords\PasswordBroker.php(92): Illuminate\Auth\Passwords\PasswordBroker->emailResetLink(Object(App\Models\User), 'a9869eef140d4d3...', Object(Closure))
#7 C:\Users\Laptop\Desktop\project\RobotaMolodi\vendor\laravel\framework\src\Illuminate\Support\Facades\Facade.php(213): Illuminate\Auth\Passwords\PasswordBroker->sendResetLink(Array, Object(Closure))
#8 C:\Users\Laptop\Desktop\project\RobotaMolodi\vendor\laravel\framework\src\Illuminate\Foundation\Auth\ResetsPasswords.php(35): Illuminate\Support\Facades\Facade::__callStatic('sendResetLink', Array)
#9 C:\Users\Laptop\Desktop\project\RobotaMolodi\vendor\laravel\framework\src\Illuminate\Foundation\Auth\ResetsPasswords.php(35): Illuminate\Support\Facades\Password::sendResetLink(Array, Object(Closure))
#10 [internal function]: App\Http\Controllers\Auth\PasswordController->postEmail(Object(Illuminate\Http\Request))
#11 C:\Users\Laptop\Desktop\project\RobotaMolodi\vendor\laravel\framework\src\Illuminate\Routing\Controller.php(255): call_user_func_array(Array, Array)
#12 C:\Users\Laptop\Desktop\project\RobotaMolodi\vendor\laravel\framework\src\Illuminate\Routing\ControllerDispatcher.php(163): Illuminate\Routing\Controller->callAction('postEmail', Array)
#13 C:\Users\Laptop\Desktop\project\RobotaMolodi\vendor\laravel\framework\src\Illuminate\Routing\ControllerDispatcher.php(111): Illuminate\Routing\ControllerDispatcher->call(Object(App\Http\Controllers\Auth\PasswordController), Object(Illuminate\Routing\Route), 'postEmail')
#14 [internal function]: Illuminate\Routing\ControllerDispatcher->Illuminate\Routing\{closure}(Object(Illuminate\Http\Request))
#15 C:\Users\Laptop\Desktop\project\RobotaMolodi\vendor\laravel\framework\src\Illuminate\Pipeline\Pipeline.php(139): call_user_func(Object(Closure), Object(Illuminate\Http\Request))
#16 C:\Users\Laptop\Desktop\project\RobotaMolodi\app\Http\Middleware\RedirectIfAuthenticated.php(41): Illuminate\Pipeline\Pipeline->Illuminate\Pipeline\{closure}(Object(Illuminate\Http\Request))
#17 [internal function]: App\Http\Middleware\RedirectIfAuthenticated->handle(Object(Illuminate\Http\Request), Object(Closure))
#18 C:\Users\Laptop\Desktop\project\RobotaMolodi\vendor\laravel\framework\src\Illuminate\Pipeline\Pipeline.php(124): call_user_func_array(Array, Array)
#19 [internal function]: Illuminate\Pipeline\Pipeline->Illuminate\Pipeline\{closure}(Object(Illuminate\Http\Request))
#20 C:\Users\Laptop\Desktop\project\RobotaMolodi\vendor\laravel\framework\src\Illuminate\Pipeline\Pipeline.php(103): call_user_func(Object(Closure), Object(Illuminate\Http\Request))
#21 C:\Users\Laptop\Desktop\project\RobotaMolodi\vendor\laravel\framework\src\Illuminate\Routing\ControllerDispatcher.php(113): Illuminate\Pipeline\Pipeline->then(Object(Closure))
#22 C:\Users\Laptop\Desktop\project\RobotaMolodi\vendor\laravel\framework\src\Illuminate\Routing\ControllerDispatcher.php(68): Illuminate\Routing\ControllerDispatcher->callWithinStack(Object(App\Http\Controllers\Auth\PasswordController), Object(Illuminate\Routing\Route), Object(Illuminate\Http\Request), 'postEmail')
#23 C:\Users\Laptop\Desktop\project\RobotaMolodi\vendor\laravel\framework\src\Illuminate\Routing\Route.php(198): Illuminate\Routing\ControllerDispatcher->dispatch(Object(Illuminate\Routing\Route), Object(Illuminate\Http\Request), 'App\\Http\\Contro...', 'postEmail')
#24 C:\Users\Laptop\Desktop\project\RobotaMolodi\vendor\laravel\framework\src\Illuminate\Routing\Route.php(131): Illuminate\Routing\Route->runWithCustomDispatcher(Object(Illuminate\Http\Request))
#25 C:\Users\Laptop\Desktop\project\RobotaMolodi\vendor\laravel\framework\src\Illuminate\Routing\Router.php(702): Illuminate\Routing\Route->run(Object(Illuminate\Http\Request))
#26 [internal function]: Illuminate\Routing\Router->Illuminate\Routing\{closure}(Object(Illuminate\Http\Request))
#27 C:\Users\Laptop\Desktop\project\RobotaMolodi\vendor\laravel\framework\src\Illuminate\Pipeline\Pipeline.php(139): call_user_func(Object(Closure), Object(Illuminate\Http\Request))
#28 [internal function]: Illuminate\Pipeline\Pipeline->Illuminate\Pipeline\{closure}(Object(Illuminate\Http\Request))
#29 C:\Users\Laptop\Desktop\project\RobotaMolodi\vendor\laravel\framework\src\Illuminate\Pipeline\Pipeline.php(103): call_user_func(Object(Closure), Object(Illuminate\Http\Request))
#30 C:\Users\Laptop\Desktop\project\RobotaMolodi\vendor\laravel\framework\src\Illuminate\Routing\Router.php(704): Illuminate\Pipeline\Pipeline->then(Object(Closure))
#31 C:\Users\Laptop\Desktop\project\RobotaMolodi\vendor\laravel\framework\src\Illuminate\Routing\Router.php(669): Illuminate\Routing\Router->runRouteWithinStack(Object(Illuminate\Routing\Route), Object(Illuminate\Http\Request))
#32 C:\Users\Laptop\Desktop\project\RobotaMolodi\vendor\laravel\framework\src\Illuminate\Routing\Router.php(629): Illuminate\Routing\Router->dispatchToRoute(Object(Illuminate\Http\Request))
#33 C:\Users\Laptop\Desktop\project\RobotaMolodi\vendor\laravel\framework\src\Illuminate\Foundation\Http\Kernel.php(229): Illuminate\Routing\Router->dispatch(Object(Illuminate\Http\Request))
#34 [internal function]: Illuminate\Foundation\Http\Kernel->Illuminate\Foundation\Http\{closure}(Object(Illuminate\Http\Request))
#35 C:\Users\Laptop\Desktop\project\RobotaMolodi\vendor\laravel\framework\src\Illuminate\Pipeline\Pipeline.php(139): call_user_func(Object(Closure), Object(Illuminate\Http\Request))
#36 C:\Users\Laptop\Desktop\project\RobotaMolodi\vendor\proengsoft\laravel-jsvalidation\src\RemoteValidationMiddleware.php(54): Illuminate\Pipeline\Pipeline->Illuminate\Pipeline\{closure}(Object(Illuminate\Http\Request))
#37 [internal function]: Proengsoft\JsValidation\RemoteValidationMiddleware->handle(Object(Illuminate\Http\Request), Object(Closure))
#38 C:\Users\Laptop\Desktop\project\RobotaMolodi\vendor\laravel\framework\src\Illuminate\Pipeline\Pipeline.php(124): call_user_func_array(Array, Array)
#39 C:\Users\Laptop\Desktop\project\RobotaMolodi\app\Http\Middleware\LangHandler.php(30): Illuminate\Pipeline\Pipeline->Illuminate\Pipeline\{closure}(Object(Illuminate\Http\Request))
#40 [internal function]: App\Http\Middleware\LangHandler->handle(Object(Illuminate\Http\Request), Object(Closure))
#41 C:\Users\Laptop\Desktop\project\RobotaMolodi\vendor\laravel\framework\src\Illuminate\Pipeline\Pipeline.php(124): call_user_func_array(Array, Array)
#42 C:\Users\Laptop\Desktop\project\RobotaMolodi\vendor\laravel\framework\src\Illuminate\Foundation\Http\Middleware\VerifyCsrfToken.php(50): Illuminate\Pipeline\Pipeline->Illuminate\Pipeline\{closure}(Object(Illuminate\Http\Request))
#43 C:\Users\Laptop\Desktop\project\RobotaMolodi\app\Http\Middleware\VerifyCsrfToken.php(23): Illuminate\Foundation\Http\Middleware\VerifyCsrfToken->handle(Object(Illuminate\Http\Request), Object(Closure))
#44 [internal function]: App\Http\Middleware\VerifyCsrfToken->handle(Object(Illuminate\Http\Request), Object(Closure))
#45 C:\Users\Laptop\Desktop\project\RobotaMolodi\vendor\laravel\framework\src\Illuminate\Pipeline\Pipeline.php(124): call_user_func_array(Array, Array)
#46 C:\Users\Laptop\Desktop\project\RobotaMolodi\vendor\laravel\framework\src\Illuminate\View\Middleware\ShareErrorsFromSession.php(54): Illuminate\Pipeline\Pipeline->Illuminate\Pipeline\{closure}(Object(Illuminate\Http\Request))
#47 [internal function]: Illuminate\View\Middleware\ShareErrorsFromSession->handle(Object(Illuminate\Http\Request), Object(Closure))
#48 C:\Users\Laptop\Desktop\project\RobotaMolodi\vendor\laravel\framework\src\Illuminate\Pipeline\Pipeline.php(124): call_user_func_array(Array, Array)
#49 C:\Users\Laptop\Desktop\project\RobotaMolodi\vendor\laravel\framework\src\Illuminate\Session\Middleware\StartSession.php(61): Illuminate\Pipeline\Pipeline->Illuminate\Pipeline\{closure}(Object(Illuminate\Http\Request))
#50 [internal function]: Illuminate\Session\Middleware\StartSession->handle(Object(Illuminate\Http\Request), Object(Closure))
#51 C:\Users\Laptop\Desktop\project\RobotaMolodi\vendor\laravel\framework\src\Illuminate\Pipeline\Pipeline.php(124): call_user_func_array(Array, Array)
#52 C:\Users\Laptop\Desktop\project\RobotaMolodi\vendor\laravel\framework\src\Illuminate\Cookie\Middleware\AddQueuedCookiesToResponse.php(37): Illuminate\Pipeline\Pipeline->Illuminate\Pipeline\{closure}(Object(Illuminate\Http\Request))
#53 [internal function]: Illuminate\Cookie\Middleware\AddQueuedCookiesToResponse->handle(Object(Illuminate\Http\Request), Object(Closure))
#54 C:\Users\Laptop\Desktop\project\RobotaMolodi\vendor\laravel\framework\src\Illuminate\Pipeline\Pipeline.php(124): call_user_func_array(Array, Array)
#55 C:\Users\Laptop\Desktop\project\RobotaMolodi\vendor\laravel\framework\src\Illuminate\Cookie\Middleware\EncryptCookies.php(59): Illuminate\Pipeline\Pipeline->Illuminate\Pipeline\{closure}(Object(Illuminate\Http\Request))
#56 [internal function]: Illuminate\Cookie\Middleware\EncryptCookies->handle(Object(Illuminate\Http\Request), Object(Closure))
#57 C:\Users\Laptop\Desktop\project\RobotaMolodi\vendor\laravel\framework\src\Illuminate\Pipeline\Pipeline.php(124): call_user_func_array(Array, Array)
#58 C:\Users\Laptop\Desktop\project\RobotaMolodi\vendor\laravel\framework\src\Illuminate\Foundation\Http\Middleware\CheckForMaintenanceMode.php(42): Illuminate\Pipeline\Pipeline->Illuminate\Pipeline\{closure}(Object(Illuminate\Http\Request))
#59 [internal function]: Illuminate\Foundation\Http\Middleware\CheckForMaintenanceMode->handle(Object(Illuminate\Http\Request), Object(Closure))
#60 C:\Users\Laptop\Desktop\project\RobotaMolodi\vendor\laravel\framework\src\Illuminate\Pipeline\Pipeline.php(124): call_user_func_array(Array, Array)
#61 [internal function]: Illuminate\Pipeline\Pipeline->Illuminate\Pipeline\{closure}(Object(Illuminate\Http\Request))
#62 C:\Users\Laptop\Desktop\project\RobotaMolodi\vendor\laravel\framework\src\Illuminate\Pipeline\Pipeline.php(103): call_user_func(Object(Closure), Object(Illuminate\Http\Request))
#63 C:\Users\Laptop\Desktop\project\RobotaMolodi\vendor\laravel\framework\src\Illuminate\Foundation\Http\Kernel.php(118): Illuminate\Pipeline\Pipeline->then(Object(Closure))
#64 C:\Users\Laptop\Desktop\project\RobotaMolodi\vendor\laravel\framework\src\Illuminate\Foundation\Http\Kernel.php(86): Illuminate\Foundation\Http\Kernel->sendRequestThroughRouter(Object(Illuminate\Http\Request))
#65 C:\Users\Laptop\Desktop\project\RobotaMolodi\public\index.php(53): Illuminate\Foundation\Http\Kernel->handle(Object(Illuminate\Http\Request))
#66 C:\Users\Laptop\Desktop\project\RobotaMolodi\server.php(21): require_once('C:\\Users\\Laptop...')
#67 {main}  
[2018-06-20 12:45:46] local.ERROR: exception 'Swift_TransportException' with message 'Failed to authenticate on SMTP server with username "USERNAME" using 3 possible authenticators' in C:\Users\Laptop\Desktop\project\RobotaMolodi\vendor\swiftmailer\swiftmailer\lib\classes\Swift\Transport\Esmtp\AuthHandler.php:181
Stack trace:
#0 C:\Users\Laptop\Desktop\project\RobotaMolodi\vendor\swiftmailer\swiftmailer\lib\classes\Swift\Transport\EsmtpTransport.php(332): Swift_Transport_Esmtp_AuthHandler->afterEhlo(Object(Swift_SmtpTransport))
#1 C:\Users\Laptop\Desktop\project\RobotaMolodi\vendor\swiftmailer\swiftmailer\lib\classes\Swift\Transport\AbstractSmtpTransport.php(118): Swift_Transport_EsmtpTransport->_doHeloCommand()
#2 C:\Users\Laptop\Desktop\project\RobotaMolodi\vendor\swiftmailer\swiftmailer\lib\classes\Swift\Mailer.php(79): Swift_Transport_AbstractSmtpTransport->start()
#3 C:\Users\Laptop\Desktop\project\RobotaMolodi\vendor\laravel\framework\src\Illuminate\Mail\Mailer.php(380): Swift_Mailer->send(Object(Swift_Message), Array)
#4 C:\Users\Laptop\Desktop\project\RobotaMolodi\vendor\laravel\framework\src\Illuminate\Mail\Mailer.php(186): Illuminate\Mail\Mailer->sendSwiftMessage(Object(Swift_Message))
#5 C:\Users\Laptop\Desktop\project\RobotaMolodi\vendor\laravel\framework\src\Illuminate\Auth\Passwords\PasswordBroker.php(118): Illuminate\Mail\Mailer->send('emails.password', Array, Object(Closure))
#6 C:\Users\Laptop\Desktop\project\RobotaMolodi\vendor\laravel\framework\src\Illuminate\Auth\Passwords\PasswordBroker.php(92): Illuminate\Auth\Passwords\PasswordBroker->emailResetLink(Object(App\Models\User), '43cc979a5fafde4...', Object(Closure))
#7 C:\Users\Laptop\Desktop\project\RobotaMolodi\vendor\laravel\framework\src\Illuminate\Support\Facades\Facade.php(213): Illuminate\Auth\Passwords\PasswordBroker->sendResetLink(Array, Object(Closure))
#8 C:\Users\Laptop\Desktop\project\RobotaMolodi\vendor\laravel\framework\src\Illuminate\Foundation\Auth\ResetsPasswords.php(35): Illuminate\Support\Facades\Facade::__callStatic('sendResetLink', Array)
#9 C:\Users\Laptop\Desktop\project\RobotaMolodi\vendor\laravel\framework\src\Illuminate\Foundation\Auth\ResetsPasswords.php(35): Illuminate\Support\Facades\Password::sendResetLink(Array, Object(Closure))
#10 [internal function]: App\Http\Controllers\Auth\PasswordController->postEmail(Object(Illuminate\Http\Request))
#11 C:\Users\Laptop\Desktop\project\RobotaMolodi\vendor\laravel\framework\src\Illuminate\Routing\Controller.php(255): call_user_func_array(Array, Array)
#12 C:\Users\Laptop\Desktop\project\RobotaMolodi\vendor\laravel\framework\src\Illuminate\Routing\ControllerDispatcher.php(163): Illuminate\Routing\Controller->callAction('postEmail', Array)
#13 C:\Users\Laptop\Desktop\project\RobotaMolodi\vendor\laravel\framework\src\Illuminate\Routing\ControllerDispatcher.php(111): Illuminate\Routing\ControllerDispatcher->call(Object(App\Http\Controllers\Auth\PasswordController), Object(Illuminate\Routing\Route), 'postEmail')
#14 [internal function]: Illuminate\Routing\ControllerDispatcher->Illuminate\Routing\{closure}(Object(Illuminate\Http\Request))
#15 C:\Users\Laptop\Desktop\project\RobotaMolodi\vendor\laravel\framework\src\Illuminate\Pipeline\Pipeline.php(139): call_user_func(Object(Closure), Object(Illuminate\Http\Request))
#16 C:\Users\Laptop\Desktop\project\RobotaMolodi\app\Http\Middleware\RedirectIfAuthenticated.php(41): Illuminate\Pipeline\Pipeline->Illuminate\Pipeline\{closure}(Object(Illuminate\Http\Request))
#17 [internal function]: App\Http\Middleware\RedirectIfAuthenticated->handle(Object(Illuminate\Http\Request), Object(Closure))
#18 C:\Users\Laptop\Desktop\project\RobotaMolodi\vendor\laravel\framework\src\Illuminate\Pipeline\Pipeline.php(124): call_user_func_array(Array, Array)
#19 [internal function]: Illuminate\Pipeline\Pipeline->Illuminate\Pipeline\{closure}(Object(Illuminate\Http\Request))
#20 C:\Users\Laptop\Desktop\project\RobotaMolodi\vendor\laravel\framework\src\Illuminate\Pipeline\Pipeline.php(103): call_user_func(Object(Closure), Object(Illuminate\Http\Request))
#21 C:\Users\Laptop\Desktop\project\RobotaMolodi\vendor\laravel\framework\src\Illuminate\Routing\ControllerDispatcher.php(113): Illuminate\Pipeline\Pipeline->then(Object(Closure))
#22 C:\Users\Laptop\Desktop\project\RobotaMolodi\vendor\laravel\framework\src\Illuminate\Routing\ControllerDispatcher.php(68): Illuminate\Routing\ControllerDispatcher->callWithinStack(Object(App\Http\Controllers\Auth\PasswordController), Object(Illuminate\Routing\Route), Object(Illuminate\Http\Request), 'postEmail')
#23 C:\Users\Laptop\Desktop\project\RobotaMolodi\vendor\laravel\framework\src\Illuminate\Routing\Route.php(198): Illuminate\Routing\ControllerDispatcher->dispatch(Object(Illuminate\Routing\Route), Object(Illuminate\Http\Request), 'App\\Http\\Contro...', 'postEmail')
#24 C:\Users\Laptop\Desktop\project\RobotaMolodi\vendor\laravel\framework\src\Illuminate\Routing\Route.php(131): Illuminate\Routing\Route->runWithCustomDispatcher(Object(Illuminate\Http\Request))
#25 C:\Users\Laptop\Desktop\project\RobotaMolodi\vendor\laravel\framework\src\Illuminate\Routing\Router.php(702): Illuminate\Routing\Route->run(Object(Illuminate\Http\Request))
#26 [internal function]: Illuminate\Routing\Router->Illuminate\Routing\{closure}(Object(Illuminate\Http\Request))
#27 C:\Users\Laptop\Desktop\project\RobotaMolodi\vendor\laravel\framework\src\Illuminate\Pipeline\Pipeline.php(139): call_user_func(Object(Closure), Object(Illuminate\Http\Request))
#28 [internal function]: Illuminate\Pipeline\Pipeline->Illuminate\Pipeline\{closure}(Object(Illuminate\Http\Request))
#29 C:\Users\Laptop\Desktop\project\RobotaMolodi\vendor\laravel\framework\src\Illuminate\Pipeline\Pipeline.php(103): call_user_func(Object(Closure), Object(Illuminate\Http\Request))
#30 C:\Users\Laptop\Desktop\project\RobotaMolodi\vendor\laravel\framework\src\Illuminate\Routing\Router.php(704): Illuminate\Pipeline\Pipeline->then(Object(Closure))
#31 C:\Users\Laptop\Desktop\project\RobotaMolodi\vendor\laravel\framework\src\Illuminate\Routing\Router.php(669): Illuminate\Routing\Router->runRouteWithinStack(Object(Illuminate\Routing\Route), Object(Illuminate\Http\Request))
#32 C:\Users\Laptop\Desktop\project\RobotaMolodi\vendor\laravel\framework\src\Illuminate\Routing\Router.php(629): Illuminate\Routing\Router->dispatchToRoute(Object(Illuminate\Http\Request))
#33 C:\Users\Laptop\Desktop\project\RobotaMolodi\vendor\laravel\framework\src\Illuminate\Foundation\Http\Kernel.php(229): Illuminate\Routing\Router->dispatch(Object(Illuminate\Http\Request))
#34 [internal function]: Illuminate\Foundation\Http\Kernel->Illuminate\Foundation\Http\{closure}(Object(Illuminate\Http\Request))
#35 C:\Users\Laptop\Desktop\project\RobotaMolodi\vendor\laravel\framework\src\Illuminate\Pipeline\Pipeline.php(139): call_user_func(Object(Closure), Object(Illuminate\Http\Request))
#36 C:\Users\Laptop\Desktop\project\RobotaMolodi\vendor\proengsoft\laravel-jsvalidation\src\RemoteValidationMiddleware.php(54): Illuminate\Pipeline\Pipeline->Illuminate\Pipeline\{closure}(Object(Illuminate\Http\Request))
#37 [internal function]: Proengsoft\JsValidation\RemoteValidationMiddleware->handle(Object(Illuminate\Http\Request), Object(Closure))
#38 C:\Users\Laptop\Desktop\project\RobotaMolodi\vendor\laravel\framework\src\Illuminate\Pipeline\Pipeline.php(124): call_user_func_array(Array, Array)
#39 C:\Users\Laptop\Desktop\project\RobotaMolodi\app\Http\Middleware\LangHandler.php(30): Illuminate\Pipeline\Pipeline->Illuminate\Pipeline\{closure}(Object(Illuminate\Http\Request))
#40 [internal function]: App\Http\Middleware\LangHandler->handle(Object(Illuminate\Http\Request), Object(Closure))
#41 C:\Users\Laptop\Desktop\project\RobotaMolodi\vendor\laravel\framework\src\Illuminate\Pipeline\Pipeline.php(124): call_user_func_array(Array, Array)
#42 C:\Users\Laptop\Desktop\project\RobotaMolodi\vendor\laravel\framework\src\Illuminate\Foundation\Http\Middleware\VerifyCsrfToken.php(50): Illuminate\Pipeline\Pipeline->Illuminate\Pipeline\{closure}(Object(Illuminate\Http\Request))
#43 C:\Users\Laptop\Desktop\project\RobotaMolodi\app\Http\Middleware\VerifyCsrfToken.php(23): Illuminate\Foundation\Http\Middleware\VerifyCsrfToken->handle(Object(Illuminate\Http\Request), Object(Closure))
#44 [internal function]: App\Http\Middleware\VerifyCsrfToken->handle(Object(Illuminate\Http\Request), Object(Closure))
#45 C:\Users\Laptop\Desktop\project\RobotaMolodi\vendor\laravel\framework\src\Illuminate\Pipeline\Pipeline.php(124): call_user_func_array(Array, Array)
#46 C:\Users\Laptop\Desktop\project\RobotaMolodi\vendor\laravel\framework\src\Illuminate\View\Middleware\ShareErrorsFromSession.php(54): Illuminate\Pipeline\Pipeline->Illuminate\Pipeline\{closure}(Object(Illuminate\Http\Request))
#47 [internal function]: Illuminate\View\Middleware\ShareErrorsFromSession->handle(Object(Illuminate\Http\Request), Object(Closure))
#48 C:\Users\Laptop\Desktop\project\RobotaMolodi\vendor\laravel\framework\src\Illuminate\Pipeline\Pipeline.php(124): call_user_func_array(Array, Array)
#49 C:\Users\Laptop\Desktop\project\RobotaMolodi\vendor\laravel\framework\src\Illuminate\Session\Middleware\StartSession.php(61): Illuminate\Pipeline\Pipeline->Illuminate\Pipeline\{closure}(Object(Illuminate\Http\Request))
#50 [internal function]: Illuminate\Session\Middleware\StartSession->handle(Object(Illuminate\Http\Request), Object(Closure))
#51 C:\Users\Laptop\Desktop\project\RobotaMolodi\vendor\laravel\framework\src\Illuminate\Pipeline\Pipeline.php(124): call_user_func_array(Array, Array)
#52 C:\Users\Laptop\Desktop\project\RobotaMolodi\vendor\laravel\framework\src\Illuminate\Cookie\Middleware\AddQueuedCookiesToResponse.php(37): Illuminate\Pipeline\Pipeline->Illuminate\Pipeline\{closure}(Object(Illuminate\Http\Request))
#53 [internal function]: Illuminate\Cookie\Middleware\AddQueuedCookiesToResponse->handle(Object(Illuminate\Http\Request), Object(Closure))
#54 C:\Users\Laptop\Desktop\project\RobotaMolodi\vendor\laravel\framework\src\Illuminate\Pipeline\Pipeline.php(124): call_user_func_array(Array, Array)
#55 C:\Users\Laptop\Desktop\project\RobotaMolodi\vendor\laravel\framework\src\Illuminate\Cookie\Middleware\EncryptCookies.php(59): Illuminate\Pipeline\Pipeline->Illuminate\Pipeline\{closure}(Object(Illuminate\Http\Request))
#56 [internal function]: Illuminate\Cookie\Middleware\EncryptCookies->handle(Object(Illuminate\Http\Request), Object(Closure))
#57 C:\Users\Laptop\Desktop\project\RobotaMolodi\vendor\laravel\framework\src\Illuminate\Pipeline\Pipeline.php(124): call_user_func_array(Array, Array)
#58 C:\Users\Laptop\Desktop\project\RobotaMolodi\vendor\laravel\framework\src\Illuminate\Foundation\Http\Middleware\CheckForMaintenanceMode.php(42): Illuminate\Pipeline\Pipeline->Illuminate\Pipeline\{closure}(Object(Illuminate\Http\Request))
#59 [internal function]: Illuminate\Foundation\Http\Middleware\CheckForMaintenanceMode->handle(Object(Illuminate\Http\Request), Object(Closure))
#60 C:\Users\Laptop\Desktop\project\RobotaMolodi\vendor\laravel\framework\src\Illuminate\Pipeline\Pipeline.php(124): call_user_func_array(Array, Array)
#61 [internal function]: Illuminate\Pipeline\Pipeline->Illuminate\Pipeline\{closure}(Object(Illuminate\Http\Request))
#62 C:\Users\Laptop\Desktop\project\RobotaMolodi\vendor\laravel\framework\src\Illuminate\Pipeline\Pipeline.php(103): call_user_func(Object(Closure), Object(Illuminate\Http\Request))
#63 C:\Users\Laptop\Desktop\project\RobotaMolodi\vendor\laravel\framework\src\Illuminate\Foundation\Http\Kernel.php(118): Illuminate\Pipeline\Pipeline->then(Object(Closure))
#64 C:\Users\Laptop\Desktop\project\RobotaMolodi\vendor\laravel\framework\src\Illuminate\Foundation\Http\Kernel.php(86): Illuminate\Foundation\Http\Kernel->sendRequestThroughRouter(Object(Illuminate\Http\Request))
#65 C:\Users\Laptop\Desktop\project\RobotaMolodi\public\index.php(53): Illuminate\Foundation\Http\Kernel->handle(Object(Illuminate\Http\Request))
#66 C:\Users\Laptop\Desktop\project\RobotaMolodi\server.php(21): require_once('C:\\Users\\Laptop...')
#67 {main}  
[2018-06-20 12:48:08] local.ERROR: exception 'Swift_TransportException' with message 'Failed to authenticate on SMTP server with username "username" using 3 possible authenticators' in C:\Users\Laptop\Desktop\project\RobotaMolodi\vendor\swiftmailer\swiftmailer\lib\classes\Swift\Transport\Esmtp\AuthHandler.php:181
Stack trace:
#0 C:\Users\Laptop\Desktop\project\RobotaMolodi\vendor\swiftmailer\swiftmailer\lib\classes\Swift\Transport\EsmtpTransport.php(332): Swift_Transport_Esmtp_AuthHandler->afterEhlo(Object(Swift_SmtpTransport))
#1 C:\Users\Laptop\Desktop\project\RobotaMolodi\vendor\swiftmailer\swiftmailer\lib\classes\Swift\Transport\AbstractSmtpTransport.php(118): Swift_Transport_EsmtpTransport->_doHeloCommand()
#2 C:\Users\Laptop\Desktop\project\RobotaMolodi\vendor\swiftmailer\swiftmailer\lib\classes\Swift\Mailer.php(79): Swift_Transport_AbstractSmtpTransport->start()
#3 C:\Users\Laptop\Desktop\project\RobotaMolodi\vendor\laravel\framework\src\Illuminate\Mail\Mailer.php(380): Swift_Mailer->send(Object(Swift_Message), Array)
#4 C:\Users\Laptop\Desktop\project\RobotaMolodi\vendor\laravel\framework\src\Illuminate\Mail\Mailer.php(186): Illuminate\Mail\Mailer->sendSwiftMessage(Object(Swift_Message))
#5 C:\Users\Laptop\Desktop\project\RobotaMolodi\vendor\laravel\framework\src\Illuminate\Auth\Passwords\PasswordBroker.php(118): Illuminate\Mail\Mailer->send('emails.password', Array, Object(Closure))
#6 C:\Users\Laptop\Desktop\project\RobotaMolodi\vendor\laravel\framework\src\Illuminate\Auth\Passwords\PasswordBroker.php(92): Illuminate\Auth\Passwords\PasswordBroker->emailResetLink(Object(App\Models\User), '865d0713515b34b...', Object(Closure))
#7 C:\Users\Laptop\Desktop\project\RobotaMolodi\vendor\laravel\framework\src\Illuminate\Support\Facades\Facade.php(213): Illuminate\Auth\Passwords\PasswordBroker->sendResetLink(Array, Object(Closure))
#8 C:\Users\Laptop\Desktop\project\RobotaMolodi\vendor\laravel\framework\src\Illuminate\Foundation\Auth\ResetsPasswords.php(35): Illuminate\Support\Facades\Facade::__callStatic('sendResetLink', Array)
#9 C:\Users\Laptop\Desktop\project\RobotaMolodi\vendor\laravel\framework\src\Illuminate\Foundation\Auth\ResetsPasswords.php(35): Illuminate\Support\Facades\Password::sendResetLink(Array, Object(Closure))
#10 [internal function]: App\Http\Controllers\Auth\PasswordController->postEmail(Object(Illuminate\Http\Request))
#11 C:\Users\Laptop\Desktop\project\RobotaMolodi\vendor\laravel\framework\src\Illuminate\Routing\Controller.php(255): call_user_func_array(Array, Array)
#12 C:\Users\Laptop\Desktop\project\RobotaMolodi\vendor\laravel\framework\src\Illuminate\Routing\ControllerDispatcher.php(163): Illuminate\Routing\Controller->callAction('postEmail', Array)
#13 C:\Users\Laptop\Desktop\project\RobotaMolodi\vendor\laravel\framework\src\Illuminate\Routing\ControllerDispatcher.php(111): Illuminate\Routing\ControllerDispatcher->call(Object(App\Http\Controllers\Auth\PasswordController), Object(Illuminate\Routing\Route), 'postEmail')
#14 [internal function]: Illuminate\Routing\ControllerDispatcher->Illuminate\Routing\{closure}(Object(Illuminate\Http\Request))
#15 C:\Users\Laptop\Desktop\project\RobotaMolodi\vendor\laravel\framework\src\Illuminate\Pipeline\Pipeline.php(139): call_user_func(Object(Closure), Object(Illuminate\Http\Request))
#16 C:\Users\Laptop\Desktop\project\RobotaMolodi\app\Http\Middleware\RedirectIfAuthenticated.php(41): Illuminate\Pipeline\Pipeline->Illuminate\Pipeline\{closure}(Object(Illuminate\Http\Request))
#17 [internal function]: App\Http\Middleware\RedirectIfAuthenticated->handle(Object(Illuminate\Http\Request), Object(Closure))
#18 C:\Users\Laptop\Desktop\project\RobotaMolodi\vendor\laravel\framework\src\Illuminate\Pipeline\Pipeline.php(124): call_user_func_array(Array, Array)
#19 [internal function]: Illuminate\Pipeline\Pipeline->Illuminate\Pipeline\{closure}(Object(Illuminate\Http\Request))
#20 C:\Users\Laptop\Desktop\project\RobotaMolodi\vendor\laravel\framework\src\Illuminate\Pipeline\Pipeline.php(103): call_user_func(Object(Closure), Object(Illuminate\Http\Request))
#21 C:\Users\Laptop\Desktop\project\RobotaMolodi\vendor\laravel\framework\src\Illuminate\Routing\ControllerDispatcher.php(113): Illuminate\Pipeline\Pipeline->then(Object(Closure))
#22 C:\Users\Laptop\Desktop\project\RobotaMolodi\vendor\laravel\framework\src\Illuminate\Routing\ControllerDispatcher.php(68): Illuminate\Routing\ControllerDispatcher->callWithinStack(Object(App\Http\Controllers\Auth\PasswordController), Object(Illuminate\Routing\Route), Object(Illuminate\Http\Request), 'postEmail')
#23 C:\Users\Laptop\Desktop\project\RobotaMolodi\vendor\laravel\framework\src\Illuminate\Routing\Route.php(198): Illuminate\Routing\ControllerDispatcher->dispatch(Object(Illuminate\Routing\Route), Object(Illuminate\Http\Request), 'App\\Http\\Contro...', 'postEmail')
#24 C:\Users\Laptop\Desktop\project\RobotaMolodi\vendor\laravel\framework\src\Illuminate\Routing\Route.php(131): Illuminate\Routing\Route->runWithCustomDispatcher(Object(Illuminate\Http\Request))
#25 C:\Users\Laptop\Desktop\project\RobotaMolodi\vendor\laravel\framework\src\Illuminate\Routing\Router.php(702): Illuminate\Routing\Route->run(Object(Illuminate\Http\Request))
#26 [internal function]: Illuminate\Routing\Router->Illuminate\Routing\{closure}(Object(Illuminate\Http\Request))
#27 C:\Users\Laptop\Desktop\project\RobotaMolodi\vendor\laravel\framework\src\Illuminate\Pipeline\Pipeline.php(139): call_user_func(Object(Closure), Object(Illuminate\Http\Request))
#28 [internal function]: Illuminate\Pipeline\Pipeline->Illuminate\Pipeline\{closure}(Object(Illuminate\Http\Request))
#29 C:\Users\Laptop\Desktop\project\RobotaMolodi\vendor\laravel\framework\src\Illuminate\Pipeline\Pipeline.php(103): call_user_func(Object(Closure), Object(Illuminate\Http\Request))
#30 C:\Users\Laptop\Desktop\project\RobotaMolodi\vendor\laravel\framework\src\Illuminate\Routing\Router.php(704): Illuminate\Pipeline\Pipeline->then(Object(Closure))
#31 C:\Users\Laptop\Desktop\project\RobotaMolodi\vendor\laravel\framework\src\Illuminate\Routing\Router.php(669): Illuminate\Routing\Router->runRouteWithinStack(Object(Illuminate\Routing\Route), Object(Illuminate\Http\Request))
#32 C:\Users\Laptop\Desktop\project\RobotaMolodi\vendor\laravel\framework\src\Illuminate\Routing\Router.php(629): Illuminate\Routing\Router->dispatchToRoute(Object(Illuminate\Http\Request))
#33 C:\Users\Laptop\Desktop\project\RobotaMolodi\vendor\laravel\framework\src\Illuminate\Foundation\Http\Kernel.php(229): Illuminate\Routing\Router->dispatch(Object(Illuminate\Http\Request))
#34 [internal function]: Illuminate\Foundation\Http\Kernel->Illuminate\Foundation\Http\{closure}(Object(Illuminate\Http\Request))
#35 C:\Users\Laptop\Desktop\project\RobotaMolodi\vendor\laravel\framework\src\Illuminate\Pipeline\Pipeline.php(139): call_user_func(Object(Closure), Object(Illuminate\Http\Request))
#36 C:\Users\Laptop\Desktop\project\RobotaMolodi\vendor\proengsoft\laravel-jsvalidation\src\RemoteValidationMiddleware.php(54): Illuminate\Pipeline\Pipeline->Illuminate\Pipeline\{closure}(Object(Illuminate\Http\Request))
#37 [internal function]: Proengsoft\JsValidation\RemoteValidationMiddleware->handle(Object(Illuminate\Http\Request), Object(Closure))
#38 C:\Users\Laptop\Desktop\project\RobotaMolodi\vendor\laravel\framework\src\Illuminate\Pipeline\Pipeline.php(124): call_user_func_array(Array, Array)
#39 C:\Users\Laptop\Desktop\project\RobotaMolodi\app\Http\Middleware\LangHandler.php(30): Illuminate\Pipeline\Pipeline->Illuminate\Pipeline\{closure}(Object(Illuminate\Http\Request))
#40 [internal function]: App\Http\Middleware\LangHandler->handle(Object(Illuminate\Http\Request), Object(Closure))
#41 C:\Users\Laptop\Desktop\project\RobotaMolodi\vendor\laravel\framework\src\Illuminate\Pipeline\Pipeline.php(124): call_user_func_array(Array, Array)
#42 C:\Users\Laptop\Desktop\project\RobotaMolodi\vendor\laravel\framework\src\Illuminate\Foundation\Http\Middleware\VerifyCsrfToken.php(50): Illuminate\Pipeline\Pipeline->Illuminate\Pipeline\{closure}(Object(Illuminate\Http\Request))
#43 C:\Users\Laptop\Desktop\project\RobotaMolodi\app\Http\Middleware\VerifyCsrfToken.php(23): Illuminate\Foundation\Http\Middleware\VerifyCsrfToken->handle(Object(Illuminate\Http\Request), Object(Closure))
#44 [internal function]: App\Http\Middleware\VerifyCsrfToken->handle(Object(Illuminate\Http\Request), Object(Closure))
#45 C:\Users\Laptop\Desktop\project\RobotaMolodi\vendor\laravel\framework\src\Illuminate\Pipeline\Pipeline.php(124): call_user_func_array(Array, Array)
#46 C:\Users\Laptop\Desktop\project\RobotaMolodi\vendor\laravel\framework\src\Illuminate\View\Middleware\ShareErrorsFromSession.php(54): Illuminate\Pipeline\Pipeline->Illuminate\Pipeline\{closure}(Object(Illuminate\Http\Request))
#47 [internal function]: Illuminate\View\Middleware\ShareErrorsFromSession->handle(Object(Illuminate\Http\Request), Object(Closure))
#48 C:\Users\Laptop\Desktop\project\RobotaMolodi\vendor\laravel\framework\src\Illuminate\Pipeline\Pipeline.php(124): call_user_func_array(Array, Array)
#49 C:\Users\Laptop\Desktop\project\RobotaMolodi\vendor\laravel\framework\src\Illuminate\Session\Middleware\StartSession.php(61): Illuminate\Pipeline\Pipeline->Illuminate\Pipeline\{closure}(Object(Illuminate\Http\Request))
#50 [internal function]: Illuminate\Session\Middleware\StartSession->handle(Object(Illuminate\Http\Request), Object(Closure))
#51 C:\Users\Laptop\Desktop\project\RobotaMolodi\vendor\laravel\framework\src\Illuminate\Pipeline\Pipeline.php(124): call_user_func_array(Array, Array)
#52 C:\Users\Laptop\Desktop\project\RobotaMolodi\vendor\laravel\framework\src\Illuminate\Cookie\Middleware\AddQueuedCookiesToResponse.php(37): Illuminate\Pipeline\Pipeline->Illuminate\Pipeline\{closure}(Object(Illuminate\Http\Request))
#53 [internal function]: Illuminate\Cookie\Middleware\AddQueuedCookiesToResponse->handle(Object(Illuminate\Http\Request), Object(Closure))
#54 C:\Users\Laptop\Desktop\project\RobotaMolodi\vendor\laravel\framework\src\Illuminate\Pipeline\Pipeline.php(124): call_user_func_array(Array, Array)
#55 C:\Users\Laptop\Desktop\project\RobotaMolodi\vendor\laravel\framework\src\Illuminate\Cookie\Middleware\EncryptCookies.php(59): Illuminate\Pipeline\Pipeline->Illuminate\Pipeline\{closure}(Object(Illuminate\Http\Request))
#56 [internal function]: Illuminate\Cookie\Middleware\EncryptCookies->handle(Object(Illuminate\Http\Request), Object(Closure))
#57 C:\Users\Laptop\Desktop\project\RobotaMolodi\vendor\laravel\framework\src\Illuminate\Pipeline\Pipeline.php(124): call_user_func_array(Array, Array)
#58 C:\Users\Laptop\Desktop\project\RobotaMolodi\vendor\laravel\framework\src\Illuminate\Foundation\Http\Middleware\CheckForMaintenanceMode.php(42): Illuminate\Pipeline\Pipeline->Illuminate\Pipeline\{closure}(Object(Illuminate\Http\Request))
#59 [internal function]: Illuminate\Foundation\Http\Middleware\CheckForMaintenanceMode->handle(Object(Illuminate\Http\Request), Object(Closure))
#60 C:\Users\Laptop\Desktop\project\RobotaMolodi\vendor\laravel\framework\src\Illuminate\Pipeline\Pipeline.php(124): call_user_func_array(Array, Array)
#61 [internal function]: Illuminate\Pipeline\Pipeline->Illuminate\Pipeline\{closure}(Object(Illuminate\Http\Request))
#62 C:\Users\Laptop\Desktop\project\RobotaMolodi\vendor\laravel\framework\src\Illuminate\Pipeline\Pipeline.php(103): call_user_func(Object(Closure), Object(Illuminate\Http\Request))
#63 C:\Users\Laptop\Desktop\project\RobotaMolodi\vendor\laravel\framework\src\Illuminate\Foundation\Http\Kernel.php(118): Illuminate\Pipeline\Pipeline->then(Object(Closure))
#64 C:\Users\Laptop\Desktop\project\RobotaMolodi\vendor\laravel\framework\src\Illuminate\Foundation\Http\Kernel.php(86): Illuminate\Foundation\Http\Kernel->sendRequestThroughRouter(Object(Illuminate\Http\Request))
#65 C:\Users\Laptop\Desktop\project\RobotaMolodi\public\index.php(53): Illuminate\Foundation\Http\Kernel->handle(Object(Illuminate\Http\Request))
#66 C:\Users\Laptop\Desktop\project\RobotaMolodi\server.php(21): require_once('C:\\Users\\Laptop...')
#67 {main}  
