[2018-06-11 08:03:05] local.ERROR: PDOException: SQLSTATE[HY000] [1049] Unknown database 'rm' in E:\OS\OSPanel\domains\RobotaMolodi\vendor\laravel\framework\src\Illuminate\Database\Connectors\Connector.php:49
Stack trace:
#0 E:\OS\OSPanel\domains\RobotaMolodi\vendor\laravel\framework\src\Illuminate\Database\Connectors\Connector.php(49): PDO->__construct('mysql:host=127....', 'root', '', Array)
#1 E:\OS\OSPanel\domains\RobotaMolodi\vendor\laravel\framework\src\Illuminate\Database\Connectors\MySqlConnector.php(22): Illuminate\Database\Connectors\Connector->createConnection('mysql:host=127....', Array, Array)
#2 E:\OS\OSPanel\domains\RobotaMolodi\vendor\laravel\framework\src\Illuminate\Database\Connectors\ConnectionFactory.php(59): Illuminate\Database\Connectors\MySqlConnector->connect(Array)
#3 E:\OS\OSPanel\domains\RobotaMolodi\vendor\laravel\framework\src\Illuminate\Database\Connectors\ConnectionFactory.php(48): Illuminate\Database\Connectors\ConnectionFactory->createSingleConnection(Array)
#4 E:\OS\OSPanel\domains\RobotaMolodi\vendor\laravel\framework\src\Illuminate\Database\DatabaseManager.php(174): Illuminate\Database\Connectors\ConnectionFactory->make(Array, 'mysql')
#5 E:\OS\OSPanel\domains\RobotaMolodi\vendor\laravel\framework\src\Illuminate\Database\DatabaseManager.php(66): Illuminate\Database\DatabaseManager->makeConnection('mysql')
#6 E:\OS\OSPanel\domains\RobotaMolodi\vendor\laravel\framework\src\Illuminate\Database\Eloquent\Model.php(3137): Illuminate\Database\DatabaseManager->connection('mysql')
#7 E:\OS\OSPanel\domains\RobotaMolodi\vendor\laravel\framework\src\Illuminate\Database\Eloquent\Model.php(3103): Illuminate\Database\Eloquent\Model::resolveConnection(NULL)
#8 E:\OS\OSPanel\domains\RobotaMolodi\vendor\laravel\framework\src\Illuminate\Database\Eloquent\Model.php(1852): Illuminate\Database\Eloquent\Model->getConnection()
#9 E:\OS\OSPanel\domains\RobotaMolodi\vendor\laravel\framework\src\Illuminate\Database\Eloquent\Model.php(1795): Illuminate\Database\Eloquent\Model->newBaseQueryBuilder()
#10 E:\OS\OSPanel\domains\RobotaMolodi\vendor\laravel\framework\src\Illuminate\Database\Eloquent\Model.php(1769): Illuminate\Database\Eloquent\Model->newQueryWithoutScopes()
#11 E:\OS\OSPanel\domains\RobotaMolodi\vendor\laravel\framework\src\Illuminate\Database\Eloquent\Model.php(3349): Illuminate\Database\Eloquent\Model->newQuery()
#12 [internal function]: Illuminate\Database\Eloquent\Model->__call('allVacancies', Array)
#13 E:\OS\OSPanel\domains\RobotaMolodi\vendor\laravel\framework\src\Illuminate\Database\Eloquent\Model.php(3365): call_user_func_array(Array, Array)
#14 E:\OS\OSPanel\domains\RobotaMolodi\app\Http\Controllers\MainController.php(73): Illuminate\Database\Eloquent\Model::__callStatic('allVacancies', Array)
#15 [internal function]: App\Http\Controllers\MainController->showVacancies(Object(Illuminate\Http\Request))
#16 E:\OS\OSPanel\domains\RobotaMolodi\vendor\laravel\framework\src\Illuminate\Routing\Controller.php(255): call_user_func_array(Array, Array)
#17 E:\OS\OSPanel\domains\RobotaMolodi\vendor\laravel\framework\src\Illuminate\Routing\ControllerDispatcher.php(163): Illuminate\Routing\Controller->callAction('showVacancies', Array)
#18 E:\OS\OSPanel\domains\RobotaMolodi\vendor\laravel\framework\src\Illuminate\Routing\ControllerDispatcher.php(111): Illuminate\Routing\ControllerDispatcher->call(Object(App\Http\Controllers\MainController), Object(Illuminate\Routing\Route), 'showVacancies')
#19 [internal function]: Illuminate\Routing\ControllerDispatcher->Illuminate\Routing\{closure}(Object(Illuminate\Http\Request))
#20 E:\OS\OSPanel\domains\RobotaMolodi\vendor\laravel\framework\src\Illuminate\Pipeline\Pipeline.php(139): call_user_func(Object(Closure), Object(Illuminate\Http\Request))
#21 [internal function]: Illuminate\Pipeline\Pipeline->Illuminate\Pipeline\{closure}(Object(Illuminate\Http\Request))
#22 E:\OS\OSPanel\domains\RobotaMolodi\vendor\laravel\framework\src\Illuminate\Pipeline\Pipeline.php(102): call_user_func(Object(Closure), Object(Illuminate\Http\Request))
#23 E:\OS\OSPanel\domains\RobotaMolodi\vendor\laravel\framework\src\Illuminate\Routing\ControllerDispatcher.php(113): Illuminate\Pipeline\Pipeline->then(Object(Closure))
#24 E:\OS\OSPanel\domains\RobotaMolodi\vendor\laravel\framework\src\Illuminate\Routing\ControllerDispatcher.php(67): Illuminate\Routing\ControllerDispatcher->callWithinStack(Object(App\Http\Controllers\MainController), Object(Illuminate\Routing\Route), Object(Illuminate\Http\Request), 'showVacancies')
#25 E:\OS\OSPanel\domains\RobotaMolodi\vendor\laravel\framework\src\Illuminate\Routing\Route.php(198): Illuminate\Routing\ControllerDispatcher->dispatch(Object(Illuminate\Routing\Route), Object(Illuminate\Http\Request), 'App\\Http\\Contro...', 'showVacancies')
#26 E:\OS\OSPanel\domains\RobotaMolodi\vendor\laravel\framework\src\Illuminate\Routing\Route.php(131): Illuminate\Routing\Route->runWithCustomDispatcher(Object(Illuminate\Http\Request))
#27 E:\OS\OSPanel\domains\RobotaMolodi\vendor\laravel\framework\src\Illuminate\Routing\Router.php(702): Illuminate\Routing\Route->run(Object(Illuminate\Http\Request))
#28 [internal function]: Illuminate\Routing\Router->Illuminate\Routing\{closure}(Object(Illuminate\Http\Request))
#29 E:\OS\OSPanel\domains\RobotaMolodi\vendor\laravel\framework\src\Illuminate\Pipeline\Pipeline.php(139): call_user_func(Object(Closure), Object(Illuminate\Http\Request))
#30 [internal function]: Illuminate\Pipeline\Pipeline->Illuminate\Pipeline\{closure}(Object(Illuminate\Http\Request))
#31 E:\OS\OSPanel\domains\RobotaMolodi\vendor\laravel\framework\src\Illuminate\Pipeline\Pipeline.php(102): call_user_func(Object(Closure), Object(Illuminate\Http\Request))
#32 E:\OS\OSPanel\domains\RobotaMolodi\vendor\laravel\framework\src\Illuminate\Routing\Router.php(704): Illuminate\Pipeline\Pipeline->then(Object(Closure))
#33 E:\OS\OSPanel\domains\RobotaMolodi\vendor\laravel\framework\src\Illuminate\Routing\Router.php(668): Illuminate\Routing\Router->runRouteWithinStack(Object(Illuminate\Routing\Route), Object(Illuminate\Http\Request))
#34 E:\OS\OSPanel\domains\RobotaMolodi\vendor\laravel\framework\src\Illuminate\Routing\Router.php(629): Illuminate\Routing\Router->dispatchToRoute(Object(Illuminate\Http\Request))
#35 E:\OS\OSPanel\domains\RobotaMolodi\vendor\laravel\framework\src\Illuminate\Foundation\Http\Kernel.php(229): Illuminate\Routing\Router->dispatch(Object(Illuminate\Http\Request))
#36 [internal function]: Illuminate\Foundation\Http\Kernel->Illuminate\Foundation\Http\{closure}(Object(Illuminate\Http\Request))
#37 E:\OS\OSPanel\domains\RobotaMolodi\vendor\laravel\framework\src\Illuminate\Pipeline\Pipeline.php(139): call_user_func(Object(Closure), Object(Illuminate\Http\Request))
#38 E:\OS\OSPanel\domains\RobotaMolodi\vendor\proengsoft\laravel-jsvalidation\src\RemoteValidationMiddleware.php(54): Illuminate\Pipeline\Pipeline->Illuminate\Pipeline\{closure}(Object(Illuminate\Http\Request))
#39 [internal function]: Proengsoft\JsValidation\RemoteValidationMiddleware->handle(Object(Illuminate\Http\Request), Object(Closure))
#40 E:\OS\OSPanel\domains\RobotaMolodi\vendor\laravel\framework\src\Illuminate\Pipeline\Pipeline.php(124): call_user_func_array(Array, Array)
#41 E:\OS\OSPanel\domains\RobotaMolodi\app\Http\Middleware\LangHandler.php(30): Illuminate\Pipeline\Pipeline->Illuminate\Pipeline\{closure}(Object(Illuminate\Http\Request))
#42 [internal function]: App\Http\Middleware\LangHandler->handle(Object(Illuminate\Http\Request), Object(Closure))
#43 E:\OS\OSPanel\domains\RobotaMolodi\vendor\laravel\framework\src\Illuminate\Pipeline\Pipeline.php(124): call_user_func_array(Array, Array)
#44 E:\OS\OSPanel\domains\RobotaMolodi\vendor\laravel\framework\src\Illuminate\Foundation\Http\Middleware\VerifyCsrfToken.php(50): Illuminate\Pipeline\Pipeline->Illuminate\Pipeline\{closure}(Object(Illuminate\Http\Request))
#45 E:\OS\OSPanel\domains\RobotaMolodi\app\Http\Middleware\VerifyCsrfToken.php(23): Illuminate\Foundation\Http\Middleware\VerifyCsrfToken->handle(Object(Illuminate\Http\Request), Object(Closure))
#46 [internal function]: App\Http\Middleware\VerifyCsrfToken->handle(Object(Illuminate\Http\Request), Object(Closure))
#47 E:\OS\OSPanel\domains\RobotaMolodi\vendor\laravel\framework\src\Illuminate\Pipeline\Pipeline.php(124): call_user_func_array(Array, Array)
#48 E:\OS\OSPanel\domains\RobotaMolodi\vendor\laravel\framework\src\Illuminate\View\Middleware\ShareErrorsFromSession.php(54): Illuminate\Pipeline\Pipeline->Illuminate\Pipeline\{closure}(Object(Illuminate\Http\Request))
#49 [internal function]: Illuminate\View\Middleware\ShareErrorsFromSession->handle(Object(Illuminate\Http\Request), Object(Closure))
#50 E:\OS\OSPanel\domains\RobotaMolodi\vendor\laravel\framework\src\Illuminate\Pipeline\Pipeline.php(124): call_user_func_array(Array, Array)
#51 E:\OS\OSPanel\domains\RobotaMolodi\vendor\laravel\framework\src\Illuminate\Session\Middleware\StartSession.php(61): Illuminate\Pipeline\Pipeline->Illuminate\Pipeline\{closure}(Object(Illuminate\Http\Request))
#52 [internal function]: Illuminate\Session\Middleware\StartSession->handle(Object(Illuminate\Http\Request), Object(Closure))
#53 E:\OS\OSPanel\domains\RobotaMolodi\vendor\laravel\framework\src\Illuminate\Pipeline\Pipeline.php(124): call_user_func_array(Array, Array)
#54 E:\OS\OSPanel\domains\RobotaMolodi\vendor\laravel\framework\src\Illuminate\Cookie\Middleware\AddQueuedCookiesToResponse.php(37): Illuminate\Pipeline\Pipeline->Illuminate\Pipeline\{closure}(Object(Illuminate\Http\Request))
#55 [internal function]: Illuminate\Cookie\Middleware\AddQueuedCookiesToResponse->handle(Object(Illuminate\Http\Request), Object(Closure))
#56 E:\OS\OSPanel\domains\RobotaMolodi\vendor\laravel\framework\src\Illuminate\Pipeline\Pipeline.php(124): call_user_func_array(Array, Array)
#57 E:\OS\OSPanel\domains\RobotaMolodi\vendor\laravel\framework\src\Illuminate\Cookie\Middleware\EncryptCookies.php(59): Illuminate\Pipeline\Pipeline->Illuminate\Pipeline\{closure}(Object(Illuminate\Http\Request))
#58 [internal function]: Illuminate\Cookie\Middleware\EncryptCookies->handle(Object(Illuminate\Http\Request), Object(Closure))
#59 E:\OS\OSPanel\domains\RobotaMolodi\vendor\laravel\framework\src\Illuminate\Pipeline\Pipeline.php(124): call_user_func_array(Array, Array)
#60 E:\OS\OSPanel\domains\RobotaMolodi\vendor\laravel\framework\src\Illuminate\Foundation\Http\Middleware\CheckForMaintenanceMode.php(42): Illuminate\Pipeline\Pipeline->Illuminate\Pipeline\{closure}(Object(Illuminate\Http\Request))
#61 [internal function]: Illuminate\Foundation\Http\Middleware\CheckForMaintenanceMode->handle(Object(Illuminate\Http\Request), Object(Closure))
#62 E:\OS\OSPanel\domains\RobotaMolodi\vendor\laravel\framework\src\Illuminate\Pipeline\Pipeline.php(124): call_user_func_array(Array, Array)
#63 [internal function]: Illuminate\Pipeline\Pipeline->Illuminate\Pipeline\{closure}(Object(Illuminate\Http\Request))
#64 E:\OS\OSPanel\domains\RobotaMolodi\vendor\laravel\framework\src\Illuminate\Pipeline\Pipeline.php(102): call_user_func(Object(Closure), Object(Illuminate\Http\Request))
#65 E:\OS\OSPanel\domains\RobotaMolodi\vendor\laravel\framework\src\Illuminate\Foundation\Http\Kernel.php(118): Illuminate\Pipeline\Pipeline->then(Object(Closure))
#66 E:\OS\OSPanel\domains\RobotaMolodi\vendor\laravel\framework\src\Illuminate\Foundation\Http\Kernel.php(86): Illuminate\Foundation\Http\Kernel->sendRequestThroughRouter(Object(Illuminate\Http\Request))
#67 E:\OS\OSPanel\domains\RobotaMolodi\public\index.php(52): Illuminate\Foundation\Http\Kernel->handle(Object(Illuminate\Http\Request))
#68 {main}  
