[2018-06-23 11:31:45] local.ERROR: exception 'ErrorException' with message 'Array to string conversion' in E:\OS\OSPanel\domains\RobotaMolodi\app\Http\Controllers\UserController.php:100
Stack trace:
#0 E:\OS\OSPanel\domains\RobotaMolodi\app\Http\Controllers\UserController.php(100): Illuminate\Foundation\Bootstrap\HandleExceptions->handleError(8, 'Array to string...', 'E:\\OS\\OSPanel\\d...', 100, Array)
#1 [internal function]: App\Http\Controllers\UserController->update(Object(Illuminate\Http\Request), '5061')
#2 E:\OS\OSPanel\domains\RobotaMolodi\vendor\laravel\framework\src\Illuminate\Routing\Controller.php(255): call_user_func_array(Array, Array)
#3 E:\OS\OSPanel\domains\RobotaMolodi\vendor\laravel\framework\src\Illuminate\Routing\ControllerDispatcher.php(163): Illuminate\Routing\Controller->callAction('update', Array)
#4 E:\OS\OSPanel\domains\RobotaMolodi\vendor\laravel\framework\src\Illuminate\Routing\ControllerDispatcher.php(111): Illuminate\Routing\ControllerDispatcher->call(Object(App\Http\Controllers\UserController), Object(Illuminate\Routing\Route), 'update')
#5 [internal function]: Illuminate\Routing\ControllerDispatcher->Illuminate\Routing\{closure}(Object(Illuminate\Http\Request))
#6 E:\OS\OSPanel\domains\RobotaMolodi\vendor\laravel\framework\src\Illuminate\Pipeline\Pipeline.php(139): call_user_func(Object(Closure), Object(Illuminate\Http\Request))
#7 [internal function]: Illuminate\Pipeline\Pipeline->Illuminate\Pipeline\{closure}(Object(Illuminate\Http\Request))
#8 E:\OS\OSPanel\domains\RobotaMolodi\vendor\laravel\framework\src\Illuminate\Pipeline\Pipeline.php(103): call_user_func(Object(Closure), Object(Illuminate\Http\Request))
#9 E:\OS\OSPanel\domains\RobotaMolodi\vendor\laravel\framework\src\Illuminate\Routing\ControllerDispatcher.php(113): Illuminate\Pipeline\Pipeline->then(Object(Closure))
#10 E:\OS\OSPanel\domains\RobotaMolodi\vendor\laravel\framework\src\Illuminate\Routing\ControllerDispatcher.php(68): Illuminate\Routing\ControllerDispatcher->callWithinStack(Object(App\Http\Controllers\UserController), Object(Illuminate\Routing\Route), Object(Illuminate\Http\Request), 'update')
#11 E:\OS\OSPanel\domains\RobotaMolodi\vendor\laravel\framework\src\Illuminate\Routing\Route.php(198): Illuminate\Routing\ControllerDispatcher->dispatch(Object(Illuminate\Routing\Route), Object(Illuminate\Http\Request), 'App\\Http\\Contro...', 'update')
#12 E:\OS\OSPanel\domains\RobotaMolodi\vendor\laravel\framework\src\Illuminate\Routing\Route.php(131): Illuminate\Routing\Route->runWithCustomDispatcher(Object(Illuminate\Http\Request))
#13 E:\OS\OSPanel\domains\RobotaMolodi\vendor\laravel\framework\src\Illuminate\Routing\Router.php(702): Illuminate\Routing\Route->run(Object(Illuminate\Http\Request))
#14 [internal function]: Illuminate\Routing\Router->Illuminate\Routing\{closure}(Object(Illuminate\Http\Request))
#15 E:\OS\OSPanel\domains\RobotaMolodi\vendor\laravel\framework\src\Illuminate\Pipeline\Pipeline.php(139): call_user_func(Object(Closure), Object(Illuminate\Http\Request))
#16 E:\OS\OSPanel\domains\RobotaMolodi\app\Http\Middleware\Authenticate.php(47): Illuminate\Pipeline\Pipeline->Illuminate\Pipeline\{closure}(Object(Illuminate\Http\Request))
#17 [internal function]: App\Http\Middleware\Authenticate->handle(Object(Illuminate\Http\Request), Object(Closure))
#18 E:\OS\OSPanel\domains\RobotaMolodi\vendor\laravel\framework\src\Illuminate\Pipeline\Pipeline.php(124): call_user_func_array(Array, Array)
#19 [internal function]: Illuminate\Pipeline\Pipeline->Illuminate\Pipeline\{closure}(Object(Illuminate\Http\Request))
#20 E:\OS\OSPanel\domains\RobotaMolodi\vendor\laravel\framework\src\Illuminate\Pipeline\Pipeline.php(103): call_user_func(Object(Closure), Object(Illuminate\Http\Request))
#21 E:\OS\OSPanel\domains\RobotaMolodi\vendor\laravel\framework\src\Illuminate\Routing\Router.php(704): Illuminate\Pipeline\Pipeline->then(Object(Closure))
#22 E:\OS\OSPanel\domains\RobotaMolodi\vendor\laravel\framework\src\Illuminate\Routing\Router.php(669): Illuminate\Routing\Router->runRouteWithinStack(Object(Illuminate\Routing\Route), Object(Illuminate\Http\Request))
#23 E:\OS\OSPanel\domains\RobotaMolodi\vendor\laravel\framework\src\Illuminate\Routing\Router.php(629): Illuminate\Routing\Router->dispatchToRoute(Object(Illuminate\Http\Request))
#24 E:\OS\OSPanel\domains\RobotaMolodi\vendor\laravel\framework\src\Illuminate\Foundation\Http\Kernel.php(229): Illuminate\Routing\Router->dispatch(Object(Illuminate\Http\Request))
#25 [internal function]: Illuminate\Foundation\Http\Kernel->Illuminate\Foundation\Http\{closure}(Object(Illuminate\Http\Request))
#26 E:\OS\OSPanel\domains\RobotaMolodi\vendor\laravel\framework\src\Illuminate\Pipeline\Pipeline.php(139): call_user_func(Object(Closure), Object(Illuminate\Http\Request))
#27 E:\OS\OSPanel\domains\RobotaMolodi\vendor\proengsoft\laravel-jsvalidation\src\RemoteValidationMiddleware.php(54): Illuminate\Pipeline\Pipeline->Illuminate\Pipeline\{closure}(Object(Illuminate\Http\Request))
#28 [internal function]: Proengsoft\JsValidation\RemoteValidationMiddleware->handle(Object(Illuminate\Http\Request), Object(Closure))
#29 E:\OS\OSPanel\domains\RobotaMolodi\vendor\laravel\framework\src\Illuminate\Pipeline\Pipeline.php(124): call_user_func_array(Array, Array)
#30 E:\OS\OSPanel\domains\RobotaMolodi\app\Http\Middleware\LangHandler.php(30): Illuminate\Pipeline\Pipeline->Illuminate\Pipeline\{closure}(Object(Illuminate\Http\Request))
#31 [internal function]: App\Http\Middleware\LangHandler->handle(Object(Illuminate\Http\Request), Object(Closure))
#32 E:\OS\OSPanel\domains\RobotaMolodi\vendor\laravel\framework\src\Illuminate\Pipeline\Pipeline.php(124): call_user_func_array(Array, Array)
#33 E:\OS\OSPanel\domains\RobotaMolodi\vendor\laravel\framework\src\Illuminate\Foundation\Http\Middleware\VerifyCsrfToken.php(50): Illuminate\Pipeline\Pipeline->Illuminate\Pipeline\{closure}(Object(Illuminate\Http\Request))
#34 E:\OS\OSPanel\domains\RobotaMolodi\app\Http\Middleware\VerifyCsrfToken.php(23): Illuminate\Foundation\Http\Middleware\VerifyCsrfToken->handle(Object(Illuminate\Http\Request), Object(Closure))
#35 [internal function]: App\Http\Middleware\VerifyCsrfToken->handle(Object(Illuminate\Http\Request), Object(Closure))
#36 E:\OS\OSPanel\domains\RobotaMolodi\vendor\laravel\framework\src\Illuminate\Pipeline\Pipeline.php(124): call_user_func_array(Array, Array)
#37 E:\OS\OSPanel\domains\RobotaMolodi\vendor\laravel\framework\src\Illuminate\View\Middleware\ShareErrorsFromSession.php(54): Illuminate\Pipeline\Pipeline->Illuminate\Pipeline\{closure}(Object(Illuminate\Http\Request))
#38 [internal function]: Illuminate\View\Middleware\ShareErrorsFromSession->handle(Object(Illuminate\Http\Request), Object(Closure))
#39 E:\OS\OSPanel\domains\RobotaMolodi\vendor\laravel\framework\src\Illuminate\Pipeline\Pipeline.php(124): call_user_func_array(Array, Array)
#40 E:\OS\OSPanel\domains\RobotaMolodi\vendor\laravel\framework\src\Illuminate\Session\Middleware\StartSession.php(61): Illuminate\Pipeline\Pipeline->Illuminate\Pipeline\{closure}(Object(Illuminate\Http\Request))
#41 [internal function]: Illuminate\Session\Middleware\StartSession->handle(Object(Illuminate\Http\Request), Object(Closure))
#42 E:\OS\OSPanel\domains\RobotaMolodi\vendor\laravel\framework\src\Illuminate\Pipeline\Pipeline.php(124): call_user_func_array(Array, Array)
#43 E:\OS\OSPanel\domains\RobotaMolodi\vendor\laravel\framework\src\Illuminate\Cookie\Middleware\AddQueuedCookiesToResponse.php(37): Illuminate\Pipeline\Pipeline->Illuminate\Pipeline\{closure}(Object(Illuminate\Http\Request))
#44 [internal function]: Illuminate\Cookie\Middleware\AddQueuedCookiesToResponse->handle(Object(Illuminate\Http\Request), Object(Closure))
#45 E:\OS\OSPanel\domains\RobotaMolodi\vendor\laravel\framework\src\Illuminate\Pipeline\Pipeline.php(124): call_user_func_array(Array, Array)
#46 E:\OS\OSPanel\domains\RobotaMolodi\vendor\laravel\framework\src\Illuminate\Cookie\Middleware\EncryptCookies.php(59): Illuminate\Pipeline\Pipeline->Illuminate\Pipeline\{closure}(Object(Illuminate\Http\Request))
#47 [internal function]: Illuminate\Cookie\Middleware\EncryptCookies->handle(Object(Illuminate\Http\Request), Object(Closure))
#48 E:\OS\OSPanel\domains\RobotaMolodi\vendor\laravel\framework\src\Illuminate\Pipeline\Pipeline.php(124): call_user_func_array(Array, Array)
#49 E:\OS\OSPanel\domains\RobotaMolodi\vendor\laravel\framework\src\Illuminate\Foundation\Http\Middleware\CheckForMaintenanceMode.php(42): Illuminate\Pipeline\Pipeline->Illuminate\Pipeline\{closure}(Object(Illuminate\Http\Request))
#50 [internal function]: Illuminate\Foundation\Http\Middleware\CheckForMaintenanceMode->handle(Object(Illuminate\Http\Request), Object(Closure))
#51 E:\OS\OSPanel\domains\RobotaMolodi\vendor\laravel\framework\src\Illuminate\Pipeline\Pipeline.php(124): call_user_func_array(Array, Array)
#52 [internal function]: Illuminate\Pipeline\Pipeline->Illuminate\Pipeline\{closure}(Object(Illuminate\Http\Request))
#53 E:\OS\OSPanel\domains\RobotaMolodi\vendor\laravel\framework\src\Illuminate\Pipeline\Pipeline.php(103): call_user_func(Object(Closure), Object(Illuminate\Http\Request))
#54 E:\OS\OSPanel\domains\RobotaMolodi\vendor\laravel\framework\src\Illuminate\Foundation\Http\Kernel.php(118): Illuminate\Pipeline\Pipeline->then(Object(Closure))
#55 E:\OS\OSPanel\domains\RobotaMolodi\vendor\laravel\framework\src\Illuminate\Foundation\Http\Kernel.php(86): Illuminate\Foundation\Http\Kernel->sendRequestThroughRouter(Object(Illuminate\Http\Request))
#56 E:\OS\OSPanel\domains\RobotaMolodi\public\index.php(53): Illuminate\Foundation\Http\Kernel->handle(Object(Illuminate\Http\Request))
#57 E:\OS\OSPanel\domains\RobotaMolodi\server.php(21): require_once('E:\\OS\\OSPanel\\d...')
#58 {main}  
[2018-06-23 11:44:23] local.ERROR: exception 'ErrorException' with message 'Argument 1 passed to Symfony\Component\HttpFoundation\ResponseHeaderBag::__construct() must be of the type array, string given, called in E:\OS\OSPanel\domains\RobotaMolodi\vendor\symfony\http-foundation\Response.php on line 201 and defined' in E:\OS\OSPanel\domains\RobotaMolodi\vendor\symfony\http-foundation\ResponseHeaderBag.php:31
Stack trace:
#0 E:\OS\OSPanel\domains\RobotaMolodi\vendor\symfony\http-foundation\ResponseHeaderBag.php(31): Illuminate\Foundation\Bootstrap\HandleExceptions->handleError(4096, 'Argument 1 pass...', 'E:\\OS\\OSPanel\\d...', 31, Array)
#1 E:\OS\OSPanel\domains\RobotaMolodi\vendor\symfony\http-foundation\Response.php(201): Symfony\Component\HttpFoundation\ResponseHeaderBag->__construct('<script type="t...')
#2 E:\OS\OSPanel\domains\RobotaMolodi\vendor\symfony\http-foundation\RedirectResponse.php(37): Symfony\Component\HttpFoundation\Response->__construct('', '', '<script type="t...')
#3 E:\OS\OSPanel\domains\RobotaMolodi\vendor\laravel\framework\src\Illuminate\Routing\Redirector.php(188): Symfony\Component\HttpFoundation\RedirectResponse->__construct('http://localhos...', '', '<script type="t...')
#4 E:\OS\OSPanel\domains\RobotaMolodi\vendor\laravel\framework\src\Illuminate\Routing\Redirector.php(117): Illuminate\Routing\Redirector->createRedirect('http://localhos...', '', '<script type="t...')
#5 E:\OS\OSPanel\domains\RobotaMolodi\vendor\laravel\framework\src\Illuminate\Foundation\helpers.php(412): Illuminate\Routing\Redirector->to('/', '', '<script type="t...', NULL)
#6 E:\OS\OSPanel\domains\RobotaMolodi\app\Http\Controllers\UserController.php(110): redirect('/', '', '<script type="t...')
#7 [internal function]: App\Http\Controllers\UserController->update(Object(Illuminate\Http\Request), '5061')
#8 E:\OS\OSPanel\domains\RobotaMolodi\vendor\laravel\framework\src\Illuminate\Routing\Controller.php(255): call_user_func_array(Array, Array)
#9 E:\OS\OSPanel\domains\RobotaMolodi\vendor\laravel\framework\src\Illuminate\Routing\ControllerDispatcher.php(163): Illuminate\Routing\Controller->callAction('update', Array)
#10 E:\OS\OSPanel\domains\RobotaMolodi\vendor\laravel\framework\src\Illuminate\Routing\ControllerDispatcher.php(111): Illuminate\Routing\ControllerDispatcher->call(Object(App\Http\Controllers\UserController), Object(Illuminate\Routing\Route), 'update')
#11 [internal function]: Illuminate\Routing\ControllerDispatcher->Illuminate\Routing\{closure}(Object(Illuminate\Http\Request))
#12 E:\OS\OSPanel\domains\RobotaMolodi\vendor\laravel\framework\src\Illuminate\Pipeline\Pipeline.php(139): call_user_func(Object(Closure), Object(Illuminate\Http\Request))
#13 [internal function]: Illuminate\Pipeline\Pipeline->Illuminate\Pipeline\{closure}(Object(Illuminate\Http\Request))
#14 E:\OS\OSPanel\domains\RobotaMolodi\vendor\laravel\framework\src\Illuminate\Pipeline\Pipeline.php(103): call_user_func(Object(Closure), Object(Illuminate\Http\Request))
#15 E:\OS\OSPanel\domains\RobotaMolodi\vendor\laravel\framework\src\Illuminate\Routing\ControllerDispatcher.php(113): Illuminate\Pipeline\Pipeline->then(Object(Closure))
#16 E:\OS\OSPanel\domains\RobotaMolodi\vendor\laravel\framework\src\Illuminate\Routing\ControllerDispatcher.php(68): Illuminate\Routing\ControllerDispatcher->callWithinStack(Object(App\Http\Controllers\UserController), Object(Illuminate\Routing\Route), Object(Illuminate\Http\Request), 'update')
#17 E:\OS\OSPanel\domains\RobotaMolodi\vendor\laravel\framework\src\Illuminate\Routing\Route.php(198): Illuminate\Routing\ControllerDispatcher->dispatch(Object(Illuminate\Routing\Route), Object(Illuminate\Http\Request), 'App\\Http\\Contro...', 'update')
#18 E:\OS\OSPanel\domains\RobotaMolodi\vendor\laravel\framework\src\Illuminate\Routing\Route.php(131): Illuminate\Routing\Route->runWithCustomDispatcher(Object(Illuminate\Http\Request))
#19 E:\OS\OSPanel\domains\RobotaMolodi\vendor\laravel\framework\src\Illuminate\Routing\Router.php(702): Illuminate\Routing\Route->run(Object(Illuminate\Http\Request))
#20 [internal function]: Illuminate\Routing\Router->Illuminate\Routing\{closure}(Object(Illuminate\Http\Request))
#21 E:\OS\OSPanel\domains\RobotaMolodi\vendor\laravel\framework\src\Illuminate\Pipeline\Pipeline.php(139): call_user_func(Object(Closure), Object(Illuminate\Http\Request))
#22 E:\OS\OSPanel\domains\RobotaMolodi\app\Http\Middleware\Authenticate.php(47): Illuminate\Pipeline\Pipeline->Illuminate\Pipeline\{closure}(Object(Illuminate\Http\Request))
#23 [internal function]: App\Http\Middleware\Authenticate->handle(Object(Illuminate\Http\Request), Object(Closure))
#24 E:\OS\OSPanel\domains\RobotaMolodi\vendor\laravel\framework\src\Illuminate\Pipeline\Pipeline.php(124): call_user_func_array(Array, Array)
#25 [internal function]: Illuminate\Pipeline\Pipeline->Illuminate\Pipeline\{closure}(Object(Illuminate\Http\Request))
#26 E:\OS\OSPanel\domains\RobotaMolodi\vendor\laravel\framework\src\Illuminate\Pipeline\Pipeline.php(103): call_user_func(Object(Closure), Object(Illuminate\Http\Request))
#27 E:\OS\OSPanel\domains\RobotaMolodi\vendor\laravel\framework\src\Illuminate\Routing\Router.php(704): Illuminate\Pipeline\Pipeline->then(Object(Closure))
#28 E:\OS\OSPanel\domains\RobotaMolodi\vendor\laravel\framework\src\Illuminate\Routing\Router.php(669): Illuminate\Routing\Router->runRouteWithinStack(Object(Illuminate\Routing\Route), Object(Illuminate\Http\Request))
#29 E:\OS\OSPanel\domains\RobotaMolodi\vendor\laravel\framework\src\Illuminate\Routing\Router.php(629): Illuminate\Routing\Router->dispatchToRoute(Object(Illuminate\Http\Request))
#30 E:\OS\OSPanel\domains\RobotaMolodi\vendor\laravel\framework\src\Illuminate\Foundation\Http\Kernel.php(229): Illuminate\Routing\Router->dispatch(Object(Illuminate\Http\Request))
#31 [internal function]: Illuminate\Foundation\Http\Kernel->Illuminate\Foundation\Http\{closure}(Object(Illuminate\Http\Request))
#32 E:\OS\OSPanel\domains\RobotaMolodi\vendor\laravel\framework\src\Illuminate\Pipeline\Pipeline.php(139): call_user_func(Object(Closure), Object(Illuminate\Http\Request))
#33 E:\OS\OSPanel\domains\RobotaMolodi\vendor\proengsoft\laravel-jsvalidation\src\RemoteValidationMiddleware.php(54): Illuminate\Pipeline\Pipeline->Illuminate\Pipeline\{closure}(Object(Illuminate\Http\Request))
#34 [internal function]: Proengsoft\JsValidation\RemoteValidationMiddleware->handle(Object(Illuminate\Http\Request), Object(Closure))
#35 E:\OS\OSPanel\domains\RobotaMolodi\vendor\laravel\framework\src\Illuminate\Pipeline\Pipeline.php(124): call_user_func_array(Array, Array)
#36 E:\OS\OSPanel\domains\RobotaMolodi\app\Http\Middleware\LangHandler.php(30): Illuminate\Pipeline\Pipeline->Illuminate\Pipeline\{closure}(Object(Illuminate\Http\Request))
#37 [internal function]: App\Http\Middleware\LangHandler->handle(Object(Illuminate\Http\Request), Object(Closure))
#38 E:\OS\OSPanel\domains\RobotaMolodi\vendor\laravel\framework\src\Illuminate\Pipeline\Pipeline.php(124): call_user_func_array(Array, Array)
#39 E:\OS\OSPanel\domains\RobotaMolodi\vendor\laravel\framework\src\Illuminate\Foundation\Http\Middleware\VerifyCsrfToken.php(50): Illuminate\Pipeline\Pipeline->Illuminate\Pipeline\{closure}(Object(Illuminate\Http\Request))
#40 E:\OS\OSPanel\domains\RobotaMolodi\app\Http\Middleware\VerifyCsrfToken.php(23): Illuminate\Foundation\Http\Middleware\VerifyCsrfToken->handle(Object(Illuminate\Http\Request), Object(Closure))
#41 [internal function]: App\Http\Middleware\VerifyCsrfToken->handle(Object(Illuminate\Http\Request), Object(Closure))
#42 E:\OS\OSPanel\domains\RobotaMolodi\vendor\laravel\framework\src\Illuminate\Pipeline\Pipeline.php(124): call_user_func_array(Array, Array)
#43 E:\OS\OSPanel\domains\RobotaMolodi\vendor\laravel\framework\src\Illuminate\View\Middleware\ShareErrorsFromSession.php(54): Illuminate\Pipeline\Pipeline->Illuminate\Pipeline\{closure}(Object(Illuminate\Http\Request))
#44 [internal function]: Illuminate\View\Middleware\ShareErrorsFromSession->handle(Object(Illuminate\Http\Request), Object(Closure))
#45 E:\OS\OSPanel\domains\RobotaMolodi\vendor\laravel\framework\src\Illuminate\Pipeline\Pipeline.php(124): call_user_func_array(Array, Array)
#46 E:\OS\OSPanel\domains\RobotaMolodi\vendor\laravel\framework\src\Illuminate\Session\Middleware\StartSession.php(61): Illuminate\Pipeline\Pipeline->Illuminate\Pipeline\{closure}(Object(Illuminate\Http\Request))
#47 [internal function]: Illuminate\Session\Middleware\StartSession->handle(Object(Illuminate\Http\Request), Object(Closure))
#48 E:\OS\OSPanel\domains\RobotaMolodi\vendor\laravel\framework\src\Illuminate\Pipeline\Pipeline.php(124): call_user_func_array(Array, Array)
#49 E:\OS\OSPanel\domains\RobotaMolodi\vendor\laravel\framework\src\Illuminate\Cookie\Middleware\AddQueuedCookiesToResponse.php(37): Illuminate\Pipeline\Pipeline->Illuminate\Pipeline\{closure}(Object(Illuminate\Http\Request))
#50 [internal function]: Illuminate\Cookie\Middleware\AddQueuedCookiesToResponse->handle(Object(Illuminate\Http\Request), Object(Closure))
#51 E:\OS\OSPanel\domains\RobotaMolodi\vendor\laravel\framework\src\Illuminate\Pipeline\Pipeline.php(124): call_user_func_array(Array, Array)
#52 E:\OS\OSPanel\domains\RobotaMolodi\vendor\laravel\framework\src\Illuminate\Cookie\Middleware\EncryptCookies.php(59): Illuminate\Pipeline\Pipeline->Illuminate\Pipeline\{closure}(Object(Illuminate\Http\Request))
#53 [internal function]: Illuminate\Cookie\Middleware\EncryptCookies->handle(Object(Illuminate\Http\Request), Object(Closure))
#54 E:\OS\OSPanel\domains\RobotaMolodi\vendor\laravel\framework\src\Illuminate\Pipeline\Pipeline.php(124): call_user_func_array(Array, Array)
#55 E:\OS\OSPanel\domains\RobotaMolodi\vendor\laravel\framework\src\Illuminate\Foundation\Http\Middleware\CheckForMaintenanceMode.php(42): Illuminate\Pipeline\Pipeline->Illuminate\Pipeline\{closure}(Object(Illuminate\Http\Request))
#56 [internal function]: Illuminate\Foundation\Http\Middleware\CheckForMaintenanceMode->handle(Object(Illuminate\Http\Request), Object(Closure))
#57 E:\OS\OSPanel\domains\RobotaMolodi\vendor\laravel\framework\src\Illuminate\Pipeline\Pipeline.php(124): call_user_func_array(Array, Array)
#58 [internal function]: Illuminate\Pipeline\Pipeline->Illuminate\Pipeline\{closure}(Object(Illuminate\Http\Request))
#59 E:\OS\OSPanel\domains\RobotaMolodi\vendor\laravel\framework\src\Illuminate\Pipeline\Pipeline.php(103): call_user_func(Object(Closure), Object(Illuminate\Http\Request))
#60 E:\OS\OSPanel\domains\RobotaMolodi\vendor\laravel\framework\src\Illuminate\Foundation\Http\Kernel.php(118): Illuminate\Pipeline\Pipeline->then(Object(Closure))
#61 E:\OS\OSPanel\domains\RobotaMolodi\vendor\laravel\framework\src\Illuminate\Foundation\Http\Kernel.php(86): Illuminate\Foundation\Http\Kernel->sendRequestThroughRouter(Object(Illuminate\Http\Request))
#62 E:\OS\OSPanel\domains\RobotaMolodi\public\index.php(53): Illuminate\Foundation\Http\Kernel->handle(Object(Illuminate\Http\Request))
#63 E:\OS\OSPanel\domains\RobotaMolodi\server.php(21): require_once('E:\\OS\\OSPanel\\d...')
#64 {main}  
[2018-06-23 11:46:37] local.ERROR: exception 'BadMethodCallException' with message 'Method [back] does not exist on Redirect.' in E:\OS\OSPanel\domains\RobotaMolodi\vendor\laravel\framework\src\Illuminate\Http\RedirectResponse.php:197
Stack trace:
#0 E:\OS\OSPanel\domains\RobotaMolodi\app\Http\Controllers\UserController.php(110): Illuminate\Http\RedirectResponse->__call('back', Array)
#1 E:\OS\OSPanel\domains\RobotaMolodi\app\Http\Controllers\UserController.php(110): Illuminate\Http\RedirectResponse->back()
#2 [internal function]: App\Http\Controllers\UserController->update(Object(Illuminate\Http\Request), '5061')
#3 E:\OS\OSPanel\domains\RobotaMolodi\vendor\laravel\framework\src\Illuminate\Routing\Controller.php(255): call_user_func_array(Array, Array)
#4 E:\OS\OSPanel\domains\RobotaMolodi\vendor\laravel\framework\src\Illuminate\Routing\ControllerDispatcher.php(163): Illuminate\Routing\Controller->callAction('update', Array)
#5 E:\OS\OSPanel\domains\RobotaMolodi\vendor\laravel\framework\src\Illuminate\Routing\ControllerDispatcher.php(111): Illuminate\Routing\ControllerDispatcher->call(Object(App\Http\Controllers\UserController), Object(Illuminate\Routing\Route), 'update')
#6 [internal function]: Illuminate\Routing\ControllerDispatcher->Illuminate\Routing\{closure}(Object(Illuminate\Http\Request))
#7 E:\OS\OSPanel\domains\RobotaMolodi\vendor\laravel\framework\src\Illuminate\Pipeline\Pipeline.php(139): call_user_func(Object(Closure), Object(Illuminate\Http\Request))
#8 [internal function]: Illuminate\Pipeline\Pipeline->Illuminate\Pipeline\{closure}(Object(Illuminate\Http\Request))
#9 E:\OS\OSPanel\domains\RobotaMolodi\vendor\laravel\framework\src\Illuminate\Pipeline\Pipeline.php(103): call_user_func(Object(Closure), Object(Illuminate\Http\Request))
#10 E:\OS\OSPanel\domains\RobotaMolodi\vendor\laravel\framework\src\Illuminate\Routing\ControllerDispatcher.php(113): Illuminate\Pipeline\Pipeline->then(Object(Closure))
#11 E:\OS\OSPanel\domains\RobotaMolodi\vendor\laravel\framework\src\Illuminate\Routing\ControllerDispatcher.php(68): Illuminate\Routing\ControllerDispatcher->callWithinStack(Object(App\Http\Controllers\UserController), Object(Illuminate\Routing\Route), Object(Illuminate\Http\Request), 'update')
#12 E:\OS\OSPanel\domains\RobotaMolodi\vendor\laravel\framework\src\Illuminate\Routing\Route.php(198): Illuminate\Routing\ControllerDispatcher->dispatch(Object(Illuminate\Routing\Route), Object(Illuminate\Http\Request), 'App\\Http\\Contro...', 'update')
#13 E:\OS\OSPanel\domains\RobotaMolodi\vendor\laravel\framework\src\Illuminate\Routing\Route.php(131): Illuminate\Routing\Route->runWithCustomDispatcher(Object(Illuminate\Http\Request))
#14 E:\OS\OSPanel\domains\RobotaMolodi\vendor\laravel\framework\src\Illuminate\Routing\Router.php(702): Illuminate\Routing\Route->run(Object(Illuminate\Http\Request))
#15 [internal function]: Illuminate\Routing\Router->Illuminate\Routing\{closure}(Object(Illuminate\Http\Request))
#16 E:\OS\OSPanel\domains\RobotaMolodi\vendor\laravel\framework\src\Illuminate\Pipeline\Pipeline.php(139): call_user_func(Object(Closure), Object(Illuminate\Http\Request))
#17 E:\OS\OSPanel\domains\RobotaMolodi\app\Http\Middleware\Authenticate.php(47): Illuminate\Pipeline\Pipeline->Illuminate\Pipeline\{closure}(Object(Illuminate\Http\Request))
#18 [internal function]: App\Http\Middleware\Authenticate->handle(Object(Illuminate\Http\Request), Object(Closure))
#19 E:\OS\OSPanel\domains\RobotaMolodi\vendor\laravel\framework\src\Illuminate\Pipeline\Pipeline.php(124): call_user_func_array(Array, Array)
#20 [internal function]: Illuminate\Pipeline\Pipeline->Illuminate\Pipeline\{closure}(Object(Illuminate\Http\Request))
#21 E:\OS\OSPanel\domains\RobotaMolodi\vendor\laravel\framework\src\Illuminate\Pipeline\Pipeline.php(103): call_user_func(Object(Closure), Object(Illuminate\Http\Request))
#22 E:\OS\OSPanel\domains\RobotaMolodi\vendor\laravel\framework\src\Illuminate\Routing\Router.php(704): Illuminate\Pipeline\Pipeline->then(Object(Closure))
#23 E:\OS\OSPanel\domains\RobotaMolodi\vendor\laravel\framework\src\Illuminate\Routing\Router.php(669): Illuminate\Routing\Router->runRouteWithinStack(Object(Illuminate\Routing\Route), Object(Illuminate\Http\Request))
#24 E:\OS\OSPanel\domains\RobotaMolodi\vendor\laravel\framework\src\Illuminate\Routing\Router.php(629): Illuminate\Routing\Router->dispatchToRoute(Object(Illuminate\Http\Request))
#25 E:\OS\OSPanel\domains\RobotaMolodi\vendor\laravel\framework\src\Illuminate\Foundation\Http\Kernel.php(229): Illuminate\Routing\Router->dispatch(Object(Illuminate\Http\Request))
#26 [internal function]: Illuminate\Foundation\Http\Kernel->Illuminate\Foundation\Http\{closure}(Object(Illuminate\Http\Request))
#27 E:\OS\OSPanel\domains\RobotaMolodi\vendor\laravel\framework\src\Illuminate\Pipeline\Pipeline.php(139): call_user_func(Object(Closure), Object(Illuminate\Http\Request))
#28 E:\OS\OSPanel\domains\RobotaMolodi\vendor\proengsoft\laravel-jsvalidation\src\RemoteValidationMiddleware.php(54): Illuminate\Pipeline\Pipeline->Illuminate\Pipeline\{closure}(Object(Illuminate\Http\Request))
#29 [internal function]: Proengsoft\JsValidation\RemoteValidationMiddleware->handle(Object(Illuminate\Http\Request), Object(Closure))
#30 E:\OS\OSPanel\domains\RobotaMolodi\vendor\laravel\framework\src\Illuminate\Pipeline\Pipeline.php(124): call_user_func_array(Array, Array)
#31 E:\OS\OSPanel\domains\RobotaMolodi\app\Http\Middleware\LangHandler.php(30): Illuminate\Pipeline\Pipeline->Illuminate\Pipeline\{closure}(Object(Illuminate\Http\Request))
#32 [internal function]: App\Http\Middleware\LangHandler->handle(Object(Illuminate\Http\Request), Object(Closure))
#33 E:\OS\OSPanel\domains\RobotaMolodi\vendor\laravel\framework\src\Illuminate\Pipeline\Pipeline.php(124): call_user_func_array(Array, Array)
#34 E:\OS\OSPanel\domains\RobotaMolodi\vendor\laravel\framework\src\Illuminate\Foundation\Http\Middleware\VerifyCsrfToken.php(50): Illuminate\Pipeline\Pipeline->Illuminate\Pipeline\{closure}(Object(Illuminate\Http\Request))
#35 E:\OS\OSPanel\domains\RobotaMolodi\app\Http\Middleware\VerifyCsrfToken.php(23): Illuminate\Foundation\Http\Middleware\VerifyCsrfToken->handle(Object(Illuminate\Http\Request), Object(Closure))
#36 [internal function]: App\Http\Middleware\VerifyCsrfToken->handle(Object(Illuminate\Http\Request), Object(Closure))
#37 E:\OS\OSPanel\domains\RobotaMolodi\vendor\laravel\framework\src\Illuminate\Pipeline\Pipeline.php(124): call_user_func_array(Array, Array)
#38 E:\OS\OSPanel\domains\RobotaMolodi\vendor\laravel\framework\src\Illuminate\View\Middleware\ShareErrorsFromSession.php(54): Illuminate\Pipeline\Pipeline->Illuminate\Pipeline\{closure}(Object(Illuminate\Http\Request))
#39 [internal function]: Illuminate\View\Middleware\ShareErrorsFromSession->handle(Object(Illuminate\Http\Request), Object(Closure))
#40 E:\OS\OSPanel\domains\RobotaMolodi\vendor\laravel\framework\src\Illuminate\Pipeline\Pipeline.php(124): call_user_func_array(Array, Array)
#41 E:\OS\OSPanel\domains\RobotaMolodi\vendor\laravel\framework\src\Illuminate\Session\Middleware\StartSession.php(61): Illuminate\Pipeline\Pipeline->Illuminate\Pipeline\{closure}(Object(Illuminate\Http\Request))
#42 [internal function]: Illuminate\Session\Middleware\StartSession->handle(Object(Illuminate\Http\Request), Object(Closure))
#43 E:\OS\OSPanel\domains\RobotaMolodi\vendor\laravel\framework\src\Illuminate\Pipeline\Pipeline.php(124): call_user_func_array(Array, Array)
#44 E:\OS\OSPanel\domains\RobotaMolodi\vendor\laravel\framework\src\Illuminate\Cookie\Middleware\AddQueuedCookiesToResponse.php(37): Illuminate\Pipeline\Pipeline->Illuminate\Pipeline\{closure}(Object(Illuminate\Http\Request))
#45 [internal function]: Illuminate\Cookie\Middleware\AddQueuedCookiesToResponse->handle(Object(Illuminate\Http\Request), Object(Closure))
#46 E:\OS\OSPanel\domains\RobotaMolodi\vendor\laravel\framework\src\Illuminate\Pipeline\Pipeline.php(124): call_user_func_array(Array, Array)
#47 E:\OS\OSPanel\domains\RobotaMolodi\vendor\laravel\framework\src\Illuminate\Cookie\Middleware\EncryptCookies.php(59): Illuminate\Pipeline\Pipeline->Illuminate\Pipeline\{closure}(Object(Illuminate\Http\Request))
#48 [internal function]: Illuminate\Cookie\Middleware\EncryptCookies->handle(Object(Illuminate\Http\Request), Object(Closure))
#49 E:\OS\OSPanel\domains\RobotaMolodi\vendor\laravel\framework\src\Illuminate\Pipeline\Pipeline.php(124): call_user_func_array(Array, Array)
#50 E:\OS\OSPanel\domains\RobotaMolodi\vendor\laravel\framework\src\Illuminate\Foundation\Http\Middleware\CheckForMaintenanceMode.php(42): Illuminate\Pipeline\Pipeline->Illuminate\Pipeline\{closure}(Object(Illuminate\Http\Request))
#51 [internal function]: Illuminate\Foundation\Http\Middleware\CheckForMaintenanceMode->handle(Object(Illuminate\Http\Request), Object(Closure))
#52 E:\OS\OSPanel\domains\RobotaMolodi\vendor\laravel\framework\src\Illuminate\Pipeline\Pipeline.php(124): call_user_func_array(Array, Array)
#53 [internal function]: Illuminate\Pipeline\Pipeline->Illuminate\Pipeline\{closure}(Object(Illuminate\Http\Request))
#54 E:\OS\OSPanel\domains\RobotaMolodi\vendor\laravel\framework\src\Illuminate\Pipeline\Pipeline.php(103): call_user_func(Object(Closure), Object(Illuminate\Http\Request))
#55 E:\OS\OSPanel\domains\RobotaMolodi\vendor\laravel\framework\src\Illuminate\Foundation\Http\Kernel.php(118): Illuminate\Pipeline\Pipeline->then(Object(Closure))
#56 E:\OS\OSPanel\domains\RobotaMolodi\vendor\laravel\framework\src\Illuminate\Foundation\Http\Kernel.php(86): Illuminate\Foundation\Http\Kernel->sendRequestThroughRouter(Object(Illuminate\Http\Request))
#57 E:\OS\OSPanel\domains\RobotaMolodi\public\index.php(53): Illuminate\Foundation\Http\Kernel->handle(Object(Illuminate\Http\Request))
#58 E:\OS\OSPanel\domains\RobotaMolodi\server.php(21): require_once('E:\\OS\\OSPanel\\d...')
#59 {main}  
[2018-06-23 11:46:39] local.ERROR: exception 'BadMethodCallException' with message 'Method [back] does not exist on Redirect.' in E:\OS\OSPanel\domains\RobotaMolodi\vendor\laravel\framework\src\Illuminate\Http\RedirectResponse.php:197
Stack trace:
#0 E:\OS\OSPanel\domains\RobotaMolodi\app\Http\Controllers\UserController.php(110): Illuminate\Http\RedirectResponse->__call('back', Array)
#1 E:\OS\OSPanel\domains\RobotaMolodi\app\Http\Controllers\UserController.php(110): Illuminate\Http\RedirectResponse->back()
#2 [internal function]: App\Http\Controllers\UserController->update(Object(Illuminate\Http\Request), '5061')
#3 E:\OS\OSPanel\domains\RobotaMolodi\vendor\laravel\framework\src\Illuminate\Routing\Controller.php(255): call_user_func_array(Array, Array)
#4 E:\OS\OSPanel\domains\RobotaMolodi\vendor\laravel\framework\src\Illuminate\Routing\ControllerDispatcher.php(163): Illuminate\Routing\Controller->callAction('update', Array)
#5 E:\OS\OSPanel\domains\RobotaMolodi\vendor\laravel\framework\src\Illuminate\Routing\ControllerDispatcher.php(111): Illuminate\Routing\ControllerDispatcher->call(Object(App\Http\Controllers\UserController), Object(Illuminate\Routing\Route), 'update')
#6 [internal function]: Illuminate\Routing\ControllerDispatcher->Illuminate\Routing\{closure}(Object(Illuminate\Http\Request))
#7 E:\OS\OSPanel\domains\RobotaMolodi\vendor\laravel\framework\src\Illuminate\Pipeline\Pipeline.php(139): call_user_func(Object(Closure), Object(Illuminate\Http\Request))
#8 [internal function]: Illuminate\Pipeline\Pipeline->Illuminate\Pipeline\{closure}(Object(Illuminate\Http\Request))
#9 E:\OS\OSPanel\domains\RobotaMolodi\vendor\laravel\framework\src\Illuminate\Pipeline\Pipeline.php(103): call_user_func(Object(Closure), Object(Illuminate\Http\Request))
#10 E:\OS\OSPanel\domains\RobotaMolodi\vendor\laravel\framework\src\Illuminate\Routing\ControllerDispatcher.php(113): Illuminate\Pipeline\Pipeline->then(Object(Closure))
#11 E:\OS\OSPanel\domains\RobotaMolodi\vendor\laravel\framework\src\Illuminate\Routing\ControllerDispatcher.php(68): Illuminate\Routing\ControllerDispatcher->callWithinStack(Object(App\Http\Controllers\UserController), Object(Illuminate\Routing\Route), Object(Illuminate\Http\Request), 'update')
#12 E:\OS\OSPanel\domains\RobotaMolodi\vendor\laravel\framework\src\Illuminate\Routing\Route.php(198): Illuminate\Routing\ControllerDispatcher->dispatch(Object(Illuminate\Routing\Route), Object(Illuminate\Http\Request), 'App\\Http\\Contro...', 'update')
#13 E:\OS\OSPanel\domains\RobotaMolodi\vendor\laravel\framework\src\Illuminate\Routing\Route.php(131): Illuminate\Routing\Route->runWithCustomDispatcher(Object(Illuminate\Http\Request))
#14 E:\OS\OSPanel\domains\RobotaMolodi\vendor\laravel\framework\src\Illuminate\Routing\Router.php(702): Illuminate\Routing\Route->run(Object(Illuminate\Http\Request))
#15 [internal function]: Illuminate\Routing\Router->Illuminate\Routing\{closure}(Object(Illuminate\Http\Request))
#16 E:\OS\OSPanel\domains\RobotaMolodi\vendor\laravel\framework\src\Illuminate\Pipeline\Pipeline.php(139): call_user_func(Object(Closure), Object(Illuminate\Http\Request))
#17 E:\OS\OSPanel\domains\RobotaMolodi\app\Http\Middleware\Authenticate.php(47): Illuminate\Pipeline\Pipeline->Illuminate\Pipeline\{closure}(Object(Illuminate\Http\Request))
#18 [internal function]: App\Http\Middleware\Authenticate->handle(Object(Illuminate\Http\Request), Object(Closure))
#19 E:\OS\OSPanel\domains\RobotaMolodi\vendor\laravel\framework\src\Illuminate\Pipeline\Pipeline.php(124): call_user_func_array(Array, Array)
#20 [internal function]: Illuminate\Pipeline\Pipeline->Illuminate\Pipeline\{closure}(Object(Illuminate\Http\Request))
#21 E:\OS\OSPanel\domains\RobotaMolodi\vendor\laravel\framework\src\Illuminate\Pipeline\Pipeline.php(103): call_user_func(Object(Closure), Object(Illuminate\Http\Request))
#22 E:\OS\OSPanel\domains\RobotaMolodi\vendor\laravel\framework\src\Illuminate\Routing\Router.php(704): Illuminate\Pipeline\Pipeline->then(Object(Closure))
#23 E:\OS\OSPanel\domains\RobotaMolodi\vendor\laravel\framework\src\Illuminate\Routing\Router.php(669): Illuminate\Routing\Router->runRouteWithinStack(Object(Illuminate\Routing\Route), Object(Illuminate\Http\Request))
#24 E:\OS\OSPanel\domains\RobotaMolodi\vendor\laravel\framework\src\Illuminate\Routing\Router.php(629): Illuminate\Routing\Router->dispatchToRoute(Object(Illuminate\Http\Request))
#25 E:\OS\OSPanel\domains\RobotaMolodi\vendor\laravel\framework\src\Illuminate\Foundation\Http\Kernel.php(229): Illuminate\Routing\Router->dispatch(Object(Illuminate\Http\Request))
#26 [internal function]: Illuminate\Foundation\Http\Kernel->Illuminate\Foundation\Http\{closure}(Object(Illuminate\Http\Request))
#27 E:\OS\OSPanel\domains\RobotaMolodi\vendor\laravel\framework\src\Illuminate\Pipeline\Pipeline.php(139): call_user_func(Object(Closure), Object(Illuminate\Http\Request))
#28 E:\OS\OSPanel\domains\RobotaMolodi\vendor\proengsoft\laravel-jsvalidation\src\RemoteValidationMiddleware.php(54): Illuminate\Pipeline\Pipeline->Illuminate\Pipeline\{closure}(Object(Illuminate\Http\Request))
#29 [internal function]: Proengsoft\JsValidation\RemoteValidationMiddleware->handle(Object(Illuminate\Http\Request), Object(Closure))
#30 E:\OS\OSPanel\domains\RobotaMolodi\vendor\laravel\framework\src\Illuminate\Pipeline\Pipeline.php(124): call_user_func_array(Array, Array)
#31 E:\OS\OSPanel\domains\RobotaMolodi\app\Http\Middleware\LangHandler.php(30): Illuminate\Pipeline\Pipeline->Illuminate\Pipeline\{closure}(Object(Illuminate\Http\Request))
#32 [internal function]: App\Http\Middleware\LangHandler->handle(Object(Illuminate\Http\Request), Object(Closure))
#33 E:\OS\OSPanel\domains\RobotaMolodi\vendor\laravel\framework\src\Illuminate\Pipeline\Pipeline.php(124): call_user_func_array(Array, Array)
#34 E:\OS\OSPanel\domains\RobotaMolodi\vendor\laravel\framework\src\Illuminate\Foundation\Http\Middleware\VerifyCsrfToken.php(50): Illuminate\Pipeline\Pipeline->Illuminate\Pipeline\{closure}(Object(Illuminate\Http\Request))
#35 E:\OS\OSPanel\domains\RobotaMolodi\app\Http\Middleware\VerifyCsrfToken.php(23): Illuminate\Foundation\Http\Middleware\VerifyCsrfToken->handle(Object(Illuminate\Http\Request), Object(Closure))
#36 [internal function]: App\Http\Middleware\VerifyCsrfToken->handle(Object(Illuminate\Http\Request), Object(Closure))
#37 E:\OS\OSPanel\domains\RobotaMolodi\vendor\laravel\framework\src\Illuminate\Pipeline\Pipeline.php(124): call_user_func_array(Array, Array)
#38 E:\OS\OSPanel\domains\RobotaMolodi\vendor\laravel\framework\src\Illuminate\View\Middleware\ShareErrorsFromSession.php(54): Illuminate\Pipeline\Pipeline->Illuminate\Pipeline\{closure}(Object(Illuminate\Http\Request))
#39 [internal function]: Illuminate\View\Middleware\ShareErrorsFromSession->handle(Object(Illuminate\Http\Request), Object(Closure))
#40 E:\OS\OSPanel\domains\RobotaMolodi\vendor\laravel\framework\src\Illuminate\Pipeline\Pipeline.php(124): call_user_func_array(Array, Array)
#41 E:\OS\OSPanel\domains\RobotaMolodi\vendor\laravel\framework\src\Illuminate\Session\Middleware\StartSession.php(61): Illuminate\Pipeline\Pipeline->Illuminate\Pipeline\{closure}(Object(Illuminate\Http\Request))
#42 [internal function]: Illuminate\Session\Middleware\StartSession->handle(Object(Illuminate\Http\Request), Object(Closure))
#43 E:\OS\OSPanel\domains\RobotaMolodi\vendor\laravel\framework\src\Illuminate\Pipeline\Pipeline.php(124): call_user_func_array(Array, Array)
#44 E:\OS\OSPanel\domains\RobotaMolodi\vendor\laravel\framework\src\Illuminate\Cookie\Middleware\AddQueuedCookiesToResponse.php(37): Illuminate\Pipeline\Pipeline->Illuminate\Pipeline\{closure}(Object(Illuminate\Http\Request))
#45 [internal function]: Illuminate\Cookie\Middleware\AddQueuedCookiesToResponse->handle(Object(Illuminate\Http\Request), Object(Closure))
#46 E:\OS\OSPanel\domains\RobotaMolodi\vendor\laravel\framework\src\Illuminate\Pipeline\Pipeline.php(124): call_user_func_array(Array, Array)
#47 E:\OS\OSPanel\domains\RobotaMolodi\vendor\laravel\framework\src\Illuminate\Cookie\Middleware\EncryptCookies.php(59): Illuminate\Pipeline\Pipeline->Illuminate\Pipeline\{closure}(Object(Illuminate\Http\Request))
#48 [internal function]: Illuminate\Cookie\Middleware\EncryptCookies->handle(Object(Illuminate\Http\Request), Object(Closure))
#49 E:\OS\OSPanel\domains\RobotaMolodi\vendor\laravel\framework\src\Illuminate\Pipeline\Pipeline.php(124): call_user_func_array(Array, Array)
#50 E:\OS\OSPanel\domains\RobotaMolodi\vendor\laravel\framework\src\Illuminate\Foundation\Http\Middleware\CheckForMaintenanceMode.php(42): Illuminate\Pipeline\Pipeline->Illuminate\Pipeline\{closure}(Object(Illuminate\Http\Request))
#51 [internal function]: Illuminate\Foundation\Http\Middleware\CheckForMaintenanceMode->handle(Object(Illuminate\Http\Request), Object(Closure))
#52 E:\OS\OSPanel\domains\RobotaMolodi\vendor\laravel\framework\src\Illuminate\Pipeline\Pipeline.php(124): call_user_func_array(Array, Array)
#53 [internal function]: Illuminate\Pipeline\Pipeline->Illuminate\Pipeline\{closure}(Object(Illuminate\Http\Request))
#54 E:\OS\OSPanel\domains\RobotaMolodi\vendor\laravel\framework\src\Illuminate\Pipeline\Pipeline.php(103): call_user_func(Object(Closure), Object(Illuminate\Http\Request))
#55 E:\OS\OSPanel\domains\RobotaMolodi\vendor\laravel\framework\src\Illuminate\Foundation\Http\Kernel.php(118): Illuminate\Pipeline\Pipeline->then(Object(Closure))
#56 E:\OS\OSPanel\domains\RobotaMolodi\vendor\laravel\framework\src\Illuminate\Foundation\Http\Kernel.php(86): Illuminate\Foundation\Http\Kernel->sendRequestThroughRouter(Object(Illuminate\Http\Request))
#57 E:\OS\OSPanel\domains\RobotaMolodi\public\index.php(53): Illuminate\Foundation\Http\Kernel->handle(Object(Illuminate\Http\Request))
#58 E:\OS\OSPanel\domains\RobotaMolodi\server.php(21): require_once('E:\\OS\\OSPanel\\d...')
#59 {main}  
[2018-06-23 11:47:08] local.ERROR: exception 'Symfony\Component\Debug\Exception\FatalErrorException' with message 'syntax error, unexpected '}'' in E:\OS\OSPanel\domains\RobotaMolodi\storage\framework\views\eaefe1d67997a0c5ac002fe8d5394c9e:50
Stack trace:
#0 {main}  
[2018-06-23 11:47:54] local.ERROR: exception 'Symfony\Component\Debug\Exception\FatalErrorException' with message 'syntax error, unexpected '}'' in E:\OS\OSPanel\domains\RobotaMolodi\storage\framework\views\eaefe1d67997a0c5ac002fe8d5394c9e:50
Stack trace:
#0 {main}  
[2018-06-23 11:50:02] local.ERROR: exception 'Symfony\Component\Debug\Exception\FatalErrorException' with message 'syntax error, unexpected '}'' in E:\OS\OSPanel\domains\RobotaMolodi\storage\framework\views\eaefe1d67997a0c5ac002fe8d5394c9e:50
Stack trace:
#0 {main}  
[2018-06-23 12:09:07] local.ERROR: exception 'Symfony\Component\Debug\Exception\FatalErrorException' with message 'syntax error, unexpected '}'' in E:\OS\OSPanel\domains\RobotaMolodi\storage\framework\views\eaefe1d67997a0c5ac002fe8d5394c9e:50
Stack trace:
#0 {main}  
[2018-06-23 12:09:36] local.ERROR: exception 'Symfony\Component\Debug\Exception\FatalErrorException' with message 'syntax error, unexpected '}'' in E:\OS\OSPanel\domains\RobotaMolodi\storage\framework\views\eaefe1d67997a0c5ac002fe8d5394c9e:50
Stack trace:
#0 {main}  
[2018-06-23 12:11:14] local.ERROR: exception 'Symfony\Component\Debug\Exception\FatalErrorException' with message 'syntax error, unexpected '}'' in E:\OS\OSPanel\domains\RobotaMolodi\storage\framework\views\eaefe1d67997a0c5ac002fe8d5394c9e:50
Stack trace:
#0 {main}  
