[2018-06-19 12:11:10] local.ERROR: Swift_TransportException: Expected response code 250 but got code "530", with message "530 5.7.1 Authentication required
" in /home/daria/RobotaMolodi/vendor/swiftmailer/swiftmailer/lib/classes/Swift/Transport/AbstractSmtpTransport.php:383
Stack trace:
#0 /home/daria/RobotaMolodi/vendor/swiftmailer/swiftmailer/lib/classes/Swift/Transport/AbstractSmtpTransport.php(281): Swift_Transport_AbstractSmtpTransport->_assertResponseCode('530 5.7.1 Authe...', Array)
#1 /home/daria/RobotaMolodi/vendor/swiftmailer/swiftmailer/lib/classes/Swift/Transport/EsmtpTransport.php(270): Swift_Transport_AbstractSmtpTransport->executeCommand('MAIL FROM:<repl...', Array, Array)
#2 /home/daria/RobotaMolodi/vendor/swiftmailer/swiftmailer/lib/classes/Swift/Transport/EsmtpTransport.php(346): Swift_Transport_EsmtpTransport->executeCommand('MAIL FROM:<repl...', Array)
#3 /home/daria/RobotaMolodi/vendor/swiftmailer/swiftmailer/lib/classes/Swift/Transport/AbstractSmtpTransport.php(416): Swift_Transport_EsmtpTransport->_doMailFromCommand('reply@robotamol...')
#4 /home/daria/RobotaMolodi/vendor/swiftmailer/swiftmailer/lib/classes/Swift/Transport/AbstractSmtpTransport.php(444): Swift_Transport_AbstractSmtpTransport->_doMailTransaction(Object(Swift_Message), 'reply@robotamol...', Array, Array)
#5 /home/daria/RobotaMolodi/vendor/swiftmailer/swiftmailer/lib/classes/Swift/Transport/AbstractSmtpTransport.php(176): Swift_Transport_AbstractSmtpTransport->_sendTo(Object(Swift_Message), 'reply@robotamol...', Array, Array)
#6 /home/daria/RobotaMolodi/vendor/swiftmailer/swiftmailer/lib/classes/Swift/Mailer.php(85): Swift_Transport_AbstractSmtpTransport->send(Object(Swift_Message), Array)
#7 /home/daria/RobotaMolodi/vendor/laravel/framework/src/Illuminate/Mail/Mailer.php(380): Swift_Mailer->send(Object(Swift_Message), Array)
#8 /home/daria/RobotaMolodi/vendor/laravel/framework/src/Illuminate/Mail/Mailer.php(186): Illuminate\Mail\Mailer->sendSwiftMessage(Object(Swift_Message))
#9 /home/daria/RobotaMolodi/vendor/laravel/framework/src/Illuminate/Auth/Passwords/PasswordBroker.php(118): Illuminate\Mail\Mailer->send('emails.password', Array, Object(Closure))
#10 /home/daria/RobotaMolodi/vendor/laravel/framework/src/Illuminate/Auth/Passwords/PasswordBroker.php(92): Illuminate\Auth\Passwords\PasswordBroker->emailResetLink(Object(App\Models\User), 'c1555448f5e5230...', Object(Closure))
#11 /home/daria/RobotaMolodi/vendor/laravel/framework/src/Illuminate/Support/Facades/Facade.php(213): Illuminate\Auth\Passwords\PasswordBroker->sendResetLink(Array, Object(Closure))
#12 /home/daria/RobotaMolodi/vendor/laravel/framework/src/Illuminate/Foundation/Auth/ResetsPasswords.php(35): Illuminate\Support\Facades\Facade::__callStatic('sendResetLink', Array)
#13 [internal function]: App\Http\Controllers\Auth\PasswordController->postEmail(Object(Illuminate\Http\Request))
#14 /home/daria/RobotaMolodi/vendor/laravel/framework/src/Illuminate/Routing/Controller.php(255): call_user_func_array(Array, Array)
#15 /home/daria/RobotaMolodi/vendor/laravel/framework/src/Illuminate/Routing/ControllerDispatcher.php(163): Illuminate\Routing\Controller->callAction('postEmail', Array)
#16 /home/daria/RobotaMolodi/vendor/laravel/framework/src/Illuminate/Routing/ControllerDispatcher.php(111): Illuminate\Routing\ControllerDispatcher->call(Object(App\Http\Controllers\Auth\PasswordController), Object(Illuminate\Routing\Route), 'postEmail')
#17 [internal function]: Illuminate\Routing\ControllerDispatcher->Illuminate\Routing\{closure}(Object(Illuminate\Http\Request))
#18 /home/daria/RobotaMolodi/vendor/laravel/framework/src/Illuminate/Pipeline/Pipeline.php(139): call_user_func(Object(Closure), Object(Illuminate\Http\Request))
#19 /home/daria/RobotaMolodi/app/Http/Middleware/RedirectIfAuthenticated.php(41): Illuminate\Pipeline\Pipeline->Illuminate\Pipeline\{closure}(Object(Illuminate\Http\Request))
#20 [internal function]: App\Http\Middleware\RedirectIfAuthenticated->handle(Object(Illuminate\Http\Request), Object(Closure))
#21 /home/daria/RobotaMolodi/vendor/laravel/framework/src/Illuminate/Pipeline/Pipeline.php(124): call_user_func_array(Array, Array)
#22 [internal function]: Illuminate\Pipeline\Pipeline->Illuminate\Pipeline\{closure}(Object(Illuminate\Http\Request))
#23 /home/daria/RobotaMolodi/vendor/laravel/framework/src/Illuminate/Pipeline/Pipeline.php(102): call_user_func(Object(Closure), Object(Illuminate\Http\Request))
#24 /home/daria/RobotaMolodi/vendor/laravel/framework/src/Illuminate/Routing/ControllerDispatcher.php(113): Illuminate\Pipeline\Pipeline->then(Object(Closure))
#25 /home/daria/RobotaMolodi/vendor/laravel/framework/src/Illuminate/Routing/ControllerDispatcher.php(67): Illuminate\Routing\ControllerDispatcher->callWithinStack(Object(App\Http\Controllers\Auth\PasswordController), Object(Illuminate\Routing\Route), Object(Illuminate\Http\Request), 'postEmail')
#26 /home/daria/RobotaMolodi/vendor/laravel/framework/src/Illuminate/Routing/Route.php(198): Illuminate\Routing\ControllerDispatcher->dispatch(Object(Illuminate\Routing\Route), Object(Illuminate\Http\Request), 'App\\Http\\Contro...', 'postEmail')
#27 /home/daria/RobotaMolodi/vendor/laravel/framework/src/Illuminate/Routing/Route.php(131): Illuminate\Routing\Route->runWithCustomDispatcher(Object(Illuminate\Http\Request))
#28 /home/daria/RobotaMolodi/vendor/laravel/framework/src/Illuminate/Routing/Router.php(702): Illuminate\Routing\Route->run(Object(Illuminate\Http\Request))
#29 [internal function]: Illuminate\Routing\Router->Illuminate\Routing\{closure}(Object(Illuminate\Http\Request))
#30 /home/daria/RobotaMolodi/vendor/laravel/framework/src/Illuminate/Pipeline/Pipeline.php(139): call_user_func(Object(Closure), Object(Illuminate\Http\Request))
#31 [internal function]: Illuminate\Pipeline\Pipeline->Illuminate\Pipeline\{closure}(Object(Illuminate\Http\Request))
#32 /home/daria/RobotaMolodi/vendor/laravel/framework/src/Illuminate/Pipeline/Pipeline.php(102): call_user_func(Object(Closure), Object(Illuminate\Http\Request))
#33 /home/daria/RobotaMolodi/vendor/laravel/framework/src/Illuminate/Routing/Router.php(704): Illuminate\Pipeline\Pipeline->then(Object(Closure))
#34 /home/daria/RobotaMolodi/vendor/laravel/framework/src/Illuminate/Routing/Router.php(668): Illuminate\Routing\Router->runRouteWithinStack(Object(Illuminate\Routing\Route), Object(Illuminate\Http\Request))
#35 /home/daria/RobotaMolodi/vendor/laravel/framework/src/Illuminate/Routing/Router.php(629): Illuminate\Routing\Router->dispatchToRoute(Object(Illuminate\Http\Request))
#36 /home/daria/RobotaMolodi/vendor/laravel/framework/src/Illuminate/Foundation/Http/Kernel.php(229): Illuminate\Routing\Router->dispatch(Object(Illuminate\Http\Request))
#37 [internal function]: Illuminate\Foundation\Http\Kernel->Illuminate\Foundation\Http\{closure}(Object(Illuminate\Http\Request))
#38 /home/daria/RobotaMolodi/vendor/laravel/framework/src/Illuminate/Pipeline/Pipeline.php(139): call_user_func(Object(Closure), Object(Illuminate\Http\Request))
#39 /home/daria/RobotaMolodi/vendor/proengsoft/laravel-jsvalidation/src/RemoteValidationMiddleware.php(54): Illuminate\Pipeline\Pipeline->Illuminate\Pipeline\{closure}(Object(Illuminate\Http\Request))
#40 [internal function]: Proengsoft\JsValidation\RemoteValidationMiddleware->handle(Object(Illuminate\Http\Request), Object(Closure))
#41 /home/daria/RobotaMolodi/vendor/laravel/framework/src/Illuminate/Pipeline/Pipeline.php(124): call_user_func_array(Array, Array)
#42 /home/daria/RobotaMolodi/app/Http/Middleware/LangHandler.php(30): Illuminate\Pipeline\Pipeline->Illuminate\Pipeline\{closure}(Object(Illuminate\Http\Request))
#43 [internal function]: App\Http\Middleware\LangHandler->handle(Object(Illuminate\Http\Request), Object(Closure))
#44 /home/daria/RobotaMolodi/vendor/laravel/framework/src/Illuminate/Pipeline/Pipeline.php(124): call_user_func_array(Array, Array)
#45 /home/daria/RobotaMolodi/vendor/laravel/framework/src/Illuminate/Foundation/Http/Middleware/VerifyCsrfToken.php(50): Illuminate\Pipeline\Pipeline->Illuminate\Pipeline\{closure}(Object(Illuminate\Http\Request))
#46 /home/daria/RobotaMolodi/app/Http/Middleware/VerifyCsrfToken.php(23): Illuminate\Foundation\Http\Middleware\VerifyCsrfToken->handle(Object(Illuminate\Http\Request), Object(Closure))
#47 [internal function]: App\Http\Middleware\VerifyCsrfToken->handle(Object(Illuminate\Http\Request), Object(Closure))
#48 /home/daria/RobotaMolodi/vendor/laravel/framework/src/Illuminate/Pipeline/Pipeline.php(124): call_user_func_array(Array, Array)
#49 /home/daria/RobotaMolodi/vendor/laravel/framework/src/Illuminate/View/Middleware/ShareErrorsFromSession.php(54): Illuminate\Pipeline\Pipeline->Illuminate\Pipeline\{closure}(Object(Illuminate\Http\Request))
#50 [internal function]: Illuminate\View\Middleware\ShareErrorsFromSession->handle(Object(Illuminate\Http\Request), Object(Closure))
#51 /home/daria/RobotaMolodi/vendor/laravel/framework/src/Illuminate/Pipeline/Pipeline.php(124): call_user_func_array(Array, Array)
#52 /home/daria/RobotaMolodi/vendor/laravel/framework/src/Illuminate/Session/Middleware/StartSession.php(61): Illuminate\Pipeline\Pipeline->Illuminate\Pipeline\{closure}(Object(Illuminate\Http\Request))
#53 [internal function]: Illuminate\Session\Middleware\StartSession->handle(Object(Illuminate\Http\Request), Object(Closure))
#54 /home/daria/RobotaMolodi/vendor/laravel/framework/src/Illuminate/Pipeline/Pipeline.php(124): call_user_func_array(Array, Array)
#55 /home/daria/RobotaMolodi/vendor/laravel/framework/src/Illuminate/Cookie/Middleware/AddQueuedCookiesToResponse.php(37): Illuminate\Pipeline\Pipeline->Illuminate\Pipeline\{closure}(Object(Illuminate\Http\Request))
#56 [internal function]: Illuminate\Cookie\Middleware\AddQueuedCookiesToResponse->handle(Object(Illuminate\Http\Request), Object(Closure))
#57 /home/daria/RobotaMolodi/vendor/laravel/framework/src/Illuminate/Pipeline/Pipeline.php(124): call_user_func_array(Array, Array)
#58 /home/daria/RobotaMolodi/vendor/laravel/framework/src/Illuminate/Cookie/Middleware/EncryptCookies.php(59): Illuminate\Pipeline\Pipeline->Illuminate\Pipeline\{closure}(Object(Illuminate\Http\Request))
#59 [internal function]: Illuminate\Cookie\Middleware\EncryptCookies->handle(Object(Illuminate\Http\Request), Object(Closure))
#60 /home/daria/RobotaMolodi/vendor/laravel/framework/src/Illuminate/Pipeline/Pipeline.php(124): call_user_func_array(Array, Array)
#61 /home/daria/RobotaMolodi/vendor/laravel/framework/src/Illuminate/Foundation/Http/Middleware/CheckForMaintenanceMode.php(42): Illuminate\Pipeline\Pipeline->Illuminate\Pipeline\{closure}(Object(Illuminate\Http\Request))
#62 [internal function]: Illuminate\Foundation\Http\Middleware\CheckForMaintenanceMode->handle(Object(Illuminate\Http\Request), Object(Closure))
#63 /home/daria/RobotaMolodi/vendor/laravel/framework/src/Illuminate/Pipeline/Pipeline.php(124): call_user_func_array(Array, Array)
#64 [internal function]: Illuminate\Pipeline\Pipeline->Illuminate\Pipeline\{closure}(Object(Illuminate\Http\Request))
#65 /home/daria/RobotaMolodi/vendor/laravel/framework/src/Illuminate/Pipeline/Pipeline.php(102): call_user_func(Object(Closure), Object(Illuminate\Http\Request))
#66 /home/daria/RobotaMolodi/vendor/laravel/framework/src/Illuminate/Foundation/Http/Kernel.php(118): Illuminate\Pipeline\Pipeline->then(Object(Closure))
#67 /home/daria/RobotaMolodi/vendor/laravel/framework/src/Illuminate/Foundation/Http/Kernel.php(86): Illuminate\Foundation\Http\Kernel->sendRequestThroughRouter(Object(Illuminate\Http\Request))
#68 /home/daria/RobotaMolodi/public/index.php(52): Illuminate\Foundation\Http\Kernel->handle(Object(Illuminate\Http\Request))
#69 /home/daria/RobotaMolodi/server.php(21): require_once('/home/daria/Rob...')
#70 {main}  
