[2018-06-16 13:40:17] local.ERROR: exception 'Illuminate\Session\TokenMismatchException' in C:\Users\Laptop\Desktop\project\RobotaMolodi\vendor\laravel\framework\src\Illuminate\Foundation\Http\Middleware\VerifyCsrfToken.php:53
Stack trace:
#0 C:\Users\Laptop\Desktop\project\RobotaMolodi\app\Http\Middleware\VerifyCsrfToken.php(23): Illuminate\Foundation\Http\Middleware\VerifyCsrfToken->handle(Object(Illuminate\Http\Request), Object(Closure))
#1 [internal function]: App\Http\Middleware\VerifyCsrfToken->handle(Object(Illuminate\Http\Request), Object(Closure))
#2 C:\Users\Laptop\Desktop\project\RobotaMolodi\vendor\laravel\framework\src\Illuminate\Pipeline\Pipeline.php(124): call_user_func_array(Array, Array)
#3 C:\Users\Laptop\Desktop\project\RobotaMolodi\vendor\laravel\framework\src\Illuminate\View\Middleware\ShareErrorsFromSession.php(54): Illuminate\Pipeline\Pipeline->Illuminate\Pipeline\{closure}(Object(Illuminate\Http\Request))
#4 [internal function]: Illuminate\View\Middleware\ShareErrorsFromSession->handle(Object(Illuminate\Http\Request), Object(Closure))
#5 C:\Users\Laptop\Desktop\project\RobotaMolodi\vendor\laravel\framework\src\Illuminate\Pipeline\Pipeline.php(124): call_user_func_array(Array, Array)
#6 C:\Users\Laptop\Desktop\project\RobotaMolodi\vendor\laravel\framework\src\Illuminate\Session\Middleware\StartSession.php(61): Illuminate\Pipeline\Pipeline->Illuminate\Pipeline\{closure}(Object(Illuminate\Http\Request))
#7 [internal function]: Illuminate\Session\Middleware\StartSession->handle(Object(Illuminate\Http\Request), Object(Closure))
#8 C:\Users\Laptop\Desktop\project\RobotaMolodi\vendor\laravel\framework\src\Illuminate\Pipeline\Pipeline.php(124): call_user_func_array(Array, Array)
#9 C:\Users\Laptop\Desktop\project\RobotaMolodi\vendor\laravel\framework\src\Illuminate\Cookie\Middleware\AddQueuedCookiesToResponse.php(37): Illuminate\Pipeline\Pipeline->Illuminate\Pipeline\{closure}(Object(Illuminate\Http\Request))
#10 [internal function]: Illuminate\Cookie\Middleware\AddQueuedCookiesToResponse->handle(Object(Illuminate\Http\Request), Object(Closure))
#11 C:\Users\Laptop\Desktop\project\RobotaMolodi\vendor\laravel\framework\src\Illuminate\Pipeline\Pipeline.php(124): call_user_func_array(Array, Array)
#12 C:\Users\Laptop\Desktop\project\RobotaMolodi\vendor\laravel\framework\src\Illuminate\Cookie\Middleware\EncryptCookies.php(59): Illuminate\Pipeline\Pipeline->Illuminate\Pipeline\{closure}(Object(Illuminate\Http\Request))
#13 [internal function]: Illuminate\Cookie\Middleware\EncryptCookies->handle(Object(Illuminate\Http\Request), Object(Closure))
#14 C:\Users\Laptop\Desktop\project\RobotaMolodi\vendor\laravel\framework\src\Illuminate\Pipeline\Pipeline.php(124): call_user_func_array(Array, Array)
#15 C:\Users\Laptop\Desktop\project\RobotaMolodi\vendor\laravel\framework\src\Illuminate\Foundation\Http\Middleware\CheckForMaintenanceMode.php(42): Illuminate\Pipeline\Pipeline->Illuminate\Pipeline\{closure}(Object(Illuminate\Http\Request))
#16 [internal function]: Illuminate\Foundation\Http\Middleware\CheckForMaintenanceMode->handle(Object(Illuminate\Http\Request), Object(Closure))
#17 C:\Users\Laptop\Desktop\project\RobotaMolodi\vendor\laravel\framework\src\Illuminate\Pipeline\Pipeline.php(124): call_user_func_array(Array, Array)
#18 [internal function]: Illuminate\Pipeline\Pipeline->Illuminate\Pipeline\{closure}(Object(Illuminate\Http\Request))
#19 C:\Users\Laptop\Desktop\project\RobotaMolodi\vendor\laravel\framework\src\Illuminate\Pipeline\Pipeline.php(103): call_user_func(Object(Closure), Object(Illuminate\Http\Request))
#20 C:\Users\Laptop\Desktop\project\RobotaMolodi\vendor\laravel\framework\src\Illuminate\Foundation\Http\Kernel.php(118): Illuminate\Pipeline\Pipeline->then(Object(Closure))
#21 C:\Users\Laptop\Desktop\project\RobotaMolodi\vendor\laravel\framework\src\Illuminate\Foundation\Http\Kernel.php(86): Illuminate\Foundation\Http\Kernel->sendRequestThroughRouter(Object(Illuminate\Http\Request))
#22 C:\Users\Laptop\Desktop\project\RobotaMolodi\public\index.php(53): Illuminate\Foundation\Http\Kernel->handle(Object(Illuminate\Http\Request))
#23 C:\Users\Laptop\Desktop\project\RobotaMolodi\server.php(21): require_once('C:\\Users\\Laptop...')
#24 {main}  
