[2018-06-15 14:01:08] local.ERROR: exception 'InvalidArgumentException' with message 'Command "seed" is not defined.

Did you mean one of these?
    db:seed
    make:seeder' in E:\OS\OSPanel\domains\RobotaMolodi\vendor\symfony\console\Application.php:523
Stack trace:
#0 E:\OS\OSPanel\domains\RobotaMolodi\vendor\symfony\console\Application.php(187): Symfony\Component\Console\Application->find('seed')
#1 E:\OS\OSPanel\domains\RobotaMolodi\vendor\symfony\console\Application.php(114): Symfony\Component\Console\Application->doRun(Object(Symfony\Component\Console\Input\ArgvInput), Object(Symfony\Component\Console\Output\ConsoleOutput))
#2 E:\OS\OSPanel\domains\RobotaMolodi\vendor\laravel\framework\src\Illuminate\Foundation\Console\Kernel.php(94): Symfony\Component\Console\Application->run(Object(Symfony\Component\Console\Input\ArgvInput), Object(Symfony\Component\Console\Output\ConsoleOutput))
#3 E:\OS\OSPanel\domains\RobotaMolodi\artisan(36): Illuminate\Foundation\Console\Kernel->handle(Object(Symfony\Component\Console\Input\ArgvInput), Object(Symfony\Component\Console\Output\ConsoleOutput))
#4 {main}  
[2018-06-15 14:01:20] local.ERROR: exception 'PDOException' with message 'SQLSTATE[23000]: Integrity constraint violation: 1062 Duplicate entry '1' for key 'PRIMARY'' in E:\OS\OSPanel\domains\RobotaMolodi\vendor\laravel\framework\src\Illuminate\Database\Connection.php:378
Stack trace:
#0 E:\OS\OSPanel\domains\RobotaMolodi\vendor\laravel\framework\src\Illuminate\Database\Connection.php(378): PDOStatement->execute(Array)
#1 E:\OS\OSPanel\domains\RobotaMolodi\vendor\laravel\framework\src\Illuminate\Database\Connection.php(622): Illuminate\Database\Connection->Illuminate\Database\{closure}(Object(Illuminate\Database\MySqlConnection), 'insert into `co...', Array)
#2 E:\OS\OSPanel\domains\RobotaMolodi\vendor\laravel\framework\src\Illuminate\Database\Connection.php(589): Illuminate\Database\Connection->runQueryCallback('insert into `co...', Array, Object(Closure))
#3 E:\OS\OSPanel\domains\RobotaMolodi\vendor\laravel\framework\src\Illuminate\Database\Connection.php(379): Illuminate\Database\Connection->run('insert into `co...', Array, Object(Closure))
#4 E:\OS\OSPanel\domains\RobotaMolodi\vendor\laravel\framework\src\Illuminate\Database\Connection.php(335): Illuminate\Database\Connection->statement('insert into `co...', Array)
#5 E:\OS\OSPanel\domains\RobotaMolodi\vendor\laravel\framework\src\Illuminate\Database\Query\Processors\Processor.php(32): Illuminate\Database\Connection->insert('insert into `co...', Array)
#6 E:\OS\OSPanel\domains\RobotaMolodi\vendor\laravel\framework\src\Illuminate\Database\Query\Builder.php(1724): Illuminate\Database\Query\Processors\Processor->processInsertGetId(Object(Illuminate\Database\Query\Builder), 'insert into `co...', Array, 'id')
#7 [internal function]: Illuminate\Database\Query\Builder->insertGetId(Array, 'id')
#8 E:\OS\OSPanel\domains\RobotaMolodi\vendor\laravel\framework\src\Illuminate\Database\Eloquent\Builder.php(936): call_user_func_array(Array, Array)
#9 E:\OS\OSPanel\domains\RobotaMolodi\vendor\laravel\framework\src\Illuminate\Database\Eloquent\Model.php(1580): Illuminate\Database\Eloquent\Builder->__call('insertGetId', Array)
#10 E:\OS\OSPanel\domains\RobotaMolodi\vendor\laravel\framework\src\Illuminate\Database\Eloquent\Model.php(1580): Illuminate\Database\Eloquent\Builder->insertGetId(Array, 'id')
#11 E:\OS\OSPanel\domains\RobotaMolodi\vendor\laravel\framework\src\Illuminate\Database\Eloquent\Model.php(1551): Illuminate\Database\Eloquent\Model->insertAndSetId(Object(Illuminate\Database\Eloquent\Builder), Array)
#12 E:\OS\OSPanel\domains\RobotaMolodi\vendor\laravel\framework\src\Illuminate\Database\Eloquent\Model.php(1457): Illuminate\Database\Eloquent\Model->performInsert(Object(Illuminate\Database\Eloquent\Builder), Array)
#13 E:\OS\OSPanel\domains\RobotaMolodi\vendor\laravel\framework\src\Illuminate\Database\Eloquent\Model.php(527): Illuminate\Database\Eloquent\Model->save()
#14 E:\OS\OSPanel\domains\RobotaMolodi\database\seeds\DatabaseSeeder.php(85): Illuminate\Database\Eloquent\Model::create(Array)
#15 E:\OS\OSPanel\domains\RobotaMolodi\vendor\laravel\framework\src\Illuminate\Database\Seeder.php(42): CompanySeeder->run()
#16 E:\OS\OSPanel\domains\RobotaMolodi\database\seeds\DatabaseSeeder.php(25): Illuminate\Database\Seeder->call('CompanySeeder')
#17 E:\OS\OSPanel\domains\RobotaMolodi\vendor\laravel\framework\src\Illuminate\Database\Console\Seeds\SeedCommand.php(61): DatabaseSeeder->run()
#18 [internal function]: Illuminate\Database\Console\Seeds\SeedCommand->fire()
#19 E:\OS\OSPanel\domains\RobotaMolodi\vendor\laravel\framework\src\Illuminate\Container\Container.php(502): call_user_func_array(Array, Array)
#20 E:\OS\OSPanel\domains\RobotaMolodi\vendor\laravel\framework\src\Illuminate\Console\Command.php(150): Illuminate\Container\Container->call(Array)
#21 E:\OS\OSPanel\domains\RobotaMolodi\vendor\symfony\console\Command\Command.php(238): Illuminate\Console\Command->execute(Object(Symfony\Component\Console\Input\ArgvInput), Object(Symfony\Component\Console\Output\ConsoleOutput))
#22 E:\OS\OSPanel\domains\RobotaMolodi\vendor\laravel\framework\src\Illuminate\Console\Command.php(136): Symfony\Component\Console\Command\Command->run(Object(Symfony\Component\Console\Input\ArgvInput), Object(Symfony\Component\Console\Output\ConsoleOutput))
#23 E:\OS\OSPanel\domains\RobotaMolodi\vendor\symfony\console\Application.php(840): Illuminate\Console\Command->run(Object(Symfony\Component\Console\Input\ArgvInput), Object(Symfony\Component\Console\Output\ConsoleOutput))
#24 E:\OS\OSPanel\domains\RobotaMolodi\vendor\symfony\console\Application.php(190): Symfony\Component\Console\Application->doRunCommand(Object(Illuminate\Database\Console\Seeds\SeedCommand), Object(Symfony\Component\Console\Input\ArgvInput), Object(Symfony\Component\Console\Output\ConsoleOutput))
#25 E:\OS\OSPanel\domains\RobotaMolodi\vendor\symfony\console\Application.php(114): Symfony\Component\Console\Application->doRun(Object(Symfony\Component\Console\Input\ArgvInput), Object(Symfony\Component\Console\Output\ConsoleOutput))
#26 E:\OS\OSPanel\domains\RobotaMolodi\vendor\laravel\framework\src\Illuminate\Foundation\Console\Kernel.php(94): Symfony\Component\Console\Application->run(Object(Symfony\Component\Console\Input\ArgvInput), Object(Symfony\Component\Console\Output\ConsoleOutput))
#27 E:\OS\OSPanel\domains\RobotaMolodi\artisan(36): Illuminate\Foundation\Console\Kernel->handle(Object(Symfony\Component\Console\Input\ArgvInput), Object(Symfony\Component\Console\Output\ConsoleOutput))
#28 {main}

Next exception 'Illuminate\Database\QueryException' with message 'SQLSTATE[23000]: Integrity constraint violation: 1062 Duplicate entry '1' for key 'PRIMARY' (SQL: insert into `company` (`users_id`, `id`, `company_name`, `company_email`, `updated_at`, `created_at`) values (3, 1, Ciklum, http://www.ciklum.com/, 2018-06-15 14:01:20, 2018-06-15 14:01:20))' in E:\OS\OSPanel\domains\RobotaMolodi\vendor\laravel\framework\src\Illuminate\Database\Connection.php:629
Stack trace:
#0 E:\OS\OSPanel\domains\RobotaMolodi\vendor\laravel\framework\src\Illuminate\Database\Connection.php(589): Illuminate\Database\Connection->runQueryCallback('insert into `co...', Array, Object(Closure))
#1 E:\OS\OSPanel\domains\RobotaMolodi\vendor\laravel\framework\src\Illuminate\Database\Connection.php(379): Illuminate\Database\Connection->run('insert into `co...', Array, Object(Closure))
#2 E:\OS\OSPanel\domains\RobotaMolodi\vendor\laravel\framework\src\Illuminate\Database\Connection.php(335): Illuminate\Database\Connection->statement('insert into `co...', Array)
#3 E:\OS\OSPanel\domains\RobotaMolodi\vendor\laravel\framework\src\Illuminate\Database\Query\Processors\Processor.php(32): Illuminate\Database\Connection->insert('insert into `co...', Array)
#4 E:\OS\OSPanel\domains\RobotaMolodi\vendor\laravel\framework\src\Illuminate\Database\Query\Builder.php(1724): Illuminate\Database\Query\Processors\Processor->processInsertGetId(Object(Illuminate\Database\Query\Builder), 'insert into `co...', Array, 'id')
#5 [internal function]: Illuminate\Database\Query\Builder->insertGetId(Array, 'id')
#6 E:\OS\OSPanel\domains\RobotaMolodi\vendor\laravel\framework\src\Illuminate\Database\Eloquent\Builder.php(936): call_user_func_array(Array, Array)
#7 E:\OS\OSPanel\domains\RobotaMolodi\vendor\laravel\framework\src\Illuminate\Database\Eloquent\Model.php(1580): Illuminate\Database\Eloquent\Builder->__call('insertGetId', Array)
#8 E:\OS\OSPanel\domains\RobotaMolodi\vendor\laravel\framework\src\Illuminate\Database\Eloquent\Model.php(1580): Illuminate\Database\Eloquent\Builder->insertGetId(Array, 'id')
#9 E:\OS\OSPanel\domains\RobotaMolodi\vendor\laravel\framework\src\Illuminate\Database\Eloquent\Model.php(1551): Illuminate\Database\Eloquent\Model->insertAndSetId(Object(Illuminate\Database\Eloquent\Builder), Array)
#10 E:\OS\OSPanel\domains\RobotaMolodi\vendor\laravel\framework\src\Illuminate\Database\Eloquent\Model.php(1457): Illuminate\Database\Eloquent\Model->performInsert(Object(Illuminate\Database\Eloquent\Builder), Array)
#11 E:\OS\OSPanel\domains\RobotaMolodi\vendor\laravel\framework\src\Illuminate\Database\Eloquent\Model.php(527): Illuminate\Database\Eloquent\Model->save()
#12 E:\OS\OSPanel\domains\RobotaMolodi\database\seeds\DatabaseSeeder.php(85): Illuminate\Database\Eloquent\Model::create(Array)
#13 E:\OS\OSPanel\domains\RobotaMolodi\vendor\laravel\framework\src\Illuminate\Database\Seeder.php(42): CompanySeeder->run()
#14 E:\OS\OSPanel\domains\RobotaMolodi\database\seeds\DatabaseSeeder.php(25): Illuminate\Database\Seeder->call('CompanySeeder')
#15 E:\OS\OSPanel\domains\RobotaMolodi\vendor\laravel\framework\src\Illuminate\Database\Console\Seeds\SeedCommand.php(61): DatabaseSeeder->run()
#16 [internal function]: Illuminate\Database\Console\Seeds\SeedCommand->fire()
#17 E:\OS\OSPanel\domains\RobotaMolodi\vendor\laravel\framework\src\Illuminate\Container\Container.php(502): call_user_func_array(Array, Array)
#18 E:\OS\OSPanel\domains\RobotaMolodi\vendor\laravel\framework\src\Illuminate\Console\Command.php(150): Illuminate\Container\Container->call(Array)
#19 E:\OS\OSPanel\domains\RobotaMolodi\vendor\symfony\console\Command\Command.php(238): Illuminate\Console\Command->execute(Object(Symfony\Component\Console\Input\ArgvInput), Object(Symfony\Component\Console\Output\ConsoleOutput))
#20 E:\OS\OSPanel\domains\RobotaMolodi\vendor\laravel\framework\src\Illuminate\Console\Command.php(136): Symfony\Component\Console\Command\Command->run(Object(Symfony\Component\Console\Input\ArgvInput), Object(Symfony\Component\Console\Output\ConsoleOutput))
#21 E:\OS\OSPanel\domains\RobotaMolodi\vendor\symfony\console\Application.php(840): Illuminate\Console\Command->run(Object(Symfony\Component\Console\Input\ArgvInput), Object(Symfony\Component\Console\Output\ConsoleOutput))
#22 E:\OS\OSPanel\domains\RobotaMolodi\vendor\symfony\console\Application.php(190): Symfony\Component\Console\Application->doRunCommand(Object(Illuminate\Database\Console\Seeds\SeedCommand), Object(Symfony\Component\Console\Input\ArgvInput), Object(Symfony\Component\Console\Output\ConsoleOutput))
#23 E:\OS\OSPanel\domains\RobotaMolodi\vendor\symfony\console\Application.php(114): Symfony\Component\Console\Application->doRun(Object(Symfony\Component\Console\Input\ArgvInput), Object(Symfony\Component\Console\Output\ConsoleOutput))
#24 E:\OS\OSPanel\domains\RobotaMolodi\vendor\laravel\framework\src\Illuminate\Foundation\Console\Kernel.php(94): Symfony\Component\Console\Application->run(Object(Symfony\Component\Console\Input\ArgvInput), Object(Symfony\Component\Console\Output\ConsoleOutput))
#25 E:\OS\OSPanel\domains\RobotaMolodi\artisan(36): Illuminate\Foundation\Console\Kernel->handle(Object(Symfony\Component\Console\Input\ArgvInput), Object(Symfony\Component\Console\Output\ConsoleOutput))
#26 {main}  
