[2018-06-26 23:55:36] local.ERROR: exception 'ErrorException' with message 'Undefined variable: assessments' in C:\af59c19ce026c9b47ab436f8880da768:24
Stack trace:
#0 C:\af59c19ce026c9b47ab436f8880da768(24): Illuminate\Foundation\Bootstrap\HandleExceptions->handleError(8, 'Undefined varia...', 'C:\\af59c19ce026...', 24, Array)
#1 C:\OSPanel\domains\RobotaMolodi\vendor\laravel\framework\src\Illuminate\View\Engines\PhpEngine.php(40): include('C:\\af59c19ce026...')
#2 C:\OSPanel\domains\RobotaMolodi\vendor\laravel\framework\src\Illuminate\View\Engines\CompilerEngine.php(58): Illuminate\View\Engines\PhpEngine->evaluatePath('/af59c19ce026c9...', Array)
#3 C:\OSPanel\domains\RobotaMolodi\vendor\laravel\framework\src\Illuminate\View\View.php(137): Illuminate\View\Engines\CompilerEngine->get('C:\\OSPanel\\doma...', Array)
#4 C:\OSPanel\domains\RobotaMolodi\vendor\laravel\framework\src\Illuminate\View\View.php(106): Illuminate\View\View->getContents()
#5 C:\OSPanel\domains\RobotaMolodi\vendor\laravel\framework\src\Illuminate\View\View.php(80): Illuminate\View\View->renderContents()
#6 C:\b82ae103c01670fbb8281214eca1e887(8): Illuminate\View\View->render()
#7 C:\OSPanel\domains\RobotaMolodi\vendor\laravel\framework\src\Illuminate\View\Engines\PhpEngine.php(40): include('C:\\b82ae103c016...')
#8 C:\OSPanel\domains\RobotaMolodi\vendor\laravel\framework\src\Illuminate\View\Engines\CompilerEngine.php(58): Illuminate\View\Engines\PhpEngine->evaluatePath('/b82ae103c01670...', Array)
#9 C:\OSPanel\domains\RobotaMolodi\vendor\laravel\framework\src\Illuminate\View\View.php(137): Illuminate\View\Engines\CompilerEngine->get('C:\\OSPanel\\doma...', Array)
#10 C:\OSPanel\domains\RobotaMolodi\vendor\laravel\framework\src\Illuminate\View\View.php(106): Illuminate\View\View->getContents()
#11 C:\OSPanel\domains\RobotaMolodi\vendor\laravel\framework\src\Illuminate\View\View.php(80): Illuminate\View\View->renderContents()
#12 C:\OSPanel\domains\RobotaMolodi\vendor\laravel\framework\src\Illuminate\Http\Response.php(51): Illuminate\View\View->render()
#13 C:\OSPanel\domains\RobotaMolodi\vendor\symfony\http-foundation\Response.php(202): Illuminate\Http\Response->setContent(Object(Illuminate\View\View))
#14 C:\OSPanel\domains\RobotaMolodi\vendor\laravel\framework\src\Illuminate\Routing\Router.php(1223): Symfony\Component\HttpFoundation\Response->__construct(Object(Illuminate\View\View))
#15 C:\OSPanel\domains\RobotaMolodi\vendor\laravel\framework\src\Illuminate\Routing\ControllerDispatcher.php(112): Illuminate\Routing\Router->prepareResponse(Object(Illuminate\Http\Request), Object(Illuminate\View\View))
#16 [internal function]: Illuminate\Routing\ControllerDispatcher->Illuminate\Routing\{closure}(Object(Illuminate\Http\Request))
#17 C:\OSPanel\domains\RobotaMolodi\vendor\laravel\framework\src\Illuminate\Pipeline\Pipeline.php(139): call_user_func(Object(Closure), Object(Illuminate\Http\Request))
#18 [internal function]: Illuminate\Pipeline\Pipeline->Illuminate\Pipeline\{closure}(Object(Illuminate\Http\Request))
#19 C:\OSPanel\domains\RobotaMolodi\vendor\laravel\framework\src\Illuminate\Pipeline\Pipeline.php(103): call_user_func(Object(Closure), Object(Illuminate\Http\Request))
#20 C:\OSPanel\domains\RobotaMolodi\vendor\laravel\framework\src\Illuminate\Routing\ControllerDispatcher.php(113): Illuminate\Pipeline\Pipeline->then(Object(Closure))
#21 C:\OSPanel\domains\RobotaMolodi\vendor\laravel\framework\src\Illuminate\Routing\ControllerDispatcher.php(68): Illuminate\Routing\ControllerDispatcher->callWithinStack(Object(App\Http\Controllers\MainController), Object(Illuminate\Routing\Route), Object(Illuminate\Http\Request), 'showVacancies')
#22 C:\OSPanel\domains\RobotaMolodi\vendor\laravel\framework\src\Illuminate\Routing\Route.php(198): Illuminate\Routing\ControllerDispatcher->dispatch(Object(Illuminate\Routing\Route), Object(Illuminate\Http\Request), 'App\\Http\\Contro...', 'showVacancies')
#23 C:\OSPanel\domains\RobotaMolodi\vendor\laravel\framework\src\Illuminate\Routing\Route.php(131): Illuminate\Routing\Route->runWithCustomDispatcher(Object(Illuminate\Http\Request))
#24 C:\OSPanel\domains\RobotaMolodi\vendor\laravel\framework\src\Illuminate\Routing\Router.php(702): Illuminate\Routing\Route->run(Object(Illuminate\Http\Request))
#25 [internal function]: Illuminate\Routing\Router->Illuminate\Routing\{closure}(Object(Illuminate\Http\Request))
#26 C:\OSPanel\domains\RobotaMolodi\vendor\laravel\framework\src\Illuminate\Pipeline\Pipeline.php(139): call_user_func(Object(Closure), Object(Illuminate\Http\Request))
#27 [internal function]: Illuminate\Pipeline\Pipeline->Illuminate\Pipeline\{closure}(Object(Illuminate\Http\Request))
#28 C:\OSPanel\domains\RobotaMolodi\vendor\laravel\framework\src\Illuminate\Pipeline\Pipeline.php(103): call_user_func(Object(Closure), Object(Illuminate\Http\Request))
#29 C:\OSPanel\domains\RobotaMolodi\vendor\laravel\framework\src\Illuminate\Routing\Router.php(704): Illuminate\Pipeline\Pipeline->then(Object(Closure))
#30 C:\OSPanel\domains\RobotaMolodi\vendor\laravel\framework\src\Illuminate\Routing\Router.php(669): Illuminate\Routing\Router->runRouteWithinStack(Object(Illuminate\Routing\Route), Object(Illuminate\Http\Request))
#31 C:\OSPanel\domains\RobotaMolodi\vendor\laravel\framework\src\Illuminate\Routing\Router.php(629): Illuminate\Routing\Router->dispatchToRoute(Object(Illuminate\Http\Request))
#32 C:\OSPanel\domains\RobotaMolodi\vendor\laravel\framework\src\Illuminate\Foundation\Http\Kernel.php(229): Illuminate\Routing\Router->dispatch(Object(Illuminate\Http\Request))
#33 [internal function]: Illuminate\Foundation\Http\Kernel->Illuminate\Foundation\Http\{closure}(Object(Illuminate\Http\Request))
#34 C:\OSPanel\domains\RobotaMolodi\vendor\laravel\framework\src\Illuminate\Pipeline\Pipeline.php(139): call_user_func(Object(Closure), Object(Illuminate\Http\Request))
#35 C:\OSPanel\domains\RobotaMolodi\vendor\proengsoft\laravel-jsvalidation\src\RemoteValidationMiddleware.php(54): Illuminate\Pipeline\Pipeline->Illuminate\Pipeline\{closure}(Object(Illuminate\Http\Request))
#36 [internal function]: Proengsoft\JsValidation\RemoteValidationMiddleware->handle(Object(Illuminate\Http\Request), Object(Closure))
#37 C:\OSPanel\domains\RobotaMolodi\vendor\laravel\framework\src\Illuminate\Pipeline\Pipeline.php(124): call_user_func_array(Array, Array)
#38 C:\OSPanel\domains\RobotaMolodi\app\Http\Middleware\LangHandler.php(30): Illuminate\Pipeline\Pipeline->Illuminate\Pipeline\{closure}(Object(Illuminate\Http\Request))
#39 [internal function]: App\Http\Middleware\LangHandler->handle(Object(Illuminate\Http\Request), Object(Closure))
#40 C:\OSPanel\domains\RobotaMolodi\vendor\laravel\framework\src\Illuminate\Pipeline\Pipeline.php(124): call_user_func_array(Array, Array)
#41 C:\OSPanel\domains\RobotaMolodi\vendor\laravel\framework\src\Illuminate\Foundation\Http\Middleware\VerifyCsrfToken.php(50): Illuminate\Pipeline\Pipeline->Illuminate\Pipeline\{closure}(Object(Illuminate\Http\Request))
#42 C:\OSPanel\domains\RobotaMolodi\app\Http\Middleware\VerifyCsrfToken.php(23): Illuminate\Foundation\Http\Middleware\VerifyCsrfToken->handle(Object(Illuminate\Http\Request), Object(Closure))
#43 [internal function]: App\Http\Middleware\VerifyCsrfToken->handle(Object(Illuminate\Http\Request), Object(Closure))
#44 C:\OSPanel\domains\RobotaMolodi\vendor\laravel\framework\src\Illuminate\Pipeline\Pipeline.php(124): call_user_func_array(Array, Array)
#45 C:\OSPanel\domains\RobotaMolodi\vendor\laravel\framework\src\Illuminate\View\Middleware\ShareErrorsFromSession.php(54): Illuminate\Pipeline\Pipeline->Illuminate\Pipeline\{closure}(Object(Illuminate\Http\Request))
#46 [internal function]: Illuminate\View\Middleware\ShareErrorsFromSession->handle(Object(Illuminate\Http\Request), Object(Closure))
#47 C:\OSPanel\domains\RobotaMolodi\vendor\laravel\framework\src\Illuminate\Pipeline\Pipeline.php(124): call_user_func_array(Array, Array)
#48 C:\OSPanel\domains\RobotaMolodi\vendor\laravel\framework\src\Illuminate\Session\Middleware\StartSession.php(61): Illuminate\Pipeline\Pipeline->Illuminate\Pipeline\{closure}(Object(Illuminate\Http\Request))
#49 [internal function]: Illuminate\Session\Middleware\StartSession->handle(Object(Illuminate\Http\Request), Object(Closure))
#50 C:\OSPanel\domains\RobotaMolodi\vendor\laravel\framework\src\Illuminate\Pipeline\Pipeline.php(124): call_user_func_array(Array, Array)
#51 C:\OSPanel\domains\RobotaMolodi\vendor\laravel\framework\src\Illuminate\Cookie\Middleware\AddQueuedCookiesToResponse.php(37): Illuminate\Pipeline\Pipeline->Illuminate\Pipeline\{closure}(Object(Illuminate\Http\Request))
#52 [internal function]: Illuminate\Cookie\Middleware\AddQueuedCookiesToResponse->handle(Object(Illuminate\Http\Request), Object(Closure))
#53 C:\OSPanel\domains\RobotaMolodi\vendor\laravel\framework\src\Illuminate\Pipeline\Pipeline.php(124): call_user_func_array(Array, Array)
#54 C:\OSPanel\domains\RobotaMolodi\vendor\laravel\framework\src\Illuminate\Cookie\Middleware\EncryptCookies.php(59): Illuminate\Pipeline\Pipeline->Illuminate\Pipeline\{closure}(Object(Illuminate\Http\Request))
#55 [internal function]: Illuminate\Cookie\Middleware\EncryptCookies->handle(Object(Illuminate\Http\Request), Object(Closure))
#56 C:\OSPanel\domains\RobotaMolodi\vendor\laravel\framework\src\Illuminate\Pipeline\Pipeline.php(124): call_user_func_array(Array, Array)
#57 C:\OSPanel\domains\RobotaMolodi\vendor\laravel\framework\src\Illuminate\Foundation\Http\Middleware\CheckForMaintenanceMode.php(42): Illuminate\Pipeline\Pipeline->Illuminate\Pipeline\{closure}(Object(Illuminate\Http\Request))
#58 [internal function]: Illuminate\Foundation\Http\Middleware\CheckForMaintenanceMode->handle(Object(Illuminate\Http\Request), Object(Closure))
#59 C:\OSPanel\domains\RobotaMolodi\vendor\laravel\framework\src\Illuminate\Pipeline\Pipeline.php(124): call_user_func_array(Array, Array)
#60 [internal function]: Illuminate\Pipeline\Pipeline->Illuminate\Pipeline\{closure}(Object(Illuminate\Http\Request))
#61 C:\OSPanel\domains\RobotaMolodi\vendor\laravel\framework\src\Illuminate\Pipeline\Pipeline.php(103): call_user_func(Object(Closure), Object(Illuminate\Http\Request))
#62 C:\OSPanel\domains\RobotaMolodi\vendor\laravel\framework\src\Illuminate\Foundation\Http\Kernel.php(118): Illuminate\Pipeline\Pipeline->then(Object(Closure))
#63 C:\OSPanel\domains\RobotaMolodi\vendor\laravel\framework\src\Illuminate\Foundation\Http\Kernel.php(86): Illuminate\Foundation\Http\Kernel->sendRequestThroughRouter(Object(Illuminate\Http\Request))
#64 C:\OSPanel\domains\RobotaMolodi\public\index.php(53): Illuminate\Foundation\Http\Kernel->handle(Object(Illuminate\Http\Request))
#65 C:\OSPanel\domains\RobotaMolodi\server.php(21): require_once('C:\\OSPanel\\doma...')
#66 {main}

Next exception 'ErrorException' with message 'Undefined variable: assessments (View: C:\OSPanel\domains\RobotaMolodi\resources\views\newDesign\sortAds\sort.blade.php)' in C:\af59c19ce026c9b47ab436f8880da768:24
Stack trace:
#0 C:\OSPanel\domains\RobotaMolodi\vendor\laravel\framework\src\Illuminate\View\Engines\PhpEngine.php(42): Illuminate\View\Engines\CompilerEngine->handleViewException(Object(ErrorException), 1)
#1 C:\OSPanel\domains\RobotaMolodi\vendor\laravel\framework\src\Illuminate\View\Engines\CompilerEngine.php(58): Illuminate\View\Engines\PhpEngine->evaluatePath('/af59c19ce026c9...', Array)
#2 C:\OSPanel\domains\RobotaMolodi\vendor\laravel\framework\src\Illuminate\View\View.php(137): Illuminate\View\Engines\CompilerEngine->get('C:\\OSPanel\\doma...', Array)
#3 C:\OSPanel\domains\RobotaMolodi\vendor\laravel\framework\src\Illuminate\View\View.php(106): Illuminate\View\View->getContents()
#4 C:\OSPanel\domains\RobotaMolodi\vendor\laravel\framework\src\Illuminate\View\View.php(80): Illuminate\View\View->renderContents()
#5 C:\b82ae103c01670fbb8281214eca1e887(8): Illuminate\View\View->render()
#6 C:\OSPanel\domains\RobotaMolodi\vendor\laravel\framework\src\Illuminate\View\Engines\PhpEngine.php(40): include('C:\\b82ae103c016...')
#7 C:\OSPanel\domains\RobotaMolodi\vendor\laravel\framework\src\Illuminate\View\Engines\CompilerEngine.php(58): Illuminate\View\Engines\PhpEngine->evaluatePath('/b82ae103c01670...', Array)
#8 C:\OSPanel\domains\RobotaMolodi\vendor\laravel\framework\src\Illuminate\View\View.php(137): Illuminate\View\Engines\CompilerEngine->get('C:\\OSPanel\\doma...', Array)
#9 C:\OSPanel\domains\RobotaMolodi\vendor\laravel\framework\src\Illuminate\View\View.php(106): Illuminate\View\View->getContents()
#10 C:\OSPanel\domains\RobotaMolodi\vendor\laravel\framework\src\Illuminate\View\View.php(80): Illuminate\View\View->renderContents()
#11 C:\OSPanel\domains\RobotaMolodi\vendor\laravel\framework\src\Illuminate\Http\Response.php(51): Illuminate\View\View->render()
#12 C:\OSPanel\domains\RobotaMolodi\vendor\symfony\http-foundation\Response.php(202): Illuminate\Http\Response->setContent(Object(Illuminate\View\View))
#13 C:\OSPanel\domains\RobotaMolodi\vendor\laravel\framework\src\Illuminate\Routing\Router.php(1223): Symfony\Component\HttpFoundation\Response->__construct(Object(Illuminate\View\View))
#14 C:\OSPanel\domains\RobotaMolodi\vendor\laravel\framework\src\Illuminate\Routing\ControllerDispatcher.php(112): Illuminate\Routing\Router->prepareResponse(Object(Illuminate\Http\Request), Object(Illuminate\View\View))
#15 [internal function]: Illuminate\Routing\ControllerDispatcher->Illuminate\Routing\{closure}(Object(Illuminate\Http\Request))
#16 C:\OSPanel\domains\RobotaMolodi\vendor\laravel\framework\src\Illuminate\Pipeline\Pipeline.php(139): call_user_func(Object(Closure), Object(Illuminate\Http\Request))
#17 [internal function]: Illuminate\Pipeline\Pipeline->Illuminate\Pipeline\{closure}(Object(Illuminate\Http\Request))
#18 C:\OSPanel\domains\RobotaMolodi\vendor\laravel\framework\src\Illuminate\Pipeline\Pipeline.php(103): call_user_func(Object(Closure), Object(Illuminate\Http\Request))
#19 C:\OSPanel\domains\RobotaMolodi\vendor\laravel\framework\src\Illuminate\Routing\ControllerDispatcher.php(113): Illuminate\Pipeline\Pipeline->then(Object(Closure))
#20 C:\OSPanel\domains\RobotaMolodi\vendor\laravel\framework\src\Illuminate\Routing\ControllerDispatcher.php(68): Illuminate\Routing\ControllerDispatcher->callWithinStack(Object(App\Http\Controllers\MainController), Object(Illuminate\Routing\Route), Object(Illuminate\Http\Request), 'showVacancies')
#21 C:\OSPanel\domains\RobotaMolodi\vendor\laravel\framework\src\Illuminate\Routing\Route.php(198): Illuminate\Routing\ControllerDispatcher->dispatch(Object(Illuminate\Routing\Route), Object(Illuminate\Http\Request), 'App\\Http\\Contro...', 'showVacancies')
#22 C:\OSPanel\domains\RobotaMolodi\vendor\laravel\framework\src\Illuminate\Routing\Route.php(131): Illuminate\Routing\Route->runWithCustomDispatcher(Object(Illuminate\Http\Request))
#23 C:\OSPanel\domains\RobotaMolodi\vendor\laravel\framework\src\Illuminate\Routing\Router.php(702): Illuminate\Routing\Route->run(Object(Illuminate\Http\Request))
#24 [internal function]: Illuminate\Routing\Router->Illuminate\Routing\{closure}(Object(Illuminate\Http\Request))
#25 C:\OSPanel\domains\RobotaMolodi\vendor\laravel\framework\src\Illuminate\Pipeline\Pipeline.php(139): call_user_func(Object(Closure), Object(Illuminate\Http\Request))
#26 [internal function]: Illuminate\Pipeline\Pipeline->Illuminate\Pipeline\{closure}(Object(Illuminate\Http\Request))
#27 C:\OSPanel\domains\RobotaMolodi\vendor\laravel\framework\src\Illuminate\Pipeline\Pipeline.php(103): call_user_func(Object(Closure), Object(Illuminate\Http\Request))
#28 C:\OSPanel\domains\RobotaMolodi\vendor\laravel\framework\src\Illuminate\Routing\Router.php(704): Illuminate\Pipeline\Pipeline->then(Object(Closure))
#29 C:\OSPanel\domains\RobotaMolodi\vendor\laravel\framework\src\Illuminate\Routing\Router.php(669): Illuminate\Routing\Router->runRouteWithinStack(Object(Illuminate\Routing\Route), Object(Illuminate\Http\Request))
#30 C:\OSPanel\domains\RobotaMolodi\vendor\laravel\framework\src\Illuminate\Routing\Router.php(629): Illuminate\Routing\Router->dispatchToRoute(Object(Illuminate\Http\Request))
#31 C:\OSPanel\domains\RobotaMolodi\vendor\laravel\framework\src\Illuminate\Foundation\Http\Kernel.php(229): Illuminate\Routing\Router->dispatch(Object(Illuminate\Http\Request))
#32 [internal function]: Illuminate\Foundation\Http\Kernel->Illuminate\Foundation\Http\{closure}(Object(Illuminate\Http\Request))
#33 C:\OSPanel\domains\RobotaMolodi\vendor\laravel\framework\src\Illuminate\Pipeline\Pipeline.php(139): call_user_func(Object(Closure), Object(Illuminate\Http\Request))
#34 C:\OSPanel\domains\RobotaMolodi\vendor\proengsoft\laravel-jsvalidation\src\RemoteValidationMiddleware.php(54): Illuminate\Pipeline\Pipeline->Illuminate\Pipeline\{closure}(Object(Illuminate\Http\Request))
#35 [internal function]: Proengsoft\JsValidation\RemoteValidationMiddleware->handle(Object(Illuminate\Http\Request), Object(Closure))
#36 C:\OSPanel\domains\RobotaMolodi\vendor\laravel\framework\src\Illuminate\Pipeline\Pipeline.php(124): call_user_func_array(Array, Array)
#37 C:\OSPanel\domains\RobotaMolodi\app\Http\Middleware\LangHandler.php(30): Illuminate\Pipeline\Pipeline->Illuminate\Pipeline\{closure}(Object(Illuminate\Http\Request))
#38 [internal function]: App\Http\Middleware\LangHandler->handle(Object(Illuminate\Http\Request), Object(Closure))
#39 C:\OSPanel\domains\RobotaMolodi\vendor\laravel\framework\src\Illuminate\Pipeline\Pipeline.php(124): call_user_func_array(Array, Array)
#40 C:\OSPanel\domains\RobotaMolodi\vendor\laravel\framework\src\Illuminate\Foundation\Http\Middleware\VerifyCsrfToken.php(50): Illuminate\Pipeline\Pipeline->Illuminate\Pipeline\{closure}(Object(Illuminate\Http\Request))
#41 C:\OSPanel\domains\RobotaMolodi\app\Http\Middleware\VerifyCsrfToken.php(23): Illuminate\Foundation\Http\Middleware\VerifyCsrfToken->handle(Object(Illuminate\Http\Request), Object(Closure))
#42 [internal function]: App\Http\Middleware\VerifyCsrfToken->handle(Object(Illuminate\Http\Request), Object(Closure))
#43 C:\OSPanel\domains\RobotaMolodi\vendor\laravel\framework\src\Illuminate\Pipeline\Pipeline.php(124): call_user_func_array(Array, Array)
#44 C:\OSPanel\domains\RobotaMolodi\vendor\laravel\framework\src\Illuminate\View\Middleware\ShareErrorsFromSession.php(54): Illuminate\Pipeline\Pipeline->Illuminate\Pipeline\{closure}(Object(Illuminate\Http\Request))
#45 [internal function]: Illuminate\View\Middleware\ShareErrorsFromSession->handle(Object(Illuminate\Http\Request), Object(Closure))
#46 C:\OSPanel\domains\RobotaMolodi\vendor\laravel\framework\src\Illuminate\Pipeline\Pipeline.php(124): call_user_func_array(Array, Array)
#47 C:\OSPanel\domains\RobotaMolodi\vendor\laravel\framework\src\Illuminate\Session\Middleware\StartSession.php(61): Illuminate\Pipeline\Pipeline->Illuminate\Pipeline\{closure}(Object(Illuminate\Http\Request))
#48 [internal function]: Illuminate\Session\Middleware\StartSession->handle(Object(Illuminate\Http\Request), Object(Closure))
#49 C:\OSPanel\domains\RobotaMolodi\vendor\laravel\framework\src\Illuminate\Pipeline\Pipeline.php(124): call_user_func_array(Array, Array)
#50 C:\OSPanel\domains\RobotaMolodi\vendor\laravel\framework\src\Illuminate\Cookie\Middleware\AddQueuedCookiesToResponse.php(37): Illuminate\Pipeline\Pipeline->Illuminate\Pipeline\{closure}(Object(Illuminate\Http\Request))
#51 [internal function]: Illuminate\Cookie\Middleware\AddQueuedCookiesToResponse->handle(Object(Illuminate\Http\Request), Object(Closure))
#52 C:\OSPanel\domains\RobotaMolodi\vendor\laravel\framework\src\Illuminate\Pipeline\Pipeline.php(124): call_user_func_array(Array, Array)
#53 C:\OSPanel\domains\RobotaMolodi\vendor\laravel\framework\src\Illuminate\Cookie\Middleware\EncryptCookies.php(59): Illuminate\Pipeline\Pipeline->Illuminate\Pipeline\{closure}(Object(Illuminate\Http\Request))
#54 [internal function]: Illuminate\Cookie\Middleware\EncryptCookies->handle(Object(Illuminate\Http\Request), Object(Closure))
#55 C:\OSPanel\domains\RobotaMolodi\vendor\laravel\framework\src\Illuminate\Pipeline\Pipeline.php(124): call_user_func_array(Array, Array)
#56 C:\OSPanel\domains\RobotaMolodi\vendor\laravel\framework\src\Illuminate\Foundation\Http\Middleware\CheckForMaintenanceMode.php(42): Illuminate\Pipeline\Pipeline->Illuminate\Pipeline\{closure}(Object(Illuminate\Http\Request))
#57 [internal function]: Illuminate\Foundation\Http\Middleware\CheckForMaintenanceMode->handle(Object(Illuminate\Http\Request), Object(Closure))
#58 C:\OSPanel\domains\RobotaMolodi\vendor\laravel\framework\src\Illuminate\Pipeline\Pipeline.php(124): call_user_func_array(Array, Array)
#59 [internal function]: Illuminate\Pipeline\Pipeline->Illuminate\Pipeline\{closure}(Object(Illuminate\Http\Request))
#60 C:\OSPanel\domains\RobotaMolodi\vendor\laravel\framework\src\Illuminate\Pipeline\Pipeline.php(103): call_user_func(Object(Closure), Object(Illuminate\Http\Request))
#61 C:\OSPanel\domains\RobotaMolodi\vendor\laravel\framework\src\Illuminate\Foundation\Http\Kernel.php(118): Illuminate\Pipeline\Pipeline->then(Object(Closure))
#62 C:\OSPanel\domains\RobotaMolodi\vendor\laravel\framework\src\Illuminate\Foundation\Http\Kernel.php(86): Illuminate\Foundation\Http\Kernel->sendRequestThroughRouter(Object(Illuminate\Http\Request))
#63 C:\OSPanel\domains\RobotaMolodi\public\index.php(53): Illuminate\Foundation\Http\Kernel->handle(Object(Illuminate\Http\Request))
#64 C:\OSPanel\domains\RobotaMolodi\server.php(21): require_once('C:\\OSPanel\\doma...')
#65 {main}

Next exception 'ErrorException' with message 'Undefined variable: assessments (View: C:\OSPanel\domains\RobotaMolodi\resources\views\newDesign\sortAds\sort.blade.php) (View: C:\OSPanel\domains\RobotaMolodi\resources\views\newDesign\sortAds\sort.blade.php)' in C:\af59c19ce026c9b47ab436f8880da768:24
Stack trace:
#0 C:\OSPanel\domains\RobotaMolodi\vendor\laravel\framework\src\Illuminate\View\Engines\PhpEngine.php(42): Illuminate\View\Engines\CompilerEngine->handleViewException(Object(ErrorException), 1)
#1 C:\OSPanel\domains\RobotaMolodi\vendor\laravel\framework\src\Illuminate\View\Engines\CompilerEngine.php(58): Illuminate\View\Engines\PhpEngine->evaluatePath('/b82ae103c01670...', Array)
#2 C:\OSPanel\domains\RobotaMolodi\vendor\laravel\framework\src\Illuminate\View\View.php(137): Illuminate\View\Engines\CompilerEngine->get('C:\\OSPanel\\doma...', Array)
#3 C:\OSPanel\domains\RobotaMolodi\vendor\laravel\framework\src\Illuminate\View\View.php(106): Illuminate\View\View->getContents()
#4 C:\OSPanel\domains\RobotaMolodi\vendor\laravel\framework\src\Illuminate\View\View.php(80): Illuminate\View\View->renderContents()
#5 C:\OSPanel\domains\RobotaMolodi\vendor\laravel\framework\src\Illuminate\Http\Response.php(51): Illuminate\View\View->render()
#6 C:\OSPanel\domains\RobotaMolodi\vendor\symfony\http-foundation\Response.php(202): Illuminate\Http\Response->setContent(Object(Illuminate\View\View))
#7 C:\OSPanel\domains\RobotaMolodi\vendor\laravel\framework\src\Illuminate\Routing\Router.php(1223): Symfony\Component\HttpFoundation\Response->__construct(Object(Illuminate\View\View))
#8 C:\OSPanel\domains\RobotaMolodi\vendor\laravel\framework\src\Illuminate\Routing\ControllerDispatcher.php(112): Illuminate\Routing\Router->prepareResponse(Object(Illuminate\Http\Request), Object(Illuminate\View\View))
#9 [internal function]: Illuminate\Routing\ControllerDispatcher->Illuminate\Routing\{closure}(Object(Illuminate\Http\Request))
#10 C:\OSPanel\domains\RobotaMolodi\vendor\laravel\framework\src\Illuminate\Pipeline\Pipeline.php(139): call_user_func(Object(Closure), Object(Illuminate\Http\Request))
#11 [internal function]: Illuminate\Pipeline\Pipeline->Illuminate\Pipeline\{closure}(Object(Illuminate\Http\Request))
#12 C:\OSPanel\domains\RobotaMolodi\vendor\laravel\framework\src\Illuminate\Pipeline\Pipeline.php(103): call_user_func(Object(Closure), Object(Illuminate\Http\Request))
#13 C:\OSPanel\domains\RobotaMolodi\vendor\laravel\framework\src\Illuminate\Routing\ControllerDispatcher.php(113): Illuminate\Pipeline\Pipeline->then(Object(Closure))
#14 C:\OSPanel\domains\RobotaMolodi\vendor\laravel\framework\src\Illuminate\Routing\ControllerDispatcher.php(68): Illuminate\Routing\ControllerDispatcher->callWithinStack(Object(App\Http\Controllers\MainController), Object(Illuminate\Routing\Route), Object(Illuminate\Http\Request), 'showVacancies')
#15 C:\OSPanel\domains\RobotaMolodi\vendor\laravel\framework\src\Illuminate\Routing\Route.php(198): Illuminate\Routing\ControllerDispatcher->dispatch(Object(Illuminate\Routing\Route), Object(Illuminate\Http\Request), 'App\\Http\\Contro...', 'showVacancies')
#16 C:\OSPanel\domains\RobotaMolodi\vendor\laravel\framework\src\Illuminate\Routing\Route.php(131): Illuminate\Routing\Route->runWithCustomDispatcher(Object(Illuminate\Http\Request))
#17 C:\OSPanel\domains\RobotaMolodi\vendor\laravel\framework\src\Illuminate\Routing\Router.php(702): Illuminate\Routing\Route->run(Object(Illuminate\Http\Request))
#18 [internal function]: Illuminate\Routing\Router->Illuminate\Routing\{closure}(Object(Illuminate\Http\Request))
#19 C:\OSPanel\domains\RobotaMolodi\vendor\laravel\framework\src\Illuminate\Pipeline\Pipeline.php(139): call_user_func(Object(Closure), Object(Illuminate\Http\Request))
#20 [internal function]: Illuminate\Pipeline\Pipeline->Illuminate\Pipeline\{closure}(Object(Illuminate\Http\Request))
#21 C:\OSPanel\domains\RobotaMolodi\vendor\laravel\framework\src\Illuminate\Pipeline\Pipeline.php(103): call_user_func(Object(Closure), Object(Illuminate\Http\Request))
#22 C:\OSPanel\domains\RobotaMolodi\vendor\laravel\framework\src\Illuminate\Routing\Router.php(704): Illuminate\Pipeline\Pipeline->then(Object(Closure))
#23 C:\OSPanel\domains\RobotaMolodi\vendor\laravel\framework\src\Illuminate\Routing\Router.php(669): Illuminate\Routing\Router->runRouteWithinStack(Object(Illuminate\Routing\Route), Object(Illuminate\Http\Request))
#24 C:\OSPanel\domains\RobotaMolodi\vendor\laravel\framework\src\Illuminate\Routing\Router.php(629): Illuminate\Routing\Router->dispatchToRoute(Object(Illuminate\Http\Request))
#25 C:\OSPanel\domains\RobotaMolodi\vendor\laravel\framework\src\Illuminate\Foundation\Http\Kernel.php(229): Illuminate\Routing\Router->dispatch(Object(Illuminate\Http\Request))
#26 [internal function]: Illuminate\Foundation\Http\Kernel->Illuminate\Foundation\Http\{closure}(Object(Illuminate\Http\Request))
#27 C:\OSPanel\domains\RobotaMolodi\vendor\laravel\framework\src\Illuminate\Pipeline\Pipeline.php(139): call_user_func(Object(Closure), Object(Illuminate\Http\Request))
#28 C:\OSPanel\domains\RobotaMolodi\vendor\proengsoft\laravel-jsvalidation\src\RemoteValidationMiddleware.php(54): Illuminate\Pipeline\Pipeline->Illuminate\Pipeline\{closure}(Object(Illuminate\Http\Request))
#29 [internal function]: Proengsoft\JsValidation\RemoteValidationMiddleware->handle(Object(Illuminate\Http\Request), Object(Closure))
#30 C:\OSPanel\domains\RobotaMolodi\vendor\laravel\framework\src\Illuminate\Pipeline\Pipeline.php(124): call_user_func_array(Array, Array)
#31 C:\OSPanel\domains\RobotaMolodi\app\Http\Middleware\LangHandler.php(30): Illuminate\Pipeline\Pipeline->Illuminate\Pipeline\{closure}(Object(Illuminate\Http\Request))
#32 [internal function]: App\Http\Middleware\LangHandler->handle(Object(Illuminate\Http\Request), Object(Closure))
#33 C:\OSPanel\domains\RobotaMolodi\vendor\laravel\framework\src\Illuminate\Pipeline\Pipeline.php(124): call_user_func_array(Array, Array)
#34 C:\OSPanel\domains\RobotaMolodi\vendor\laravel\framework\src\Illuminate\Foundation\Http\Middleware\VerifyCsrfToken.php(50): Illuminate\Pipeline\Pipeline->Illuminate\Pipeline\{closure}(Object(Illuminate\Http\Request))
#35 C:\OSPanel\domains\RobotaMolodi\app\Http\Middleware\VerifyCsrfToken.php(23): Illuminate\Foundation\Http\Middleware\VerifyCsrfToken->handle(Object(Illuminate\Http\Request), Object(Closure))
#36 [internal function]: App\Http\Middleware\VerifyCsrfToken->handle(Object(Illuminate\Http\Request), Object(Closure))
#37 C:\OSPanel\domains\RobotaMolodi\vendor\laravel\framework\src\Illuminate\Pipeline\Pipeline.php(124): call_user_func_array(Array, Array)
#38 C:\OSPanel\domains\RobotaMolodi\vendor\laravel\framework\src\Illuminate\View\Middleware\ShareErrorsFromSession.php(54): Illuminate\Pipeline\Pipeline->Illuminate\Pipeline\{closure}(Object(Illuminate\Http\Request))
#39 [internal function]: Illuminate\View\Middleware\ShareErrorsFromSession->handle(Object(Illuminate\Http\Request), Object(Closure))
#40 C:\OSPanel\domains\RobotaMolodi\vendor\laravel\framework\src\Illuminate\Pipeline\Pipeline.php(124): call_user_func_array(Array, Array)
#41 C:\OSPanel\domains\RobotaMolodi\vendor\laravel\framework\src\Illuminate\Session\Middleware\StartSession.php(61): Illuminate\Pipeline\Pipeline->Illuminate\Pipeline\{closure}(Object(Illuminate\Http\Request))
#42 [internal function]: Illuminate\Session\Middleware\StartSession->handle(Object(Illuminate\Http\Request), Object(Closure))
#43 C:\OSPanel\domains\RobotaMolodi\vendor\laravel\framework\src\Illuminate\Pipeline\Pipeline.php(124): call_user_func_array(Array, Array)
#44 C:\OSPanel\domains\RobotaMolodi\vendor\laravel\framework\src\Illuminate\Cookie\Middleware\AddQueuedCookiesToResponse.php(37): Illuminate\Pipeline\Pipeline->Illuminate\Pipeline\{closure}(Object(Illuminate\Http\Request))
#45 [internal function]: Illuminate\Cookie\Middleware\AddQueuedCookiesToResponse->handle(Object(Illuminate\Http\Request), Object(Closure))
#46 C:\OSPanel\domains\RobotaMolodi\vendor\laravel\framework\src\Illuminate\Pipeline\Pipeline.php(124): call_user_func_array(Array, Array)
#47 C:\OSPanel\domains\RobotaMolodi\vendor\laravel\framework\src\Illuminate\Cookie\Middleware\EncryptCookies.php(59): Illuminate\Pipeline\Pipeline->Illuminate\Pipeline\{closure}(Object(Illuminate\Http\Request))
#48 [internal function]: Illuminate\Cookie\Middleware\EncryptCookies->handle(Object(Illuminate\Http\Request), Object(Closure))
#49 C:\OSPanel\domains\RobotaMolodi\vendor\laravel\framework\src\Illuminate\Pipeline\Pipeline.php(124): call_user_func_array(Array, Array)
#50 C:\OSPanel\domains\RobotaMolodi\vendor\laravel\framework\src\Illuminate\Foundation\Http\Middleware\CheckForMaintenanceMode.php(42): Illuminate\Pipeline\Pipeline->Illuminate\Pipeline\{closure}(Object(Illuminate\Http\Request))
#51 [internal function]: Illuminate\Foundation\Http\Middleware\CheckForMaintenanceMode->handle(Object(Illuminate\Http\Request), Object(Closure))
#52 C:\OSPanel\domains\RobotaMolodi\vendor\laravel\framework\src\Illuminate\Pipeline\Pipeline.php(124): call_user_func_array(Array, Array)
#53 [internal function]: Illuminate\Pipeline\Pipeline->Illuminate\Pipeline\{closure}(Object(Illuminate\Http\Request))
#54 C:\OSPanel\domains\RobotaMolodi\vendor\laravel\framework\src\Illuminate\Pipeline\Pipeline.php(103): call_user_func(Object(Closure), Object(Illuminate\Http\Request))
#55 C:\OSPanel\domains\RobotaMolodi\vendor\laravel\framework\src\Illuminate\Foundation\Http\Kernel.php(118): Illuminate\Pipeline\Pipeline->then(Object(Closure))
#56 C:\OSPanel\domains\RobotaMolodi\vendor\laravel\framework\src\Illuminate\Foundation\Http\Kernel.php(86): Illuminate\Foundation\Http\Kernel->sendRequestThroughRouter(Object(Illuminate\Http\Request))
#57 C:\OSPanel\domains\RobotaMolodi\public\index.php(53): Illuminate\Foundation\Http\Kernel->handle(Object(Illuminate\Http\Request))
#58 C:\OSPanel\domains\RobotaMolodi\server.php(21): require_once('C:\\OSPanel\\doma...')
#59 {main}  
[2018-06-26 23:55:38] local.ERROR: exception 'ErrorException' with message 'Undefined variable: assessments' in C:\af59c19ce026c9b47ab436f8880da768:24
Stack trace:
#0 C:\af59c19ce026c9b47ab436f8880da768(24): Illuminate\Foundation\Bootstrap\HandleExceptions->handleError(8, 'Undefined varia...', 'C:\\af59c19ce026...', 24, Array)
#1 C:\OSPanel\domains\RobotaMolodi\vendor\laravel\framework\src\Illuminate\View\Engines\PhpEngine.php(40): include('C:\\af59c19ce026...')
#2 C:\OSPanel\domains\RobotaMolodi\vendor\laravel\framework\src\Illuminate\View\Engines\CompilerEngine.php(58): Illuminate\View\Engines\PhpEngine->evaluatePath('/af59c19ce026c9...', Array)
#3 C:\OSPanel\domains\RobotaMolodi\vendor\laravel\framework\src\Illuminate\View\View.php(137): Illuminate\View\Engines\CompilerEngine->get('C:\\OSPanel\\doma...', Array)
#4 C:\OSPanel\domains\RobotaMolodi\vendor\laravel\framework\src\Illuminate\View\View.php(106): Illuminate\View\View->getContents()
#5 C:\OSPanel\domains\RobotaMolodi\vendor\laravel\framework\src\Illuminate\View\View.php(80): Illuminate\View\View->renderContents()
#6 C:\b82ae103c01670fbb8281214eca1e887(8): Illuminate\View\View->render()
#7 C:\OSPanel\domains\RobotaMolodi\vendor\laravel\framework\src\Illuminate\View\Engines\PhpEngine.php(40): include('C:\\b82ae103c016...')
#8 C:\OSPanel\domains\RobotaMolodi\vendor\laravel\framework\src\Illuminate\View\Engines\CompilerEngine.php(58): Illuminate\View\Engines\PhpEngine->evaluatePath('/b82ae103c01670...', Array)
#9 C:\OSPanel\domains\RobotaMolodi\vendor\laravel\framework\src\Illuminate\View\View.php(137): Illuminate\View\Engines\CompilerEngine->get('C:\\OSPanel\\doma...', Array)
#10 C:\OSPanel\domains\RobotaMolodi\vendor\laravel\framework\src\Illuminate\View\View.php(106): Illuminate\View\View->getContents()
#11 C:\OSPanel\domains\RobotaMolodi\vendor\laravel\framework\src\Illuminate\View\View.php(80): Illuminate\View\View->renderContents()
#12 C:\OSPanel\domains\RobotaMolodi\vendor\laravel\framework\src\Illuminate\Http\Response.php(51): Illuminate\View\View->render()
#13 C:\OSPanel\domains\RobotaMolodi\vendor\symfony\http-foundation\Response.php(202): Illuminate\Http\Response->setContent(Object(Illuminate\View\View))
#14 C:\OSPanel\domains\RobotaMolodi\vendor\laravel\framework\src\Illuminate\Routing\Router.php(1223): Symfony\Component\HttpFoundation\Response->__construct(Object(Illuminate\View\View))
#15 C:\OSPanel\domains\RobotaMolodi\vendor\laravel\framework\src\Illuminate\Routing\ControllerDispatcher.php(112): Illuminate\Routing\Router->prepareResponse(Object(Illuminate\Http\Request), Object(Illuminate\View\View))
#16 [internal function]: Illuminate\Routing\ControllerDispatcher->Illuminate\Routing\{closure}(Object(Illuminate\Http\Request))
#17 C:\OSPanel\domains\RobotaMolodi\vendor\laravel\framework\src\Illuminate\Pipeline\Pipeline.php(139): call_user_func(Object(Closure), Object(Illuminate\Http\Request))
#18 [internal function]: Illuminate\Pipeline\Pipeline->Illuminate\Pipeline\{closure}(Object(Illuminate\Http\Request))
#19 C:\OSPanel\domains\RobotaMolodi\vendor\laravel\framework\src\Illuminate\Pipeline\Pipeline.php(103): call_user_func(Object(Closure), Object(Illuminate\Http\Request))
#20 C:\OSPanel\domains\RobotaMolodi\vendor\laravel\framework\src\Illuminate\Routing\ControllerDispatcher.php(113): Illuminate\Pipeline\Pipeline->then(Object(Closure))
#21 C:\OSPanel\domains\RobotaMolodi\vendor\laravel\framework\src\Illuminate\Routing\ControllerDispatcher.php(68): Illuminate\Routing\ControllerDispatcher->callWithinStack(Object(App\Http\Controllers\MainController), Object(Illuminate\Routing\Route), Object(Illuminate\Http\Request), 'showVacancies')
#22 C:\OSPanel\domains\RobotaMolodi\vendor\laravel\framework\src\Illuminate\Routing\Route.php(198): Illuminate\Routing\ControllerDispatcher->dispatch(Object(Illuminate\Routing\Route), Object(Illuminate\Http\Request), 'App\\Http\\Contro...', 'showVacancies')
#23 C:\OSPanel\domains\RobotaMolodi\vendor\laravel\framework\src\Illuminate\Routing\Route.php(131): Illuminate\Routing\Route->runWithCustomDispatcher(Object(Illuminate\Http\Request))
#24 C:\OSPanel\domains\RobotaMolodi\vendor\laravel\framework\src\Illuminate\Routing\Router.php(702): Illuminate\Routing\Route->run(Object(Illuminate\Http\Request))
#25 [internal function]: Illuminate\Routing\Router->Illuminate\Routing\{closure}(Object(Illuminate\Http\Request))
#26 C:\OSPanel\domains\RobotaMolodi\vendor\laravel\framework\src\Illuminate\Pipeline\Pipeline.php(139): call_user_func(Object(Closure), Object(Illuminate\Http\Request))
#27 [internal function]: Illuminate\Pipeline\Pipeline->Illuminate\Pipeline\{closure}(Object(Illuminate\Http\Request))
#28 C:\OSPanel\domains\RobotaMolodi\vendor\laravel\framework\src\Illuminate\Pipeline\Pipeline.php(103): call_user_func(Object(Closure), Object(Illuminate\Http\Request))
#29 C:\OSPanel\domains\RobotaMolodi\vendor\laravel\framework\src\Illuminate\Routing\Router.php(704): Illuminate\Pipeline\Pipeline->then(Object(Closure))
#30 C:\OSPanel\domains\RobotaMolodi\vendor\laravel\framework\src\Illuminate\Routing\Router.php(669): Illuminate\Routing\Router->runRouteWithinStack(Object(Illuminate\Routing\Route), Object(Illuminate\Http\Request))
#31 C:\OSPanel\domains\RobotaMolodi\vendor\laravel\framework\src\Illuminate\Routing\Router.php(629): Illuminate\Routing\Router->dispatchToRoute(Object(Illuminate\Http\Request))
#32 C:\OSPanel\domains\RobotaMolodi\vendor\laravel\framework\src\Illuminate\Foundation\Http\Kernel.php(229): Illuminate\Routing\Router->dispatch(Object(Illuminate\Http\Request))
#33 [internal function]: Illuminate\Foundation\Http\Kernel->Illuminate\Foundation\Http\{closure}(Object(Illuminate\Http\Request))
#34 C:\OSPanel\domains\RobotaMolodi\vendor\laravel\framework\src\Illuminate\Pipeline\Pipeline.php(139): call_user_func(Object(Closure), Object(Illuminate\Http\Request))
#35 C:\OSPanel\domains\RobotaMolodi\vendor\proengsoft\laravel-jsvalidation\src\RemoteValidationMiddleware.php(54): Illuminate\Pipeline\Pipeline->Illuminate\Pipeline\{closure}(Object(Illuminate\Http\Request))
#36 [internal function]: Proengsoft\JsValidation\RemoteValidationMiddleware->handle(Object(Illuminate\Http\Request), Object(Closure))
#37 C:\OSPanel\domains\RobotaMolodi\vendor\laravel\framework\src\Illuminate\Pipeline\Pipeline.php(124): call_user_func_array(Array, Array)
#38 C:\OSPanel\domains\RobotaMolodi\app\Http\Middleware\LangHandler.php(30): Illuminate\Pipeline\Pipeline->Illuminate\Pipeline\{closure}(Object(Illuminate\Http\Request))
#39 [internal function]: App\Http\Middleware\LangHandler->handle(Object(Illuminate\Http\Request), Object(Closure))
#40 C:\OSPanel\domains\RobotaMolodi\vendor\laravel\framework\src\Illuminate\Pipeline\Pipeline.php(124): call_user_func_array(Array, Array)
#41 C:\OSPanel\domains\RobotaMolodi\vendor\laravel\framework\src\Illuminate\Foundation\Http\Middleware\VerifyCsrfToken.php(50): Illuminate\Pipeline\Pipeline->Illuminate\Pipeline\{closure}(Object(Illuminate\Http\Request))
#42 C:\OSPanel\domains\RobotaMolodi\app\Http\Middleware\VerifyCsrfToken.php(23): Illuminate\Foundation\Http\Middleware\VerifyCsrfToken->handle(Object(Illuminate\Http\Request), Object(Closure))
#43 [internal function]: App\Http\Middleware\VerifyCsrfToken->handle(Object(Illuminate\Http\Request), Object(Closure))
#44 C:\OSPanel\domains\RobotaMolodi\vendor\laravel\framework\src\Illuminate\Pipeline\Pipeline.php(124): call_user_func_array(Array, Array)
#45 C:\OSPanel\domains\RobotaMolodi\vendor\laravel\framework\src\Illuminate\View\Middleware\ShareErrorsFromSession.php(54): Illuminate\Pipeline\Pipeline->Illuminate\Pipeline\{closure}(Object(Illuminate\Http\Request))
#46 [internal function]: Illuminate\View\Middleware\ShareErrorsFromSession->handle(Object(Illuminate\Http\Request), Object(Closure))
#47 C:\OSPanel\domains\RobotaMolodi\vendor\laravel\framework\src\Illuminate\Pipeline\Pipeline.php(124): call_user_func_array(Array, Array)
#48 C:\OSPanel\domains\RobotaMolodi\vendor\laravel\framework\src\Illuminate\Session\Middleware\StartSession.php(61): Illuminate\Pipeline\Pipeline->Illuminate\Pipeline\{closure}(Object(Illuminate\Http\Request))
#49 [internal function]: Illuminate\Session\Middleware\StartSession->handle(Object(Illuminate\Http\Request), Object(Closure))
#50 C:\OSPanel\domains\RobotaMolodi\vendor\laravel\framework\src\Illuminate\Pipeline\Pipeline.php(124): call_user_func_array(Array, Array)
#51 C:\OSPanel\domains\RobotaMolodi\vendor\laravel\framework\src\Illuminate\Cookie\Middleware\AddQueuedCookiesToResponse.php(37): Illuminate\Pipeline\Pipeline->Illuminate\Pipeline\{closure}(Object(Illuminate\Http\Request))
#52 [internal function]: Illuminate\Cookie\Middleware\AddQueuedCookiesToResponse->handle(Object(Illuminate\Http\Request), Object(Closure))
#53 C:\OSPanel\domains\RobotaMolodi\vendor\laravel\framework\src\Illuminate\Pipeline\Pipeline.php(124): call_user_func_array(Array, Array)
#54 C:\OSPanel\domains\RobotaMolodi\vendor\laravel\framework\src\Illuminate\Cookie\Middleware\EncryptCookies.php(59): Illuminate\Pipeline\Pipeline->Illuminate\Pipeline\{closure}(Object(Illuminate\Http\Request))
#55 [internal function]: Illuminate\Cookie\Middleware\EncryptCookies->handle(Object(Illuminate\Http\Request), Object(Closure))
#56 C:\OSPanel\domains\RobotaMolodi\vendor\laravel\framework\src\Illuminate\Pipeline\Pipeline.php(124): call_user_func_array(Array, Array)
#57 C:\OSPanel\domains\RobotaMolodi\vendor\laravel\framework\src\Illuminate\Foundation\Http\Middleware\CheckForMaintenanceMode.php(42): Illuminate\Pipeline\Pipeline->Illuminate\Pipeline\{closure}(Object(Illuminate\Http\Request))
#58 [internal function]: Illuminate\Foundation\Http\Middleware\CheckForMaintenanceMode->handle(Object(Illuminate\Http\Request), Object(Closure))
#59 C:\OSPanel\domains\RobotaMolodi\vendor\laravel\framework\src\Illuminate\Pipeline\Pipeline.php(124): call_user_func_array(Array, Array)
#60 [internal function]: Illuminate\Pipeline\Pipeline->Illuminate\Pipeline\{closure}(Object(Illuminate\Http\Request))
#61 C:\OSPanel\domains\RobotaMolodi\vendor\laravel\framework\src\Illuminate\Pipeline\Pipeline.php(103): call_user_func(Object(Closure), Object(Illuminate\Http\Request))
#62 C:\OSPanel\domains\RobotaMolodi\vendor\laravel\framework\src\Illuminate\Foundation\Http\Kernel.php(118): Illuminate\Pipeline\Pipeline->then(Object(Closure))
#63 C:\OSPanel\domains\RobotaMolodi\vendor\laravel\framework\src\Illuminate\Foundation\Http\Kernel.php(86): Illuminate\Foundation\Http\Kernel->sendRequestThroughRouter(Object(Illuminate\Http\Request))
#64 C:\OSPanel\domains\RobotaMolodi\public\index.php(53): Illuminate\Foundation\Http\Kernel->handle(Object(Illuminate\Http\Request))
#65 C:\OSPanel\domains\RobotaMolodi\server.php(21): require_once('C:\\OSPanel\\doma...')
#66 {main}

Next exception 'ErrorException' with message 'Undefined variable: assessments (View: C:\OSPanel\domains\RobotaMolodi\resources\views\newDesign\sortAds\sort.blade.php)' in C:\af59c19ce026c9b47ab436f8880da768:24
Stack trace:
#0 C:\OSPanel\domains\RobotaMolodi\vendor\laravel\framework\src\Illuminate\View\Engines\PhpEngine.php(42): Illuminate\View\Engines\CompilerEngine->handleViewException(Object(ErrorException), 1)
#1 C:\OSPanel\domains\RobotaMolodi\vendor\laravel\framework\src\Illuminate\View\Engines\CompilerEngine.php(58): Illuminate\View\Engines\PhpEngine->evaluatePath('/af59c19ce026c9...', Array)
#2 C:\OSPanel\domains\RobotaMolodi\vendor\laravel\framework\src\Illuminate\View\View.php(137): Illuminate\View\Engines\CompilerEngine->get('C:\\OSPanel\\doma...', Array)
#3 C:\OSPanel\domains\RobotaMolodi\vendor\laravel\framework\src\Illuminate\View\View.php(106): Illuminate\View\View->getContents()
#4 C:\OSPanel\domains\RobotaMolodi\vendor\laravel\framework\src\Illuminate\View\View.php(80): Illuminate\View\View->renderContents()
#5 C:\b82ae103c01670fbb8281214eca1e887(8): Illuminate\View\View->render()
#6 C:\OSPanel\domains\RobotaMolodi\vendor\laravel\framework\src\Illuminate\View\Engines\PhpEngine.php(40): include('C:\\b82ae103c016...')
#7 C:\OSPanel\domains\RobotaMolodi\vendor\laravel\framework\src\Illuminate\View\Engines\CompilerEngine.php(58): Illuminate\View\Engines\PhpEngine->evaluatePath('/b82ae103c01670...', Array)
#8 C:\OSPanel\domains\RobotaMolodi\vendor\laravel\framework\src\Illuminate\View\View.php(137): Illuminate\View\Engines\CompilerEngine->get('C:\\OSPanel\\doma...', Array)
#9 C:\OSPanel\domains\RobotaMolodi\vendor\laravel\framework\src\Illuminate\View\View.php(106): Illuminate\View\View->getContents()
#10 C:\OSPanel\domains\RobotaMolodi\vendor\laravel\framework\src\Illuminate\View\View.php(80): Illuminate\View\View->renderContents()
#11 C:\OSPanel\domains\RobotaMolodi\vendor\laravel\framework\src\Illuminate\Http\Response.php(51): Illuminate\View\View->render()
#12 C:\OSPanel\domains\RobotaMolodi\vendor\symfony\http-foundation\Response.php(202): Illuminate\Http\Response->setContent(Object(Illuminate\View\View))
#13 C:\OSPanel\domains\RobotaMolodi\vendor\laravel\framework\src\Illuminate\Routing\Router.php(1223): Symfony\Component\HttpFoundation\Response->__construct(Object(Illuminate\View\View))
#14 C:\OSPanel\domains\RobotaMolodi\vendor\laravel\framework\src\Illuminate\Routing\ControllerDispatcher.php(112): Illuminate\Routing\Router->prepareResponse(Object(Illuminate\Http\Request), Object(Illuminate\View\View))
#15 [internal function]: Illuminate\Routing\ControllerDispatcher->Illuminate\Routing\{closure}(Object(Illuminate\Http\Request))
#16 C:\OSPanel\domains\RobotaMolodi\vendor\laravel\framework\src\Illuminate\Pipeline\Pipeline.php(139): call_user_func(Object(Closure), Object(Illuminate\Http\Request))
#17 [internal function]: Illuminate\Pipeline\Pipeline->Illuminate\Pipeline\{closure}(Object(Illuminate\Http\Request))
#18 C:\OSPanel\domains\RobotaMolodi\vendor\laravel\framework\src\Illuminate\Pipeline\Pipeline.php(103): call_user_func(Object(Closure), Object(Illuminate\Http\Request))
#19 C:\OSPanel\domains\RobotaMolodi\vendor\laravel\framework\src\Illuminate\Routing\ControllerDispatcher.php(113): Illuminate\Pipeline\Pipeline->then(Object(Closure))
#20 C:\OSPanel\domains\RobotaMolodi\vendor\laravel\framework\src\Illuminate\Routing\ControllerDispatcher.php(68): Illuminate\Routing\ControllerDispatcher->callWithinStack(Object(App\Http\Controllers\MainController), Object(Illuminate\Routing\Route), Object(Illuminate\Http\Request), 'showVacancies')
#21 C:\OSPanel\domains\RobotaMolodi\vendor\laravel\framework\src\Illuminate\Routing\Route.php(198): Illuminate\Routing\ControllerDispatcher->dispatch(Object(Illuminate\Routing\Route), Object(Illuminate\Http\Request), 'App\\Http\\Contro...', 'showVacancies')
#22 C:\OSPanel\domains\RobotaMolodi\vendor\laravel\framework\src\Illuminate\Routing\Route.php(131): Illuminate\Routing\Route->runWithCustomDispatcher(Object(Illuminate\Http\Request))
#23 C:\OSPanel\domains\RobotaMolodi\vendor\laravel\framework\src\Illuminate\Routing\Router.php(702): Illuminate\Routing\Route->run(Object(Illuminate\Http\Request))
#24 [internal function]: Illuminate\Routing\Router->Illuminate\Routing\{closure}(Object(Illuminate\Http\Request))
#25 C:\OSPanel\domains\RobotaMolodi\vendor\laravel\framework\src\Illuminate\Pipeline\Pipeline.php(139): call_user_func(Object(Closure), Object(Illuminate\Http\Request))
#26 [internal function]: Illuminate\Pipeline\Pipeline->Illuminate\Pipeline\{closure}(Object(Illuminate\Http\Request))
#27 C:\OSPanel\domains\RobotaMolodi\vendor\laravel\framework\src\Illuminate\Pipeline\Pipeline.php(103): call_user_func(Object(Closure), Object(Illuminate\Http\Request))
#28 C:\OSPanel\domains\RobotaMolodi\vendor\laravel\framework\src\Illuminate\Routing\Router.php(704): Illuminate\Pipeline\Pipeline->then(Object(Closure))
#29 C:\OSPanel\domains\RobotaMolodi\vendor\laravel\framework\src\Illuminate\Routing\Router.php(669): Illuminate\Routing\Router->runRouteWithinStack(Object(Illuminate\Routing\Route), Object(Illuminate\Http\Request))
#30 C:\OSPanel\domains\RobotaMolodi\vendor\laravel\framework\src\Illuminate\Routing\Router.php(629): Illuminate\Routing\Router->dispatchToRoute(Object(Illuminate\Http\Request))
#31 C:\OSPanel\domains\RobotaMolodi\vendor\laravel\framework\src\Illuminate\Foundation\Http\Kernel.php(229): Illuminate\Routing\Router->dispatch(Object(Illuminate\Http\Request))
#32 [internal function]: Illuminate\Foundation\Http\Kernel->Illuminate\Foundation\Http\{closure}(Object(Illuminate\Http\Request))
#33 C:\OSPanel\domains\RobotaMolodi\vendor\laravel\framework\src\Illuminate\Pipeline\Pipeline.php(139): call_user_func(Object(Closure), Object(Illuminate\Http\Request))
#34 C:\OSPanel\domains\RobotaMolodi\vendor\proengsoft\laravel-jsvalidation\src\RemoteValidationMiddleware.php(54): Illuminate\Pipeline\Pipeline->Illuminate\Pipeline\{closure}(Object(Illuminate\Http\Request))
#35 [internal function]: Proengsoft\JsValidation\RemoteValidationMiddleware->handle(Object(Illuminate\Http\Request), Object(Closure))
#36 C:\OSPanel\domains\RobotaMolodi\vendor\laravel\framework\src\Illuminate\Pipeline\Pipeline.php(124): call_user_func_array(Array, Array)
#37 C:\OSPanel\domains\RobotaMolodi\app\Http\Middleware\LangHandler.php(30): Illuminate\Pipeline\Pipeline->Illuminate\Pipeline\{closure}(Object(Illuminate\Http\Request))
#38 [internal function]: App\Http\Middleware\LangHandler->handle(Object(Illuminate\Http\Request), Object(Closure))
#39 C:\OSPanel\domains\RobotaMolodi\vendor\laravel\framework\src\Illuminate\Pipeline\Pipeline.php(124): call_user_func_array(Array, Array)
#40 C:\OSPanel\domains\RobotaMolodi\vendor\laravel\framework\src\Illuminate\Foundation\Http\Middleware\VerifyCsrfToken.php(50): Illuminate\Pipeline\Pipeline->Illuminate\Pipeline\{closure}(Object(Illuminate\Http\Request))
#41 C:\OSPanel\domains\RobotaMolodi\app\Http\Middleware\VerifyCsrfToken.php(23): Illuminate\Foundation\Http\Middleware\VerifyCsrfToken->handle(Object(Illuminate\Http\Request), Object(Closure))
#42 [internal function]: App\Http\Middleware\VerifyCsrfToken->handle(Object(Illuminate\Http\Request), Object(Closure))
#43 C:\OSPanel\domains\RobotaMolodi\vendor\laravel\framework\src\Illuminate\Pipeline\Pipeline.php(124): call_user_func_array(Array, Array)
#44 C:\OSPanel\domains\RobotaMolodi\vendor\laravel\framework\src\Illuminate\View\Middleware\ShareErrorsFromSession.php(54): Illuminate\Pipeline\Pipeline->Illuminate\Pipeline\{closure}(Object(Illuminate\Http\Request))
#45 [internal function]: Illuminate\View\Middleware\ShareErrorsFromSession->handle(Object(Illuminate\Http\Request), Object(Closure))
#46 C:\OSPanel\domains\RobotaMolodi\vendor\laravel\framework\src\Illuminate\Pipeline\Pipeline.php(124): call_user_func_array(Array, Array)
#47 C:\OSPanel\domains\RobotaMolodi\vendor\laravel\framework\src\Illuminate\Session\Middleware\StartSession.php(61): Illuminate\Pipeline\Pipeline->Illuminate\Pipeline\{closure}(Object(Illuminate\Http\Request))
#48 [internal function]: Illuminate\Session\Middleware\StartSession->handle(Object(Illuminate\Http\Request), Object(Closure))
#49 C:\OSPanel\domains\RobotaMolodi\vendor\laravel\framework\src\Illuminate\Pipeline\Pipeline.php(124): call_user_func_array(Array, Array)
#50 C:\OSPanel\domains\RobotaMolodi\vendor\laravel\framework\src\Illuminate\Cookie\Middleware\AddQueuedCookiesToResponse.php(37): Illuminate\Pipeline\Pipeline->Illuminate\Pipeline\{closure}(Object(Illuminate\Http\Request))
#51 [internal function]: Illuminate\Cookie\Middleware\AddQueuedCookiesToResponse->handle(Object(Illuminate\Http\Request), Object(Closure))
#52 C:\OSPanel\domains\RobotaMolodi\vendor\laravel\framework\src\Illuminate\Pipeline\Pipeline.php(124): call_user_func_array(Array, Array)
#53 C:\OSPanel\domains\RobotaMolodi\vendor\laravel\framework\src\Illuminate\Cookie\Middleware\EncryptCookies.php(59): Illuminate\Pipeline\Pipeline->Illuminate\Pipeline\{closure}(Object(Illuminate\Http\Request))
#54 [internal function]: Illuminate\Cookie\Middleware\EncryptCookies->handle(Object(Illuminate\Http\Request), Object(Closure))
#55 C:\OSPanel\domains\RobotaMolodi\vendor\laravel\framework\src\Illuminate\Pipeline\Pipeline.php(124): call_user_func_array(Array, Array)
#56 C:\OSPanel\domains\RobotaMolodi\vendor\laravel\framework\src\Illuminate\Foundation\Http\Middleware\CheckForMaintenanceMode.php(42): Illuminate\Pipeline\Pipeline->Illuminate\Pipeline\{closure}(Object(Illuminate\Http\Request))
#57 [internal function]: Illuminate\Foundation\Http\Middleware\CheckForMaintenanceMode->handle(Object(Illuminate\Http\Request), Object(Closure))
#58 C:\OSPanel\domains\RobotaMolodi\vendor\laravel\framework\src\Illuminate\Pipeline\Pipeline.php(124): call_user_func_array(Array, Array)
#59 [internal function]: Illuminate\Pipeline\Pipeline->Illuminate\Pipeline\{closure}(Object(Illuminate\Http\Request))
#60 C:\OSPanel\domains\RobotaMolodi\vendor\laravel\framework\src\Illuminate\Pipeline\Pipeline.php(103): call_user_func(Object(Closure), Object(Illuminate\Http\Request))
#61 C:\OSPanel\domains\RobotaMolodi\vendor\laravel\framework\src\Illuminate\Foundation\Http\Kernel.php(118): Illuminate\Pipeline\Pipeline->then(Object(Closure))
#62 C:\OSPanel\domains\RobotaMolodi\vendor\laravel\framework\src\Illuminate\Foundation\Http\Kernel.php(86): Illuminate\Foundation\Http\Kernel->sendRequestThroughRouter(Object(Illuminate\Http\Request))
#63 C:\OSPanel\domains\RobotaMolodi\public\index.php(53): Illuminate\Foundation\Http\Kernel->handle(Object(Illuminate\Http\Request))
#64 C:\OSPanel\domains\RobotaMolodi\server.php(21): require_once('C:\\OSPanel\\doma...')
#65 {main}

Next exception 'ErrorException' with message 'Undefined variable: assessments (View: C:\OSPanel\domains\RobotaMolodi\resources\views\newDesign\sortAds\sort.blade.php) (View: C:\OSPanel\domains\RobotaMolodi\resources\views\newDesign\sortAds\sort.blade.php)' in C:\af59c19ce026c9b47ab436f8880da768:24
Stack trace:
#0 C:\OSPanel\domains\RobotaMolodi\vendor\laravel\framework\src\Illuminate\View\Engines\PhpEngine.php(42): Illuminate\View\Engines\CompilerEngine->handleViewException(Object(ErrorException), 1)
#1 C:\OSPanel\domains\RobotaMolodi\vendor\laravel\framework\src\Illuminate\View\Engines\CompilerEngine.php(58): Illuminate\View\Engines\PhpEngine->evaluatePath('/b82ae103c01670...', Array)
#2 C:\OSPanel\domains\RobotaMolodi\vendor\laravel\framework\src\Illuminate\View\View.php(137): Illuminate\View\Engines\CompilerEngine->get('C:\\OSPanel\\doma...', Array)
#3 C:\OSPanel\domains\RobotaMolodi\vendor\laravel\framework\src\Illuminate\View\View.php(106): Illuminate\View\View->getContents()
#4 C:\OSPanel\domains\RobotaMolodi\vendor\laravel\framework\src\Illuminate\View\View.php(80): Illuminate\View\View->renderContents()
#5 C:\OSPanel\domains\RobotaMolodi\vendor\laravel\framework\src\Illuminate\Http\Response.php(51): Illuminate\View\View->render()
#6 C:\OSPanel\domains\RobotaMolodi\vendor\symfony\http-foundation\Response.php(202): Illuminate\Http\Response->setContent(Object(Illuminate\View\View))
#7 C:\OSPanel\domains\RobotaMolodi\vendor\laravel\framework\src\Illuminate\Routing\Router.php(1223): Symfony\Component\HttpFoundation\Response->__construct(Object(Illuminate\View\View))
#8 C:\OSPanel\domains\RobotaMolodi\vendor\laravel\framework\src\Illuminate\Routing\ControllerDispatcher.php(112): Illuminate\Routing\Router->prepareResponse(Object(Illuminate\Http\Request), Object(Illuminate\View\View))
#9 [internal function]: Illuminate\Routing\ControllerDispatcher->Illuminate\Routing\{closure}(Object(Illuminate\Http\Request))
#10 C:\OSPanel\domains\RobotaMolodi\vendor\laravel\framework\src\Illuminate\Pipeline\Pipeline.php(139): call_user_func(Object(Closure), Object(Illuminate\Http\Request))
#11 [internal function]: Illuminate\Pipeline\Pipeline->Illuminate\Pipeline\{closure}(Object(Illuminate\Http\Request))
#12 C:\OSPanel\domains\RobotaMolodi\vendor\laravel\framework\src\Illuminate\Pipeline\Pipeline.php(103): call_user_func(Object(Closure), Object(Illuminate\Http\Request))
#13 C:\OSPanel\domains\RobotaMolodi\vendor\laravel\framework\src\Illuminate\Routing\ControllerDispatcher.php(113): Illuminate\Pipeline\Pipeline->then(Object(Closure))
#14 C:\OSPanel\domains\RobotaMolodi\vendor\laravel\framework\src\Illuminate\Routing\ControllerDispatcher.php(68): Illuminate\Routing\ControllerDispatcher->callWithinStack(Object(App\Http\Controllers\MainController), Object(Illuminate\Routing\Route), Object(Illuminate\Http\Request), 'showVacancies')
#15 C:\OSPanel\domains\RobotaMolodi\vendor\laravel\framework\src\Illuminate\Routing\Route.php(198): Illuminate\Routing\ControllerDispatcher->dispatch(Object(Illuminate\Routing\Route), Object(Illuminate\Http\Request), 'App\\Http\\Contro...', 'showVacancies')
#16 C:\OSPanel\domains\RobotaMolodi\vendor\laravel\framework\src\Illuminate\Routing\Route.php(131): Illuminate\Routing\Route->runWithCustomDispatcher(Object(Illuminate\Http\Request))
#17 C:\OSPanel\domains\RobotaMolodi\vendor\laravel\framework\src\Illuminate\Routing\Router.php(702): Illuminate\Routing\Route->run(Object(Illuminate\Http\Request))
#18 [internal function]: Illuminate\Routing\Router->Illuminate\Routing\{closure}(Object(Illuminate\Http\Request))
#19 C:\OSPanel\domains\RobotaMolodi\vendor\laravel\framework\src\Illuminate\Pipeline\Pipeline.php(139): call_user_func(Object(Closure), Object(Illuminate\Http\Request))
#20 [internal function]: Illuminate\Pipeline\Pipeline->Illuminate\Pipeline\{closure}(Object(Illuminate\Http\Request))
#21 C:\OSPanel\domains\RobotaMolodi\vendor\laravel\framework\src\Illuminate\Pipeline\Pipeline.php(103): call_user_func(Object(Closure), Object(Illuminate\Http\Request))
#22 C:\OSPanel\domains\RobotaMolodi\vendor\laravel\framework\src\Illuminate\Routing\Router.php(704): Illuminate\Pipeline\Pipeline->then(Object(Closure))
#23 C:\OSPanel\domains\RobotaMolodi\vendor\laravel\framework\src\Illuminate\Routing\Router.php(669): Illuminate\Routing\Router->runRouteWithinStack(Object(Illuminate\Routing\Route), Object(Illuminate\Http\Request))
#24 C:\OSPanel\domains\RobotaMolodi\vendor\laravel\framework\src\Illuminate\Routing\Router.php(629): Illuminate\Routing\Router->dispatchToRoute(Object(Illuminate\Http\Request))
#25 C:\OSPanel\domains\RobotaMolodi\vendor\laravel\framework\src\Illuminate\Foundation\Http\Kernel.php(229): Illuminate\Routing\Router->dispatch(Object(Illuminate\Http\Request))
#26 [internal function]: Illuminate\Foundation\Http\Kernel->Illuminate\Foundation\Http\{closure}(Object(Illuminate\Http\Request))
#27 C:\OSPanel\domains\RobotaMolodi\vendor\laravel\framework\src\Illuminate\Pipeline\Pipeline.php(139): call_user_func(Object(Closure), Object(Illuminate\Http\Request))
#28 C:\OSPanel\domains\RobotaMolodi\vendor\proengsoft\laravel-jsvalidation\src\RemoteValidationMiddleware.php(54): Illuminate\Pipeline\Pipeline->Illuminate\Pipeline\{closure}(Object(Illuminate\Http\Request))
#29 [internal function]: Proengsoft\JsValidation\RemoteValidationMiddleware->handle(Object(Illuminate\Http\Request), Object(Closure))
#30 C:\OSPanel\domains\RobotaMolodi\vendor\laravel\framework\src\Illuminate\Pipeline\Pipeline.php(124): call_user_func_array(Array, Array)
#31 C:\OSPanel\domains\RobotaMolodi\app\Http\Middleware\LangHandler.php(30): Illuminate\Pipeline\Pipeline->Illuminate\Pipeline\{closure}(Object(Illuminate\Http\Request))
#32 [internal function]: App\Http\Middleware\LangHandler->handle(Object(Illuminate\Http\Request), Object(Closure))
#33 C:\OSPanel\domains\RobotaMolodi\vendor\laravel\framework\src\Illuminate\Pipeline\Pipeline.php(124): call_user_func_array(Array, Array)
#34 C:\OSPanel\domains\RobotaMolodi\vendor\laravel\framework\src\Illuminate\Foundation\Http\Middleware\VerifyCsrfToken.php(50): Illuminate\Pipeline\Pipeline->Illuminate\Pipeline\{closure}(Object(Illuminate\Http\Request))
#35 C:\OSPanel\domains\RobotaMolodi\app\Http\Middleware\VerifyCsrfToken.php(23): Illuminate\Foundation\Http\Middleware\VerifyCsrfToken->handle(Object(Illuminate\Http\Request), Object(Closure))
#36 [internal function]: App\Http\Middleware\VerifyCsrfToken->handle(Object(Illuminate\Http\Request), Object(Closure))
#37 C:\OSPanel\domains\RobotaMolodi\vendor\laravel\framework\src\Illuminate\Pipeline\Pipeline.php(124): call_user_func_array(Array, Array)
#38 C:\OSPanel\domains\RobotaMolodi\vendor\laravel\framework\src\Illuminate\View\Middleware\ShareErrorsFromSession.php(54): Illuminate\Pipeline\Pipeline->Illuminate\Pipeline\{closure}(Object(Illuminate\Http\Request))
#39 [internal function]: Illuminate\View\Middleware\ShareErrorsFromSession->handle(Object(Illuminate\Http\Request), Object(Closure))
#40 C:\OSPanel\domains\RobotaMolodi\vendor\laravel\framework\src\Illuminate\Pipeline\Pipeline.php(124): call_user_func_array(Array, Array)
#41 C:\OSPanel\domains\RobotaMolodi\vendor\laravel\framework\src\Illuminate\Session\Middleware\StartSession.php(61): Illuminate\Pipeline\Pipeline->Illuminate\Pipeline\{closure}(Object(Illuminate\Http\Request))
#42 [internal function]: Illuminate\Session\Middleware\StartSession->handle(Object(Illuminate\Http\Request), Object(Closure))
#43 C:\OSPanel\domains\RobotaMolodi\vendor\laravel\framework\src\Illuminate\Pipeline\Pipeline.php(124): call_user_func_array(Array, Array)
#44 C:\OSPanel\domains\RobotaMolodi\vendor\laravel\framework\src\Illuminate\Cookie\Middleware\AddQueuedCookiesToResponse.php(37): Illuminate\Pipeline\Pipeline->Illuminate\Pipeline\{closure}(Object(Illuminate\Http\Request))
#45 [internal function]: Illuminate\Cookie\Middleware\AddQueuedCookiesToResponse->handle(Object(Illuminate\Http\Request), Object(Closure))
#46 C:\OSPanel\domains\RobotaMolodi\vendor\laravel\framework\src\Illuminate\Pipeline\Pipeline.php(124): call_user_func_array(Array, Array)
#47 C:\OSPanel\domains\RobotaMolodi\vendor\laravel\framework\src\Illuminate\Cookie\Middleware\EncryptCookies.php(59): Illuminate\Pipeline\Pipeline->Illuminate\Pipeline\{closure}(Object(Illuminate\Http\Request))
#48 [internal function]: Illuminate\Cookie\Middleware\EncryptCookies->handle(Object(Illuminate\Http\Request), Object(Closure))
#49 C:\OSPanel\domains\RobotaMolodi\vendor\laravel\framework\src\Illuminate\Pipeline\Pipeline.php(124): call_user_func_array(Array, Array)
#50 C:\OSPanel\domains\RobotaMolodi\vendor\laravel\framework\src\Illuminate\Foundation\Http\Middleware\CheckForMaintenanceMode.php(42): Illuminate\Pipeline\Pipeline->Illuminate\Pipeline\{closure}(Object(Illuminate\Http\Request))
#51 [internal function]: Illuminate\Foundation\Http\Middleware\CheckForMaintenanceMode->handle(Object(Illuminate\Http\Request), Object(Closure))
#52 C:\OSPanel\domains\RobotaMolodi\vendor\laravel\framework\src\Illuminate\Pipeline\Pipeline.php(124): call_user_func_array(Array, Array)
#53 [internal function]: Illuminate\Pipeline\Pipeline->Illuminate\Pipeline\{closure}(Object(Illuminate\Http\Request))
#54 C:\OSPanel\domains\RobotaMolodi\vendor\laravel\framework\src\Illuminate\Pipeline\Pipeline.php(103): call_user_func(Object(Closure), Object(Illuminate\Http\Request))
#55 C:\OSPanel\domains\RobotaMolodi\vendor\laravel\framework\src\Illuminate\Foundation\Http\Kernel.php(118): Illuminate\Pipeline\Pipeline->then(Object(Closure))
#56 C:\OSPanel\domains\RobotaMolodi\vendor\laravel\framework\src\Illuminate\Foundation\Http\Kernel.php(86): Illuminate\Foundation\Http\Kernel->sendRequestThroughRouter(Object(Illuminate\Http\Request))
#57 C:\OSPanel\domains\RobotaMolodi\public\index.php(53): Illuminate\Foundation\Http\Kernel->handle(Object(Illuminate\Http\Request))
#58 C:\OSPanel\domains\RobotaMolodi\server.php(21): require_once('C:\\OSPanel\\doma...')
#59 {main}  
