[2018-06-21 18:33:28] local.ERROR: exception 'PDOException' with message 'SQLSTATE[42000]: Syntax error or access violation: 1055 Expression #2 of SELECT list is not in GROUP BY clause and contains nonaggregated column 'robota.vacancies.position' which is not functionally dependent on columns in GROUP BY clause; this is incompatible with sql_mode=only_full_group_by' in C:\OSPanel\domains\RobotaMolodi\vendor\laravel\framework\src\Illuminate\Database\Connection.php:307
Stack trace:
#0 C:\OSPanel\domains\RobotaMolodi\vendor\laravel\framework\src\Illuminate\Database\Connection.php(307): PDO->prepare('select `vacanci...')
#1 C:\OSPanel\domains\RobotaMolodi\vendor\laravel\framework\src\Illuminate\Database\Connection.php(622): Illuminate\Database\Connection->Illuminate\Database\{closure}(Object(Illuminate\Database\MySqlConnection), 'select `vacanci...', Array)
#2 C:\OSPanel\domains\RobotaMolodi\vendor\laravel\framework\src\Illuminate\Database\Connection.php(589): Illuminate\Database\Connection->runQueryCallback('select `vacanci...', Array, Object(Closure))
#3 C:\OSPanel\domains\RobotaMolodi\vendor\laravel\framework\src\Illuminate\Database\Connection.php(312): Illuminate\Database\Connection->run('select `vacanci...', Array, Object(Closure))
#4 C:\OSPanel\domains\RobotaMolodi\vendor\laravel\framework\src\Illuminate\Database\Query\Builder.php(1377): Illuminate\Database\Connection->select('select `vacanci...', Array, true)
#5 C:\OSPanel\domains\RobotaMolodi\vendor\laravel\framework\src\Illuminate\Database\Query\Builder.php(1367): Illuminate\Database\Query\Builder->runSelect()
#6 C:\OSPanel\domains\RobotaMolodi\vendor\laravel\framework\src\Illuminate\Database\Query\Builder.php(1352): Illuminate\Database\Query\Builder->getFresh(Array)
#7 C:\OSPanel\domains\RobotaMolodi\vendor\laravel\framework\src\Illuminate\Database\Eloquent\Builder.php(402): Illuminate\Database\Query\Builder->get(Array)
#8 C:\OSPanel\domains\RobotaMolodi\vendor\laravel\framework\src\Illuminate\Database\Eloquent\Builder.php(166): Illuminate\Database\Eloquent\Builder->getModels(Array)
#9 C:\OSPanel\domains\RobotaMolodi\vendor\laravel\framework\src\Illuminate\Database\Eloquent\Builder.php(273): Illuminate\Database\Eloquent\Builder->get(Array)
#10 C:\OSPanel\domains\RobotaMolodi\app\Http\Controllers\MainController.php(68): Illuminate\Database\Eloquent\Builder->paginate()
#11 [internal function]: App\Http\Controllers\MainController->showVacancies(Object(Illuminate\Http\Request))
#12 C:\OSPanel\domains\RobotaMolodi\vendor\laravel\framework\src\Illuminate\Routing\Controller.php(255): call_user_func_array(Array, Array)
#13 C:\OSPanel\domains\RobotaMolodi\vendor\laravel\framework\src\Illuminate\Routing\ControllerDispatcher.php(163): Illuminate\Routing\Controller->callAction('showVacancies', Array)
#14 C:\OSPanel\domains\RobotaMolodi\vendor\laravel\framework\src\Illuminate\Routing\ControllerDispatcher.php(111): Illuminate\Routing\ControllerDispatcher->call(Object(App\Http\Controllers\MainController), Object(Illuminate\Routing\Route), 'showVacancies')
#15 [internal function]: Illuminate\Routing\ControllerDispatcher->Illuminate\Routing\{closure}(Object(Illuminate\Http\Request))
#16 C:\OSPanel\domains\RobotaMolodi\vendor\laravel\framework\src\Illuminate\Pipeline\Pipeline.php(139): call_user_func(Object(Closure), Object(Illuminate\Http\Request))
#17 [internal function]: Illuminate\Pipeline\Pipeline->Illuminate\Pipeline\{closure}(Object(Illuminate\Http\Request))
#18 C:\OSPanel\domains\RobotaMolodi\vendor\laravel\framework\src\Illuminate\Pipeline\Pipeline.php(103): call_user_func(Object(Closure), Object(Illuminate\Http\Request))
#19 C:\OSPanel\domains\RobotaMolodi\vendor\laravel\framework\src\Illuminate\Routing\ControllerDispatcher.php(113): Illuminate\Pipeline\Pipeline->then(Object(Closure))
#20 C:\OSPanel\domains\RobotaMolodi\vendor\laravel\framework\src\Illuminate\Routing\ControllerDispatcher.php(68): Illuminate\Routing\ControllerDispatcher->callWithinStack(Object(App\Http\Controllers\MainController), Object(Illuminate\Routing\Route), Object(Illuminate\Http\Request), 'showVacancies')
#21 C:\OSPanel\domains\RobotaMolodi\vendor\laravel\framework\src\Illuminate\Routing\Route.php(198): Illuminate\Routing\ControllerDispatcher->dispatch(Object(Illuminate\Routing\Route), Object(Illuminate\Http\Request), 'App\\Http\\Contro...', 'showVacancies')
#22 C:\OSPanel\domains\RobotaMolodi\vendor\laravel\framework\src\Illuminate\Routing\Route.php(131): Illuminate\Routing\Route->runWithCustomDispatcher(Object(Illuminate\Http\Request))
#23 C:\OSPanel\domains\RobotaMolodi\vendor\laravel\framework\src\Illuminate\Routing\Router.php(702): Illuminate\Routing\Route->run(Object(Illuminate\Http\Request))
#24 [internal function]: Illuminate\Routing\Router->Illuminate\Routing\{closure}(Object(Illuminate\Http\Request))
#25 C:\OSPanel\domains\RobotaMolodi\vendor\laravel\framework\src\Illuminate\Pipeline\Pipeline.php(139): call_user_func(Object(Closure), Object(Illuminate\Http\Request))
#26 [internal function]: Illuminate\Pipeline\Pipeline->Illuminate\Pipeline\{closure}(Object(Illuminate\Http\Request))
#27 C:\OSPanel\domains\RobotaMolodi\vendor\laravel\framework\src\Illuminate\Pipeline\Pipeline.php(103): call_user_func(Object(Closure), Object(Illuminate\Http\Request))
#28 C:\OSPanel\domains\RobotaMolodi\vendor\laravel\framework\src\Illuminate\Routing\Router.php(704): Illuminate\Pipeline\Pipeline->then(Object(Closure))
#29 C:\OSPanel\domains\RobotaMolodi\vendor\laravel\framework\src\Illuminate\Routing\Router.php(669): Illuminate\Routing\Router->runRouteWithinStack(Object(Illuminate\Routing\Route), Object(Illuminate\Http\Request))
#30 C:\OSPanel\domains\RobotaMolodi\vendor\laravel\framework\src\Illuminate\Routing\Router.php(629): Illuminate\Routing\Router->dispatchToRoute(Object(Illuminate\Http\Request))
#31 C:\OSPanel\domains\RobotaMolodi\vendor\laravel\framework\src\Illuminate\Foundation\Http\Kernel.php(229): Illuminate\Routing\Router->dispatch(Object(Illuminate\Http\Request))
#32 [internal function]: Illuminate\Foundation\Http\Kernel->Illuminate\Foundation\Http\{closure}(Object(Illuminate\Http\Request))
#33 C:\OSPanel\domains\RobotaMolodi\vendor\laravel\framework\src\Illuminate\Pipeline\Pipeline.php(139): call_user_func(Object(Closure), Object(Illuminate\Http\Request))
#34 C:\OSPanel\domains\RobotaMolodi\vendor\proengsoft\laravel-jsvalidation\src\RemoteValidationMiddleware.php(54): Illuminate\Pipeline\Pipeline->Illuminate\Pipeline\{closure}(Object(Illuminate\Http\Request))
#35 [internal function]: Proengsoft\JsValidation\RemoteValidationMiddleware->handle(Object(Illuminate\Http\Request), Object(Closure))
#36 C:\OSPanel\domains\RobotaMolodi\vendor\laravel\framework\src\Illuminate\Pipeline\Pipeline.php(124): call_user_func_array(Array, Array)
#37 C:\OSPanel\domains\RobotaMolodi\app\Http\Middleware\LangHandler.php(30): Illuminate\Pipeline\Pipeline->Illuminate\Pipeline\{closure}(Object(Illuminate\Http\Request))
#38 [internal function]: App\Http\Middleware\LangHandler->handle(Object(Illuminate\Http\Request), Object(Closure))
#39 C:\OSPanel\domains\RobotaMolodi\vendor\laravel\framework\src\Illuminate\Pipeline\Pipeline.php(124): call_user_func_array(Array, Array)
#40 C:\OSPanel\domains\RobotaMolodi\vendor\laravel\framework\src\Illuminate\Foundation\Http\Middleware\VerifyCsrfToken.php(50): Illuminate\Pipeline\Pipeline->Illuminate\Pipeline\{closure}(Object(Illuminate\Http\Request))
#41 C:\OSPanel\domains\RobotaMolodi\app\Http\Middleware\VerifyCsrfToken.php(23): Illuminate\Foundation\Http\Middleware\VerifyCsrfToken->handle(Object(Illuminate\Http\Request), Object(Closure))
#42 [internal function]: App\Http\Middleware\VerifyCsrfToken->handle(Object(Illuminate\Http\Request), Object(Closure))
#43 C:\OSPanel\domains\RobotaMolodi\vendor\laravel\framework\src\Illuminate\Pipeline\Pipeline.php(124): call_user_func_array(Array, Array)
#44 C:\OSPanel\domains\RobotaMolodi\vendor\laravel\framework\src\Illuminate\View\Middleware\ShareErrorsFromSession.php(54): Illuminate\Pipeline\Pipeline->Illuminate\Pipeline\{closure}(Object(Illuminate\Http\Request))
#45 [internal function]: Illuminate\View\Middleware\ShareErrorsFromSession->handle(Object(Illuminate\Http\Request), Object(Closure))
#46 C:\OSPanel\domains\RobotaMolodi\vendor\laravel\framework\src\Illuminate\Pipeline\Pipeline.php(124): call_user_func_array(Array, Array)
#47 C:\OSPanel\domains\RobotaMolodi\vendor\laravel\framework\src\Illuminate\Session\Middleware\StartSession.php(61): Illuminate\Pipeline\Pipeline->Illuminate\Pipeline\{closure}(Object(Illuminate\Http\Request))
#48 [internal function]: Illuminate\Session\Middleware\StartSession->handle(Object(Illuminate\Http\Request), Object(Closure))
#49 C:\OSPanel\domains\RobotaMolodi\vendor\laravel\framework\src\Illuminate\Pipeline\Pipeline.php(124): call_user_func_array(Array, Array)
#50 C:\OSPanel\domains\RobotaMolodi\vendor\laravel\framework\src\Illuminate\Cookie\Middleware\AddQueuedCookiesToResponse.php(37): Illuminate\Pipeline\Pipeline->Illuminate\Pipeline\{closure}(Object(Illuminate\Http\Request))
#51 [internal function]: Illuminate\Cookie\Middleware\AddQueuedCookiesToResponse->handle(Object(Illuminate\Http\Request), Object(Closure))
#52 C:\OSPanel\domains\RobotaMolodi\vendor\laravel\framework\src\Illuminate\Pipeline\Pipeline.php(124): call_user_func_array(Array, Array)
#53 C:\OSPanel\domains\RobotaMolodi\vendor\laravel\framework\src\Illuminate\Cookie\Middleware\EncryptCookies.php(59): Illuminate\Pipeline\Pipeline->Illuminate\Pipeline\{closure}(Object(Illuminate\Http\Request))
#54 [internal function]: Illuminate\Cookie\Middleware\EncryptCookies->handle(Object(Illuminate\Http\Request), Object(Closure))
#55 C:\OSPanel\domains\RobotaMolodi\vendor\laravel\framework\src\Illuminate\Pipeline\Pipeline.php(124): call_user_func_array(Array, Array)
#56 C:\OSPanel\domains\RobotaMolodi\vendor\laravel\framework\src\Illuminate\Foundation\Http\Middleware\CheckForMaintenanceMode.php(42): Illuminate\Pipeline\Pipeline->Illuminate\Pipeline\{closure}(Object(Illuminate\Http\Request))
#57 [internal function]: Illuminate\Foundation\Http\Middleware\CheckForMaintenanceMode->handle(Object(Illuminate\Http\Request), Object(Closure))
#58 C:\OSPanel\domains\RobotaMolodi\vendor\laravel\framework\src\Illuminate\Pipeline\Pipeline.php(124): call_user_func_array(Array, Array)
#59 [internal function]: Illuminate\Pipeline\Pipeline->Illuminate\Pipeline\{closure}(Object(Illuminate\Http\Request))
#60 C:\OSPanel\domains\RobotaMolodi\vendor\laravel\framework\src\Illuminate\Pipeline\Pipeline.php(103): call_user_func(Object(Closure), Object(Illuminate\Http\Request))
#61 C:\OSPanel\domains\RobotaMolodi\vendor\laravel\framework\src\Illuminate\Foundation\Http\Kernel.php(118): Illuminate\Pipeline\Pipeline->then(Object(Closure))
#62 C:\OSPanel\domains\RobotaMolodi\vendor\laravel\framework\src\Illuminate\Foundation\Http\Kernel.php(86): Illuminate\Foundation\Http\Kernel->sendRequestThroughRouter(Object(Illuminate\Http\Request))
#63 C:\OSPanel\domains\RobotaMolodi\public\index.php(53): Illuminate\Foundation\Http\Kernel->handle(Object(Illuminate\Http\Request))
#64 C:\OSPanel\domains\RobotaMolodi\server.php(21): require_once('C:\\OSPanel\\doma...')
#65 {main}

Next exception 'Illuminate\Database\QueryException' with message 'SQLSTATE[42000]: Syntax error or access violation: 1055 Expression #2 of SELECT list is not in GROUP BY clause and contains nonaggregated column 'robota.vacancies.position' which is not functionally dependent on columns in GROUP BY clause; this is incompatible with sql_mode=only_full_group_by (SQL: select `vacancies`.* from `vacancies` left join `ratings` on `ratings`.`object_id` = `vacancies`.`id` and `object_type` = vac where `published` != 0 and `blocked` = 0 and `published` != 0 and `blocked` = 0 group by `vacancies`.`id` order by sum(ifnull(ratings.value, 0)) desc limit 4 offset 0)' in C:\OSPanel\domains\RobotaMolodi\vendor\laravel\framework\src\Illuminate\Database\Connection.php:629
Stack trace:
#0 C:\OSPanel\domains\RobotaMolodi\vendor\laravel\framework\src\Illuminate\Database\Connection.php(589): Illuminate\Database\Connection->runQueryCallback('select `vacanci...', Array, Object(Closure))
#1 C:\OSPanel\domains\RobotaMolodi\vendor\laravel\framework\src\Illuminate\Database\Connection.php(312): Illuminate\Database\Connection->run('select `vacanci...', Array, Object(Closure))
#2 C:\OSPanel\domains\RobotaMolodi\vendor\laravel\framework\src\Illuminate\Database\Query\Builder.php(1377): Illuminate\Database\Connection->select('select `vacanci...', Array, true)
#3 C:\OSPanel\domains\RobotaMolodi\vendor\laravel\framework\src\Illuminate\Database\Query\Builder.php(1367): Illuminate\Database\Query\Builder->runSelect()
#4 C:\OSPanel\domains\RobotaMolodi\vendor\laravel\framework\src\Illuminate\Database\Query\Builder.php(1352): Illuminate\Database\Query\Builder->getFresh(Array)
#5 C:\OSPanel\domains\RobotaMolodi\vendor\laravel\framework\src\Illuminate\Database\Eloquent\Builder.php(402): Illuminate\Database\Query\Builder->get(Array)
#6 C:\OSPanel\domains\RobotaMolodi\vendor\laravel\framework\src\Illuminate\Database\Eloquent\Builder.php(166): Illuminate\Database\Eloquent\Builder->getModels(Array)
#7 C:\OSPanel\domains\RobotaMolodi\vendor\laravel\framework\src\Illuminate\Database\Eloquent\Builder.php(273): Illuminate\Database\Eloquent\Builder->get(Array)
#8 C:\OSPanel\domains\RobotaMolodi\app\Http\Controllers\MainController.php(68): Illuminate\Database\Eloquent\Builder->paginate()
#9 [internal function]: App\Http\Controllers\MainController->showVacancies(Object(Illuminate\Http\Request))
#10 C:\OSPanel\domains\RobotaMolodi\vendor\laravel\framework\src\Illuminate\Routing\Controller.php(255): call_user_func_array(Array, Array)
#11 C:\OSPanel\domains\RobotaMolodi\vendor\laravel\framework\src\Illuminate\Routing\ControllerDispatcher.php(163): Illuminate\Routing\Controller->callAction('showVacancies', Array)
#12 C:\OSPanel\domains\RobotaMolodi\vendor\laravel\framework\src\Illuminate\Routing\ControllerDispatcher.php(111): Illuminate\Routing\ControllerDispatcher->call(Object(App\Http\Controllers\MainController), Object(Illuminate\Routing\Route), 'showVacancies')
#13 [internal function]: Illuminate\Routing\ControllerDispatcher->Illuminate\Routing\{closure}(Object(Illuminate\Http\Request))
#14 C:\OSPanel\domains\RobotaMolodi\vendor\laravel\framework\src\Illuminate\Pipeline\Pipeline.php(139): call_user_func(Object(Closure), Object(Illuminate\Http\Request))
#15 [internal function]: Illuminate\Pipeline\Pipeline->Illuminate\Pipeline\{closure}(Object(Illuminate\Http\Request))
#16 C:\OSPanel\domains\RobotaMolodi\vendor\laravel\framework\src\Illuminate\Pipeline\Pipeline.php(103): call_user_func(Object(Closure), Object(Illuminate\Http\Request))
#17 C:\OSPanel\domains\RobotaMolodi\vendor\laravel\framework\src\Illuminate\Routing\ControllerDispatcher.php(113): Illuminate\Pipeline\Pipeline->then(Object(Closure))
#18 C:\OSPanel\domains\RobotaMolodi\vendor\laravel\framework\src\Illuminate\Routing\ControllerDispatcher.php(68): Illuminate\Routing\ControllerDispatcher->callWithinStack(Object(App\Http\Controllers\MainController), Object(Illuminate\Routing\Route), Object(Illuminate\Http\Request), 'showVacancies')
#19 C:\OSPanel\domains\RobotaMolodi\vendor\laravel\framework\src\Illuminate\Routing\Route.php(198): Illuminate\Routing\ControllerDispatcher->dispatch(Object(Illuminate\Routing\Route), Object(Illuminate\Http\Request), 'App\\Http\\Contro...', 'showVacancies')
#20 C:\OSPanel\domains\RobotaMolodi\vendor\laravel\framework\src\Illuminate\Routing\Route.php(131): Illuminate\Routing\Route->runWithCustomDispatcher(Object(Illuminate\Http\Request))
#21 C:\OSPanel\domains\RobotaMolodi\vendor\laravel\framework\src\Illuminate\Routing\Router.php(702): Illuminate\Routing\Route->run(Object(Illuminate\Http\Request))
#22 [internal function]: Illuminate\Routing\Router->Illuminate\Routing\{closure}(Object(Illuminate\Http\Request))
#23 C:\OSPanel\domains\RobotaMolodi\vendor\laravel\framework\src\Illuminate\Pipeline\Pipeline.php(139): call_user_func(Object(Closure), Object(Illuminate\Http\Request))
#24 [internal function]: Illuminate\Pipeline\Pipeline->Illuminate\Pipeline\{closure}(Object(Illuminate\Http\Request))
#25 C:\OSPanel\domains\RobotaMolodi\vendor\laravel\framework\src\Illuminate\Pipeline\Pipeline.php(103): call_user_func(Object(Closure), Object(Illuminate\Http\Request))
#26 C:\OSPanel\domains\RobotaMolodi\vendor\laravel\framework\src\Illuminate\Routing\Router.php(704): Illuminate\Pipeline\Pipeline->then(Object(Closure))
#27 C:\OSPanel\domains\RobotaMolodi\vendor\laravel\framework\src\Illuminate\Routing\Router.php(669): Illuminate\Routing\Router->runRouteWithinStack(Object(Illuminate\Routing\Route), Object(Illuminate\Http\Request))
#28 C:\OSPanel\domains\RobotaMolodi\vendor\laravel\framework\src\Illuminate\Routing\Router.php(629): Illuminate\Routing\Router->dispatchToRoute(Object(Illuminate\Http\Request))
#29 C:\OSPanel\domains\RobotaMolodi\vendor\laravel\framework\src\Illuminate\Foundation\Http\Kernel.php(229): Illuminate\Routing\Router->dispatch(Object(Illuminate\Http\Request))
#30 [internal function]: Illuminate\Foundation\Http\Kernel->Illuminate\Foundation\Http\{closure}(Object(Illuminate\Http\Request))
#31 C:\OSPanel\domains\RobotaMolodi\vendor\laravel\framework\src\Illuminate\Pipeline\Pipeline.php(139): call_user_func(Object(Closure), Object(Illuminate\Http\Request))
#32 C:\OSPanel\domains\RobotaMolodi\vendor\proengsoft\laravel-jsvalidation\src\RemoteValidationMiddleware.php(54): Illuminate\Pipeline\Pipeline->Illuminate\Pipeline\{closure}(Object(Illuminate\Http\Request))
#33 [internal function]: Proengsoft\JsValidation\RemoteValidationMiddleware->handle(Object(Illuminate\Http\Request), Object(Closure))
#34 C:\OSPanel\domains\RobotaMolodi\vendor\laravel\framework\src\Illuminate\Pipeline\Pipeline.php(124): call_user_func_array(Array, Array)
#35 C:\OSPanel\domains\RobotaMolodi\app\Http\Middleware\LangHandler.php(30): Illuminate\Pipeline\Pipeline->Illuminate\Pipeline\{closure}(Object(Illuminate\Http\Request))
#36 [internal function]: App\Http\Middleware\LangHandler->handle(Object(Illuminate\Http\Request), Object(Closure))
#37 C:\OSPanel\domains\RobotaMolodi\vendor\laravel\framework\src\Illuminate\Pipeline\Pipeline.php(124): call_user_func_array(Array, Array)
#38 C:\OSPanel\domains\RobotaMolodi\vendor\laravel\framework\src\Illuminate\Foundation\Http\Middleware\VerifyCsrfToken.php(50): Illuminate\Pipeline\Pipeline->Illuminate\Pipeline\{closure}(Object(Illuminate\Http\Request))
#39 C:\OSPanel\domains\RobotaMolodi\app\Http\Middleware\VerifyCsrfToken.php(23): Illuminate\Foundation\Http\Middleware\VerifyCsrfToken->handle(Object(Illuminate\Http\Request), Object(Closure))
#40 [internal function]: App\Http\Middleware\VerifyCsrfToken->handle(Object(Illuminate\Http\Request), Object(Closure))
#41 C:\OSPanel\domains\RobotaMolodi\vendor\laravel\framework\src\Illuminate\Pipeline\Pipeline.php(124): call_user_func_array(Array, Array)
#42 C:\OSPanel\domains\RobotaMolodi\vendor\laravel\framework\src\Illuminate\View\Middleware\ShareErrorsFromSession.php(54): Illuminate\Pipeline\Pipeline->Illuminate\Pipeline\{closure}(Object(Illuminate\Http\Request))
#43 [internal function]: Illuminate\View\Middleware\ShareErrorsFromSession->handle(Object(Illuminate\Http\Request), Object(Closure))
#44 C:\OSPanel\domains\RobotaMolodi\vendor\laravel\framework\src\Illuminate\Pipeline\Pipeline.php(124): call_user_func_array(Array, Array)
#45 C:\OSPanel\domains\RobotaMolodi\vendor\laravel\framework\src\Illuminate\Session\Middleware\StartSession.php(61): Illuminate\Pipeline\Pipeline->Illuminate\Pipeline\{closure}(Object(Illuminate\Http\Request))
#46 [internal function]: Illuminate\Session\Middleware\StartSession->handle(Object(Illuminate\Http\Request), Object(Closure))
#47 C:\OSPanel\domains\RobotaMolodi\vendor\laravel\framework\src\Illuminate\Pipeline\Pipeline.php(124): call_user_func_array(Array, Array)
#48 C:\OSPanel\domains\RobotaMolodi\vendor\laravel\framework\src\Illuminate\Cookie\Middleware\AddQueuedCookiesToResponse.php(37): Illuminate\Pipeline\Pipeline->Illuminate\Pipeline\{closure}(Object(Illuminate\Http\Request))
#49 [internal function]: Illuminate\Cookie\Middleware\AddQueuedCookiesToResponse->handle(Object(Illuminate\Http\Request), Object(Closure))
#50 C:\OSPanel\domains\RobotaMolodi\vendor\laravel\framework\src\Illuminate\Pipeline\Pipeline.php(124): call_user_func_array(Array, Array)
#51 C:\OSPanel\domains\RobotaMolodi\vendor\laravel\framework\src\Illuminate\Cookie\Middleware\EncryptCookies.php(59): Illuminate\Pipeline\Pipeline->Illuminate\Pipeline\{closure}(Object(Illuminate\Http\Request))
#52 [internal function]: Illuminate\Cookie\Middleware\EncryptCookies->handle(Object(Illuminate\Http\Request), Object(Closure))
#53 C:\OSPanel\domains\RobotaMolodi\vendor\laravel\framework\src\Illuminate\Pipeline\Pipeline.php(124): call_user_func_array(Array, Array)
#54 C:\OSPanel\domains\RobotaMolodi\vendor\laravel\framework\src\Illuminate\Foundation\Http\Middleware\CheckForMaintenanceMode.php(42): Illuminate\Pipeline\Pipeline->Illuminate\Pipeline\{closure}(Object(Illuminate\Http\Request))
#55 [internal function]: Illuminate\Foundation\Http\Middleware\CheckForMaintenanceMode->handle(Object(Illuminate\Http\Request), Object(Closure))
#56 C:\OSPanel\domains\RobotaMolodi\vendor\laravel\framework\src\Illuminate\Pipeline\Pipeline.php(124): call_user_func_array(Array, Array)
#57 [internal function]: Illuminate\Pipeline\Pipeline->Illuminate\Pipeline\{closure}(Object(Illuminate\Http\Request))
#58 C:\OSPanel\domains\RobotaMolodi\vendor\laravel\framework\src\Illuminate\Pipeline\Pipeline.php(103): call_user_func(Object(Closure), Object(Illuminate\Http\Request))
#59 C:\OSPanel\domains\RobotaMolodi\vendor\laravel\framework\src\Illuminate\Foundation\Http\Kernel.php(118): Illuminate\Pipeline\Pipeline->then(Object(Closure))
#60 C:\OSPanel\domains\RobotaMolodi\vendor\laravel\framework\src\Illuminate\Foundation\Http\Kernel.php(86): Illuminate\Foundation\Http\Kernel->sendRequestThroughRouter(Object(Illuminate\Http\Request))
#61 C:\OSPanel\domains\RobotaMolodi\public\index.php(53): Illuminate\Foundation\Http\Kernel->handle(Object(Illuminate\Http\Request))
#62 C:\OSPanel\domains\RobotaMolodi\server.php(21): require_once('C:\\OSPanel\\doma...')
#63 {main}  
[2018-06-21 18:33:29] local.ERROR: exception 'PDOException' with message 'SQLSTATE[42000]: Syntax error or access violation: 1055 Expression #2 of SELECT list is not in GROUP BY clause and contains nonaggregated column 'robota.vacancies.position' which is not functionally dependent on columns in GROUP BY clause; this is incompatible with sql_mode=only_full_group_by' in C:\OSPanel\domains\RobotaMolodi\vendor\laravel\framework\src\Illuminate\Database\Connection.php:307
Stack trace:
#0 C:\OSPanel\domains\RobotaMolodi\vendor\laravel\framework\src\Illuminate\Database\Connection.php(307): PDO->prepare('select `vacanci...')
#1 C:\OSPanel\domains\RobotaMolodi\vendor\laravel\framework\src\Illuminate\Database\Connection.php(622): Illuminate\Database\Connection->Illuminate\Database\{closure}(Object(Illuminate\Database\MySqlConnection), 'select `vacanci...', Array)
#2 C:\OSPanel\domains\RobotaMolodi\vendor\laravel\framework\src\Illuminate\Database\Connection.php(589): Illuminate\Database\Connection->runQueryCallback('select `vacanci...', Array, Object(Closure))
#3 C:\OSPanel\domains\RobotaMolodi\vendor\laravel\framework\src\Illuminate\Database\Connection.php(312): Illuminate\Database\Connection->run('select `vacanci...', Array, Object(Closure))
#4 C:\OSPanel\domains\RobotaMolodi\vendor\laravel\framework\src\Illuminate\Database\Query\Builder.php(1377): Illuminate\Database\Connection->select('select `vacanci...', Array, true)
#5 C:\OSPanel\domains\RobotaMolodi\vendor\laravel\framework\src\Illuminate\Database\Query\Builder.php(1367): Illuminate\Database\Query\Builder->runSelect()
#6 C:\OSPanel\domains\RobotaMolodi\vendor\laravel\framework\src\Illuminate\Database\Query\Builder.php(1352): Illuminate\Database\Query\Builder->getFresh(Array)
#7 C:\OSPanel\domains\RobotaMolodi\vendor\laravel\framework\src\Illuminate\Database\Eloquent\Builder.php(402): Illuminate\Database\Query\Builder->get(Array)
#8 C:\OSPanel\domains\RobotaMolodi\vendor\laravel\framework\src\Illuminate\Database\Eloquent\Builder.php(166): Illuminate\Database\Eloquent\Builder->getModels(Array)
#9 C:\OSPanel\domains\RobotaMolodi\vendor\laravel\framework\src\Illuminate\Database\Eloquent\Builder.php(273): Illuminate\Database\Eloquent\Builder->get(Array)
#10 C:\OSPanel\domains\RobotaMolodi\app\Http\Controllers\MainController.php(68): Illuminate\Database\Eloquent\Builder->paginate()
#11 [internal function]: App\Http\Controllers\MainController->showVacancies(Object(Illuminate\Http\Request))
#12 C:\OSPanel\domains\RobotaMolodi\vendor\laravel\framework\src\Illuminate\Routing\Controller.php(255): call_user_func_array(Array, Array)
#13 C:\OSPanel\domains\RobotaMolodi\vendor\laravel\framework\src\Illuminate\Routing\ControllerDispatcher.php(163): Illuminate\Routing\Controller->callAction('showVacancies', Array)
#14 C:\OSPanel\domains\RobotaMolodi\vendor\laravel\framework\src\Illuminate\Routing\ControllerDispatcher.php(111): Illuminate\Routing\ControllerDispatcher->call(Object(App\Http\Controllers\MainController), Object(Illuminate\Routing\Route), 'showVacancies')
#15 [internal function]: Illuminate\Routing\ControllerDispatcher->Illuminate\Routing\{closure}(Object(Illuminate\Http\Request))
#16 C:\OSPanel\domains\RobotaMolodi\vendor\laravel\framework\src\Illuminate\Pipeline\Pipeline.php(139): call_user_func(Object(Closure), Object(Illuminate\Http\Request))
#17 [internal function]: Illuminate\Pipeline\Pipeline->Illuminate\Pipeline\{closure}(Object(Illuminate\Http\Request))
#18 C:\OSPanel\domains\RobotaMolodi\vendor\laravel\framework\src\Illuminate\Pipeline\Pipeline.php(103): call_user_func(Object(Closure), Object(Illuminate\Http\Request))
#19 C:\OSPanel\domains\RobotaMolodi\vendor\laravel\framework\src\Illuminate\Routing\ControllerDispatcher.php(113): Illuminate\Pipeline\Pipeline->then(Object(Closure))
#20 C:\OSPanel\domains\RobotaMolodi\vendor\laravel\framework\src\Illuminate\Routing\ControllerDispatcher.php(68): Illuminate\Routing\ControllerDispatcher->callWithinStack(Object(App\Http\Controllers\MainController), Object(Illuminate\Routing\Route), Object(Illuminate\Http\Request), 'showVacancies')
#21 C:\OSPanel\domains\RobotaMolodi\vendor\laravel\framework\src\Illuminate\Routing\Route.php(198): Illuminate\Routing\ControllerDispatcher->dispatch(Object(Illuminate\Routing\Route), Object(Illuminate\Http\Request), 'App\\Http\\Contro...', 'showVacancies')
#22 C:\OSPanel\domains\RobotaMolodi\vendor\laravel\framework\src\Illuminate\Routing\Route.php(131): Illuminate\Routing\Route->runWithCustomDispatcher(Object(Illuminate\Http\Request))
#23 C:\OSPanel\domains\RobotaMolodi\vendor\laravel\framework\src\Illuminate\Routing\Router.php(702): Illuminate\Routing\Route->run(Object(Illuminate\Http\Request))
#24 [internal function]: Illuminate\Routing\Router->Illuminate\Routing\{closure}(Object(Illuminate\Http\Request))
#25 C:\OSPanel\domains\RobotaMolodi\vendor\laravel\framework\src\Illuminate\Pipeline\Pipeline.php(139): call_user_func(Object(Closure), Object(Illuminate\Http\Request))
#26 [internal function]: Illuminate\Pipeline\Pipeline->Illuminate\Pipeline\{closure}(Object(Illuminate\Http\Request))
#27 C:\OSPanel\domains\RobotaMolodi\vendor\laravel\framework\src\Illuminate\Pipeline\Pipeline.php(103): call_user_func(Object(Closure), Object(Illuminate\Http\Request))
#28 C:\OSPanel\domains\RobotaMolodi\vendor\laravel\framework\src\Illuminate\Routing\Router.php(704): Illuminate\Pipeline\Pipeline->then(Object(Closure))
#29 C:\OSPanel\domains\RobotaMolodi\vendor\laravel\framework\src\Illuminate\Routing\Router.php(669): Illuminate\Routing\Router->runRouteWithinStack(Object(Illuminate\Routing\Route), Object(Illuminate\Http\Request))
#30 C:\OSPanel\domains\RobotaMolodi\vendor\laravel\framework\src\Illuminate\Routing\Router.php(629): Illuminate\Routing\Router->dispatchToRoute(Object(Illuminate\Http\Request))
#31 C:\OSPanel\domains\RobotaMolodi\vendor\laravel\framework\src\Illuminate\Foundation\Http\Kernel.php(229): Illuminate\Routing\Router->dispatch(Object(Illuminate\Http\Request))
#32 [internal function]: Illuminate\Foundation\Http\Kernel->Illuminate\Foundation\Http\{closure}(Object(Illuminate\Http\Request))
#33 C:\OSPanel\domains\RobotaMolodi\vendor\laravel\framework\src\Illuminate\Pipeline\Pipeline.php(139): call_user_func(Object(Closure), Object(Illuminate\Http\Request))
#34 C:\OSPanel\domains\RobotaMolodi\vendor\proengsoft\laravel-jsvalidation\src\RemoteValidationMiddleware.php(54): Illuminate\Pipeline\Pipeline->Illuminate\Pipeline\{closure}(Object(Illuminate\Http\Request))
#35 [internal function]: Proengsoft\JsValidation\RemoteValidationMiddleware->handle(Object(Illuminate\Http\Request), Object(Closure))
#36 C:\OSPanel\domains\RobotaMolodi\vendor\laravel\framework\src\Illuminate\Pipeline\Pipeline.php(124): call_user_func_array(Array, Array)
#37 C:\OSPanel\domains\RobotaMolodi\app\Http\Middleware\LangHandler.php(30): Illuminate\Pipeline\Pipeline->Illuminate\Pipeline\{closure}(Object(Illuminate\Http\Request))
#38 [internal function]: App\Http\Middleware\LangHandler->handle(Object(Illuminate\Http\Request), Object(Closure))
#39 C:\OSPanel\domains\RobotaMolodi\vendor\laravel\framework\src\Illuminate\Pipeline\Pipeline.php(124): call_user_func_array(Array, Array)
#40 C:\OSPanel\domains\RobotaMolodi\vendor\laravel\framework\src\Illuminate\Foundation\Http\Middleware\VerifyCsrfToken.php(50): Illuminate\Pipeline\Pipeline->Illuminate\Pipeline\{closure}(Object(Illuminate\Http\Request))
#41 C:\OSPanel\domains\RobotaMolodi\app\Http\Middleware\VerifyCsrfToken.php(23): Illuminate\Foundation\Http\Middleware\VerifyCsrfToken->handle(Object(Illuminate\Http\Request), Object(Closure))
#42 [internal function]: App\Http\Middleware\VerifyCsrfToken->handle(Object(Illuminate\Http\Request), Object(Closure))
#43 C:\OSPanel\domains\RobotaMolodi\vendor\laravel\framework\src\Illuminate\Pipeline\Pipeline.php(124): call_user_func_array(Array, Array)
#44 C:\OSPanel\domains\RobotaMolodi\vendor\laravel\framework\src\Illuminate\View\Middleware\ShareErrorsFromSession.php(54): Illuminate\Pipeline\Pipeline->Illuminate\Pipeline\{closure}(Object(Illuminate\Http\Request))
#45 [internal function]: Illuminate\View\Middleware\ShareErrorsFromSession->handle(Object(Illuminate\Http\Request), Object(Closure))
#46 C:\OSPanel\domains\RobotaMolodi\vendor\laravel\framework\src\Illuminate\Pipeline\Pipeline.php(124): call_user_func_array(Array, Array)
#47 C:\OSPanel\domains\RobotaMolodi\vendor\laravel\framework\src\Illuminate\Session\Middleware\StartSession.php(61): Illuminate\Pipeline\Pipeline->Illuminate\Pipeline\{closure}(Object(Illuminate\Http\Request))
#48 [internal function]: Illuminate\Session\Middleware\StartSession->handle(Object(Illuminate\Http\Request), Object(Closure))
#49 C:\OSPanel\domains\RobotaMolodi\vendor\laravel\framework\src\Illuminate\Pipeline\Pipeline.php(124): call_user_func_array(Array, Array)
#50 C:\OSPanel\domains\RobotaMolodi\vendor\laravel\framework\src\Illuminate\Cookie\Middleware\AddQueuedCookiesToResponse.php(37): Illuminate\Pipeline\Pipeline->Illuminate\Pipeline\{closure}(Object(Illuminate\Http\Request))
#51 [internal function]: Illuminate\Cookie\Middleware\AddQueuedCookiesToResponse->handle(Object(Illuminate\Http\Request), Object(Closure))
#52 C:\OSPanel\domains\RobotaMolodi\vendor\laravel\framework\src\Illuminate\Pipeline\Pipeline.php(124): call_user_func_array(Array, Array)
#53 C:\OSPanel\domains\RobotaMolodi\vendor\laravel\framework\src\Illuminate\Cookie\Middleware\EncryptCookies.php(59): Illuminate\Pipeline\Pipeline->Illuminate\Pipeline\{closure}(Object(Illuminate\Http\Request))
#54 [internal function]: Illuminate\Cookie\Middleware\EncryptCookies->handle(Object(Illuminate\Http\Request), Object(Closure))
#55 C:\OSPanel\domains\RobotaMolodi\vendor\laravel\framework\src\Illuminate\Pipeline\Pipeline.php(124): call_user_func_array(Array, Array)
#56 C:\OSPanel\domains\RobotaMolodi\vendor\laravel\framework\src\Illuminate\Foundation\Http\Middleware\CheckForMaintenanceMode.php(42): Illuminate\Pipeline\Pipeline->Illuminate\Pipeline\{closure}(Object(Illuminate\Http\Request))
#57 [internal function]: Illuminate\Foundation\Http\Middleware\CheckForMaintenanceMode->handle(Object(Illuminate\Http\Request), Object(Closure))
#58 C:\OSPanel\domains\RobotaMolodi\vendor\laravel\framework\src\Illuminate\Pipeline\Pipeline.php(124): call_user_func_array(Array, Array)
#59 [internal function]: Illuminate\Pipeline\Pipeline->Illuminate\Pipeline\{closure}(Object(Illuminate\Http\Request))
#60 C:\OSPanel\domains\RobotaMolodi\vendor\laravel\framework\src\Illuminate\Pipeline\Pipeline.php(103): call_user_func(Object(Closure), Object(Illuminate\Http\Request))
#61 C:\OSPanel\domains\RobotaMolodi\vendor\laravel\framework\src\Illuminate\Foundation\Http\Kernel.php(118): Illuminate\Pipeline\Pipeline->then(Object(Closure))
#62 C:\OSPanel\domains\RobotaMolodi\vendor\laravel\framework\src\Illuminate\Foundation\Http\Kernel.php(86): Illuminate\Foundation\Http\Kernel->sendRequestThroughRouter(Object(Illuminate\Http\Request))
#63 C:\OSPanel\domains\RobotaMolodi\public\index.php(53): Illuminate\Foundation\Http\Kernel->handle(Object(Illuminate\Http\Request))
#64 C:\OSPanel\domains\RobotaMolodi\server.php(21): require_once('C:\\OSPanel\\doma...')
#65 {main}

Next exception 'Illuminate\Database\QueryException' with message 'SQLSTATE[42000]: Syntax error or access violation: 1055 Expression #2 of SELECT list is not in GROUP BY clause and contains nonaggregated column 'robota.vacancies.position' which is not functionally dependent on columns in GROUP BY clause; this is incompatible with sql_mode=only_full_group_by (SQL: select `vacancies`.* from `vacancies` left join `ratings` on `ratings`.`object_id` = `vacancies`.`id` and `object_type` = vac where `published` != 0 and `blocked` = 0 and `published` != 0 and `blocked` = 0 group by `vacancies`.`id` order by sum(ifnull(ratings.value, 0)) asc limit 4 offset 0)' in C:\OSPanel\domains\RobotaMolodi\vendor\laravel\framework\src\Illuminate\Database\Connection.php:629
Stack trace:
#0 C:\OSPanel\domains\RobotaMolodi\vendor\laravel\framework\src\Illuminate\Database\Connection.php(589): Illuminate\Database\Connection->runQueryCallback('select `vacanci...', Array, Object(Closure))
#1 C:\OSPanel\domains\RobotaMolodi\vendor\laravel\framework\src\Illuminate\Database\Connection.php(312): Illuminate\Database\Connection->run('select `vacanci...', Array, Object(Closure))
#2 C:\OSPanel\domains\RobotaMolodi\vendor\laravel\framework\src\Illuminate\Database\Query\Builder.php(1377): Illuminate\Database\Connection->select('select `vacanci...', Array, true)
#3 C:\OSPanel\domains\RobotaMolodi\vendor\laravel\framework\src\Illuminate\Database\Query\Builder.php(1367): Illuminate\Database\Query\Builder->runSelect()
#4 C:\OSPanel\domains\RobotaMolodi\vendor\laravel\framework\src\Illuminate\Database\Query\Builder.php(1352): Illuminate\Database\Query\Builder->getFresh(Array)
#5 C:\OSPanel\domains\RobotaMolodi\vendor\laravel\framework\src\Illuminate\Database\Eloquent\Builder.php(402): Illuminate\Database\Query\Builder->get(Array)
#6 C:\OSPanel\domains\RobotaMolodi\vendor\laravel\framework\src\Illuminate\Database\Eloquent\Builder.php(166): Illuminate\Database\Eloquent\Builder->getModels(Array)
#7 C:\OSPanel\domains\RobotaMolodi\vendor\laravel\framework\src\Illuminate\Database\Eloquent\Builder.php(273): Illuminate\Database\Eloquent\Builder->get(Array)
#8 C:\OSPanel\domains\RobotaMolodi\app\Http\Controllers\MainController.php(68): Illuminate\Database\Eloquent\Builder->paginate()
#9 [internal function]: App\Http\Controllers\MainController->showVacancies(Object(Illuminate\Http\Request))
#10 C:\OSPanel\domains\RobotaMolodi\vendor\laravel\framework\src\Illuminate\Routing\Controller.php(255): call_user_func_array(Array, Array)
#11 C:\OSPanel\domains\RobotaMolodi\vendor\laravel\framework\src\Illuminate\Routing\ControllerDispatcher.php(163): Illuminate\Routing\Controller->callAction('showVacancies', Array)
#12 C:\OSPanel\domains\RobotaMolodi\vendor\laravel\framework\src\Illuminate\Routing\ControllerDispatcher.php(111): Illuminate\Routing\ControllerDispatcher->call(Object(App\Http\Controllers\MainController), Object(Illuminate\Routing\Route), 'showVacancies')
#13 [internal function]: Illuminate\Routing\ControllerDispatcher->Illuminate\Routing\{closure}(Object(Illuminate\Http\Request))
#14 C:\OSPanel\domains\RobotaMolodi\vendor\laravel\framework\src\Illuminate\Pipeline\Pipeline.php(139): call_user_func(Object(Closure), Object(Illuminate\Http\Request))
#15 [internal function]: Illuminate\Pipeline\Pipeline->Illuminate\Pipeline\{closure}(Object(Illuminate\Http\Request))
#16 C:\OSPanel\domains\RobotaMolodi\vendor\laravel\framework\src\Illuminate\Pipeline\Pipeline.php(103): call_user_func(Object(Closure), Object(Illuminate\Http\Request))
#17 C:\OSPanel\domains\RobotaMolodi\vendor\laravel\framework\src\Illuminate\Routing\ControllerDispatcher.php(113): Illuminate\Pipeline\Pipeline->then(Object(Closure))
#18 C:\OSPanel\domains\RobotaMolodi\vendor\laravel\framework\src\Illuminate\Routing\ControllerDispatcher.php(68): Illuminate\Routing\ControllerDispatcher->callWithinStack(Object(App\Http\Controllers\MainController), Object(Illuminate\Routing\Route), Object(Illuminate\Http\Request), 'showVacancies')
#19 C:\OSPanel\domains\RobotaMolodi\vendor\laravel\framework\src\Illuminate\Routing\Route.php(198): Illuminate\Routing\ControllerDispatcher->dispatch(Object(Illuminate\Routing\Route), Object(Illuminate\Http\Request), 'App\\Http\\Contro...', 'showVacancies')
#20 C:\OSPanel\domains\RobotaMolodi\vendor\laravel\framework\src\Illuminate\Routing\Route.php(131): Illuminate\Routing\Route->runWithCustomDispatcher(Object(Illuminate\Http\Request))
#21 C:\OSPanel\domains\RobotaMolodi\vendor\laravel\framework\src\Illuminate\Routing\Router.php(702): Illuminate\Routing\Route->run(Object(Illuminate\Http\Request))
#22 [internal function]: Illuminate\Routing\Router->Illuminate\Routing\{closure}(Object(Illuminate\Http\Request))
#23 C:\OSPanel\domains\RobotaMolodi\vendor\laravel\framework\src\Illuminate\Pipeline\Pipeline.php(139): call_user_func(Object(Closure), Object(Illuminate\Http\Request))
#24 [internal function]: Illuminate\Pipeline\Pipeline->Illuminate\Pipeline\{closure}(Object(Illuminate\Http\Request))
#25 C:\OSPanel\domains\RobotaMolodi\vendor\laravel\framework\src\Illuminate\Pipeline\Pipeline.php(103): call_user_func(Object(Closure), Object(Illuminate\Http\Request))
#26 C:\OSPanel\domains\RobotaMolodi\vendor\laravel\framework\src\Illuminate\Routing\Router.php(704): Illuminate\Pipeline\Pipeline->then(Object(Closure))
#27 C:\OSPanel\domains\RobotaMolodi\vendor\laravel\framework\src\Illuminate\Routing\Router.php(669): Illuminate\Routing\Router->runRouteWithinStack(Object(Illuminate\Routing\Route), Object(Illuminate\Http\Request))
#28 C:\OSPanel\domains\RobotaMolodi\vendor\laravel\framework\src\Illuminate\Routing\Router.php(629): Illuminate\Routing\Router->dispatchToRoute(Object(Illuminate\Http\Request))
#29 C:\OSPanel\domains\RobotaMolodi\vendor\laravel\framework\src\Illuminate\Foundation\Http\Kernel.php(229): Illuminate\Routing\Router->dispatch(Object(Illuminate\Http\Request))
#30 [internal function]: Illuminate\Foundation\Http\Kernel->Illuminate\Foundation\Http\{closure}(Object(Illuminate\Http\Request))
#31 C:\OSPanel\domains\RobotaMolodi\vendor\laravel\framework\src\Illuminate\Pipeline\Pipeline.php(139): call_user_func(Object(Closure), Object(Illuminate\Http\Request))
#32 C:\OSPanel\domains\RobotaMolodi\vendor\proengsoft\laravel-jsvalidation\src\RemoteValidationMiddleware.php(54): Illuminate\Pipeline\Pipeline->Illuminate\Pipeline\{closure}(Object(Illuminate\Http\Request))
#33 [internal function]: Proengsoft\JsValidation\RemoteValidationMiddleware->handle(Object(Illuminate\Http\Request), Object(Closure))
#34 C:\OSPanel\domains\RobotaMolodi\vendor\laravel\framework\src\Illuminate\Pipeline\Pipeline.php(124): call_user_func_array(Array, Array)
#35 C:\OSPanel\domains\RobotaMolodi\app\Http\Middleware\LangHandler.php(30): Illuminate\Pipeline\Pipeline->Illuminate\Pipeline\{closure}(Object(Illuminate\Http\Request))
#36 [internal function]: App\Http\Middleware\LangHandler->handle(Object(Illuminate\Http\Request), Object(Closure))
#37 C:\OSPanel\domains\RobotaMolodi\vendor\laravel\framework\src\Illuminate\Pipeline\Pipeline.php(124): call_user_func_array(Array, Array)
#38 C:\OSPanel\domains\RobotaMolodi\vendor\laravel\framework\src\Illuminate\Foundation\Http\Middleware\VerifyCsrfToken.php(50): Illuminate\Pipeline\Pipeline->Illuminate\Pipeline\{closure}(Object(Illuminate\Http\Request))
#39 C:\OSPanel\domains\RobotaMolodi\app\Http\Middleware\VerifyCsrfToken.php(23): Illuminate\Foundation\Http\Middleware\VerifyCsrfToken->handle(Object(Illuminate\Http\Request), Object(Closure))
#40 [internal function]: App\Http\Middleware\VerifyCsrfToken->handle(Object(Illuminate\Http\Request), Object(Closure))
#41 C:\OSPanel\domains\RobotaMolodi\vendor\laravel\framework\src\Illuminate\Pipeline\Pipeline.php(124): call_user_func_array(Array, Array)
#42 C:\OSPanel\domains\RobotaMolodi\vendor\laravel\framework\src\Illuminate\View\Middleware\ShareErrorsFromSession.php(54): Illuminate\Pipeline\Pipeline->Illuminate\Pipeline\{closure}(Object(Illuminate\Http\Request))
#43 [internal function]: Illuminate\View\Middleware\ShareErrorsFromSession->handle(Object(Illuminate\Http\Request), Object(Closure))
#44 C:\OSPanel\domains\RobotaMolodi\vendor\laravel\framework\src\Illuminate\Pipeline\Pipeline.php(124): call_user_func_array(Array, Array)
#45 C:\OSPanel\domains\RobotaMolodi\vendor\laravel\framework\src\Illuminate\Session\Middleware\StartSession.php(61): Illuminate\Pipeline\Pipeline->Illuminate\Pipeline\{closure}(Object(Illuminate\Http\Request))
#46 [internal function]: Illuminate\Session\Middleware\StartSession->handle(Object(Illuminate\Http\Request), Object(Closure))
#47 C:\OSPanel\domains\RobotaMolodi\vendor\laravel\framework\src\Illuminate\Pipeline\Pipeline.php(124): call_user_func_array(Array, Array)
#48 C:\OSPanel\domains\RobotaMolodi\vendor\laravel\framework\src\Illuminate\Cookie\Middleware\AddQueuedCookiesToResponse.php(37): Illuminate\Pipeline\Pipeline->Illuminate\Pipeline\{closure}(Object(Illuminate\Http\Request))
#49 [internal function]: Illuminate\Cookie\Middleware\AddQueuedCookiesToResponse->handle(Object(Illuminate\Http\Request), Object(Closure))
#50 C:\OSPanel\domains\RobotaMolodi\vendor\laravel\framework\src\Illuminate\Pipeline\Pipeline.php(124): call_user_func_array(Array, Array)
#51 C:\OSPanel\domains\RobotaMolodi\vendor\laravel\framework\src\Illuminate\Cookie\Middleware\EncryptCookies.php(59): Illuminate\Pipeline\Pipeline->Illuminate\Pipeline\{closure}(Object(Illuminate\Http\Request))
#52 [internal function]: Illuminate\Cookie\Middleware\EncryptCookies->handle(Object(Illuminate\Http\Request), Object(Closure))
#53 C:\OSPanel\domains\RobotaMolodi\vendor\laravel\framework\src\Illuminate\Pipeline\Pipeline.php(124): call_user_func_array(Array, Array)
#54 C:\OSPanel\domains\RobotaMolodi\vendor\laravel\framework\src\Illuminate\Foundation\Http\Middleware\CheckForMaintenanceMode.php(42): Illuminate\Pipeline\Pipeline->Illuminate\Pipeline\{closure}(Object(Illuminate\Http\Request))
#55 [internal function]: Illuminate\Foundation\Http\Middleware\CheckForMaintenanceMode->handle(Object(Illuminate\Http\Request), Object(Closure))
#56 C:\OSPanel\domains\RobotaMolodi\vendor\laravel\framework\src\Illuminate\Pipeline\Pipeline.php(124): call_user_func_array(Array, Array)
#57 [internal function]: Illuminate\Pipeline\Pipeline->Illuminate\Pipeline\{closure}(Object(Illuminate\Http\Request))
#58 C:\OSPanel\domains\RobotaMolodi\vendor\laravel\framework\src\Illuminate\Pipeline\Pipeline.php(103): call_user_func(Object(Closure), Object(Illuminate\Http\Request))
#59 C:\OSPanel\domains\RobotaMolodi\vendor\laravel\framework\src\Illuminate\Foundation\Http\Kernel.php(118): Illuminate\Pipeline\Pipeline->then(Object(Closure))
#60 C:\OSPanel\domains\RobotaMolodi\vendor\laravel\framework\src\Illuminate\Foundation\Http\Kernel.php(86): Illuminate\Foundation\Http\Kernel->sendRequestThroughRouter(Object(Illuminate\Http\Request))
#61 C:\OSPanel\domains\RobotaMolodi\public\index.php(53): Illuminate\Foundation\Http\Kernel->handle(Object(Illuminate\Http\Request))
#62 C:\OSPanel\domains\RobotaMolodi\server.php(21): require_once('C:\\OSPanel\\doma...')
#63 {main}  
[2018-06-21 18:33:29] local.ERROR: exception 'PDOException' with message 'SQLSTATE[42000]: Syntax error or access violation: 1055 Expression #2 of SELECT list is not in GROUP BY clause and contains nonaggregated column 'robota.vacancies.position' which is not functionally dependent on columns in GROUP BY clause; this is incompatible with sql_mode=only_full_group_by' in C:\OSPanel\domains\RobotaMolodi\vendor\laravel\framework\src\Illuminate\Database\Connection.php:307
Stack trace:
#0 C:\OSPanel\domains\RobotaMolodi\vendor\laravel\framework\src\Illuminate\Database\Connection.php(307): PDO->prepare('select `vacanci...')
#1 C:\OSPanel\domains\RobotaMolodi\vendor\laravel\framework\src\Illuminate\Database\Connection.php(622): Illuminate\Database\Connection->Illuminate\Database\{closure}(Object(Illuminate\Database\MySqlConnection), 'select `vacanci...', Array)
#2 C:\OSPanel\domains\RobotaMolodi\vendor\laravel\framework\src\Illuminate\Database\Connection.php(589): Illuminate\Database\Connection->runQueryCallback('select `vacanci...', Array, Object(Closure))
#3 C:\OSPanel\domains\RobotaMolodi\vendor\laravel\framework\src\Illuminate\Database\Connection.php(312): Illuminate\Database\Connection->run('select `vacanci...', Array, Object(Closure))
#4 C:\OSPanel\domains\RobotaMolodi\vendor\laravel\framework\src\Illuminate\Database\Query\Builder.php(1377): Illuminate\Database\Connection->select('select `vacanci...', Array, true)
#5 C:\OSPanel\domains\RobotaMolodi\vendor\laravel\framework\src\Illuminate\Database\Query\Builder.php(1367): Illuminate\Database\Query\Builder->runSelect()
#6 C:\OSPanel\domains\RobotaMolodi\vendor\laravel\framework\src\Illuminate\Database\Query\Builder.php(1352): Illuminate\Database\Query\Builder->getFresh(Array)
#7 C:\OSPanel\domains\RobotaMolodi\vendor\laravel\framework\src\Illuminate\Database\Eloquent\Builder.php(402): Illuminate\Database\Query\Builder->get(Array)
#8 C:\OSPanel\domains\RobotaMolodi\vendor\laravel\framework\src\Illuminate\Database\Eloquent\Builder.php(166): Illuminate\Database\Eloquent\Builder->getModels(Array)
#9 C:\OSPanel\domains\RobotaMolodi\vendor\laravel\framework\src\Illuminate\Database\Eloquent\Builder.php(273): Illuminate\Database\Eloquent\Builder->get(Array)
#10 C:\OSPanel\domains\RobotaMolodi\app\Http\Controllers\MainController.php(68): Illuminate\Database\Eloquent\Builder->paginate()
#11 [internal function]: App\Http\Controllers\MainController->showVacancies(Object(Illuminate\Http\Request))
#12 C:\OSPanel\domains\RobotaMolodi\vendor\laravel\framework\src\Illuminate\Routing\Controller.php(255): call_user_func_array(Array, Array)
#13 C:\OSPanel\domains\RobotaMolodi\vendor\laravel\framework\src\Illuminate\Routing\ControllerDispatcher.php(163): Illuminate\Routing\Controller->callAction('showVacancies', Array)
#14 C:\OSPanel\domains\RobotaMolodi\vendor\laravel\framework\src\Illuminate\Routing\ControllerDispatcher.php(111): Illuminate\Routing\ControllerDispatcher->call(Object(App\Http\Controllers\MainController), Object(Illuminate\Routing\Route), 'showVacancies')
#15 [internal function]: Illuminate\Routing\ControllerDispatcher->Illuminate\Routing\{closure}(Object(Illuminate\Http\Request))
#16 C:\OSPanel\domains\RobotaMolodi\vendor\laravel\framework\src\Illuminate\Pipeline\Pipeline.php(139): call_user_func(Object(Closure), Object(Illuminate\Http\Request))
#17 [internal function]: Illuminate\Pipeline\Pipeline->Illuminate\Pipeline\{closure}(Object(Illuminate\Http\Request))
#18 C:\OSPanel\domains\RobotaMolodi\vendor\laravel\framework\src\Illuminate\Pipeline\Pipeline.php(103): call_user_func(Object(Closure), Object(Illuminate\Http\Request))
#19 C:\OSPanel\domains\RobotaMolodi\vendor\laravel\framework\src\Illuminate\Routing\ControllerDispatcher.php(113): Illuminate\Pipeline\Pipeline->then(Object(Closure))
#20 C:\OSPanel\domains\RobotaMolodi\vendor\laravel\framework\src\Illuminate\Routing\ControllerDispatcher.php(68): Illuminate\Routing\ControllerDispatcher->callWithinStack(Object(App\Http\Controllers\MainController), Object(Illuminate\Routing\Route), Object(Illuminate\Http\Request), 'showVacancies')
#21 C:\OSPanel\domains\RobotaMolodi\vendor\laravel\framework\src\Illuminate\Routing\Route.php(198): Illuminate\Routing\ControllerDispatcher->dispatch(Object(Illuminate\Routing\Route), Object(Illuminate\Http\Request), 'App\\Http\\Contro...', 'showVacancies')
#22 C:\OSPanel\domains\RobotaMolodi\vendor\laravel\framework\src\Illuminate\Routing\Route.php(131): Illuminate\Routing\Route->runWithCustomDispatcher(Object(Illuminate\Http\Request))
#23 C:\OSPanel\domains\RobotaMolodi\vendor\laravel\framework\src\Illuminate\Routing\Router.php(702): Illuminate\Routing\Route->run(Object(Illuminate\Http\Request))
#24 [internal function]: Illuminate\Routing\Router->Illuminate\Routing\{closure}(Object(Illuminate\Http\Request))
#25 C:\OSPanel\domains\RobotaMolodi\vendor\laravel\framework\src\Illuminate\Pipeline\Pipeline.php(139): call_user_func(Object(Closure), Object(Illuminate\Http\Request))
#26 [internal function]: Illuminate\Pipeline\Pipeline->Illuminate\Pipeline\{closure}(Object(Illuminate\Http\Request))
#27 C:\OSPanel\domains\RobotaMolodi\vendor\laravel\framework\src\Illuminate\Pipeline\Pipeline.php(103): call_user_func(Object(Closure), Object(Illuminate\Http\Request))
#28 C:\OSPanel\domains\RobotaMolodi\vendor\laravel\framework\src\Illuminate\Routing\Router.php(704): Illuminate\Pipeline\Pipeline->then(Object(Closure))
#29 C:\OSPanel\domains\RobotaMolodi\vendor\laravel\framework\src\Illuminate\Routing\Router.php(669): Illuminate\Routing\Router->runRouteWithinStack(Object(Illuminate\Routing\Route), Object(Illuminate\Http\Request))
#30 C:\OSPanel\domains\RobotaMolodi\vendor\laravel\framework\src\Illuminate\Routing\Router.php(629): Illuminate\Routing\Router->dispatchToRoute(Object(Illuminate\Http\Request))
#31 C:\OSPanel\domains\RobotaMolodi\vendor\laravel\framework\src\Illuminate\Foundation\Http\Kernel.php(229): Illuminate\Routing\Router->dispatch(Object(Illuminate\Http\Request))
#32 [internal function]: Illuminate\Foundation\Http\Kernel->Illuminate\Foundation\Http\{closure}(Object(Illuminate\Http\Request))
#33 C:\OSPanel\domains\RobotaMolodi\vendor\laravel\framework\src\Illuminate\Pipeline\Pipeline.php(139): call_user_func(Object(Closure), Object(Illuminate\Http\Request))
#34 C:\OSPanel\domains\RobotaMolodi\vendor\proengsoft\laravel-jsvalidation\src\RemoteValidationMiddleware.php(54): Illuminate\Pipeline\Pipeline->Illuminate\Pipeline\{closure}(Object(Illuminate\Http\Request))
#35 [internal function]: Proengsoft\JsValidation\RemoteValidationMiddleware->handle(Object(Illuminate\Http\Request), Object(Closure))
#36 C:\OSPanel\domains\RobotaMolodi\vendor\laravel\framework\src\Illuminate\Pipeline\Pipeline.php(124): call_user_func_array(Array, Array)
#37 C:\OSPanel\domains\RobotaMolodi\app\Http\Middleware\LangHandler.php(30): Illuminate\Pipeline\Pipeline->Illuminate\Pipeline\{closure}(Object(Illuminate\Http\Request))
#38 [internal function]: App\Http\Middleware\LangHandler->handle(Object(Illuminate\Http\Request), Object(Closure))
#39 C:\OSPanel\domains\RobotaMolodi\vendor\laravel\framework\src\Illuminate\Pipeline\Pipeline.php(124): call_user_func_array(Array, Array)
#40 C:\OSPanel\domains\RobotaMolodi\vendor\laravel\framework\src\Illuminate\Foundation\Http\Middleware\VerifyCsrfToken.php(50): Illuminate\Pipeline\Pipeline->Illuminate\Pipeline\{closure}(Object(Illuminate\Http\Request))
#41 C:\OSPanel\domains\RobotaMolodi\app\Http\Middleware\VerifyCsrfToken.php(23): Illuminate\Foundation\Http\Middleware\VerifyCsrfToken->handle(Object(Illuminate\Http\Request), Object(Closure))
#42 [internal function]: App\Http\Middleware\VerifyCsrfToken->handle(Object(Illuminate\Http\Request), Object(Closure))
#43 C:\OSPanel\domains\RobotaMolodi\vendor\laravel\framework\src\Illuminate\Pipeline\Pipeline.php(124): call_user_func_array(Array, Array)
#44 C:\OSPanel\domains\RobotaMolodi\vendor\laravel\framework\src\Illuminate\View\Middleware\ShareErrorsFromSession.php(54): Illuminate\Pipeline\Pipeline->Illuminate\Pipeline\{closure}(Object(Illuminate\Http\Request))
#45 [internal function]: Illuminate\View\Middleware\ShareErrorsFromSession->handle(Object(Illuminate\Http\Request), Object(Closure))
#46 C:\OSPanel\domains\RobotaMolodi\vendor\laravel\framework\src\Illuminate\Pipeline\Pipeline.php(124): call_user_func_array(Array, Array)
#47 C:\OSPanel\domains\RobotaMolodi\vendor\laravel\framework\src\Illuminate\Session\Middleware\StartSession.php(61): Illuminate\Pipeline\Pipeline->Illuminate\Pipeline\{closure}(Object(Illuminate\Http\Request))
#48 [internal function]: Illuminate\Session\Middleware\StartSession->handle(Object(Illuminate\Http\Request), Object(Closure))
#49 C:\OSPanel\domains\RobotaMolodi\vendor\laravel\framework\src\Illuminate\Pipeline\Pipeline.php(124): call_user_func_array(Array, Array)
#50 C:\OSPanel\domains\RobotaMolodi\vendor\laravel\framework\src\Illuminate\Cookie\Middleware\AddQueuedCookiesToResponse.php(37): Illuminate\Pipeline\Pipeline->Illuminate\Pipeline\{closure}(Object(Illuminate\Http\Request))
#51 [internal function]: Illuminate\Cookie\Middleware\AddQueuedCookiesToResponse->handle(Object(Illuminate\Http\Request), Object(Closure))
#52 C:\OSPanel\domains\RobotaMolodi\vendor\laravel\framework\src\Illuminate\Pipeline\Pipeline.php(124): call_user_func_array(Array, Array)
#53 C:\OSPanel\domains\RobotaMolodi\vendor\laravel\framework\src\Illuminate\Cookie\Middleware\EncryptCookies.php(59): Illuminate\Pipeline\Pipeline->Illuminate\Pipeline\{closure}(Object(Illuminate\Http\Request))
#54 [internal function]: Illuminate\Cookie\Middleware\EncryptCookies->handle(Object(Illuminate\Http\Request), Object(Closure))
#55 C:\OSPanel\domains\RobotaMolodi\vendor\laravel\framework\src\Illuminate\Pipeline\Pipeline.php(124): call_user_func_array(Array, Array)
#56 C:\OSPanel\domains\RobotaMolodi\vendor\laravel\framework\src\Illuminate\Foundation\Http\Middleware\CheckForMaintenanceMode.php(42): Illuminate\Pipeline\Pipeline->Illuminate\Pipeline\{closure}(Object(Illuminate\Http\Request))
#57 [internal function]: Illuminate\Foundation\Http\Middleware\CheckForMaintenanceMode->handle(Object(Illuminate\Http\Request), Object(Closure))
#58 C:\OSPanel\domains\RobotaMolodi\vendor\laravel\framework\src\Illuminate\Pipeline\Pipeline.php(124): call_user_func_array(Array, Array)
#59 [internal function]: Illuminate\Pipeline\Pipeline->Illuminate\Pipeline\{closure}(Object(Illuminate\Http\Request))
#60 C:\OSPanel\domains\RobotaMolodi\vendor\laravel\framework\src\Illuminate\Pipeline\Pipeline.php(103): call_user_func(Object(Closure), Object(Illuminate\Http\Request))
#61 C:\OSPanel\domains\RobotaMolodi\vendor\laravel\framework\src\Illuminate\Foundation\Http\Kernel.php(118): Illuminate\Pipeline\Pipeline->then(Object(Closure))
#62 C:\OSPanel\domains\RobotaMolodi\vendor\laravel\framework\src\Illuminate\Foundation\Http\Kernel.php(86): Illuminate\Foundation\Http\Kernel->sendRequestThroughRouter(Object(Illuminate\Http\Request))
#63 C:\OSPanel\domains\RobotaMolodi\public\index.php(53): Illuminate\Foundation\Http\Kernel->handle(Object(Illuminate\Http\Request))
#64 C:\OSPanel\domains\RobotaMolodi\server.php(21): require_once('C:\\OSPanel\\doma...')
#65 {main}

Next exception 'Illuminate\Database\QueryException' with message 'SQLSTATE[42000]: Syntax error or access violation: 1055 Expression #2 of SELECT list is not in GROUP BY clause and contains nonaggregated column 'robota.vacancies.position' which is not functionally dependent on columns in GROUP BY clause; this is incompatible with sql_mode=only_full_group_by (SQL: select `vacancies`.* from `vacancies` left join `ratings` on `ratings`.`object_id` = `vacancies`.`id` and `object_type` = vac where `published` != 0 and `blocked` = 0 and `published` != 0 and `blocked` = 0 group by `vacancies`.`id` order by sum(ifnull(ratings.value, 0)) desc limit 4 offset 0)' in C:\OSPanel\domains\RobotaMolodi\vendor\laravel\framework\src\Illuminate\Database\Connection.php:629
Stack trace:
#0 C:\OSPanel\domains\RobotaMolodi\vendor\laravel\framework\src\Illuminate\Database\Connection.php(589): Illuminate\Database\Connection->runQueryCallback('select `vacanci...', Array, Object(Closure))
#1 C:\OSPanel\domains\RobotaMolodi\vendor\laravel\framework\src\Illuminate\Database\Connection.php(312): Illuminate\Database\Connection->run('select `vacanci...', Array, Object(Closure))
#2 C:\OSPanel\domains\RobotaMolodi\vendor\laravel\framework\src\Illuminate\Database\Query\Builder.php(1377): Illuminate\Database\Connection->select('select `vacanci...', Array, true)
#3 C:\OSPanel\domains\RobotaMolodi\vendor\laravel\framework\src\Illuminate\Database\Query\Builder.php(1367): Illuminate\Database\Query\Builder->runSelect()
#4 C:\OSPanel\domains\RobotaMolodi\vendor\laravel\framework\src\Illuminate\Database\Query\Builder.php(1352): Illuminate\Database\Query\Builder->getFresh(Array)
#5 C:\OSPanel\domains\RobotaMolodi\vendor\laravel\framework\src\Illuminate\Database\Eloquent\Builder.php(402): Illuminate\Database\Query\Builder->get(Array)
#6 C:\OSPanel\domains\RobotaMolodi\vendor\laravel\framework\src\Illuminate\Database\Eloquent\Builder.php(166): Illuminate\Database\Eloquent\Builder->getModels(Array)
#7 C:\OSPanel\domains\RobotaMolodi\vendor\laravel\framework\src\Illuminate\Database\Eloquent\Builder.php(273): Illuminate\Database\Eloquent\Builder->get(Array)
#8 C:\OSPanel\domains\RobotaMolodi\app\Http\Controllers\MainController.php(68): Illuminate\Database\Eloquent\Builder->paginate()
#9 [internal function]: App\Http\Controllers\MainController->showVacancies(Object(Illuminate\Http\Request))
#10 C:\OSPanel\domains\RobotaMolodi\vendor\laravel\framework\src\Illuminate\Routing\Controller.php(255): call_user_func_array(Array, Array)
#11 C:\OSPanel\domains\RobotaMolodi\vendor\laravel\framework\src\Illuminate\Routing\ControllerDispatcher.php(163): Illuminate\Routing\Controller->callAction('showVacancies', Array)
#12 C:\OSPanel\domains\RobotaMolodi\vendor\laravel\framework\src\Illuminate\Routing\ControllerDispatcher.php(111): Illuminate\Routing\ControllerDispatcher->call(Object(App\Http\Controllers\MainController), Object(Illuminate\Routing\Route), 'showVacancies')
#13 [internal function]: Illuminate\Routing\ControllerDispatcher->Illuminate\Routing\{closure}(Object(Illuminate\Http\Request))
#14 C:\OSPanel\domains\RobotaMolodi\vendor\laravel\framework\src\Illuminate\Pipeline\Pipeline.php(139): call_user_func(Object(Closure), Object(Illuminate\Http\Request))
#15 [internal function]: Illuminate\Pipeline\Pipeline->Illuminate\Pipeline\{closure}(Object(Illuminate\Http\Request))
#16 C:\OSPanel\domains\RobotaMolodi\vendor\laravel\framework\src\Illuminate\Pipeline\Pipeline.php(103): call_user_func(Object(Closure), Object(Illuminate\Http\Request))
#17 C:\OSPanel\domains\RobotaMolodi\vendor\laravel\framework\src\Illuminate\Routing\ControllerDispatcher.php(113): Illuminate\Pipeline\Pipeline->then(Object(Closure))
#18 C:\OSPanel\domains\RobotaMolodi\vendor\laravel\framework\src\Illuminate\Routing\ControllerDispatcher.php(68): Illuminate\Routing\ControllerDispatcher->callWithinStack(Object(App\Http\Controllers\MainController), Object(Illuminate\Routing\Route), Object(Illuminate\Http\Request), 'showVacancies')
#19 C:\OSPanel\domains\RobotaMolodi\vendor\laravel\framework\src\Illuminate\Routing\Route.php(198): Illuminate\Routing\ControllerDispatcher->dispatch(Object(Illuminate\Routing\Route), Object(Illuminate\Http\Request), 'App\\Http\\Contro...', 'showVacancies')
#20 C:\OSPanel\domains\RobotaMolodi\vendor\laravel\framework\src\Illuminate\Routing\Route.php(131): Illuminate\Routing\Route->runWithCustomDispatcher(Object(Illuminate\Http\Request))
#21 C:\OSPanel\domains\RobotaMolodi\vendor\laravel\framework\src\Illuminate\Routing\Router.php(702): Illuminate\Routing\Route->run(Object(Illuminate\Http\Request))
#22 [internal function]: Illuminate\Routing\Router->Illuminate\Routing\{closure}(Object(Illuminate\Http\Request))
#23 C:\OSPanel\domains\RobotaMolodi\vendor\laravel\framework\src\Illuminate\Pipeline\Pipeline.php(139): call_user_func(Object(Closure), Object(Illuminate\Http\Request))
#24 [internal function]: Illuminate\Pipeline\Pipeline->Illuminate\Pipeline\{closure}(Object(Illuminate\Http\Request))
#25 C:\OSPanel\domains\RobotaMolodi\vendor\laravel\framework\src\Illuminate\Pipeline\Pipeline.php(103): call_user_func(Object(Closure), Object(Illuminate\Http\Request))
#26 C:\OSPanel\domains\RobotaMolodi\vendor\laravel\framework\src\Illuminate\Routing\Router.php(704): Illuminate\Pipeline\Pipeline->then(Object(Closure))
#27 C:\OSPanel\domains\RobotaMolodi\vendor\laravel\framework\src\Illuminate\Routing\Router.php(669): Illuminate\Routing\Router->runRouteWithinStack(Object(Illuminate\Routing\Route), Object(Illuminate\Http\Request))
#28 C:\OSPanel\domains\RobotaMolodi\vendor\laravel\framework\src\Illuminate\Routing\Router.php(629): Illuminate\Routing\Router->dispatchToRoute(Object(Illuminate\Http\Request))
#29 C:\OSPanel\domains\RobotaMolodi\vendor\laravel\framework\src\Illuminate\Foundation\Http\Kernel.php(229): Illuminate\Routing\Router->dispatch(Object(Illuminate\Http\Request))
#30 [internal function]: Illuminate\Foundation\Http\Kernel->Illuminate\Foundation\Http\{closure}(Object(Illuminate\Http\Request))
#31 C:\OSPanel\domains\RobotaMolodi\vendor\laravel\framework\src\Illuminate\Pipeline\Pipeline.php(139): call_user_func(Object(Closure), Object(Illuminate\Http\Request))
#32 C:\OSPanel\domains\RobotaMolodi\vendor\proengsoft\laravel-jsvalidation\src\RemoteValidationMiddleware.php(54): Illuminate\Pipeline\Pipeline->Illuminate\Pipeline\{closure}(Object(Illuminate\Http\Request))
#33 [internal function]: Proengsoft\JsValidation\RemoteValidationMiddleware->handle(Object(Illuminate\Http\Request), Object(Closure))
#34 C:\OSPanel\domains\RobotaMolodi\vendor\laravel\framework\src\Illuminate\Pipeline\Pipeline.php(124): call_user_func_array(Array, Array)
#35 C:\OSPanel\domains\RobotaMolodi\app\Http\Middleware\LangHandler.php(30): Illuminate\Pipeline\Pipeline->Illuminate\Pipeline\{closure}(Object(Illuminate\Http\Request))
#36 [internal function]: App\Http\Middleware\LangHandler->handle(Object(Illuminate\Http\Request), Object(Closure))
#37 C:\OSPanel\domains\RobotaMolodi\vendor\laravel\framework\src\Illuminate\Pipeline\Pipeline.php(124): call_user_func_array(Array, Array)
#38 C:\OSPanel\domains\RobotaMolodi\vendor\laravel\framework\src\Illuminate\Foundation\Http\Middleware\VerifyCsrfToken.php(50): Illuminate\Pipeline\Pipeline->Illuminate\Pipeline\{closure}(Object(Illuminate\Http\Request))
#39 C:\OSPanel\domains\RobotaMolodi\app\Http\Middleware\VerifyCsrfToken.php(23): Illuminate\Foundation\Http\Middleware\VerifyCsrfToken->handle(Object(Illuminate\Http\Request), Object(Closure))
#40 [internal function]: App\Http\Middleware\VerifyCsrfToken->handle(Object(Illuminate\Http\Request), Object(Closure))
#41 C:\OSPanel\domains\RobotaMolodi\vendor\laravel\framework\src\Illuminate\Pipeline\Pipeline.php(124): call_user_func_array(Array, Array)
#42 C:\OSPanel\domains\RobotaMolodi\vendor\laravel\framework\src\Illuminate\View\Middleware\ShareErrorsFromSession.php(54): Illuminate\Pipeline\Pipeline->Illuminate\Pipeline\{closure}(Object(Illuminate\Http\Request))
#43 [internal function]: Illuminate\View\Middleware\ShareErrorsFromSession->handle(Object(Illuminate\Http\Request), Object(Closure))
#44 C:\OSPanel\domains\RobotaMolodi\vendor\laravel\framework\src\Illuminate\Pipeline\Pipeline.php(124): call_user_func_array(Array, Array)
#45 C:\OSPanel\domains\RobotaMolodi\vendor\laravel\framework\src\Illuminate\Session\Middleware\StartSession.php(61): Illuminate\Pipeline\Pipeline->Illuminate\Pipeline\{closure}(Object(Illuminate\Http\Request))
#46 [internal function]: Illuminate\Session\Middleware\StartSession->handle(Object(Illuminate\Http\Request), Object(Closure))
#47 C:\OSPanel\domains\RobotaMolodi\vendor\laravel\framework\src\Illuminate\Pipeline\Pipeline.php(124): call_user_func_array(Array, Array)
#48 C:\OSPanel\domains\RobotaMolodi\vendor\laravel\framework\src\Illuminate\Cookie\Middleware\AddQueuedCookiesToResponse.php(37): Illuminate\Pipeline\Pipeline->Illuminate\Pipeline\{closure}(Object(Illuminate\Http\Request))
#49 [internal function]: Illuminate\Cookie\Middleware\AddQueuedCookiesToResponse->handle(Object(Illuminate\Http\Request), Object(Closure))
#50 C:\OSPanel\domains\RobotaMolodi\vendor\laravel\framework\src\Illuminate\Pipeline\Pipeline.php(124): call_user_func_array(Array, Array)
#51 C:\OSPanel\domains\RobotaMolodi\vendor\laravel\framework\src\Illuminate\Cookie\Middleware\EncryptCookies.php(59): Illuminate\Pipeline\Pipeline->Illuminate\Pipeline\{closure}(Object(Illuminate\Http\Request))
#52 [internal function]: Illuminate\Cookie\Middleware\EncryptCookies->handle(Object(Illuminate\Http\Request), Object(Closure))
#53 C:\OSPanel\domains\RobotaMolodi\vendor\laravel\framework\src\Illuminate\Pipeline\Pipeline.php(124): call_user_func_array(Array, Array)
#54 C:\OSPanel\domains\RobotaMolodi\vendor\laravel\framework\src\Illuminate\Foundation\Http\Middleware\CheckForMaintenanceMode.php(42): Illuminate\Pipeline\Pipeline->Illuminate\Pipeline\{closure}(Object(Illuminate\Http\Request))
#55 [internal function]: Illuminate\Foundation\Http\Middleware\CheckForMaintenanceMode->handle(Object(Illuminate\Http\Request), Object(Closure))
#56 C:\OSPanel\domains\RobotaMolodi\vendor\laravel\framework\src\Illuminate\Pipeline\Pipeline.php(124): call_user_func_array(Array, Array)
#57 [internal function]: Illuminate\Pipeline\Pipeline->Illuminate\Pipeline\{closure}(Object(Illuminate\Http\Request))
#58 C:\OSPanel\domains\RobotaMolodi\vendor\laravel\framework\src\Illuminate\Pipeline\Pipeline.php(103): call_user_func(Object(Closure), Object(Illuminate\Http\Request))
#59 C:\OSPanel\domains\RobotaMolodi\vendor\laravel\framework\src\Illuminate\Foundation\Http\Kernel.php(118): Illuminate\Pipeline\Pipeline->then(Object(Closure))
#60 C:\OSPanel\domains\RobotaMolodi\vendor\laravel\framework\src\Illuminate\Foundation\Http\Kernel.php(86): Illuminate\Foundation\Http\Kernel->sendRequestThroughRouter(Object(Illuminate\Http\Request))
#61 C:\OSPanel\domains\RobotaMolodi\public\index.php(53): Illuminate\Foundation\Http\Kernel->handle(Object(Illuminate\Http\Request))
#62 C:\OSPanel\domains\RobotaMolodi\server.php(21): require_once('C:\\OSPanel\\doma...')
#63 {main}  
[2018-06-21 18:33:29] local.ERROR: exception 'PDOException' with message 'SQLSTATE[42000]: Syntax error or access violation: 1055 Expression #2 of SELECT list is not in GROUP BY clause and contains nonaggregated column 'robota.vacancies.position' which is not functionally dependent on columns in GROUP BY clause; this is incompatible with sql_mode=only_full_group_by' in C:\OSPanel\domains\RobotaMolodi\vendor\laravel\framework\src\Illuminate\Database\Connection.php:307
Stack trace:
#0 C:\OSPanel\domains\RobotaMolodi\vendor\laravel\framework\src\Illuminate\Database\Connection.php(307): PDO->prepare('select `vacanci...')
#1 C:\OSPanel\domains\RobotaMolodi\vendor\laravel\framework\src\Illuminate\Database\Connection.php(622): Illuminate\Database\Connection->Illuminate\Database\{closure}(Object(Illuminate\Database\MySqlConnection), 'select `vacanci...', Array)
#2 C:\OSPanel\domains\RobotaMolodi\vendor\laravel\framework\src\Illuminate\Database\Connection.php(589): Illuminate\Database\Connection->runQueryCallback('select `vacanci...', Array, Object(Closure))
#3 C:\OSPanel\domains\RobotaMolodi\vendor\laravel\framework\src\Illuminate\Database\Connection.php(312): Illuminate\Database\Connection->run('select `vacanci...', Array, Object(Closure))
#4 C:\OSPanel\domains\RobotaMolodi\vendor\laravel\framework\src\Illuminate\Database\Query\Builder.php(1377): Illuminate\Database\Connection->select('select `vacanci...', Array, true)
#5 C:\OSPanel\domains\RobotaMolodi\vendor\laravel\framework\src\Illuminate\Database\Query\Builder.php(1367): Illuminate\Database\Query\Builder->runSelect()
#6 C:\OSPanel\domains\RobotaMolodi\vendor\laravel\framework\src\Illuminate\Database\Query\Builder.php(1352): Illuminate\Database\Query\Builder->getFresh(Array)
#7 C:\OSPanel\domains\RobotaMolodi\vendor\laravel\framework\src\Illuminate\Database\Eloquent\Builder.php(402): Illuminate\Database\Query\Builder->get(Array)
#8 C:\OSPanel\domains\RobotaMolodi\vendor\laravel\framework\src\Illuminate\Database\Eloquent\Builder.php(166): Illuminate\Database\Eloquent\Builder->getModels(Array)
#9 C:\OSPanel\domains\RobotaMolodi\vendor\laravel\framework\src\Illuminate\Database\Eloquent\Builder.php(273): Illuminate\Database\Eloquent\Builder->get(Array)
#10 C:\OSPanel\domains\RobotaMolodi\app\Http\Controllers\MainController.php(68): Illuminate\Database\Eloquent\Builder->paginate()
#11 [internal function]: App\Http\Controllers\MainController->showVacancies(Object(Illuminate\Http\Request))
#12 C:\OSPanel\domains\RobotaMolodi\vendor\laravel\framework\src\Illuminate\Routing\Controller.php(255): call_user_func_array(Array, Array)
#13 C:\OSPanel\domains\RobotaMolodi\vendor\laravel\framework\src\Illuminate\Routing\ControllerDispatcher.php(163): Illuminate\Routing\Controller->callAction('showVacancies', Array)
#14 C:\OSPanel\domains\RobotaMolodi\vendor\laravel\framework\src\Illuminate\Routing\ControllerDispatcher.php(111): Illuminate\Routing\ControllerDispatcher->call(Object(App\Http\Controllers\MainController), Object(Illuminate\Routing\Route), 'showVacancies')
#15 [internal function]: Illuminate\Routing\ControllerDispatcher->Illuminate\Routing\{closure}(Object(Illuminate\Http\Request))
#16 C:\OSPanel\domains\RobotaMolodi\vendor\laravel\framework\src\Illuminate\Pipeline\Pipeline.php(139): call_user_func(Object(Closure), Object(Illuminate\Http\Request))
#17 [internal function]: Illuminate\Pipeline\Pipeline->Illuminate\Pipeline\{closure}(Object(Illuminate\Http\Request))
#18 C:\OSPanel\domains\RobotaMolodi\vendor\laravel\framework\src\Illuminate\Pipeline\Pipeline.php(103): call_user_func(Object(Closure), Object(Illuminate\Http\Request))
#19 C:\OSPanel\domains\RobotaMolodi\vendor\laravel\framework\src\Illuminate\Routing\ControllerDispatcher.php(113): Illuminate\Pipeline\Pipeline->then(Object(Closure))
#20 C:\OSPanel\domains\RobotaMolodi\vendor\laravel\framework\src\Illuminate\Routing\ControllerDispatcher.php(68): Illuminate\Routing\ControllerDispatcher->callWithinStack(Object(App\Http\Controllers\MainController), Object(Illuminate\Routing\Route), Object(Illuminate\Http\Request), 'showVacancies')
#21 C:\OSPanel\domains\RobotaMolodi\vendor\laravel\framework\src\Illuminate\Routing\Route.php(198): Illuminate\Routing\ControllerDispatcher->dispatch(Object(Illuminate\Routing\Route), Object(Illuminate\Http\Request), 'App\\Http\\Contro...', 'showVacancies')
#22 C:\OSPanel\domains\RobotaMolodi\vendor\laravel\framework\src\Illuminate\Routing\Route.php(131): Illuminate\Routing\Route->runWithCustomDispatcher(Object(Illuminate\Http\Request))
#23 C:\OSPanel\domains\RobotaMolodi\vendor\laravel\framework\src\Illuminate\Routing\Router.php(702): Illuminate\Routing\Route->run(Object(Illuminate\Http\Request))
#24 [internal function]: Illuminate\Routing\Router->Illuminate\Routing\{closure}(Object(Illuminate\Http\Request))
#25 C:\OSPanel\domains\RobotaMolodi\vendor\laravel\framework\src\Illuminate\Pipeline\Pipeline.php(139): call_user_func(Object(Closure), Object(Illuminate\Http\Request))
#26 [internal function]: Illuminate\Pipeline\Pipeline->Illuminate\Pipeline\{closure}(Object(Illuminate\Http\Request))
#27 C:\OSPanel\domains\RobotaMolodi\vendor\laravel\framework\src\Illuminate\Pipeline\Pipeline.php(103): call_user_func(Object(Closure), Object(Illuminate\Http\Request))
#28 C:\OSPanel\domains\RobotaMolodi\vendor\laravel\framework\src\Illuminate\Routing\Router.php(704): Illuminate\Pipeline\Pipeline->then(Object(Closure))
#29 C:\OSPanel\domains\RobotaMolodi\vendor\laravel\framework\src\Illuminate\Routing\Router.php(669): Illuminate\Routing\Router->runRouteWithinStack(Object(Illuminate\Routing\Route), Object(Illuminate\Http\Request))
#30 C:\OSPanel\domains\RobotaMolodi\vendor\laravel\framework\src\Illuminate\Routing\Router.php(629): Illuminate\Routing\Router->dispatchToRoute(Object(Illuminate\Http\Request))
#31 C:\OSPanel\domains\RobotaMolodi\vendor\laravel\framework\src\Illuminate\Foundation\Http\Kernel.php(229): Illuminate\Routing\Router->dispatch(Object(Illuminate\Http\Request))
#32 [internal function]: Illuminate\Foundation\Http\Kernel->Illuminate\Foundation\Http\{closure}(Object(Illuminate\Http\Request))
#33 C:\OSPanel\domains\RobotaMolodi\vendor\laravel\framework\src\Illuminate\Pipeline\Pipeline.php(139): call_user_func(Object(Closure), Object(Illuminate\Http\Request))
#34 C:\OSPanel\domains\RobotaMolodi\vendor\proengsoft\laravel-jsvalidation\src\RemoteValidationMiddleware.php(54): Illuminate\Pipeline\Pipeline->Illuminate\Pipeline\{closure}(Object(Illuminate\Http\Request))
#35 [internal function]: Proengsoft\JsValidation\RemoteValidationMiddleware->handle(Object(Illuminate\Http\Request), Object(Closure))
#36 C:\OSPanel\domains\RobotaMolodi\vendor\laravel\framework\src\Illuminate\Pipeline\Pipeline.php(124): call_user_func_array(Array, Array)
#37 C:\OSPanel\domains\RobotaMolodi\app\Http\Middleware\LangHandler.php(30): Illuminate\Pipeline\Pipeline->Illuminate\Pipeline\{closure}(Object(Illuminate\Http\Request))
#38 [internal function]: App\Http\Middleware\LangHandler->handle(Object(Illuminate\Http\Request), Object(Closure))
#39 C:\OSPanel\domains\RobotaMolodi\vendor\laravel\framework\src\Illuminate\Pipeline\Pipeline.php(124): call_user_func_array(Array, Array)
#40 C:\OSPanel\domains\RobotaMolodi\vendor\laravel\framework\src\Illuminate\Foundation\Http\Middleware\VerifyCsrfToken.php(50): Illuminate\Pipeline\Pipeline->Illuminate\Pipeline\{closure}(Object(Illuminate\Http\Request))
#41 C:\OSPanel\domains\RobotaMolodi\app\Http\Middleware\VerifyCsrfToken.php(23): Illuminate\Foundation\Http\Middleware\VerifyCsrfToken->handle(Object(Illuminate\Http\Request), Object(Closure))
#42 [internal function]: App\Http\Middleware\VerifyCsrfToken->handle(Object(Illuminate\Http\Request), Object(Closure))
#43 C:\OSPanel\domains\RobotaMolodi\vendor\laravel\framework\src\Illuminate\Pipeline\Pipeline.php(124): call_user_func_array(Array, Array)
#44 C:\OSPanel\domains\RobotaMolodi\vendor\laravel\framework\src\Illuminate\View\Middleware\ShareErrorsFromSession.php(54): Illuminate\Pipeline\Pipeline->Illuminate\Pipeline\{closure}(Object(Illuminate\Http\Request))
#45 [internal function]: Illuminate\View\Middleware\ShareErrorsFromSession->handle(Object(Illuminate\Http\Request), Object(Closure))
#46 C:\OSPanel\domains\RobotaMolodi\vendor\laravel\framework\src\Illuminate\Pipeline\Pipeline.php(124): call_user_func_array(Array, Array)
#47 C:\OSPanel\domains\RobotaMolodi\vendor\laravel\framework\src\Illuminate\Session\Middleware\StartSession.php(61): Illuminate\Pipeline\Pipeline->Illuminate\Pipeline\{closure}(Object(Illuminate\Http\Request))
#48 [internal function]: Illuminate\Session\Middleware\StartSession->handle(Object(Illuminate\Http\Request), Object(Closure))
#49 C:\OSPanel\domains\RobotaMolodi\vendor\laravel\framework\src\Illuminate\Pipeline\Pipeline.php(124): call_user_func_array(Array, Array)
#50 C:\OSPanel\domains\RobotaMolodi\vendor\laravel\framework\src\Illuminate\Cookie\Middleware\AddQueuedCookiesToResponse.php(37): Illuminate\Pipeline\Pipeline->Illuminate\Pipeline\{closure}(Object(Illuminate\Http\Request))
#51 [internal function]: Illuminate\Cookie\Middleware\AddQueuedCookiesToResponse->handle(Object(Illuminate\Http\Request), Object(Closure))
#52 C:\OSPanel\domains\RobotaMolodi\vendor\laravel\framework\src\Illuminate\Pipeline\Pipeline.php(124): call_user_func_array(Array, Array)
#53 C:\OSPanel\domains\RobotaMolodi\vendor\laravel\framework\src\Illuminate\Cookie\Middleware\EncryptCookies.php(59): Illuminate\Pipeline\Pipeline->Illuminate\Pipeline\{closure}(Object(Illuminate\Http\Request))
#54 [internal function]: Illuminate\Cookie\Middleware\EncryptCookies->handle(Object(Illuminate\Http\Request), Object(Closure))
#55 C:\OSPanel\domains\RobotaMolodi\vendor\laravel\framework\src\Illuminate\Pipeline\Pipeline.php(124): call_user_func_array(Array, Array)
#56 C:\OSPanel\domains\RobotaMolodi\vendor\laravel\framework\src\Illuminate\Foundation\Http\Middleware\CheckForMaintenanceMode.php(42): Illuminate\Pipeline\Pipeline->Illuminate\Pipeline\{closure}(Object(Illuminate\Http\Request))
#57 [internal function]: Illuminate\Foundation\Http\Middleware\CheckForMaintenanceMode->handle(Object(Illuminate\Http\Request), Object(Closure))
#58 C:\OSPanel\domains\RobotaMolodi\vendor\laravel\framework\src\Illuminate\Pipeline\Pipeline.php(124): call_user_func_array(Array, Array)
#59 [internal function]: Illuminate\Pipeline\Pipeline->Illuminate\Pipeline\{closure}(Object(Illuminate\Http\Request))
#60 C:\OSPanel\domains\RobotaMolodi\vendor\laravel\framework\src\Illuminate\Pipeline\Pipeline.php(103): call_user_func(Object(Closure), Object(Illuminate\Http\Request))
#61 C:\OSPanel\domains\RobotaMolodi\vendor\laravel\framework\src\Illuminate\Foundation\Http\Kernel.php(118): Illuminate\Pipeline\Pipeline->then(Object(Closure))
#62 C:\OSPanel\domains\RobotaMolodi\vendor\laravel\framework\src\Illuminate\Foundation\Http\Kernel.php(86): Illuminate\Foundation\Http\Kernel->sendRequestThroughRouter(Object(Illuminate\Http\Request))
#63 C:\OSPanel\domains\RobotaMolodi\public\index.php(53): Illuminate\Foundation\Http\Kernel->handle(Object(Illuminate\Http\Request))
#64 C:\OSPanel\domains\RobotaMolodi\server.php(21): require_once('C:\\OSPanel\\doma...')
#65 {main}

Next exception 'Illuminate\Database\QueryException' with message 'SQLSTATE[42000]: Syntax error or access violation: 1055 Expression #2 of SELECT list is not in GROUP BY clause and contains nonaggregated column 'robota.vacancies.position' which is not functionally dependent on columns in GROUP BY clause; this is incompatible with sql_mode=only_full_group_by (SQL: select `vacancies`.* from `vacancies` left join `ratings` on `ratings`.`object_id` = `vacancies`.`id` and `object_type` = vac where `published` != 0 and `blocked` = 0 and `published` != 0 and `blocked` = 0 group by `vacancies`.`id` order by sum(ifnull(ratings.value, 0)) asc limit 4 offset 0)' in C:\OSPanel\domains\RobotaMolodi\vendor\laravel\framework\src\Illuminate\Database\Connection.php:629
Stack trace:
#0 C:\OSPanel\domains\RobotaMolodi\vendor\laravel\framework\src\Illuminate\Database\Connection.php(589): Illuminate\Database\Connection->runQueryCallback('select `vacanci...', Array, Object(Closure))
#1 C:\OSPanel\domains\RobotaMolodi\vendor\laravel\framework\src\Illuminate\Database\Connection.php(312): Illuminate\Database\Connection->run('select `vacanci...', Array, Object(Closure))
#2 C:\OSPanel\domains\RobotaMolodi\vendor\laravel\framework\src\Illuminate\Database\Query\Builder.php(1377): Illuminate\Database\Connection->select('select `vacanci...', Array, true)
#3 C:\OSPanel\domains\RobotaMolodi\vendor\laravel\framework\src\Illuminate\Database\Query\Builder.php(1367): Illuminate\Database\Query\Builder->runSelect()
#4 C:\OSPanel\domains\RobotaMolodi\vendor\laravel\framework\src\Illuminate\Database\Query\Builder.php(1352): Illuminate\Database\Query\Builder->getFresh(Array)
#5 C:\OSPanel\domains\RobotaMolodi\vendor\laravel\framework\src\Illuminate\Database\Eloquent\Builder.php(402): Illuminate\Database\Query\Builder->get(Array)
#6 C:\OSPanel\domains\RobotaMolodi\vendor\laravel\framework\src\Illuminate\Database\Eloquent\Builder.php(166): Illuminate\Database\Eloquent\Builder->getModels(Array)
#7 C:\OSPanel\domains\RobotaMolodi\vendor\laravel\framework\src\Illuminate\Database\Eloquent\Builder.php(273): Illuminate\Database\Eloquent\Builder->get(Array)
#8 C:\OSPanel\domains\RobotaMolodi\app\Http\Controllers\MainController.php(68): Illuminate\Database\Eloquent\Builder->paginate()
#9 [internal function]: App\Http\Controllers\MainController->showVacancies(Object(Illuminate\Http\Request))
#10 C:\OSPanel\domains\RobotaMolodi\vendor\laravel\framework\src\Illuminate\Routing\Controller.php(255): call_user_func_array(Array, Array)
#11 C:\OSPanel\domains\RobotaMolodi\vendor\laravel\framework\src\Illuminate\Routing\ControllerDispatcher.php(163): Illuminate\Routing\Controller->callAction('showVacancies', Array)
#12 C:\OSPanel\domains\RobotaMolodi\vendor\laravel\framework\src\Illuminate\Routing\ControllerDispatcher.php(111): Illuminate\Routing\ControllerDispatcher->call(Object(App\Http\Controllers\MainController), Object(Illuminate\Routing\Route), 'showVacancies')
#13 [internal function]: Illuminate\Routing\ControllerDispatcher->Illuminate\Routing\{closure}(Object(Illuminate\Http\Request))
#14 C:\OSPanel\domains\RobotaMolodi\vendor\laravel\framework\src\Illuminate\Pipeline\Pipeline.php(139): call_user_func(Object(Closure), Object(Illuminate\Http\Request))
#15 [internal function]: Illuminate\Pipeline\Pipeline->Illuminate\Pipeline\{closure}(Object(Illuminate\Http\Request))
#16 C:\OSPanel\domains\RobotaMolodi\vendor\laravel\framework\src\Illuminate\Pipeline\Pipeline.php(103): call_user_func(Object(Closure), Object(Illuminate\Http\Request))
#17 C:\OSPanel\domains\RobotaMolodi\vendor\laravel\framework\src\Illuminate\Routing\ControllerDispatcher.php(113): Illuminate\Pipeline\Pipeline->then(Object(Closure))
#18 C:\OSPanel\domains\RobotaMolodi\vendor\laravel\framework\src\Illuminate\Routing\ControllerDispatcher.php(68): Illuminate\Routing\ControllerDispatcher->callWithinStack(Object(App\Http\Controllers\MainController), Object(Illuminate\Routing\Route), Object(Illuminate\Http\Request), 'showVacancies')
#19 C:\OSPanel\domains\RobotaMolodi\vendor\laravel\framework\src\Illuminate\Routing\Route.php(198): Illuminate\Routing\ControllerDispatcher->dispatch(Object(Illuminate\Routing\Route), Object(Illuminate\Http\Request), 'App\\Http\\Contro...', 'showVacancies')
#20 C:\OSPanel\domains\RobotaMolodi\vendor\laravel\framework\src\Illuminate\Routing\Route.php(131): Illuminate\Routing\Route->runWithCustomDispatcher(Object(Illuminate\Http\Request))
#21 C:\OSPanel\domains\RobotaMolodi\vendor\laravel\framework\src\Illuminate\Routing\Router.php(702): Illuminate\Routing\Route->run(Object(Illuminate\Http\Request))
#22 [internal function]: Illuminate\Routing\Router->Illuminate\Routing\{closure}(Object(Illuminate\Http\Request))
#23 C:\OSPanel\domains\RobotaMolodi\vendor\laravel\framework\src\Illuminate\Pipeline\Pipeline.php(139): call_user_func(Object(Closure), Object(Illuminate\Http\Request))
#24 [internal function]: Illuminate\Pipeline\Pipeline->Illuminate\Pipeline\{closure}(Object(Illuminate\Http\Request))
#25 C:\OSPanel\domains\RobotaMolodi\vendor\laravel\framework\src\Illuminate\Pipeline\Pipeline.php(103): call_user_func(Object(Closure), Object(Illuminate\Http\Request))
#26 C:\OSPanel\domains\RobotaMolodi\vendor\laravel\framework\src\Illuminate\Routing\Router.php(704): Illuminate\Pipeline\Pipeline->then(Object(Closure))
#27 C:\OSPanel\domains\RobotaMolodi\vendor\laravel\framework\src\Illuminate\Routing\Router.php(669): Illuminate\Routing\Router->runRouteWithinStack(Object(Illuminate\Routing\Route), Object(Illuminate\Http\Request))
#28 C:\OSPanel\domains\RobotaMolodi\vendor\laravel\framework\src\Illuminate\Routing\Router.php(629): Illuminate\Routing\Router->dispatchToRoute(Object(Illuminate\Http\Request))
#29 C:\OSPanel\domains\RobotaMolodi\vendor\laravel\framework\src\Illuminate\Foundation\Http\Kernel.php(229): Illuminate\Routing\Router->dispatch(Object(Illuminate\Http\Request))
#30 [internal function]: Illuminate\Foundation\Http\Kernel->Illuminate\Foundation\Http\{closure}(Object(Illuminate\Http\Request))
#31 C:\OSPanel\domains\RobotaMolodi\vendor\laravel\framework\src\Illuminate\Pipeline\Pipeline.php(139): call_user_func(Object(Closure), Object(Illuminate\Http\Request))
#32 C:\OSPanel\domains\RobotaMolodi\vendor\proengsoft\laravel-jsvalidation\src\RemoteValidationMiddleware.php(54): Illuminate\Pipeline\Pipeline->Illuminate\Pipeline\{closure}(Object(Illuminate\Http\Request))
#33 [internal function]: Proengsoft\JsValidation\RemoteValidationMiddleware->handle(Object(Illuminate\Http\Request), Object(Closure))
#34 C:\OSPanel\domains\RobotaMolodi\vendor\laravel\framework\src\Illuminate\Pipeline\Pipeline.php(124): call_user_func_array(Array, Array)
#35 C:\OSPanel\domains\RobotaMolodi\app\Http\Middleware\LangHandler.php(30): Illuminate\Pipeline\Pipeline->Illuminate\Pipeline\{closure}(Object(Illuminate\Http\Request))
#36 [internal function]: App\Http\Middleware\LangHandler->handle(Object(Illuminate\Http\Request), Object(Closure))
#37 C:\OSPanel\domains\RobotaMolodi\vendor\laravel\framework\src\Illuminate\Pipeline\Pipeline.php(124): call_user_func_array(Array, Array)
#38 C:\OSPanel\domains\RobotaMolodi\vendor\laravel\framework\src\Illuminate\Foundation\Http\Middleware\VerifyCsrfToken.php(50): Illuminate\Pipeline\Pipeline->Illuminate\Pipeline\{closure}(Object(Illuminate\Http\Request))
#39 C:\OSPanel\domains\RobotaMolodi\app\Http\Middleware\VerifyCsrfToken.php(23): Illuminate\Foundation\Http\Middleware\VerifyCsrfToken->handle(Object(Illuminate\Http\Request), Object(Closure))
#40 [internal function]: App\Http\Middleware\VerifyCsrfToken->handle(Object(Illuminate\Http\Request), Object(Closure))
#41 C:\OSPanel\domains\RobotaMolodi\vendor\laravel\framework\src\Illuminate\Pipeline\Pipeline.php(124): call_user_func_array(Array, Array)
#42 C:\OSPanel\domains\RobotaMolodi\vendor\laravel\framework\src\Illuminate\View\Middleware\ShareErrorsFromSession.php(54): Illuminate\Pipeline\Pipeline->Illuminate\Pipeline\{closure}(Object(Illuminate\Http\Request))
#43 [internal function]: Illuminate\View\Middleware\ShareErrorsFromSession->handle(Object(Illuminate\Http\Request), Object(Closure))
#44 C:\OSPanel\domains\RobotaMolodi\vendor\laravel\framework\src\Illuminate\Pipeline\Pipeline.php(124): call_user_func_array(Array, Array)
#45 C:\OSPanel\domains\RobotaMolodi\vendor\laravel\framework\src\Illuminate\Session\Middleware\StartSession.php(61): Illuminate\Pipeline\Pipeline->Illuminate\Pipeline\{closure}(Object(Illuminate\Http\Request))
#46 [internal function]: Illuminate\Session\Middleware\StartSession->handle(Object(Illuminate\Http\Request), Object(Closure))
#47 C:\OSPanel\domains\RobotaMolodi\vendor\laravel\framework\src\Illuminate\Pipeline\Pipeline.php(124): call_user_func_array(Array, Array)
#48 C:\OSPanel\domains\RobotaMolodi\vendor\laravel\framework\src\Illuminate\Cookie\Middleware\AddQueuedCookiesToResponse.php(37): Illuminate\Pipeline\Pipeline->Illuminate\Pipeline\{closure}(Object(Illuminate\Http\Request))
#49 [internal function]: Illuminate\Cookie\Middleware\AddQueuedCookiesToResponse->handle(Object(Illuminate\Http\Request), Object(Closure))
#50 C:\OSPanel\domains\RobotaMolodi\vendor\laravel\framework\src\Illuminate\Pipeline\Pipeline.php(124): call_user_func_array(Array, Array)
#51 C:\OSPanel\domains\RobotaMolodi\vendor\laravel\framework\src\Illuminate\Cookie\Middleware\EncryptCookies.php(59): Illuminate\Pipeline\Pipeline->Illuminate\Pipeline\{closure}(Object(Illuminate\Http\Request))
#52 [internal function]: Illuminate\Cookie\Middleware\EncryptCookies->handle(Object(Illuminate\Http\Request), Object(Closure))
#53 C:\OSPanel\domains\RobotaMolodi\vendor\laravel\framework\src\Illuminate\Pipeline\Pipeline.php(124): call_user_func_array(Array, Array)
#54 C:\OSPanel\domains\RobotaMolodi\vendor\laravel\framework\src\Illuminate\Foundation\Http\Middleware\CheckForMaintenanceMode.php(42): Illuminate\Pipeline\Pipeline->Illuminate\Pipeline\{closure}(Object(Illuminate\Http\Request))
#55 [internal function]: Illuminate\Foundation\Http\Middleware\CheckForMaintenanceMode->handle(Object(Illuminate\Http\Request), Object(Closure))
#56 C:\OSPanel\domains\RobotaMolodi\vendor\laravel\framework\src\Illuminate\Pipeline\Pipeline.php(124): call_user_func_array(Array, Array)
#57 [internal function]: Illuminate\Pipeline\Pipeline->Illuminate\Pipeline\{closure}(Object(Illuminate\Http\Request))
#58 C:\OSPanel\domains\RobotaMolodi\vendor\laravel\framework\src\Illuminate\Pipeline\Pipeline.php(103): call_user_func(Object(Closure), Object(Illuminate\Http\Request))
#59 C:\OSPanel\domains\RobotaMolodi\vendor\laravel\framework\src\Illuminate\Foundation\Http\Kernel.php(118): Illuminate\Pipeline\Pipeline->then(Object(Closure))
#60 C:\OSPanel\domains\RobotaMolodi\vendor\laravel\framework\src\Illuminate\Foundation\Http\Kernel.php(86): Illuminate\Foundation\Http\Kernel->sendRequestThroughRouter(Object(Illuminate\Http\Request))
#61 C:\OSPanel\domains\RobotaMolodi\public\index.php(53): Illuminate\Foundation\Http\Kernel->handle(Object(Illuminate\Http\Request))
#62 C:\OSPanel\domains\RobotaMolodi\server.php(21): require_once('C:\\OSPanel\\doma...')
#63 {main}  
