[2015-10-12 12:00:47] local.ERROR: exception 'ErrorException' with message 'Undefined property: Illuminate\Database\Eloquent\Builder::$company_name' in /var/www/RobotaMolodi/storage/framework/views/49e2faebc11e90e513cb42284fdbe227:17
Stack trace:
#0 /var/www/RobotaMolodi/storage/framework/views/49e2faebc11e90e513cb42284fdbe227(17): Illuminate\Foundation\Bootstrap\HandleExceptions->handleError(8, 'Undefined prope...', '/var/www/Robota...', 17, Array)
#1 /var/www/RobotaMolodi/vendor/compiled.php(14080): include('/var/www/Robota...')
#2 /var/www/RobotaMolodi/vendor/compiled.php(14114): Illuminate\View\Engines\PhpEngine->evaluatePath('/var/www/Robota...', Array)
#3 /var/www/RobotaMolodi/vendor/compiled.php(13951): Illuminate\View\Engines\CompilerEngine->get('/var/www/Robota...', Array)
#4 /var/www/RobotaMolodi/vendor/compiled.php(13938): Illuminate\View\View->getContents()
#5 /var/www/RobotaMolodi/vendor/compiled.php(13929): Illuminate\View\View->renderContents()
#6 /var/www/RobotaMolodi/storage/framework/views/d58004b43604210c4ea2843653b6e32b(12): Illuminate\View\View->render()
#7 /var/www/RobotaMolodi/vendor/compiled.php(14080): include('/var/www/Robota...')
#8 /var/www/RobotaMolodi/vendor/compiled.php(14114): Illuminate\View\Engines\PhpEngine->evaluatePath('/var/www/Robota...', Array)
#9 /var/www/RobotaMolodi/vendor/compiled.php(13951): Illuminate\View\Engines\CompilerEngine->get('/var/www/Robota...', Array)
#10 /var/www/RobotaMolodi/vendor/compiled.php(13938): Illuminate\View\View->getContents()
#11 /var/www/RobotaMolodi/vendor/compiled.php(13929): Illuminate\View\View->renderContents()
#12 /var/www/RobotaMolodi/vendor/compiled.php(15034): Illuminate\View\View->render()
#13 /var/www/RobotaMolodi/vendor/compiled.php(14560): Illuminate\Http\Response->setContent(Object(Illuminate\View\View))
#14 /var/www/RobotaMolodi/vendor/compiled.php(7418): Symfony\Component\HttpFoundation\Response->__construct(Object(Illuminate\View\View))
#15 /var/www/RobotaMolodi/vendor/compiled.php(7218): Illuminate\Routing\Router->prepareResponse(Object(Illuminate\Http\Request), Object(Illuminate\View\View))
#16 [internal function]: Illuminate\Routing\Router->Illuminate\Routing\{closure}(Object(Illuminate\Http\Request))
#17 /var/www/RobotaMolodi/vendor/compiled.php(9243): call_user_func(Object(Closure), Object(Illuminate\Http\Request))
#18 [internal function]: Illuminate\Pipeline\Pipeline->Illuminate\Pipeline\{closure}(Object(Illuminate\Http\Request))
#19 /var/www/RobotaMolodi/vendor/compiled.php(9226): call_user_func(Object(Closure), Object(Illuminate\Http\Request))
#20 /var/www/RobotaMolodi/vendor/compiled.php(7219): Illuminate\Pipeline\Pipeline->then(Object(Closure))
#21 /var/www/RobotaMolodi/vendor/compiled.php(7208): Illuminate\Routing\Router->runRouteWithinStack(Object(Illuminate\Routing\Route), Object(Illuminate\Http\Request))
#22 /var/www/RobotaMolodi/vendor/compiled.php(7193): Illuminate\Routing\Router->dispatchToRoute(Object(Illuminate\Http\Request))
#23 /var/www/RobotaMolodi/vendor/compiled.php(2040): Illuminate\Routing\Router->dispatch(Object(Illuminate\Http\Request))
#24 [internal function]: Illuminate\Foundation\Http\Kernel->Illuminate\Foundation\Http\{closure}(Object(Illuminate\Http\Request))
#25 /var/www/RobotaMolodi/vendor/compiled.php(9243): call_user_func(Object(Closure), Object(Illuminate\Http\Request))
#26 /var/www/RobotaMolodi/vendor/compiled.php(2548): Illuminate\Pipeline\Pipeline->Illuminate\Pipeline\{closure}(Object(Illuminate\Http\Request))
#27 /var/www/RobotaMolodi/app/Http/Middleware/VerifyCsrfToken.php(17): Illuminate\Foundation\Http\Middleware\VerifyCsrfToken->handle(Object(Illuminate\Http\Request), Object(Closure))
#28 /var/www/RobotaMolodi/vendor/compiled.php(9235): App\Http\Middleware\VerifyCsrfToken->handle(Object(Illuminate\Http\Request), Object(Closure))
#29 /var/www/RobotaMolodi/vendor/compiled.php(12415): Illuminate\Pipeline\Pipeline->Illuminate\Pipeline\{closure}(Object(Illuminate\Http\Request))
#30 /var/www/RobotaMolodi/vendor/compiled.php(9235): Illuminate\View\Middleware\ShareErrorsFromSession->handle(Object(Illuminate\Http\Request), Object(Closure))
#31 /var/www/RobotaMolodi/vendor/compiled.php(11105): Illuminate\Pipeline\Pipeline->Illuminate\Pipeline\{closure}(Object(Illuminate\Http\Request))
#32 /var/www/RobotaMolodi/vendor/compiled.php(9235): Illuminate\Session\Middleware\StartSession->handle(Object(Illuminate\Http\Request), Object(Closure))
#33 /var/www/RobotaMolodi/vendor/compiled.php(12117): Illuminate\Pipeline\Pipeline->Illuminate\Pipeline\{closure}(Object(Illuminate\Http\Request))
#34 /var/www/RobotaMolodi/vendor/compiled.php(9235): Illuminate\Cookie\Middleware\AddQueuedCookiesToResponse->handle(Object(Illuminate\Http\Request), Object(Closure))
#35 /var/www/RobotaMolodi/vendor/compiled.php(12065): Illuminate\Pipeline\Pipeline->Illuminate\Pipeline\{closure}(Object(Illuminate\Http\Request))
#36 /var/www/RobotaMolodi/vendor/compiled.php(9235): Illuminate\Cookie\Middleware\EncryptCookies->handle(Object(Illuminate\Http\Request), Object(Closure))
#37 /var/www/RobotaMolodi/vendor/compiled.php(2589): Illuminate\Pipeline\Pipeline->Illuminate\Pipeline\{closure}(Object(Illuminate\Http\Request))
#38 /var/www/RobotaMolodi/vendor/compiled.php(9235): Illuminate\Foundation\Http\Middleware\CheckForMaintenanceMode->handle(Object(Illuminate\Http\Request), Object(Closure))
#39 [internal function]: Illuminate\Pipeline\Pipeline->Illuminate\Pipeline\{closure}(Object(Illuminate\Http\Request))
#40 /var/www/RobotaMolodi/vendor/compiled.php(9226): call_user_func(Object(Closure), Object(Illuminate\Http\Request))
#41 /var/www/RobotaMolodi/vendor/compiled.php(1996): Illuminate\Pipeline\Pipeline->then(Object(Closure))
#42 /var/www/RobotaMolodi/vendor/compiled.php(1983): Illuminate\Foundation\Http\Kernel->sendRequestThroughRouter(Object(Illuminate\Http\Request))
#43 /var/www/RobotaMolodi/public/index.php(53): Illuminate\Foundation\Http\Kernel->handle(Object(Illuminate\Http\Request))
#44 {main}

Next exception 'ErrorException' with message 'Undefined property: Illuminate\Database\Eloquent\Builder::$company_name (View: /var/www/RobotaMolodi/resources/views/main/filter/vacancy.blade.php)' in /var/www/RobotaMolodi/storage/framework/views/49e2faebc11e90e513cb42284fdbe227:17
Stack trace:
#0 /var/www/RobotaMolodi/vendor/compiled.php(14082): Illuminate\View\Engines\CompilerEngine->handleViewException(Object(ErrorException), 1)
#1 /var/www/RobotaMolodi/vendor/compiled.php(14114): Illuminate\View\Engines\PhpEngine->evaluatePath('/var/www/Robota...', Array)
#2 /var/www/RobotaMolodi/vendor/compiled.php(13951): Illuminate\View\Engines\CompilerEngine->get('/var/www/Robota...', Array)
#3 /var/www/RobotaMolodi/vendor/compiled.php(13938): Illuminate\View\View->getContents()
#4 /var/www/RobotaMolodi/vendor/compiled.php(13929): Illuminate\View\View->renderContents()
#5 /var/www/RobotaMolodi/storage/framework/views/d58004b43604210c4ea2843653b6e32b(12): Illuminate\View\View->render()
#6 /var/www/RobotaMolodi/vendor/compiled.php(14080): include('/var/www/Robota...')
#7 /var/www/RobotaMolodi/vendor/compiled.php(14114): Illuminate\View\Engines\PhpEngine->evaluatePath('/var/www/Robota...', Array)
#8 /var/www/RobotaMolodi/vendor/compiled.php(13951): Illuminate\View\Engines\CompilerEngine->get('/var/www/Robota...', Array)
#9 /var/www/RobotaMolodi/vendor/compiled.php(13938): Illuminate\View\View->getContents()
#10 /var/www/RobotaMolodi/vendor/compiled.php(13929): Illuminate\View\View->renderContents()
#11 /var/www/RobotaMolodi/vendor/compiled.php(15034): Illuminate\View\View->render()
#12 /var/www/RobotaMolodi/vendor/compiled.php(14560): Illuminate\Http\Response->setContent(Object(Illuminate\View\View))
#13 /var/www/RobotaMolodi/vendor/compiled.php(7418): Symfony\Component\HttpFoundation\Response->__construct(Object(Illuminate\View\View))
#14 /var/www/RobotaMolodi/vendor/compiled.php(7218): Illuminate\Routing\Router->prepareResponse(Object(Illuminate\Http\Request), Object(Illuminate\View\View))
#15 [internal function]: Illuminate\Routing\Router->Illuminate\Routing\{closure}(Object(Illuminate\Http\Request))
#16 /var/www/RobotaMolodi/vendor/compiled.php(9243): call_user_func(Object(Closure), Object(Illuminate\Http\Request))
#17 [internal function]: Illuminate\Pipeline\Pipeline->Illuminate\Pipeline\{closure}(Object(Illuminate\Http\Request))
#18 /var/www/RobotaMolodi/vendor/compiled.php(9226): call_user_func(Object(Closure), Object(Illuminate\Http\Request))
#19 /var/www/RobotaMolodi/vendor/compiled.php(7219): Illuminate\Pipeline\Pipeline->then(Object(Closure))
#20 /var/www/RobotaMolodi/vendor/compiled.php(7208): Illuminate\Routing\Router->runRouteWithinStack(Object(Illuminate\Routing\Route), Object(Illuminate\Http\Request))
#21 /var/www/RobotaMolodi/vendor/compiled.php(7193): Illuminate\Routing\Router->dispatchToRoute(Object(Illuminate\Http\Request))
#22 /var/www/RobotaMolodi/vendor/compiled.php(2040): Illuminate\Routing\Router->dispatch(Object(Illuminate\Http\Request))
#23 [internal function]: Illuminate\Foundation\Http\Kernel->Illuminate\Foundation\Http\{closure}(Object(Illuminate\Http\Request))
#24 /var/www/RobotaMolodi/vendor/compiled.php(9243): call_user_func(Object(Closure), Object(Illuminate\Http\Request))
#25 /var/www/RobotaMolodi/vendor/compiled.php(2548): Illuminate\Pipeline\Pipeline->Illuminate\Pipeline\{closure}(Object(Illuminate\Http\Request))
#26 /var/www/RobotaMolodi/app/Http/Middleware/VerifyCsrfToken.php(17): Illuminate\Foundation\Http\Middleware\VerifyCsrfToken->handle(Object(Illuminate\Http\Request), Object(Closure))
#27 /var/www/RobotaMolodi/vendor/compiled.php(9235): App\Http\Middleware\VerifyCsrfToken->handle(Object(Illuminate\Http\Request), Object(Closure))
#28 /var/www/RobotaMolodi/vendor/compiled.php(12415): Illuminate\Pipeline\Pipeline->Illuminate\Pipeline\{closure}(Object(Illuminate\Http\Request))
#29 /var/www/RobotaMolodi/vendor/compiled.php(9235): Illuminate\View\Middleware\ShareErrorsFromSession->handle(Object(Illuminate\Http\Request), Object(Closure))
#30 /var/www/RobotaMolodi/vendor/compiled.php(11105): Illuminate\Pipeline\Pipeline->Illuminate\Pipeline\{closure}(Object(Illuminate\Http\Request))
#31 /var/www/RobotaMolodi/vendor/compiled.php(9235): Illuminate\Session\Middleware\StartSession->handle(Object(Illuminate\Http\Request), Object(Closure))
#32 /var/www/RobotaMolodi/vendor/compiled.php(12117): Illuminate\Pipeline\Pipeline->Illuminate\Pipeline\{closure}(Object(Illuminate\Http\Request))
#33 /var/www/RobotaMolodi/vendor/compiled.php(9235): Illuminate\Cookie\Middleware\AddQueuedCookiesToResponse->handle(Object(Illuminate\Http\Request), Object(Closure))
#34 /var/www/RobotaMolodi/vendor/compiled.php(12065): Illuminate\Pipeline\Pipeline->Illuminate\Pipeline\{closure}(Object(Illuminate\Http\Request))
#35 /var/www/RobotaMolodi/vendor/compiled.php(9235): Illuminate\Cookie\Middleware\EncryptCookies->handle(Object(Illuminate\Http\Request), Object(Closure))
#36 /var/www/RobotaMolodi/vendor/compiled.php(2589): Illuminate\Pipeline\Pipeline->Illuminate\Pipeline\{closure}(Object(Illuminate\Http\Request))
#37 /var/www/RobotaMolodi/vendor/compiled.php(9235): Illuminate\Foundation\Http\Middleware\CheckForMaintenanceMode->handle(Object(Illuminate\Http\Request), Object(Closure))
#38 [internal function]: Illuminate\Pipeline\Pipeline->Illuminate\Pipeline\{closure}(Object(Illuminate\Http\Request))
#39 /var/www/RobotaMolodi/vendor/compiled.php(9226): call_user_func(Object(Closure), Object(Illuminate\Http\Request))
#40 /var/www/RobotaMolodi/vendor/compiled.php(1996): Illuminate\Pipeline\Pipeline->then(Object(Closure))
#41 /var/www/RobotaMolodi/vendor/compiled.php(1983): Illuminate\Foundation\Http\Kernel->sendRequestThroughRouter(Object(Illuminate\Http\Request))
#42 /var/www/RobotaMolodi/public/index.php(53): Illuminate\Foundation\Http\Kernel->handle(Object(Illuminate\Http\Request))
#43 {main}

Next exception 'ErrorException' with message 'Undefined property: Illuminate\Database\Eloquent\Builder::$company_name (View: /var/www/RobotaMolodi/resources/views/main/filter/vacancy.blade.php) (View: /var/www/RobotaMolodi/resources/views/main/filter/vacancy.blade.php)' in /var/www/RobotaMolodi/storage/framework/views/49e2faebc11e90e513cb42284fdbe227:17
Stack trace:
#0 /var/www/RobotaMolodi/vendor/compiled.php(14082): Illuminate\View\Engines\CompilerEngine->handleViewException(Object(ErrorException), 1)
#1 /var/www/RobotaMolodi/vendor/compiled.php(14114): Illuminate\View\Engines\PhpEngine->evaluatePath('/var/www/Robota...', Array)
#2 /var/www/RobotaMolodi/vendor/compiled.php(13951): Illuminate\View\Engines\CompilerEngine->get('/var/www/Robota...', Array)
#3 /var/www/RobotaMolodi/vendor/compiled.php(13938): Illuminate\View\View->getContents()
#4 /var/www/RobotaMolodi/vendor/compiled.php(13929): Illuminate\View\View->renderContents()
#5 /var/www/RobotaMolodi/vendor/compiled.php(15034): Illuminate\View\View->render()
#6 /var/www/RobotaMolodi/vendor/compiled.php(14560): Illuminate\Http\Response->setContent(Object(Illuminate\View\View))
#7 /var/www/RobotaMolodi/vendor/compiled.php(7418): Symfony\Component\HttpFoundation\Response->__construct(Object(Illuminate\View\View))
#8 /var/www/RobotaMolodi/vendor/compiled.php(7218): Illuminate\Routing\Router->prepareResponse(Object(Illuminate\Http\Request), Object(Illuminate\View\View))
#9 [internal function]: Illuminate\Routing\Router->Illuminate\Routing\{closure}(Object(Illuminate\Http\Request))
#10 /var/www/RobotaMolodi/vendor/compiled.php(9243): call_user_func(Object(Closure), Object(Illuminate\Http\Request))
#11 [internal function]: Illuminate\Pipeline\Pipeline->Illuminate\Pipeline\{closure}(Object(Illuminate\Http\Request))
#12 /var/www/RobotaMolodi/vendor/compiled.php(9226): call_user_func(Object(Closure), Object(Illuminate\Http\Request))
#13 /var/www/RobotaMolodi/vendor/compiled.php(7219): Illuminate\Pipeline\Pipeline->then(Object(Closure))
#14 /var/www/RobotaMolodi/vendor/compiled.php(7208): Illuminate\Routing\Router->runRouteWithinStack(Object(Illuminate\Routing\Route), Object(Illuminate\Http\Request))
#15 /var/www/RobotaMolodi/vendor/compiled.php(7193): Illuminate\Routing\Router->dispatchToRoute(Object(Illuminate\Http\Request))
#16 /var/www/RobotaMolodi/vendor/compiled.php(2040): Illuminate\Routing\Router->dispatch(Object(Illuminate\Http\Request))
#17 [internal function]: Illuminate\Foundation\Http\Kernel->Illuminate\Foundation\Http\{closure}(Object(Illuminate\Http\Request))
#18 /var/www/RobotaMolodi/vendor/compiled.php(9243): call_user_func(Object(Closure), Object(Illuminate\Http\Request))
#19 /var/www/RobotaMolodi/vendor/compiled.php(2548): Illuminate\Pipeline\Pipeline->Illuminate\Pipeline\{closure}(Object(Illuminate\Http\Request))
#20 /var/www/RobotaMolodi/app/Http/Middleware/VerifyCsrfToken.php(17): Illuminate\Foundation\Http\Middleware\VerifyCsrfToken->handle(Object(Illuminate\Http\Request), Object(Closure))
#21 /var/www/RobotaMolodi/vendor/compiled.php(9235): App\Http\Middleware\VerifyCsrfToken->handle(Object(Illuminate\Http\Request), Object(Closure))
#22 /var/www/RobotaMolodi/vendor/compiled.php(12415): Illuminate\Pipeline\Pipeline->Illuminate\Pipeline\{closure}(Object(Illuminate\Http\Request))
#23 /var/www/RobotaMolodi/vendor/compiled.php(9235): Illuminate\View\Middleware\ShareErrorsFromSession->handle(Object(Illuminate\Http\Request), Object(Closure))
#24 /var/www/RobotaMolodi/vendor/compiled.php(11105): Illuminate\Pipeline\Pipeline->Illuminate\Pipeline\{closure}(Object(Illuminate\Http\Request))
#25 /var/www/RobotaMolodi/vendor/compiled.php(9235): Illuminate\Session\Middleware\StartSession->handle(Object(Illuminate\Http\Request), Object(Closure))
#26 /var/www/RobotaMolodi/vendor/compiled.php(12117): Illuminate\Pipeline\Pipeline->Illuminate\Pipeline\{closure}(Object(Illuminate\Http\Request))
#27 /var/www/RobotaMolodi/vendor/compiled.php(9235): Illuminate\Cookie\Middleware\AddQueuedCookiesToResponse->handle(Object(Illuminate\Http\Request), Object(Closure))
#28 /var/www/RobotaMolodi/vendor/compiled.php(12065): Illuminate\Pipeline\Pipeline->Illuminate\Pipeline\{closure}(Object(Illuminate\Http\Request))
#29 /var/www/RobotaMolodi/vendor/compiled.php(9235): Illuminate\Cookie\Middleware\EncryptCookies->handle(Object(Illuminate\Http\Request), Object(Closure))
#30 /var/www/RobotaMolodi/vendor/compiled.php(2589): Illuminate\Pipeline\Pipeline->Illuminate\Pipeline\{closure}(Object(Illuminate\Http\Request))
#31 /var/www/RobotaMolodi/vendor/compiled.php(9235): Illuminate\Foundation\Http\Middleware\CheckForMaintenanceMode->handle(Object(Illuminate\Http\Request), Object(Closure))
#32 [internal function]: Illuminate\Pipeline\Pipeline->Illuminate\Pipeline\{closure}(Object(Illuminate\Http\Request))
#33 /var/www/RobotaMolodi/vendor/compiled.php(9226): call_user_func(Object(Closure), Object(Illuminate\Http\Request))
#34 /var/www/RobotaMolodi/vendor/compiled.php(1996): Illuminate\Pipeline\Pipeline->then(Object(Closure))
#35 /var/www/RobotaMolodi/vendor/compiled.php(1983): Illuminate\Foundation\Http\Kernel->sendRequestThroughRouter(Object(Illuminate\Http\Request))
#36 /var/www/RobotaMolodi/public/index.php(53): Illuminate\Foundation\Http\Kernel->handle(Object(Illuminate\Http\Request))
#37 {main}  
[2015-10-12 12:02:26] local.ERROR: exception 'ErrorException' with message 'Undefined property: Illuminate\Database\Eloquent\Builder::$company_name' in /var/www/RobotaMolodi/storage/framework/views/49e2faebc11e90e513cb42284fdbe227:17
Stack trace:
#0 /var/www/RobotaMolodi/storage/framework/views/49e2faebc11e90e513cb42284fdbe227(17): Illuminate\Foundation\Bootstrap\HandleExceptions->handleError(8, 'Undefined prope...', '/var/www/Robota...', 17, Array)
#1 /var/www/RobotaMolodi/vendor/compiled.php(14080): include('/var/www/Robota...')
#2 /var/www/RobotaMolodi/vendor/compiled.php(14114): Illuminate\View\Engines\PhpEngine->evaluatePath('/var/www/Robota...', Array)
#3 /var/www/RobotaMolodi/vendor/compiled.php(13951): Illuminate\View\Engines\CompilerEngine->get('/var/www/Robota...', Array)
#4 /var/www/RobotaMolodi/vendor/compiled.php(13938): Illuminate\View\View->getContents()
#5 /var/www/RobotaMolodi/vendor/compiled.php(13929): Illuminate\View\View->renderContents()
#6 /var/www/RobotaMolodi/storage/framework/views/d58004b43604210c4ea2843653b6e32b(12): Illuminate\View\View->render()
#7 /var/www/RobotaMolodi/vendor/compiled.php(14080): include('/var/www/Robota...')
#8 /var/www/RobotaMolodi/vendor/compiled.php(14114): Illuminate\View\Engines\PhpEngine->evaluatePath('/var/www/Robota...', Array)
#9 /var/www/RobotaMolodi/vendor/compiled.php(13951): Illuminate\View\Engines\CompilerEngine->get('/var/www/Robota...', Array)
#10 /var/www/RobotaMolodi/vendor/compiled.php(13938): Illuminate\View\View->getContents()
#11 /var/www/RobotaMolodi/vendor/compiled.php(13929): Illuminate\View\View->renderContents()
#12 /var/www/RobotaMolodi/vendor/compiled.php(15034): Illuminate\View\View->render()
#13 /var/www/RobotaMolodi/vendor/compiled.php(14560): Illuminate\Http\Response->setContent(Object(Illuminate\View\View))
#14 /var/www/RobotaMolodi/vendor/compiled.php(7418): Symfony\Component\HttpFoundation\Response->__construct(Object(Illuminate\View\View))
#15 /var/www/RobotaMolodi/vendor/compiled.php(7218): Illuminate\Routing\Router->prepareResponse(Object(Illuminate\Http\Request), Object(Illuminate\View\View))
#16 [internal function]: Illuminate\Routing\Router->Illuminate\Routing\{closure}(Object(Illuminate\Http\Request))
#17 /var/www/RobotaMolodi/vendor/compiled.php(9243): call_user_func(Object(Closure), Object(Illuminate\Http\Request))
#18 [internal function]: Illuminate\Pipeline\Pipeline->Illuminate\Pipeline\{closure}(Object(Illuminate\Http\Request))
#19 /var/www/RobotaMolodi/vendor/compiled.php(9226): call_user_func(Object(Closure), Object(Illuminate\Http\Request))
#20 /var/www/RobotaMolodi/vendor/compiled.php(7219): Illuminate\Pipeline\Pipeline->then(Object(Closure))
#21 /var/www/RobotaMolodi/vendor/compiled.php(7208): Illuminate\Routing\Router->runRouteWithinStack(Object(Illuminate\Routing\Route), Object(Illuminate\Http\Request))
#22 /var/www/RobotaMolodi/vendor/compiled.php(7193): Illuminate\Routing\Router->dispatchToRoute(Object(Illuminate\Http\Request))
#23 /var/www/RobotaMolodi/vendor/compiled.php(2040): Illuminate\Routing\Router->dispatch(Object(Illuminate\Http\Request))
#24 [internal function]: Illuminate\Foundation\Http\Kernel->Illuminate\Foundation\Http\{closure}(Object(Illuminate\Http\Request))
#25 /var/www/RobotaMolodi/vendor/compiled.php(9243): call_user_func(Object(Closure), Object(Illuminate\Http\Request))
#26 /var/www/RobotaMolodi/vendor/compiled.php(2548): Illuminate\Pipeline\Pipeline->Illuminate\Pipeline\{closure}(Object(Illuminate\Http\Request))
#27 /var/www/RobotaMolodi/app/Http/Middleware/VerifyCsrfToken.php(17): Illuminate\Foundation\Http\Middleware\VerifyCsrfToken->handle(Object(Illuminate\Http\Request), Object(Closure))
#28 /var/www/RobotaMolodi/vendor/compiled.php(9235): App\Http\Middleware\VerifyCsrfToken->handle(Object(Illuminate\Http\Request), Object(Closure))
#29 /var/www/RobotaMolodi/vendor/compiled.php(12415): Illuminate\Pipeline\Pipeline->Illuminate\Pipeline\{closure}(Object(Illuminate\Http\Request))
#30 /var/www/RobotaMolodi/vendor/compiled.php(9235): Illuminate\View\Middleware\ShareErrorsFromSession->handle(Object(Illuminate\Http\Request), Object(Closure))
#31 /var/www/RobotaMolodi/vendor/compiled.php(11105): Illuminate\Pipeline\Pipeline->Illuminate\Pipeline\{closure}(Object(Illuminate\Http\Request))
#32 /var/www/RobotaMolodi/vendor/compiled.php(9235): Illuminate\Session\Middleware\StartSession->handle(Object(Illuminate\Http\Request), Object(Closure))
#33 /var/www/RobotaMolodi/vendor/compiled.php(12117): Illuminate\Pipeline\Pipeline->Illuminate\Pipeline\{closure}(Object(Illuminate\Http\Request))
#34 /var/www/RobotaMolodi/vendor/compiled.php(9235): Illuminate\Cookie\Middleware\AddQueuedCookiesToResponse->handle(Object(Illuminate\Http\Request), Object(Closure))
#35 /var/www/RobotaMolodi/vendor/compiled.php(12065): Illuminate\Pipeline\Pipeline->Illuminate\Pipeline\{closure}(Object(Illuminate\Http\Request))
#36 /var/www/RobotaMolodi/vendor/compiled.php(9235): Illuminate\Cookie\Middleware\EncryptCookies->handle(Object(Illuminate\Http\Request), Object(Closure))
#37 /var/www/RobotaMolodi/vendor/compiled.php(2589): Illuminate\Pipeline\Pipeline->Illuminate\Pipeline\{closure}(Object(Illuminate\Http\Request))
#38 /var/www/RobotaMolodi/vendor/compiled.php(9235): Illuminate\Foundation\Http\Middleware\CheckForMaintenanceMode->handle(Object(Illuminate\Http\Request), Object(Closure))
#39 [internal function]: Illuminate\Pipeline\Pipeline->Illuminate\Pipeline\{closure}(Object(Illuminate\Http\Request))
#40 /var/www/RobotaMolodi/vendor/compiled.php(9226): call_user_func(Object(Closure), Object(Illuminate\Http\Request))
#41 /var/www/RobotaMolodi/vendor/compiled.php(1996): Illuminate\Pipeline\Pipeline->then(Object(Closure))
#42 /var/www/RobotaMolodi/vendor/compiled.php(1983): Illuminate\Foundation\Http\Kernel->sendRequestThroughRouter(Object(Illuminate\Http\Request))
#43 /var/www/RobotaMolodi/public/index.php(53): Illuminate\Foundation\Http\Kernel->handle(Object(Illuminate\Http\Request))
#44 {main}

Next exception 'ErrorException' with message 'Undefined property: Illuminate\Database\Eloquent\Builder::$company_name (View: /var/www/RobotaMolodi/resources/views/main/filter/vacancy.blade.php)' in /var/www/RobotaMolodi/storage/framework/views/49e2faebc11e90e513cb42284fdbe227:17
Stack trace:
#0 /var/www/RobotaMolodi/vendor/compiled.php(14082): Illuminate\View\Engines\CompilerEngine->handleViewException(Object(ErrorException), 1)
#1 /var/www/RobotaMolodi/vendor/compiled.php(14114): Illuminate\View\Engines\PhpEngine->evaluatePath('/var/www/Robota...', Array)
#2 /var/www/RobotaMolodi/vendor/compiled.php(13951): Illuminate\View\Engines\CompilerEngine->get('/var/www/Robota...', Array)
#3 /var/www/RobotaMolodi/vendor/compiled.php(13938): Illuminate\View\View->getContents()
#4 /var/www/RobotaMolodi/vendor/compiled.php(13929): Illuminate\View\View->renderContents()
#5 /var/www/RobotaMolodi/storage/framework/views/d58004b43604210c4ea2843653b6e32b(12): Illuminate\View\View->render()
#6 /var/www/RobotaMolodi/vendor/compiled.php(14080): include('/var/www/Robota...')
#7 /var/www/RobotaMolodi/vendor/compiled.php(14114): Illuminate\View\Engines\PhpEngine->evaluatePath('/var/www/Robota...', Array)
#8 /var/www/RobotaMolodi/vendor/compiled.php(13951): Illuminate\View\Engines\CompilerEngine->get('/var/www/Robota...', Array)
#9 /var/www/RobotaMolodi/vendor/compiled.php(13938): Illuminate\View\View->getContents()
#10 /var/www/RobotaMolodi/vendor/compiled.php(13929): Illuminate\View\View->renderContents()
#11 /var/www/RobotaMolodi/vendor/compiled.php(15034): Illuminate\View\View->render()
#12 /var/www/RobotaMolodi/vendor/compiled.php(14560): Illuminate\Http\Response->setContent(Object(Illuminate\View\View))
#13 /var/www/RobotaMolodi/vendor/compiled.php(7418): Symfony\Component\HttpFoundation\Response->__construct(Object(Illuminate\View\View))
#14 /var/www/RobotaMolodi/vendor/compiled.php(7218): Illuminate\Routing\Router->prepareResponse(Object(Illuminate\Http\Request), Object(Illuminate\View\View))
#15 [internal function]: Illuminate\Routing\Router->Illuminate\Routing\{closure}(Object(Illuminate\Http\Request))
#16 /var/www/RobotaMolodi/vendor/compiled.php(9243): call_user_func(Object(Closure), Object(Illuminate\Http\Request))
#17 [internal function]: Illuminate\Pipeline\Pipeline->Illuminate\Pipeline\{closure}(Object(Illuminate\Http\Request))
#18 /var/www/RobotaMolodi/vendor/compiled.php(9226): call_user_func(Object(Closure), Object(Illuminate\Http\Request))
#19 /var/www/RobotaMolodi/vendor/compiled.php(7219): Illuminate\Pipeline\Pipeline->then(Object(Closure))
#20 /var/www/RobotaMolodi/vendor/compiled.php(7208): Illuminate\Routing\Router->runRouteWithinStack(Object(Illuminate\Routing\Route), Object(Illuminate\Http\Request))
#21 /var/www/RobotaMolodi/vendor/compiled.php(7193): Illuminate\Routing\Router->dispatchToRoute(Object(Illuminate\Http\Request))
#22 /var/www/RobotaMolodi/vendor/compiled.php(2040): Illuminate\Routing\Router->dispatch(Object(Illuminate\Http\Request))
#23 [internal function]: Illuminate\Foundation\Http\Kernel->Illuminate\Foundation\Http\{closure}(Object(Illuminate\Http\Request))
#24 /var/www/RobotaMolodi/vendor/compiled.php(9243): call_user_func(Object(Closure), Object(Illuminate\Http\Request))
#25 /var/www/RobotaMolodi/vendor/compiled.php(2548): Illuminate\Pipeline\Pipeline->Illuminate\Pipeline\{closure}(Object(Illuminate\Http\Request))
#26 /var/www/RobotaMolodi/app/Http/Middleware/VerifyCsrfToken.php(17): Illuminate\Foundation\Http\Middleware\VerifyCsrfToken->handle(Object(Illuminate\Http\Request), Object(Closure))
#27 /var/www/RobotaMolodi/vendor/compiled.php(9235): App\Http\Middleware\VerifyCsrfToken->handle(Object(Illuminate\Http\Request), Object(Closure))
#28 /var/www/RobotaMolodi/vendor/compiled.php(12415): Illuminate\Pipeline\Pipeline->Illuminate\Pipeline\{closure}(Object(Illuminate\Http\Request))
#29 /var/www/RobotaMolodi/vendor/compiled.php(9235): Illuminate\View\Middleware\ShareErrorsFromSession->handle(Object(Illuminate\Http\Request), Object(Closure))
#30 /var/www/RobotaMolodi/vendor/compiled.php(11105): Illuminate\Pipeline\Pipeline->Illuminate\Pipeline\{closure}(Object(Illuminate\Http\Request))
#31 /var/www/RobotaMolodi/vendor/compiled.php(9235): Illuminate\Session\Middleware\StartSession->handle(Object(Illuminate\Http\Request), Object(Closure))
#32 /var/www/RobotaMolodi/vendor/compiled.php(12117): Illuminate\Pipeline\Pipeline->Illuminate\Pipeline\{closure}(Object(Illuminate\Http\Request))
#33 /var/www/RobotaMolodi/vendor/compiled.php(9235): Illuminate\Cookie\Middleware\AddQueuedCookiesToResponse->handle(Object(Illuminate\Http\Request), Object(Closure))
#34 /var/www/RobotaMolodi/vendor/compiled.php(12065): Illuminate\Pipeline\Pipeline->Illuminate\Pipeline\{closure}(Object(Illuminate\Http\Request))
#35 /var/www/RobotaMolodi/vendor/compiled.php(9235): Illuminate\Cookie\Middleware\EncryptCookies->handle(Object(Illuminate\Http\Request), Object(Closure))
#36 /var/www/RobotaMolodi/vendor/compiled.php(2589): Illuminate\Pipeline\Pipeline->Illuminate\Pipeline\{closure}(Object(Illuminate\Http\Request))
#37 /var/www/RobotaMolodi/vendor/compiled.php(9235): Illuminate\Foundation\Http\Middleware\CheckForMaintenanceMode->handle(Object(Illuminate\Http\Request), Object(Closure))
#38 [internal function]: Illuminate\Pipeline\Pipeline->Illuminate\Pipeline\{closure}(Object(Illuminate\Http\Request))
#39 /var/www/RobotaMolodi/vendor/compiled.php(9226): call_user_func(Object(Closure), Object(Illuminate\Http\Request))
#40 /var/www/RobotaMolodi/vendor/compiled.php(1996): Illuminate\Pipeline\Pipeline->then(Object(Closure))
#41 /var/www/RobotaMolodi/vendor/compiled.php(1983): Illuminate\Foundation\Http\Kernel->sendRequestThroughRouter(Object(Illuminate\Http\Request))
#42 /var/www/RobotaMolodi/public/index.php(53): Illuminate\Foundation\Http\Kernel->handle(Object(Illuminate\Http\Request))
#43 {main}

Next exception 'ErrorException' with message 'Undefined property: Illuminate\Database\Eloquent\Builder::$company_name (View: /var/www/RobotaMolodi/resources/views/main/filter/vacancy.blade.php) (View: /var/www/RobotaMolodi/resources/views/main/filter/vacancy.blade.php)' in /var/www/RobotaMolodi/storage/framework/views/49e2faebc11e90e513cb42284fdbe227:17
Stack trace:
#0 /var/www/RobotaMolodi/vendor/compiled.php(14082): Illuminate\View\Engines\CompilerEngine->handleViewException(Object(ErrorException), 1)
#1 /var/www/RobotaMolodi/vendor/compiled.php(14114): Illuminate\View\Engines\PhpEngine->evaluatePath('/var/www/Robota...', Array)
#2 /var/www/RobotaMolodi/vendor/compiled.php(13951): Illuminate\View\Engines\CompilerEngine->get('/var/www/Robota...', Array)
#3 /var/www/RobotaMolodi/vendor/compiled.php(13938): Illuminate\View\View->getContents()
#4 /var/www/RobotaMolodi/vendor/compiled.php(13929): Illuminate\View\View->renderContents()
#5 /var/www/RobotaMolodi/vendor/compiled.php(15034): Illuminate\View\View->render()
#6 /var/www/RobotaMolodi/vendor/compiled.php(14560): Illuminate\Http\Response->setContent(Object(Illuminate\View\View))
#7 /var/www/RobotaMolodi/vendor/compiled.php(7418): Symfony\Component\HttpFoundation\Response->__construct(Object(Illuminate\View\View))
#8 /var/www/RobotaMolodi/vendor/compiled.php(7218): Illuminate\Routing\Router->prepareResponse(Object(Illuminate\Http\Request), Object(Illuminate\View\View))
#9 [internal function]: Illuminate\Routing\Router->Illuminate\Routing\{closure}(Object(Illuminate\Http\Request))
#10 /var/www/RobotaMolodi/vendor/compiled.php(9243): call_user_func(Object(Closure), Object(Illuminate\Http\Request))
#11 [internal function]: Illuminate\Pipeline\Pipeline->Illuminate\Pipeline\{closure}(Object(Illuminate\Http\Request))
#12 /var/www/RobotaMolodi/vendor/compiled.php(9226): call_user_func(Object(Closure), Object(Illuminate\Http\Request))
#13 /var/www/RobotaMolodi/vendor/compiled.php(7219): Illuminate\Pipeline\Pipeline->then(Object(Closure))
#14 /var/www/RobotaMolodi/vendor/compiled.php(7208): Illuminate\Routing\Router->runRouteWithinStack(Object(Illuminate\Routing\Route), Object(Illuminate\Http\Request))
#15 /var/www/RobotaMolodi/vendor/compiled.php(7193): Illuminate\Routing\Router->dispatchToRoute(Object(Illuminate\Http\Request))
#16 /var/www/RobotaMolodi/vendor/compiled.php(2040): Illuminate\Routing\Router->dispatch(Object(Illuminate\Http\Request))
#17 [internal function]: Illuminate\Foundation\Http\Kernel->Illuminate\Foundation\Http\{closure}(Object(Illuminate\Http\Request))
#18 /var/www/RobotaMolodi/vendor/compiled.php(9243): call_user_func(Object(Closure), Object(Illuminate\Http\Request))
#19 /var/www/RobotaMolodi/vendor/compiled.php(2548): Illuminate\Pipeline\Pipeline->Illuminate\Pipeline\{closure}(Object(Illuminate\Http\Request))
#20 /var/www/RobotaMolodi/app/Http/Middleware/VerifyCsrfToken.php(17): Illuminate\Foundation\Http\Middleware\VerifyCsrfToken->handle(Object(Illuminate\Http\Request), Object(Closure))
#21 /var/www/RobotaMolodi/vendor/compiled.php(9235): App\Http\Middleware\VerifyCsrfToken->handle(Object(Illuminate\Http\Request), Object(Closure))
#22 /var/www/RobotaMolodi/vendor/compiled.php(12415): Illuminate\Pipeline\Pipeline->Illuminate\Pipeline\{closure}(Object(Illuminate\Http\Request))
#23 /var/www/RobotaMolodi/vendor/compiled.php(9235): Illuminate\View\Middleware\ShareErrorsFromSession->handle(Object(Illuminate\Http\Request), Object(Closure))
#24 /var/www/RobotaMolodi/vendor/compiled.php(11105): Illuminate\Pipeline\Pipeline->Illuminate\Pipeline\{closure}(Object(Illuminate\Http\Request))
#25 /var/www/RobotaMolodi/vendor/compiled.php(9235): Illuminate\Session\Middleware\StartSession->handle(Object(Illuminate\Http\Request), Object(Closure))
#26 /var/www/RobotaMolodi/vendor/compiled.php(12117): Illuminate\Pipeline\Pipeline->Illuminate\Pipeline\{closure}(Object(Illuminate\Http\Request))
#27 /var/www/RobotaMolodi/vendor/compiled.php(9235): Illuminate\Cookie\Middleware\AddQueuedCookiesToResponse->handle(Object(Illuminate\Http\Request), Object(Closure))
#28 /var/www/RobotaMolodi/vendor/compiled.php(12065): Illuminate\Pipeline\Pipeline->Illuminate\Pipeline\{closure}(Object(Illuminate\Http\Request))
#29 /var/www/RobotaMolodi/vendor/compiled.php(9235): Illuminate\Cookie\Middleware\EncryptCookies->handle(Object(Illuminate\Http\Request), Object(Closure))
#30 /var/www/RobotaMolodi/vendor/compiled.php(2589): Illuminate\Pipeline\Pipeline->Illuminate\Pipeline\{closure}(Object(Illuminate\Http\Request))
#31 /var/www/RobotaMolodi/vendor/compiled.php(9235): Illuminate\Foundation\Http\Middleware\CheckForMaintenanceMode->handle(Object(Illuminate\Http\Request), Object(Closure))
#32 [internal function]: Illuminate\Pipeline\Pipeline->Illuminate\Pipeline\{closure}(Object(Illuminate\Http\Request))
#33 /var/www/RobotaMolodi/vendor/compiled.php(9226): call_user_func(Object(Closure), Object(Illuminate\Http\Request))
#34 /var/www/RobotaMolodi/vendor/compiled.php(1996): Illuminate\Pipeline\Pipeline->then(Object(Closure))
#35 /var/www/RobotaMolodi/vendor/compiled.php(1983): Illuminate\Foundation\Http\Kernel->sendRequestThroughRouter(Object(Illuminate\Http\Request))
#36 /var/www/RobotaMolodi/public/index.php(53): Illuminate\Foundation\Http\Kernel->handle(Object(Illuminate\Http\Request))
#37 {main}  
